7.7750 	WARNING 	User requested fullscreen with size [1536  864], but screen is actually [1920, 1080]. Using actual size
8.6451 	EXP 	Created window1 = Window(allowGUI=False, allowStencil=False, autoLog=True, bitsMode=UNKNOWN, blendMode='avg', color=array([ 0.,  0.,  0.]), colorSpace='rgb', fullscr=UNKNOWN, gamma=None, lms=UNKNOWN, monitor=<psychopy.monitors.calibTools.Monitor object at 0x198B76B0>, multiSample=False, name='window1', numSamples=2, pos=[0, 0], screen=0, size=array([1920, 1080]), stereo=False, units=u'norm', useFBO=True, useRetina=False, viewOri=0.0, viewPos=None, viewScale=None, waitBlanking=True, winType='pyglet')
8.6452 	EXP 	window1: recordFrameIntervals = False
8.8095 	EXP 	window1: recordFrameIntervals = True
8.9935 	EXP 	window1: recordFrameIntervals = False
9.2433 	EXP 	Created text = TextStim(alignHoriz='center', alignVert='center', antialias=True, autoLog=True, bold=False, color='white', colorSpace='named', contrast=1.0, depth=0.0, flipHoriz=False, flipVert=False, font='Arial', fontFiles=[], height=0.05, italic=False, name='text', opacity=1.0, ori=0, pos=array([ 0.,  0.]), rgb=array([ 255.,  255.,  255.]), text=unicode(...), units=u'norm', win=Window(...), wrapWidth=1)
9.2533 	EXP 	Created inducer_stimulus = Polygon(autoDraw=False, autoLog=True, closeShape=True, contrast=1.0, depth=0.0, fillColor=array([ 1.,  1.,  1.]), fillColorSpace='rgb', fillRGB=array([ 1.,  1.,  1.]), interpolate=True, lineColor=array([ 1.,  1.,  1.]), lineColorSpace='rgb', lineRGB=array([ 1.,  1.,  1.]), lineWidth=1, name='inducer_stimulus', opacity=1.0, ori=array(0.0), pos=array([ 0.,  0.]), size=array([ 0.5,  0.5]), units=u'norm', vertices=ndarray(...), win=Window(...))
9.2592 	EXP 	Created Noise_patch = ImageStim(autoLog=True, color=array([ 1.,  1.,  1.]), colorSpace='rgb', contrast=1.0, depth=-1.0, flipHoriz=False, flipVert=False, image='sin', interpolate=True, mask='circle', maskParams=None, name='Noise_patch', opacity=1.0, ori=0.0, pos=array([ 0.,  0.]), size=array([ 0.5,  0.5]), texRes=128, units=u'norm', win=Window(...))
9.2648 	EXP 	Created polygon = Polygon(autoDraw=False, autoLog=True, closeShape=True, contrast=1.0, depth=-3.0, fillColor=array([ 1.,  1.,  1.]), fillColorSpace='rgb', fillRGB=array([ 1.,  1.,  1.]), interpolate=True, lineColor=array([ 1.,  1.,  1.]), lineColorSpace='rgb', lineRGB=array([ 1.,  1.,  1.]), lineWidth=1, name='polygon', opacity=1.0, ori=array(0.0), pos=array([ 0.,  0.]), size=array([ 0.5,  0.5]), units=u'norm', vertices=ndarray(...), win=Window(...))
11.8975 	EXP 	Created Fixation_cross1 = TextStim(alignHoriz='center', alignVert='center', antialias=True, autoLog=True, bold=False, color='white', colorSpace='named', contrast=1.0, depth=-8.0, flipHoriz=False, flipVert=False, font='Arial', fontFiles=[], height=0.1, italic=False, name='Fixation_cross1', opacity=1.0, ori=0, pos=array([ 0.,  0.]), rgb=array([ 255.,  255.,  255.]), text=u'+', units=u'norm', win=Window(...), wrapWidth=1)
11.9003 	EXP 	Created Fixation_cross2 = TextStim(alignHoriz='center', alignVert='center', antialias=True, autoLog=True, bold=False, color='white', colorSpace='named', contrast=1.0, depth=-9.0, flipHoriz=False, flipVert=False, font='Arial', fontFiles=[], height=0.1, italic=False, name='Fixation_cross2', opacity=1.0, ori=0, pos=array([ 0.,  0.]), rgb=array([ 255.,  255.,  255.]), text=u'+', units=u'norm', win=Window(...), wrapWidth=1)
11.9147 	EXP 	Created text_2 = TextStim(alignHoriz='center', alignVert='center', antialias=True, autoLog=True, bold=False, color='white', colorSpace='named', contrast=1.0, depth=0.0, flipHoriz=False, flipVert=False, font='Arial', fontFiles=[], height=0.1, italic=False, name='text_2', opacity=1.0, ori=0, pos=array([ 0.,  0.]), rgb=array([ 255.,  255.,  255.]), text=u'This is the end of the experiment.', units=u'norm', win=Window(...), wrapWidth=1)
11.9191 	EXP 	window1: blendMode = 'avg'
11.9280 	EXP 	text: autoDraw = True
11.9285 	EXP 	window1: blendMode = 'avg'
11.9419 	EXP 	window1: blendMode = 'avg'
11.9586 	EXP 	window1: blendMode = 'avg'
11.9752 	EXP 	window1: blendMode = 'avg'
11.9925 	EXP 	window1: blendMode = 'avg'
12.0094 	EXP 	window1: blendMode = 'avg'
12.0263 	EXP 	window1: blendMode = 'avg'
12.0440 	EXP 	window1: blendMode = 'avg'
12.0595 	EXP 	window1: blendMode = 'avg'
12.0761 	EXP 	window1: blendMode = 'avg'
12.0926 	EXP 	window1: blendMode = 'avg'
12.1095 	EXP 	window1: blendMode = 'avg'
12.1253 	EXP 	window1: blendMode = 'avg'
12.1418 	EXP 	window1: blendMode = 'avg'
12.1594 	EXP 	window1: blendMode = 'avg'
12.1760 	EXP 	window1: blendMode = 'avg'
12.1928 	EXP 	window1: blendMode = 'avg'
12.2093 	EXP 	window1: blendMode = 'avg'
12.2263 	EXP 	window1: blendMode = 'avg'
12.2429 	EXP 	window1: blendMode = 'avg'
12.2595 	EXP 	window1: blendMode = 'avg'
12.2744 	EXP 	window1: blendMode = 'avg'
12.2919 	EXP 	window1: blendMode = 'avg'
12.3092 	EXP 	window1: blendMode = 'avg'
12.3261 	EXP 	window1: blendMode = 'avg'
12.3427 	EXP 	window1: blendMode = 'avg'
12.3595 	EXP 	window1: blendMode = 'avg'
12.3764 	EXP 	window1: blendMode = 'avg'
12.3910 	EXP 	window1: blendMode = 'avg'
12.4075 	EXP 	window1: blendMode = 'avg'
12.4255 	EXP 	window1: blendMode = 'avg'
12.4416 	EXP 	window1: blendMode = 'avg'
12.4585 	EXP 	window1: blendMode = 'avg'
12.4761 	EXP 	window1: blendMode = 'avg'
12.4925 	EXP 	window1: blendMode = 'avg'
12.5094 	EXP 	window1: blendMode = 'avg'
12.5259 	EXP 	window1: blendMode = 'avg'
12.5415 	EXP 	window1: blendMode = 'avg'
12.5586 	EXP 	window1: blendMode = 'avg'
12.5749 	EXP 	window1: blendMode = 'avg'
12.5916 	EXP 	window1: blendMode = 'avg'
12.6094 	EXP 	window1: blendMode = 'avg'
12.6251 	EXP 	window1: blendMode = 'avg'
12.6420 	EXP 	window1: blendMode = 'avg'
12.6593 	EXP 	window1: blendMode = 'avg'
12.6758 	EXP 	window1: blendMode = 'avg'
12.6926 	EXP 	window1: blendMode = 'avg'
12.7091 	EXP 	window1: blendMode = 'avg'
12.7260 	EXP 	window1: blendMode = 'avg'
12.7428 	EXP 	window1: blendMode = 'avg'
12.7595 	EXP 	window1: blendMode = 'avg'
12.7757 	EXP 	window1: blendMode = 'avg'
12.7925 	EXP 	window1: blendMode = 'avg'
12.8096 	EXP 	window1: blendMode = 'avg'
12.8262 	EXP 	window1: blendMode = 'avg'
12.8425 	EXP 	window1: blendMode = 'avg'
12.8595 	EXP 	window1: blendMode = 'avg'
12.8761 	EXP 	window1: blendMode = 'avg'
12.8924 	EXP 	window1: blendMode = 'avg'
12.9092 	EXP 	window1: blendMode = 'avg'
12.9250 	EXP 	window1: blendMode = 'avg'
12.9409 	EXP 	window1: blendMode = 'avg'
12.9577 	EXP 	window1: blendMode = 'avg'
12.9741 	EXP 	window1: blendMode = 'avg'
12.9914 	EXP 	window1: blendMode = 'avg'
13.0084 	EXP 	window1: blendMode = 'avg'
13.0249 	EXP 	window1: blendMode = 'avg'
13.0429 	EXP 	window1: blendMode = 'avg'
13.0601 	EXP 	window1: blendMode = 'avg'
13.0756 	EXP 	window1: blendMode = 'avg'
13.0924 	EXP 	window1: blendMode = 'avg'
13.1135 	DATA 	Mouse: Left button down, pos=(971,709)
13.1145 	EXP 	window1: blendMode = 'avg'
13.1258 	EXP 	window1: blendMode = 'avg'
13.1426 	EXP 	window1: blendMode = 'avg'
13.1593 	EXP 	window1: blendMode = 'avg'
13.1758 	EXP 	window1: blendMode = 'avg'
13.1925 	EXP 	window1: blendMode = 'avg'
13.2087 	DATA 	Mouse:  Left button up, pos=(971,709)
13.2098 	EXP 	window1: blendMode = 'avg'
13.2260 	EXP 	window1: blendMode = 'avg'
13.2424 	EXP 	window1: blendMode = 'avg'
13.2591 	EXP 	window1: blendMode = 'avg'
13.2757 	EXP 	window1: blendMode = 'avg'
13.2923 	EXP 	window1: blendMode = 'avg'
13.3089 	EXP 	window1: blendMode = 'avg'
13.3256 	EXP 	window1: blendMode = 'avg'
13.3423 	EXP 	window1: blendMode = 'avg'
13.3591 	EXP 	window1: blendMode = 'avg'
13.3757 	EXP 	window1: blendMode = 'avg'
13.3922 	EXP 	window1: blendMode = 'avg'
13.4091 	EXP 	window1: blendMode = 'avg'
13.4259 	EXP 	window1: blendMode = 'avg'
13.4424 	EXP 	window1: blendMode = 'avg'
13.4591 	EXP 	window1: blendMode = 'avg'
13.4757 	EXP 	window1: blendMode = 'avg'
13.4929 	EXP 	window1: blendMode = 'avg'
13.5092 	EXP 	window1: blendMode = 'avg'
13.5259 	EXP 	window1: blendMode = 'avg'
13.5413 	EXP 	window1: blendMode = 'avg'
13.5583 	EXP 	window1: blendMode = 'avg'
13.5747 	EXP 	window1: blendMode = 'avg'
13.5916 	EXP 	window1: blendMode = 'avg'
13.6097 	EXP 	window1: blendMode = 'avg'
13.6256 	EXP 	window1: blendMode = 'avg'
13.6424 	EXP 	window1: blendMode = 'avg'
13.6597 	EXP 	window1: blendMode = 'avg'
13.6756 	EXP 	window1: blendMode = 'avg'
13.6920 	EXP 	window1: blendMode = 'avg'
13.7089 	EXP 	window1: blendMode = 'avg'
13.7258 	EXP 	window1: blendMode = 'avg'
13.7424 	EXP 	window1: blendMode = 'avg'
13.7590 	EXP 	window1: blendMode = 'avg'
13.7756 	EXP 	window1: blendMode = 'avg'
13.7922 	EXP 	window1: blendMode = 'avg'
13.8090 	EXP 	window1: blendMode = 'avg'
13.8255 	EXP 	window1: blendMode = 'avg'
13.8420 	EXP 	window1: blendMode = 'avg'
13.8590 	EXP 	window1: blendMode = 'avg'
13.8757 	EXP 	window1: blendMode = 'avg'
13.8922 	EXP 	window1: blendMode = 'avg'
13.9089 	EXP 	window1: blendMode = 'avg'
13.9254 	EXP 	window1: blendMode = 'avg'
13.9278 	DATA 	Keypress: space
13.9811 	EXP 	Imported trials_R_reduced.xlsx as conditions, 15 conditions, 4 params
13.9820 	EXP 	Created sequence: sequential, trialTypes=15, nReps=1, seed=None
13.9830 	EXP 	New trial (rep=0, index=0): {'blue': 0.0, 'trial': 1, 'green': 0.67439314164221287, 'red': 1.0}
14.0045 	EXP 	window1: recordFrameIntervals = False
14.0052 	EXP 	window1: blendMode = 'avg'
14.0100 	EXP 	text: autoDraw = False
14.0100 	EXP 	inducer_stimulus: fillColor = '[ 1.          0.67439314  0.        ] (rgb)'
14.0100 	EXP 	inducer_stimulus: lineColor = '[ 1.          0.67439314  0.        ] (rgb)'
14.0100 	EXP 	Noise_patch: image = array([[-0.30532235,  0.06176397,  0.55471632, ...,  0.80932307,
         0.96412928, -0.07455587],
       [ 0.32088738,  0.23623658, -0.75533274, ..., -0.1431185 ,
         0.81564462, -0.36185744],
       [ 0.41560313,  0.7044777 , -0.20361202, ..., -0.33846438,
         0.30177416,  0.05696022],
       ..., 
       [-0.69954864, -0.00720284,  0.77494465, ...,  0.91952126,
         0.20915153,  0.3659719 ],
       [ 0.01541989, -0.22068435,  0.04291887, ..., -0.18707651,
         0.96308128,  0.94117225],
       [-0.90976365, -0.2295591 , -0.24525547, ...,  0.56626749,
        -0.86646182,  0.05868026]])
14.0100 	EXP 	Fixation_cross1: autoDraw = True
14.0106 	EXP 	window1: recordFrameIntervals = False
14.4878 	EXP 	window1: blendMode = 'avg'
14.4934 	EXP 	window1: blendMode = 'avg'
14.5086 	EXP 	window1: blendMode = 'avg'
14.5249 	EXP 	window1: blendMode = 'avg'
14.5418 	EXP 	window1: blendMode = 'avg'
14.5589 	EXP 	window1: blendMode = 'avg'
14.5764 	EXP 	window1: blendMode = 'avg'
14.5938 	EXP 	window1: blendMode = 'avg'
14.6100 	EXP 	window1: blendMode = 'avg'
14.6266 	EXP 	window1: blendMode = 'avg'
14.6431 	EXP 	window1: blendMode = 'avg'
14.6597 	EXP 	window1: blendMode = 'avg'
14.6766 	EXP 	window1: blendMode = 'avg'
14.6934 	EXP 	window1: blendMode = 'avg'
14.7102 	EXP 	window1: blendMode = 'avg'
14.7270 	EXP 	window1: blendMode = 'avg'
14.7438 	EXP 	window1: blendMode = 'avg'
14.7601 	EXP 	window1: blendMode = 'avg'
14.7768 	EXP 	window1: blendMode = 'avg'
14.7936 	EXP 	window1: blendMode = 'avg'
14.8103 	EXP 	window1: blendMode = 'avg'
14.8269 	EXP 	window1: blendMode = 'avg'
14.8417 	EXP 	window1: blendMode = 'avg'
14.8587 	EXP 	window1: blendMode = 'avg'
14.8764 	EXP 	window1: blendMode = 'avg'
14.8933 	EXP 	window1: blendMode = 'avg'
14.9106 	EXP 	window1: blendMode = 'avg'
14.9269 	EXP 	window1: blendMode = 'avg'
14.9434 	EXP 	window1: blendMode = 'avg'
14.9600 	EXP 	window1: blendMode = 'avg'
14.9768 	EXP 	window1: blendMode = 'avg'
14.9934 	EXP 	window1: blendMode = 'avg'
15.0102 	EXP 	window1: blendMode = 'avg'
15.0268 	EXP 	window1: blendMode = 'avg'
15.0435 	EXP 	window1: blendMode = 'avg'
15.0601 	EXP 	window1: blendMode = 'avg'
15.0766 	EXP 	window1: blendMode = 'avg'
15.0939 	EXP 	window1: blendMode = 'avg'
15.1106 	EXP 	window1: blendMode = 'avg'
15.1268 	EXP 	window1: blendMode = 'avg'
15.1433 	EXP 	window1: blendMode = 'avg'
15.1601 	EXP 	window1: blendMode = 'avg'
15.1767 	EXP 	window1: blendMode = 'avg'
15.1933 	EXP 	window1: blendMode = 'avg'
15.2103 	EXP 	window1: blendMode = 'avg'
15.2271 	EXP 	window1: blendMode = 'avg'
15.2437 	EXP 	window1: blendMode = 'avg'
15.2599 	EXP 	window1: blendMode = 'avg'
15.2768 	EXP 	window1: blendMode = 'avg'
15.2935 	EXP 	window1: blendMode = 'avg'
15.3101 	EXP 	window1: blendMode = 'avg'
15.3270 	EXP 	window1: blendMode = 'avg'
15.3436 	EXP 	window1: blendMode = 'avg'
15.3600 	EXP 	window1: blendMode = 'avg'
15.3766 	EXP 	window1: blendMode = 'avg'
15.3933 	EXP 	window1: blendMode = 'avg'
15.4104 	EXP 	window1: blendMode = 'avg'
15.4268 	EXP 	window1: blendMode = 'avg'
15.4433 	EXP 	window1: blendMode = 'avg'
15.4600 	EXP 	window1: blendMode = 'avg'
15.4768 	EXP 	window1: blendMode = 'avg'
15.4931 	EXP 	window1: blendMode = 'avg'
15.5102 	EXP 	window1: blendMode = 'avg'
15.5269 	EXP 	window1: blendMode = 'avg'
15.5434 	EXP 	window1: blendMode = 'avg'
15.5599 	EXP 	window1: blendMode = 'avg'
15.5766 	EXP 	window1: blendMode = 'avg'
15.5933 	EXP 	window1: blendMode = 'avg'
15.6103 	EXP 	window1: blendMode = 'avg'
15.6267 	EXP 	window1: blendMode = 'avg'
15.6434 	EXP 	window1: blendMode = 'avg'
15.6600 	EXP 	window1: blendMode = 'avg'
15.6765 	EXP 	window1: blendMode = 'avg'
15.6931 	EXP 	window1: blendMode = 'avg'
15.7100 	EXP 	window1: blendMode = 'avg'
15.7268 	EXP 	window1: blendMode = 'avg'
15.7431 	EXP 	window1: blendMode = 'avg'
15.7598 	EXP 	window1: blendMode = 'avg'
15.7764 	EXP 	window1: blendMode = 'avg'
15.7933 	EXP 	window1: blendMode = 'avg'
15.8100 	EXP 	window1: blendMode = 'avg'
15.8268 	EXP 	window1: blendMode = 'avg'
15.8433 	EXP 	window1: blendMode = 'avg'
15.8597 	EXP 	window1: blendMode = 'avg'
15.8764 	EXP 	window1: blendMode = 'avg'
15.8932 	EXP 	window1: blendMode = 'avg'
15.9105 	EXP 	window1: blendMode = 'avg'
15.9266 	EXP 	window1: blendMode = 'avg'
15.9432 	EXP 	window1: blendMode = 'avg'
15.9597 	EXP 	window1: blendMode = 'avg'
15.9908 	EXP 	Fixation_cross1: autoDraw = False
16.0305 	EXP 	inducer_stimulus: autoDraw = True
16.4907 	EXP 	inducer_stimulus: autoDraw = False
16.5074 	EXP 	Noise_patch: autoDraw = True
17.4904 	EXP 	Noise_patch: autoDraw = False
17.4936 	EXP 	window1: blendMode = 'avg'
17.5069 	EXP 	Fixation_cross2: autoDraw = True
17.5094 	EXP 	window1: blendMode = 'avg'
17.5264 	EXP 	window1: blendMode = 'avg'
17.5406 	EXP 	window1: blendMode = 'avg'
17.5576 	EXP 	window1: blendMode = 'avg'
17.5755 	EXP 	window1: blendMode = 'avg'
17.5927 	EXP 	window1: blendMode = 'avg'
17.6097 	EXP 	window1: blendMode = 'avg'
17.6261 	EXP 	window1: blendMode = 'avg'
17.6427 	EXP 	window1: blendMode = 'avg'
17.6596 	EXP 	window1: blendMode = 'avg'
17.6760 	EXP 	window1: blendMode = 'avg'
17.6925 	EXP 	window1: blendMode = 'avg'
17.7095 	EXP 	window1: blendMode = 'avg'
17.7403 	EXP 	Fixation_cross2: autoDraw = False
17.7569 	EXP 	polygon: autoDraw = True
18.0467 	DATA 	Keypress: space
18.0491 	EXP 	New trial (rep=0, index=1): {'blue': 0.0, 'trial': 2, 'green': 0.75439314164221283, 'red': 1.0}
18.0585 	EXP 	window1: recordFrameIntervals = False
18.0595 	EXP 	window1: blendMode = 'avg'
18.0649 	EXP 	inducer_stimulus: autoDraw = False
18.0649 	EXP 	Noise_patch: autoDraw = False
18.0649 	EXP 	polygon: autoDraw = False
18.0649 	EXP 	Fixation_cross1: autoDraw = False
18.0649 	EXP 	Fixation_cross2: autoDraw = False
18.0649 	EXP 	inducer_stimulus: fillColor = '[ 1.          0.75439314  0.        ] (rgb)'
18.0649 	EXP 	inducer_stimulus: lineColor = '[ 1.          0.75439314  0.        ] (rgb)'
18.0649 	EXP 	Noise_patch: image = array([[-0.30532235,  0.06176397,  0.55471632, ...,  0.80932307,
         0.96412928, -0.07455587],
       [ 0.32088738,  0.23623658, -0.75533274, ..., -0.1431185 ,
         0.81564462, -0.36185744],
       [ 0.41560313,  0.7044777 , -0.20361202, ..., -0.33846438,
         0.30177416,  0.05696022],
       ..., 
       [-0.69954864, -0.00720284,  0.77494465, ...,  0.91952126,
         0.20915153,  0.3659719 ],
       [ 0.01541989, -0.22068435,  0.04291887, ..., -0.18707651,
         0.96308128,  0.94117225],
       [-0.90976365, -0.2295591 , -0.24525547, ...,  0.56626749,
        -0.86646182,  0.05868026]])
18.0649 	EXP 	Fixation_cross1: autoDraw = True
18.0668 	EXP 	window1: recordFrameIntervals = False
18.5433 	EXP 	window1: blendMode = 'avg'
18.5495 	EXP 	window1: blendMode = 'avg'
18.5568 	EXP 	window1: blendMode = 'avg'
18.5737 	EXP 	window1: blendMode = 'avg'
18.5904 	EXP 	window1: blendMode = 'avg'
18.6075 	EXP 	window1: blendMode = 'avg'
18.6249 	EXP 	window1: blendMode = 'avg'
18.6422 	EXP 	window1: blendMode = 'avg'
18.6591 	EXP 	window1: blendMode = 'avg'
18.6758 	EXP 	window1: blendMode = 'avg'
18.6922 	EXP 	window1: blendMode = 'avg'
18.7091 	EXP 	window1: blendMode = 'avg'
18.7258 	EXP 	window1: blendMode = 'avg'
18.7421 	EXP 	window1: blendMode = 'avg'
18.7589 	EXP 	window1: blendMode = 'avg'
18.7758 	EXP 	window1: blendMode = 'avg'
18.7923 	EXP 	window1: blendMode = 'avg'
18.8090 	EXP 	window1: blendMode = 'avg'
18.8256 	EXP 	window1: blendMode = 'avg'
18.8422 	EXP 	window1: blendMode = 'avg'
18.8591 	EXP 	window1: blendMode = 'avg'
18.8757 	EXP 	window1: blendMode = 'avg'
18.8922 	EXP 	window1: blendMode = 'avg'
18.9094 	EXP 	window1: blendMode = 'avg'
18.9257 	EXP 	window1: blendMode = 'avg'
18.9421 	EXP 	window1: blendMode = 'avg'
18.9589 	EXP 	window1: blendMode = 'avg'
18.9739 	EXP 	window1: blendMode = 'avg'
18.9909 	EXP 	window1: blendMode = 'avg'
19.0091 	EXP 	window1: blendMode = 'avg'
19.0256 	EXP 	window1: blendMode = 'avg'
19.0422 	EXP 	window1: blendMode = 'avg'
19.0588 	EXP 	window1: blendMode = 'avg'
19.0757 	EXP 	window1: blendMode = 'avg'
19.0924 	EXP 	window1: blendMode = 'avg'
19.1090 	EXP 	window1: blendMode = 'avg'
19.1253 	EXP 	window1: blendMode = 'avg'
19.1421 	EXP 	window1: blendMode = 'avg'
19.1596 	EXP 	window1: blendMode = 'avg'
19.1755 	EXP 	window1: blendMode = 'avg'
19.1921 	EXP 	window1: blendMode = 'avg'
19.2089 	EXP 	window1: blendMode = 'avg'
19.2258 	EXP 	window1: blendMode = 'avg'
19.2421 	EXP 	window1: blendMode = 'avg'
19.2586 	EXP 	window1: blendMode = 'avg'
19.2753 	EXP 	window1: blendMode = 'avg'
19.2922 	EXP 	window1: blendMode = 'avg'
19.3089 	EXP 	window1: blendMode = 'avg'
19.3255 	EXP 	window1: blendMode = 'avg'
19.3421 	EXP 	window1: blendMode = 'avg'
19.3586 	EXP 	window1: blendMode = 'avg'
19.3752 	EXP 	window1: blendMode = 'avg'
19.3920 	EXP 	window1: blendMode = 'avg'
19.4090 	EXP 	window1: blendMode = 'avg'
19.4256 	EXP 	window1: blendMode = 'avg'
19.4421 	EXP 	window1: blendMode = 'avg'
19.4588 	EXP 	window1: blendMode = 'avg'
19.4756 	EXP 	window1: blendMode = 'avg'
19.4920 	EXP 	window1: blendMode = 'avg'
19.5088 	EXP 	window1: blendMode = 'avg'
19.5255 	EXP 	window1: blendMode = 'avg'
19.5421 	EXP 	window1: blendMode = 'avg'
19.5587 	EXP 	window1: blendMode = 'avg'
19.5757 	EXP 	window1: blendMode = 'avg'
19.5921 	EXP 	window1: blendMode = 'avg'
19.6089 	EXP 	window1: blendMode = 'avg'
19.6254 	EXP 	window1: blendMode = 'avg'
19.6420 	EXP 	window1: blendMode = 'avg'
19.6589 	EXP 	window1: blendMode = 'avg'
19.6752 	EXP 	window1: blendMode = 'avg'
19.6921 	EXP 	window1: blendMode = 'avg'
19.7090 	EXP 	window1: blendMode = 'avg'
19.7256 	EXP 	window1: blendMode = 'avg'
19.7419 	EXP 	window1: blendMode = 'avg'
19.7587 	EXP 	window1: blendMode = 'avg'
19.7751 	EXP 	window1: blendMode = 'avg'
19.7920 	EXP 	window1: blendMode = 'avg'
19.8087 	EXP 	window1: blendMode = 'avg'
19.8253 	EXP 	window1: blendMode = 'avg'
19.8420 	EXP 	window1: blendMode = 'avg'
19.8584 	EXP 	window1: blendMode = 'avg'
19.8749 	EXP 	window1: blendMode = 'avg'
19.8919 	EXP 	window1: blendMode = 'avg'
19.9088 	EXP 	window1: blendMode = 'avg'
19.9253 	EXP 	window1: blendMode = 'avg'
19.9418 	EXP 	window1: blendMode = 'avg'
19.9587 	EXP 	window1: blendMode = 'avg'
19.9754 	EXP 	window1: blendMode = 'avg'
19.9918 	EXP 	window1: blendMode = 'avg'
20.0087 	EXP 	window1: blendMode = 'avg'
20.0251 	EXP 	window1: blendMode = 'avg'
20.0562 	EXP 	Fixation_cross1: autoDraw = False
20.0728 	EXP 	inducer_stimulus: autoDraw = True
20.5561 	EXP 	inducer_stimulus: autoDraw = False
20.5726 	EXP 	Noise_patch: autoDraw = True
21.5558 	EXP 	Noise_patch: autoDraw = False
21.5583 	EXP 	window1: blendMode = 'avg'
21.5723 	EXP 	Fixation_cross2: autoDraw = True
21.5747 	EXP 	window1: blendMode = 'avg'
21.5914 	EXP 	window1: blendMode = 'avg'
21.6083 	EXP 	window1: blendMode = 'avg'
21.6249 	EXP 	window1: blendMode = 'avg'
21.6414 	EXP 	window1: blendMode = 'avg'
21.6582 	EXP 	window1: blendMode = 'avg'
21.6748 	EXP 	window1: blendMode = 'avg'
21.6918 	EXP 	window1: blendMode = 'avg'
21.7079 	EXP 	window1: blendMode = 'avg'
21.7250 	EXP 	window1: blendMode = 'avg'
21.7414 	EXP 	window1: blendMode = 'avg'
21.7578 	EXP 	window1: blendMode = 'avg'
21.7748 	EXP 	window1: blendMode = 'avg'
21.8056 	EXP 	Fixation_cross2: autoDraw = False
21.8223 	EXP 	polygon: autoDraw = True
22.1279 	DATA 	Keypress: space
22.1299 	EXP 	New trial (rep=0, index=2): {'blue': 0.0, 'trial': 3, 'green': 0.64439314164221284, 'red': 1.0}
22.1400 	EXP 	window1: recordFrameIntervals = False
22.1410 	EXP 	window1: blendMode = 'avg'
22.1464 	EXP 	inducer_stimulus: autoDraw = False
22.1464 	EXP 	Noise_patch: autoDraw = False
22.1464 	EXP 	polygon: autoDraw = False
22.1464 	EXP 	Fixation_cross1: autoDraw = False
22.1464 	EXP 	Fixation_cross2: autoDraw = False
22.1464 	EXP 	inducer_stimulus: fillColor = '[ 1.          0.64439314  0.        ] (rgb)'
22.1464 	EXP 	inducer_stimulus: lineColor = '[ 1.          0.64439314  0.        ] (rgb)'
22.1464 	EXP 	Noise_patch: image = array([[-0.30532235,  0.06176397,  0.55471632, ...,  0.80932307,
         0.96412928, -0.07455587],
       [ 0.32088738,  0.23623658, -0.75533274, ..., -0.1431185 ,
         0.81564462, -0.36185744],
       [ 0.41560313,  0.7044777 , -0.20361202, ..., -0.33846438,
         0.30177416,  0.05696022],
       ..., 
       [-0.69954864, -0.00720284,  0.77494465, ...,  0.91952126,
         0.20915153,  0.3659719 ],
       [ 0.01541989, -0.22068435,  0.04291887, ..., -0.18707651,
         0.96308128,  0.94117225],
       [-0.90976365, -0.2295591 , -0.24525547, ...,  0.56626749,
        -0.86646182,  0.05868026]])
22.1464 	EXP 	Fixation_cross1: autoDraw = True
22.1480 	EXP 	window1: recordFrameIntervals = False
22.6287 	EXP 	window1: blendMode = 'avg'
22.6340 	EXP 	window1: blendMode = 'avg'
22.6546 	EXP 	window1: blendMode = 'avg'
22.6726 	EXP 	window1: blendMode = 'avg'
22.6893 	EXP 	window1: blendMode = 'avg'
22.7067 	EXP 	window1: blendMode = 'avg'
22.7245 	EXP 	window1: blendMode = 'avg'
22.7411 	EXP 	window1: blendMode = 'avg'
22.7576 	EXP 	window1: blendMode = 'avg'
22.7743 	EXP 	window1: blendMode = 'avg'
22.7910 	EXP 	window1: blendMode = 'avg'
22.8078 	EXP 	window1: blendMode = 'avg'
22.8245 	EXP 	window1: blendMode = 'avg'
22.8410 	EXP 	window1: blendMode = 'avg'
22.8579 	EXP 	window1: blendMode = 'avg'
22.8742 	EXP 	window1: blendMode = 'avg'
22.8910 	EXP 	window1: blendMode = 'avg'
22.9075 	EXP 	window1: blendMode = 'avg'
22.9246 	EXP 	window1: blendMode = 'avg'
22.9409 	EXP 	window1: blendMode = 'avg'
22.9577 	EXP 	window1: blendMode = 'avg'
22.9743 	EXP 	window1: blendMode = 'avg'
22.9911 	EXP 	window1: blendMode = 'avg'
23.0076 	EXP 	window1: blendMode = 'avg'
23.0244 	EXP 	window1: blendMode = 'avg'
23.0390 	EXP 	window1: blendMode = 'avg'
23.0559 	EXP 	window1: blendMode = 'avg'
23.0733 	EXP 	window1: blendMode = 'avg'
23.0909 	EXP 	window1: blendMode = 'avg'
23.1078 	EXP 	window1: blendMode = 'avg'
23.1244 	EXP 	window1: blendMode = 'avg'
23.1408 	EXP 	window1: blendMode = 'avg'
23.1575 	EXP 	window1: blendMode = 'avg'
23.1743 	EXP 	window1: blendMode = 'avg'
23.1908 	EXP 	window1: blendMode = 'avg'
23.2077 	EXP 	window1: blendMode = 'avg'
23.2242 	EXP 	window1: blendMode = 'avg'
23.2411 	EXP 	window1: blendMode = 'avg'
23.2575 	EXP 	window1: blendMode = 'avg'
23.2742 	EXP 	window1: blendMode = 'avg'
23.2908 	EXP 	window1: blendMode = 'avg'
23.3076 	EXP 	window1: blendMode = 'avg'
23.3242 	EXP 	window1: blendMode = 'avg'
23.3408 	EXP 	window1: blendMode = 'avg'
23.3576 	EXP 	window1: blendMode = 'avg'
23.3741 	EXP 	window1: blendMode = 'avg'
23.3906 	EXP 	window1: blendMode = 'avg'
23.4076 	EXP 	window1: blendMode = 'avg'
23.4244 	EXP 	window1: blendMode = 'avg'
23.4407 	EXP 	window1: blendMode = 'avg'
23.4574 	EXP 	window1: blendMode = 'avg'
23.4742 	EXP 	window1: blendMode = 'avg'
23.4908 	EXP 	window1: blendMode = 'avg'
23.5075 	EXP 	window1: blendMode = 'avg'
23.5241 	EXP 	window1: blendMode = 'avg'
23.5413 	EXP 	window1: blendMode = 'avg'
23.5572 	EXP 	window1: blendMode = 'avg'
23.5712 	EXP 	window1: blendMode = 'avg'
23.5878 	EXP 	window1: blendMode = 'avg'
23.6047 	EXP 	window1: blendMode = 'avg'
23.6214 	EXP 	window1: blendMode = 'avg'
23.6377 	EXP 	window1: blendMode = 'avg'
23.6544 	EXP 	window1: blendMode = 'avg'
23.6737 	EXP 	window1: blendMode = 'avg'
23.6882 	EXP 	window1: blendMode = 'avg'
23.7043 	EXP 	window1: blendMode = 'avg'
23.7210 	EXP 	window1: blendMode = 'avg'
23.7377 	EXP 	window1: blendMode = 'avg'
23.7542 	EXP 	window1: blendMode = 'avg'
23.7709 	EXP 	window1: blendMode = 'avg'
23.7877 	EXP 	window1: blendMode = 'avg'
23.8042 	EXP 	window1: blendMode = 'avg'
23.8210 	EXP 	window1: blendMode = 'avg'
23.8376 	EXP 	window1: blendMode = 'avg'
23.8544 	EXP 	window1: blendMode = 'avg'
23.8708 	EXP 	window1: blendMode = 'avg'
23.8875 	EXP 	window1: blendMode = 'avg'
23.9043 	EXP 	window1: blendMode = 'avg'
23.9209 	EXP 	window1: blendMode = 'avg'
23.9375 	EXP 	window1: blendMode = 'avg'
23.9568 	EXP 	window1: blendMode = 'avg'
23.9735 	EXP 	window1: blendMode = 'avg'
23.9903 	EXP 	window1: blendMode = 'avg'
24.0068 	EXP 	window1: blendMode = 'avg'
24.0236 	EXP 	window1: blendMode = 'avg'
24.0405 	EXP 	window1: blendMode = 'avg'
24.0571 	EXP 	window1: blendMode = 'avg'
24.0737 	EXP 	window1: blendMode = 'avg'
24.0903 	EXP 	window1: blendMode = 'avg'
24.1069 	EXP 	window1: blendMode = 'avg'
24.1381 	EXP 	Fixation_cross1: autoDraw = False
24.1548 	EXP 	inducer_stimulus: autoDraw = True
24.6380 	EXP 	inducer_stimulus: autoDraw = False
24.6547 	EXP 	Noise_patch: autoDraw = True
25.4571 	DATA 	Keypress: grave
25.4736 	DATA 	Keypress: escape
