4.8794 	WARNING 	User requested fullscreen with size [1536  864], but screen is actually [1920, 1080]. Using actual size
5.6626 	EXP 	Created window1 = Window(allowGUI=False, allowStencil=False, autoLog=True, bitsMode=UNKNOWN, blendMode='avg', color=array([ 0.,  0.,  0.]), colorSpace='rgb', fullscr=UNKNOWN, gamma=None, lms=UNKNOWN, monitor=<psychopy.monitors.calibTools.Monitor object at 0x1B04CB10>, multiSample=False, name='window1', numSamples=2, pos=[0, 0], screen=0, size=array([1920, 1080]), stereo=False, units=u'norm', useFBO=True, useRetina=False, viewOri=0.0, viewPos=None, viewScale=None, waitBlanking=True, winType='pyglet')
5.6627 	EXP 	window1: recordFrameIntervals = False
5.8272 	EXP 	window1: recordFrameIntervals = True
6.0109 	EXP 	window1: recordFrameIntervals = False
6.2398 	EXP 	Created text = TextStim(alignHoriz='center', alignVert='center', antialias=True, autoLog=True, bold=False, color='white', colorSpace='named', contrast=1.0, depth=0.0, flipHoriz=False, flipVert=False, font='Arial', fontFiles=[], height=0.1, italic=False, name='text', opacity=1.0, ori=0, pos=array([ 0.,  0.]), rgb=array([ 255.,  255.,  255.]), text=unicode(...), units=u'norm', win=Window(...), wrapWidth=1)
6.2515 	EXP 	Created polygon = Polygon(autoDraw=False, autoLog=True, closeShape=True, contrast=1.0, depth=-1.0, fillColor=array([ 1.,  1.,  1.]), fillColorSpace='rgb', fillRGB=array([ 1.,  1.,  1.]), interpolate=True, lineColor=array([ 1.,  1.,  1.]), lineColorSpace='rgb', lineRGB=array([ 1.,  1.,  1.]), lineWidth=1, name='polygon', opacity=1.0, ori=array(0.0), pos=array([ 0.,  0.]), size=array([ 0.9,  1.6]), units=u'norm', vertices=ndarray(...), win=Window(...))
6.2614 	EXP 	Created polygon_2 = Polygon(autoDraw=False, autoLog=True, closeShape=True, contrast=1.0, depth=-4.0, fillColor=array([ 1.,  1.,  1.]), fillColorSpace='rgb', fillRGB=array([ 1.,  1.,  1.]), interpolate=True, lineColor=array([ 1.,  1.,  1.]), lineColorSpace='rgb', lineRGB=array([ 1.,  1.,  1.]), lineWidth=1, name='polygon_2', opacity=1.0, ori=array(0.0), pos=array([ 0.,  0.]), size=array([ 0.5,  0.5]), units=u'norm', vertices=ndarray(...), win=Window(...))
8.6493 	EXP 	Created polygon_3 = Polygon(autoDraw=False, autoLog=True, closeShape=True, contrast=1.0, depth=0.0, fillColor=array([ 1.,  1.,  1.]), fillColorSpace='rgb', fillRGB=array([ 1.,  1.,  1.]), interpolate=True, lineColor=array([ 1.,  1.,  1.]), lineColorSpace='rgb', lineRGB=array([ 1.,  1.,  1.]), lineWidth=1, name='polygon_3', opacity=1.0, ori=array(0.0), pos=array([ 0.,  0.]), size=array([ 0.5,  0.5]), units=u'norm', vertices=ndarray(...), win=Window(...))
8.6551 	EXP 	Created polygon_4 = Polygon(autoDraw=False, autoLog=True, closeShape=True, contrast=1.0, depth=-1.0, fillColor=array([ 1.,  1.,  1.]), fillColorSpace='rgb', fillRGB=array([ 1.,  1.,  1.]), interpolate=True, lineColor=array([ 1.,  1.,  1.]), lineColorSpace='rgb', lineRGB=array([ 1.,  1.,  1.]), lineWidth=1, name='polygon_4', opacity=1.0, ori=array(0.0), pos=array([ 0.,  0.]), size=array([ 0.5,  0.5]), units=u'norm', vertices=ndarray(...), win=Window(...))
8.6608 	EXP 	Created polygon_5 = Polygon(autoDraw=False, autoLog=True, closeShape=True, contrast=1.0, depth=0.0, fillColor=array([ 1.,  1.,  1.]), fillColorSpace='rgb', fillRGB=array([ 1.,  1.,  1.]), interpolate=True, lineColor=array([ 1.,  1.,  1.]), lineColorSpace='rgb', lineRGB=array([ 1.,  1.,  1.]), lineWidth=1, name='polygon_5', opacity=1.0, ori=array(0.0), pos=array([ 0.,  0.]), size=array([ 0.5,  0.5]), units=u'norm', vertices=ndarray(...), win=Window(...))
8.6666 	EXP 	Created polygon_6 = Polygon(autoDraw=False, autoLog=True, closeShape=True, contrast=1.0, depth=-1.0, fillColor=array([ 1.,  1.,  1.]), fillColorSpace='rgb', fillRGB=array([ 1.,  1.,  1.]), interpolate=True, lineColor=array([ 1.,  1.,  1.]), lineColorSpace='rgb', lineRGB=array([ 1.,  1.,  1.]), lineWidth=1, name='polygon_6', opacity=1.0, ori=array(0.0), pos=array([ 0.,  0.]), size=array([ 0.5,  0.5]), units=u'norm', vertices=ndarray(...), win=Window(...))
8.6775 	EXP 	Created text_2 = TextStim(alignHoriz='center', alignVert='center', antialias=True, autoLog=True, bold=False, color='white', colorSpace='named', contrast=1.0, depth=0.0, flipHoriz=False, flipVert=False, font='Arial', fontFiles=[], height=0.1, italic=False, name='text_2', opacity=1.0, ori=0, pos=array([ 0.,  0.]), rgb=array([ 255.,  255.,  255.]), text=u'This is the end of the experiment.', units=u'norm', win=Window(...), wrapWidth=1)
8.6875 	EXP 	window1: blendMode = 'avg'
8.6966 	EXP 	text: autoDraw = True
8.6970 	EXP 	window1: blendMode = 'avg'
8.7094 	EXP 	window1: blendMode = 'avg'
8.7261 	EXP 	window1: blendMode = 'avg'
8.7432 	EXP 	window1: blendMode = 'avg'
8.7601 	EXP 	window1: blendMode = 'avg'
8.7770 	EXP 	window1: blendMode = 'avg'
8.7938 	EXP 	window1: blendMode = 'avg'
8.8105 	EXP 	window1: blendMode = 'avg'
8.8271 	EXP 	window1: blendMode = 'avg'
8.8439 	EXP 	window1: blendMode = 'avg'
8.8603 	EXP 	window1: blendMode = 'avg'
8.8769 	EXP 	window1: blendMode = 'avg'
8.8940 	EXP 	window1: blendMode = 'avg'
8.9092 	EXP 	window1: blendMode = 'avg'
8.9263 	EXP 	window1: blendMode = 'avg'
8.9426 	EXP 	window1: blendMode = 'avg'
8.9597 	EXP 	window1: blendMode = 'avg'
8.9769 	EXP 	window1: blendMode = 'avg'
8.9935 	EXP 	window1: blendMode = 'avg'
9.0104 	EXP 	window1: blendMode = 'avg'
9.0270 	EXP 	window1: blendMode = 'avg'
9.0438 	EXP 	window1: blendMode = 'avg'
9.0604 	EXP 	window1: blendMode = 'avg'
9.0771 	EXP 	window1: blendMode = 'avg'
9.0937 	EXP 	window1: blendMode = 'avg'
9.1104 	EXP 	window1: blendMode = 'avg'
9.1272 	EXP 	window1: blendMode = 'avg'
9.1437 	EXP 	window1: blendMode = 'avg'
9.1603 	EXP 	window1: blendMode = 'avg'
9.1770 	EXP 	window1: blendMode = 'avg'
9.1928 	EXP 	window1: blendMode = 'avg'
9.2085 	EXP 	window1: blendMode = 'avg'
9.2250 	EXP 	window1: blendMode = 'avg'
9.2425 	EXP 	window1: blendMode = 'avg'
9.2592 	EXP 	window1: blendMode = 'avg'
9.2760 	EXP 	window1: blendMode = 'avg'
9.2927 	EXP 	window1: blendMode = 'avg'
9.3105 	EXP 	window1: blendMode = 'avg'
9.3269 	EXP 	window1: blendMode = 'avg'
9.3437 	EXP 	window1: blendMode = 'avg'
9.3604 	EXP 	window1: blendMode = 'avg'
9.3769 	EXP 	window1: blendMode = 'avg'
9.3936 	EXP 	window1: blendMode = 'avg'
9.4103 	EXP 	window1: blendMode = 'avg'
9.4270 	EXP 	window1: blendMode = 'avg'
9.4436 	EXP 	window1: blendMode = 'avg'
9.4603 	EXP 	window1: blendMode = 'avg'
9.4769 	EXP 	window1: blendMode = 'avg'
9.4935 	EXP 	window1: blendMode = 'avg'
9.5103 	EXP 	window1: blendMode = 'avg'
9.5269 	EXP 	window1: blendMode = 'avg'
9.5436 	EXP 	window1: blendMode = 'avg'
9.5603 	EXP 	window1: blendMode = 'avg'
9.5770 	EXP 	window1: blendMode = 'avg'
9.5933 	EXP 	window1: blendMode = 'avg'
9.6102 	EXP 	window1: blendMode = 'avg'
9.6269 	EXP 	window1: blendMode = 'avg'
9.6435 	EXP 	window1: blendMode = 'avg'
9.6603 	EXP 	window1: blendMode = 'avg'
9.6767 	EXP 	window1: blendMode = 'avg'
9.6935 	EXP 	window1: blendMode = 'avg'
9.7102 	EXP 	window1: blendMode = 'avg'
9.7269 	EXP 	window1: blendMode = 'avg'
9.7432 	EXP 	window1: blendMode = 'avg'
9.7601 	EXP 	window1: blendMode = 'avg'
9.7768 	EXP 	window1: blendMode = 'avg'
9.7934 	EXP 	window1: blendMode = 'avg'
9.8101 	EXP 	window1: blendMode = 'avg'
9.8268 	EXP 	window1: blendMode = 'avg'
9.8435 	EXP 	window1: blendMode = 'avg'
9.8601 	EXP 	window1: blendMode = 'avg'
9.8776 	EXP 	window1: blendMode = 'avg'
9.8937 	EXP 	window1: blendMode = 'avg'
9.9093 	EXP 	window1: blendMode = 'avg'
9.9258 	EXP 	window1: blendMode = 'avg'
9.9424 	EXP 	window1: blendMode = 'avg'
9.9594 	EXP 	window1: blendMode = 'avg'
9.9766 	EXP 	window1: blendMode = 'avg'
9.9934 	EXP 	window1: blendMode = 'avg'
10.0100 	EXP 	window1: blendMode = 'avg'
10.0267 	EXP 	window1: blendMode = 'avg'
10.0432 	EXP 	window1: blendMode = 'avg'
10.0600 	EXP 	window1: blendMode = 'avg'
10.0767 	EXP 	window1: blendMode = 'avg'
10.0935 	EXP 	window1: blendMode = 'avg'
10.1099 	EXP 	window1: blendMode = 'avg'
10.1268 	EXP 	window1: blendMode = 'avg'
10.1435 	EXP 	window1: blendMode = 'avg'
10.1600 	EXP 	window1: blendMode = 'avg'
10.1766 	EXP 	window1: blendMode = 'avg'
10.1934 	EXP 	window1: blendMode = 'avg'
10.2099 	EXP 	window1: blendMode = 'avg'
10.2267 	EXP 	window1: blendMode = 'avg'
10.2434 	EXP 	window1: blendMode = 'avg'
10.2598 	EXP 	window1: blendMode = 'avg'
10.2767 	EXP 	window1: blendMode = 'avg'
10.2939 	EXP 	window1: blendMode = 'avg'
10.3100 	EXP 	window1: blendMode = 'avg'
10.3264 	EXP 	window1: blendMode = 'avg'
10.3431 	EXP 	window1: blendMode = 'avg'
10.3597 	EXP 	window1: blendMode = 'avg'
10.3766 	EXP 	window1: blendMode = 'avg'
10.3933 	EXP 	window1: blendMode = 'avg'
10.4098 	EXP 	window1: blendMode = 'avg'
10.4267 	EXP 	window1: blendMode = 'avg'
10.4435 	EXP 	window1: blendMode = 'avg'
10.4602 	EXP 	window1: blendMode = 'avg'
10.4768 	EXP 	window1: blendMode = 'avg'
10.4936 	EXP 	window1: blendMode = 'avg'
10.5101 	EXP 	window1: blendMode = 'avg'
10.5268 	EXP 	window1: blendMode = 'avg'
10.5439 	EXP 	window1: blendMode = 'avg'
10.5602 	EXP 	window1: blendMode = 'avg'
10.5764 	EXP 	window1: blendMode = 'avg'
10.5946 	EXP 	window1: blendMode = 'avg'
10.6102 	EXP 	window1: blendMode = 'avg'
10.6268 	EXP 	window1: blendMode = 'avg'
10.6434 	EXP 	window1: blendMode = 'avg'
10.6601 	EXP 	window1: blendMode = 'avg'
10.6769 	EXP 	window1: blendMode = 'avg'
10.6935 	EXP 	window1: blendMode = 'avg'
10.7101 	EXP 	window1: blendMode = 'avg'
10.7268 	EXP 	window1: blendMode = 'avg'
10.7435 	EXP 	window1: blendMode = 'avg'
10.7600 	EXP 	window1: blendMode = 'avg'
10.7767 	EXP 	window1: blendMode = 'avg'
10.7935 	EXP 	window1: blendMode = 'avg'
10.8101 	EXP 	window1: blendMode = 'avg'
10.8269 	EXP 	window1: blendMode = 'avg'
10.8435 	EXP 	window1: blendMode = 'avg'
10.8599 	EXP 	window1: blendMode = 'avg'
10.8768 	EXP 	window1: blendMode = 'avg'
10.8934 	EXP 	window1: blendMode = 'avg'
10.9090 	EXP 	window1: blendMode = 'avg'
10.9257 	EXP 	window1: blendMode = 'avg'
10.9424 	EXP 	window1: blendMode = 'avg'
10.9599 	EXP 	window1: blendMode = 'avg'
10.9768 	EXP 	window1: blendMode = 'avg'
10.9935 	EXP 	window1: blendMode = 'avg'
11.0100 	EXP 	window1: blendMode = 'avg'
11.0267 	EXP 	window1: blendMode = 'avg'
11.0434 	EXP 	window1: blendMode = 'avg'
11.0602 	EXP 	window1: blendMode = 'avg'
11.0767 	EXP 	window1: blendMode = 'avg'
11.0935 	EXP 	window1: blendMode = 'avg'
11.1100 	EXP 	window1: blendMode = 'avg'
11.1267 	EXP 	window1: blendMode = 'avg'
11.1437 	EXP 	window1: blendMode = 'avg'
11.1601 	EXP 	window1: blendMode = 'avg'
11.1770 	EXP 	window1: blendMode = 'avg'
11.1935 	EXP 	window1: blendMode = 'avg'
11.2100 	EXP 	window1: blendMode = 'avg'
11.2266 	EXP 	window1: blendMode = 'avg'
11.2433 	EXP 	window1: blendMode = 'avg'
11.2600 	EXP 	window1: blendMode = 'avg'
11.2767 	EXP 	window1: blendMode = 'avg'
11.2941 	EXP 	window1: blendMode = 'avg'
11.3099 	EXP 	window1: blendMode = 'avg'
11.3266 	EXP 	window1: blendMode = 'avg'
11.3433 	EXP 	window1: blendMode = 'avg'
11.3602 	EXP 	window1: blendMode = 'avg'
11.3766 	EXP 	window1: blendMode = 'avg'
11.3933 	EXP 	window1: blendMode = 'avg'
11.4099 	EXP 	window1: blendMode = 'avg'
11.4266 	EXP 	window1: blendMode = 'avg'
11.4432 	EXP 	window1: blendMode = 'avg'
11.4599 	EXP 	window1: blendMode = 'avg'
11.4766 	EXP 	window1: blendMode = 'avg'
11.4932 	EXP 	window1: blendMode = 'avg'
11.5099 	EXP 	window1: blendMode = 'avg'
11.5266 	EXP 	window1: blendMode = 'avg'
11.5431 	EXP 	window1: blendMode = 'avg'
11.5599 	EXP 	window1: blendMode = 'avg'
11.5765 	EXP 	window1: blendMode = 'avg'
11.5931 	EXP 	window1: blendMode = 'avg'
11.6097 	EXP 	window1: blendMode = 'avg'
11.6265 	EXP 	window1: blendMode = 'avg'
11.6431 	EXP 	window1: blendMode = 'avg'
11.6599 	EXP 	window1: blendMode = 'avg'
11.6763 	EXP 	window1: blendMode = 'avg'
11.6934 	EXP 	window1: blendMode = 'avg'
11.7098 	EXP 	window1: blendMode = 'avg'
11.7264 	EXP 	window1: blendMode = 'avg'
11.7432 	EXP 	window1: blendMode = 'avg'
11.7600 	EXP 	window1: blendMode = 'avg'
11.7766 	EXP 	window1: blendMode = 'avg'
11.7931 	EXP 	window1: blendMode = 'avg'
11.8099 	EXP 	window1: blendMode = 'avg'
11.8265 	EXP 	window1: blendMode = 'avg'
11.8430 	EXP 	window1: blendMode = 'avg'
11.8599 	EXP 	window1: blendMode = 'avg'
11.8765 	EXP 	window1: blendMode = 'avg'
11.8934 	EXP 	window1: blendMode = 'avg'
11.9098 	EXP 	window1: blendMode = 'avg'
11.9253 	EXP 	window1: blendMode = 'avg'
11.9420 	EXP 	window1: blendMode = 'avg'
11.9587 	EXP 	window1: blendMode = 'avg'
11.9756 	EXP 	window1: blendMode = 'avg'
11.9931 	EXP 	window1: blendMode = 'avg'
12.0097 	EXP 	window1: blendMode = 'avg'
12.0264 	EXP 	window1: blendMode = 'avg'
12.0429 	EXP 	window1: blendMode = 'avg'
12.0596 	EXP 	window1: blendMode = 'avg'
12.0764 	EXP 	window1: blendMode = 'avg'
12.0931 	EXP 	window1: blendMode = 'avg'
12.1097 	EXP 	window1: blendMode = 'avg'
12.1264 	EXP 	window1: blendMode = 'avg'
12.1433 	EXP 	window1: blendMode = 'avg'
12.1586 	EXP 	window1: blendMode = 'avg'
12.1757 	EXP 	window1: blendMode = 'avg'
12.1929 	EXP 	window1: blendMode = 'avg'
12.2096 	EXP 	window1: blendMode = 'avg'
12.2263 	EXP 	window1: blendMode = 'avg'
12.2430 	EXP 	window1: blendMode = 'avg'
12.2597 	EXP 	window1: blendMode = 'avg'
12.2763 	EXP 	window1: blendMode = 'avg'
12.2930 	EXP 	window1: blendMode = 'avg'
12.3094 	EXP 	window1: blendMode = 'avg'
12.3263 	EXP 	window1: blendMode = 'avg'
12.3429 	EXP 	window1: blendMode = 'avg'
12.3596 	EXP 	window1: blendMode = 'avg'
12.3761 	EXP 	window1: blendMode = 'avg'
12.3928 	EXP 	window1: blendMode = 'avg'
12.4095 	EXP 	window1: blendMode = 'avg'
12.4264 	EXP 	window1: blendMode = 'avg'
12.4431 	EXP 	window1: blendMode = 'avg'
12.4596 	EXP 	window1: blendMode = 'avg'
12.4762 	EXP 	window1: blendMode = 'avg'
12.4931 	EXP 	window1: blendMode = 'avg'
12.5094 	EXP 	window1: blendMode = 'avg'
12.5262 	EXP 	window1: blendMode = 'avg'
12.5475 	DATA 	Mouse: Left button down, pos=(886,752)
12.5480 	EXP 	window1: blendMode = 'avg'
12.5580 	EXP 	window1: blendMode = 'avg'
12.5759 	EXP 	window1: blendMode = 'avg'
12.5917 	EXP 	window1: blendMode = 'avg'
12.6084 	EXP 	window1: blendMode = 'avg'
12.6261 	EXP 	window1: blendMode = 'avg'
12.6442 	EXP 	window1: blendMode = 'avg'
12.6594 	EXP 	window1: blendMode = 'avg'
12.6762 	EXP 	window1: blendMode = 'avg'
12.6929 	EXP 	window1: blendMode = 'avg'
12.7093 	EXP 	window1: blendMode = 'avg'
12.7256 	DATA 	Mouse:  Left button up, pos=(886,752)
12.7270 	EXP 	window1: blendMode = 'avg'
12.7429 	EXP 	window1: blendMode = 'avg'
12.7597 	EXP 	window1: blendMode = 'avg'
12.7762 	EXP 	window1: blendMode = 'avg'
12.7928 	EXP 	window1: blendMode = 'avg'
12.8095 	EXP 	window1: blendMode = 'avg'
12.8261 	EXP 	window1: blendMode = 'avg'
12.8429 	EXP 	window1: blendMode = 'avg'
12.8595 	EXP 	window1: blendMode = 'avg'
12.8761 	EXP 	window1: blendMode = 'avg'
12.8927 	EXP 	window1: blendMode = 'avg'
12.9096 	EXP 	window1: blendMode = 'avg'
12.9259 	EXP 	window1: blendMode = 'avg'
12.9428 	EXP 	window1: blendMode = 'avg'
12.9594 	EXP 	window1: blendMode = 'avg'
12.9762 	EXP 	window1: blendMode = 'avg'
12.9926 	EXP 	window1: blendMode = 'avg'
13.0095 	EXP 	window1: blendMode = 'avg'
13.0260 	EXP 	window1: blendMode = 'avg'
13.0427 	EXP 	window1: blendMode = 'avg'
13.0593 	EXP 	window1: blendMode = 'avg'
13.0760 	EXP 	window1: blendMode = 'avg'
13.0927 	EXP 	window1: blendMode = 'avg'
13.1093 	EXP 	window1: blendMode = 'avg'
13.1260 	EXP 	window1: blendMode = 'avg'
13.1427 	EXP 	window1: blendMode = 'avg'
13.1594 	EXP 	window1: blendMode = 'avg'
13.1770 	EXP 	window1: blendMode = 'avg'
13.1926 	EXP 	window1: blendMode = 'avg'
13.2094 	EXP 	window1: blendMode = 'avg'
13.2260 	EXP 	window1: blendMode = 'avg'
13.2427 	EXP 	window1: blendMode = 'avg'
13.2596 	EXP 	window1: blendMode = 'avg'
13.2761 	EXP 	window1: blendMode = 'avg'
13.2927 	EXP 	window1: blendMode = 'avg'
13.3093 	EXP 	window1: blendMode = 'avg'
13.3258 	EXP 	window1: blendMode = 'avg'
13.3425 	EXP 	window1: blendMode = 'avg'
13.3592 	EXP 	window1: blendMode = 'avg'
13.3760 	EXP 	window1: blendMode = 'avg'
13.3932 	EXP 	window1: blendMode = 'avg'
13.4092 	EXP 	window1: blendMode = 'avg'
13.4260 	EXP 	window1: blendMode = 'avg'
13.4426 	EXP 	window1: blendMode = 'avg'
13.4596 	EXP 	window1: blendMode = 'avg'
13.4760 	EXP 	window1: blendMode = 'avg'
13.4926 	EXP 	window1: blendMode = 'avg'
13.5092 	EXP 	window1: blendMode = 'avg'
13.5252 	DATA 	Keypress: space
13.5676 	EXP 	Imported Stimuli-red.xlsx as conditions, 11 conditions, 1 params
13.5687 	EXP 	Created sequence: random, trialTypes=11, nReps=1, seed=None
13.5696 	EXP 	New trial (rep=0, index=0): {'stimulus_color': [1, 0.8, 0]}
13.5739 	EXP 	window1: recordFrameIntervals = False
13.5796 	EXP 	text: autoDraw = False
13.5796 	EXP 	polygon_2: fillColor = '[ 1.   0.8  0. ] (rgb)'
13.5796 	EXP 	polygon_2: lineColor = '[ 1.   0.8  0. ] (rgb)'
13.5814 	EXP 	window1: recordFrameIntervals = False
14.6146 	EXP 	polygon_2: autoDraw = True
15.0906 	EXP 	polygon_2: autoDraw = False
16.5904 	EXP 	polygon: autoDraw = True
18.0278 	DATA 	Keypress: left
18.3773 	DATA 	Keypress: left
18.5439 	DATA 	Keypress: left
18.6938 	DATA 	Keypress: left
18.9599 	DATA 	Keypress: left
19.9769 	DATA 	Keypress: right
20.1769 	DATA 	Keypress: right
20.3268 	DATA 	Keypress: right
20.4769 	DATA 	Keypress: right
20.6100 	DATA 	Keypress: right
21.0570 	DATA 	Keypress: escape
