6.2184 	WARNING 	User requested fullscreen with size [1536  864], but screen is actually [1920, 1080]. Using actual size
7.0977 	EXP 	Created window1 = Window(allowGUI=False, allowStencil=False, autoLog=True, bitsMode=UNKNOWN, blendMode='avg', color=array([ 0.,  0.,  0.]), colorSpace='rgb', fullscr=UNKNOWN, gamma=None, lms=UNKNOWN, monitor=<psychopy.monitors.calibTools.Monitor object at 0x1B388CB0>, multiSample=False, name='window1', numSamples=2, pos=[0, 0], screen=0, size=array([1920, 1080]), stereo=False, units=u'norm', useFBO=True, useRetina=False, viewOri=0.0, viewPos=None, viewScale=None, waitBlanking=True, winType='pyglet')
7.0979 	EXP 	window1: recordFrameIntervals = False
7.2625 	EXP 	window1: recordFrameIntervals = True
7.4460 	EXP 	window1: recordFrameIntervals = False
7.6809 	EXP 	Created text = TextStim(alignHoriz='center', alignVert='center', antialias=True, autoLog=True, bold=False, color='white', colorSpace='named', contrast=1.0, depth=0.0, flipHoriz=False, flipVert=False, font='Arial', fontFiles=[], height=0.1, italic=False, name='text', opacity=1.0, ori=0, pos=array([ 0.,  0.]), rgb=array([ 255.,  255.,  255.]), text=unicode(...), units=u'norm', win=Window(...), wrapWidth=1)
7.6900 	EXP 	Created polygon_2 = Polygon(autoDraw=False, autoLog=True, closeShape=True, contrast=1.0, depth=0.0, fillColor=array([ 1.,  1.,  1.]), fillColorSpace='rgb', fillRGB=array([ 1.,  1.,  1.]), interpolate=True, lineColor=array([ 1.,  1.,  1.]), lineColorSpace='rgb', lineRGB=array([ 1.,  1.,  1.]), lineWidth=1, name='polygon_2', opacity=1.0, ori=array(0.0), pos=array([ 0.,  0.]), size=array([ 0.5,  0.5]), units=u'norm', vertices=ndarray(...), win=Window(...))
7.6951 	EXP 	Created Noise_patch = ImageStim(autoLog=True, color=array([ 1.,  1.,  1.]), colorSpace='rgb', contrast=1.0, depth=-1.0, flipHoriz=False, flipVert=False, image='sin', interpolate=True, mask='circle', maskParams=None, name='Noise_patch', opacity=1.0, ori=0.0, pos=array([ 0.,  0.]), size=array([ 0.5,  0.5]), texRes=128, units=u'norm', win=Window(...))
7.7008 	EXP 	Created polygon = Polygon(autoDraw=False, autoLog=True, closeShape=True, contrast=1.0, depth=-3.0, fillColor=array([ 1.,  1.,  1.]), fillColorSpace='rgb', fillRGB=array([ 1.,  1.,  1.]), interpolate=True, lineColor=array([ 1.,  1.,  1.]), lineColorSpace='rgb', lineRGB=array([ 1.,  1.,  1.]), lineWidth=1, name='polygon', opacity=1.0, ori=array(0.0), pos=array([ 0.,  0.]), size=array([ 0.5,  0.5]), units=u'norm', vertices=ndarray(...), win=Window(...))
10.4892 	EXP 	Created Fixation_cross1 = TextStim(alignHoriz='center', alignVert='center', antialias=True, autoLog=True, bold=False, color='white', colorSpace='named', contrast=1.0, depth=-8.0, flipHoriz=False, flipVert=False, font='Arial', fontFiles=[], height=0.1, italic=False, name='Fixation_cross1', opacity=1.0, ori=0, pos=array([ 0.,  0.]), rgb=array([ 255.,  255.,  255.]), text=u'+', units=u'norm', win=Window(...), wrapWidth=1)
10.4918 	EXP 	Created Fixation_cross2 = TextStim(alignHoriz='center', alignVert='center', antialias=True, autoLog=True, bold=False, color='white', colorSpace='named', contrast=1.0, depth=-9.0, flipHoriz=False, flipVert=False, font='Arial', fontFiles=[], height=0.1, italic=False, name='Fixation_cross2', opacity=1.0, ori=0, pos=array([ 0.,  0.]), rgb=array([ 255.,  255.,  255.]), text=u'+', units=u'norm', win=Window(...), wrapWidth=1)
10.4977 	EXP 	Created polygon_3 = Polygon(autoDraw=False, autoLog=True, closeShape=True, contrast=1.0, depth=0.0, fillColor=array([ 1.,  1.,  1.]), fillColorSpace='rgb', fillRGB=array([ 1.,  1.,  1.]), interpolate=True, lineColor=array([ 1.,  1.,  1.]), lineColorSpace='rgb', lineRGB=array([ 1.,  1.,  1.]), lineWidth=1, name='polygon_3', opacity=1.0, ori=array(0.0), pos=array([ 0.,  0.]), size=array([ 0.5,  0.5]), units=u'norm', vertices=ndarray(...), win=Window(...))
10.5033 	EXP 	Created polygon_4 = Polygon(autoDraw=False, autoLog=True, closeShape=True, contrast=1.0, depth=-1.0, fillColor=array([ 1.,  1.,  1.]), fillColorSpace='rgb', fillRGB=array([ 1.,  1.,  1.]), interpolate=True, lineColor=array([ 1.,  1.,  1.]), lineColorSpace='rgb', lineRGB=array([ 1.,  1.,  1.]), lineWidth=1, name='polygon_4', opacity=1.0, ori=array(0.0), pos=array([ 0.,  0.]), size=array([ 0.5,  0.5]), units=u'norm', vertices=ndarray(...), win=Window(...))
10.5090 	EXP 	Created polygon_5 = Polygon(autoDraw=False, autoLog=True, closeShape=True, contrast=1.0, depth=0.0, fillColor=array([ 1.,  1.,  1.]), fillColorSpace='rgb', fillRGB=array([ 1.,  1.,  1.]), interpolate=True, lineColor=array([ 1.,  1.,  1.]), lineColorSpace='rgb', lineRGB=array([ 1.,  1.,  1.]), lineWidth=1, name='polygon_5', opacity=1.0, ori=array(0.0), pos=array([ 0.,  0.]), size=array([ 0.5,  0.5]), units=u'norm', vertices=ndarray(...), win=Window(...))
10.5147 	EXP 	Created polygon_6 = Polygon(autoDraw=False, autoLog=True, closeShape=True, contrast=1.0, depth=-1.0, fillColor=array([ 1.,  1.,  1.]), fillColorSpace='rgb', fillRGB=array([ 1.,  1.,  1.]), interpolate=True, lineColor=array([ 1.,  1.,  1.]), lineColorSpace='rgb', lineRGB=array([ 1.,  1.,  1.]), lineWidth=1, name='polygon_6', opacity=1.0, ori=array(0.0), pos=array([ 0.,  0.]), size=array([ 0.5,  0.5]), units=u'norm', vertices=ndarray(...), win=Window(...))
10.5252 	EXP 	Created text_2 = TextStim(alignHoriz='center', alignVert='center', antialias=True, autoLog=True, bold=False, color='white', colorSpace='named', contrast=1.0, depth=0.0, flipHoriz=False, flipVert=False, font='Arial', fontFiles=[], height=0.1, italic=False, name='text_2', opacity=1.0, ori=0, pos=array([ 0.,  0.]), rgb=array([ 255.,  255.,  255.]), text=u'This is the end of the experiment.', units=u'norm', win=Window(...), wrapWidth=1)
10.5311 	EXP 	window1: blendMode = 'avg'
10.5468 	EXP 	text: autoDraw = True
10.5479 	EXP 	window1: blendMode = 'avg'
10.5544 	EXP 	window1: blendMode = 'avg'
10.5633 	EXP 	window1: blendMode = 'avg'
10.5790 	EXP 	window1: blendMode = 'avg'
10.5954 	EXP 	window1: blendMode = 'avg'
10.6109 	EXP 	window1: blendMode = 'avg'
10.6278 	EXP 	window1: blendMode = 'avg'
10.6450 	EXP 	window1: blendMode = 'avg'
10.6616 	EXP 	window1: blendMode = 'avg'
10.6787 	EXP 	window1: blendMode = 'avg'
10.6954 	EXP 	window1: blendMode = 'avg'
10.7122 	EXP 	window1: blendMode = 'avg'
10.7289 	EXP 	window1: blendMode = 'avg'
10.7455 	EXP 	window1: blendMode = 'avg'
10.7623 	EXP 	window1: blendMode = 'avg'
10.7789 	EXP 	window1: blendMode = 'avg'
10.7938 	EXP 	window1: blendMode = 'avg'
10.8121 	EXP 	window1: blendMode = 'avg'
10.8289 	EXP 	window1: blendMode = 'avg'
10.8453 	EXP 	window1: blendMode = 'avg'
10.8622 	EXP 	window1: blendMode = 'avg'
10.8787 	EXP 	window1: blendMode = 'avg'
10.8958 	EXP 	window1: blendMode = 'avg'
10.9123 	EXP 	window1: blendMode = 'avg'
10.9287 	EXP 	window1: blendMode = 'avg'
10.9457 	EXP 	window1: blendMode = 'avg'
10.9627 	EXP 	window1: blendMode = 'avg'
10.9792 	EXP 	window1: blendMode = 'avg'
10.9955 	EXP 	window1: blendMode = 'avg'
11.0123 	EXP 	window1: blendMode = 'avg'
11.0286 	EXP 	window1: blendMode = 'avg'
11.0454 	EXP 	window1: blendMode = 'avg'
11.0623 	EXP 	window1: blendMode = 'avg'
11.0796 	EXP 	window1: blendMode = 'avg'
11.0953 	EXP 	window1: blendMode = 'avg'
11.1119 	EXP 	window1: blendMode = 'avg'
11.1285 	EXP 	window1: blendMode = 'avg'
11.1457 	EXP 	window1: blendMode = 'avg'
11.1620 	EXP 	window1: blendMode = 'avg'
11.1789 	EXP 	window1: blendMode = 'avg'
11.1956 	EXP 	window1: blendMode = 'avg'
11.2119 	EXP 	window1: blendMode = 'avg'
11.2287 	EXP 	window1: blendMode = 'avg'
11.2455 	EXP 	window1: blendMode = 'avg'
11.2624 	EXP 	window1: blendMode = 'avg'
11.2787 	EXP 	window1: blendMode = 'avg'
11.2959 	EXP 	window1: blendMode = 'avg'
11.3123 	EXP 	window1: blendMode = 'avg'
11.3289 	EXP 	window1: blendMode = 'avg'
11.3451 	EXP 	window1: blendMode = 'avg'
11.3618 	EXP 	window1: blendMode = 'avg'
11.3784 	EXP 	window1: blendMode = 'avg'
11.3938 	EXP 	window1: blendMode = 'avg'
11.4103 	EXP 	window1: blendMode = 'avg'
11.4278 	EXP 	window1: blendMode = 'avg'
11.4445 	EXP 	window1: blendMode = 'avg'
11.4608 	EXP 	window1: blendMode = 'avg'
11.4778 	EXP 	window1: blendMode = 'avg'
11.4951 	EXP 	window1: blendMode = 'avg'
11.5120 	EXP 	window1: blendMode = 'avg'
11.5288 	EXP 	window1: blendMode = 'avg'
11.5457 	EXP 	window1: blendMode = 'avg'
11.5619 	EXP 	window1: blendMode = 'avg'
11.5790 	EXP 	window1: blendMode = 'avg'
11.6010 	DATA 	Mouse: Left button down, pos=(1021,820)
11.6023 	EXP 	window1: blendMode = 'avg'
11.6126 	EXP 	window1: blendMode = 'avg'
11.6300 	DATA 	Mouse:  Left button up, pos=(1021,820)
11.6329 	EXP 	window1: blendMode = 'avg'
11.6454 	EXP 	window1: blendMode = 'avg'
11.6617 	EXP 	window1: blendMode = 'avg'
11.6779 	EXP 	window1: blendMode = 'avg'
11.6944 	EXP 	window1: blendMode = 'avg'
11.7115 	EXP 	window1: blendMode = 'avg'
11.7269 	EXP 	window1: blendMode = 'avg'
11.7434 	EXP 	window1: blendMode = 'avg'
11.7604 	EXP 	window1: blendMode = 'avg'
11.7774 	EXP 	window1: blendMode = 'avg'
11.7941 	EXP 	window1: blendMode = 'avg'
11.8109 	EXP 	window1: blendMode = 'avg'
11.8276 	EXP 	window1: blendMode = 'avg'
11.8451 	EXP 	window1: blendMode = 'avg'
11.8617 	EXP 	window1: blendMode = 'avg'
11.8785 	EXP 	window1: blendMode = 'avg'
11.8956 	EXP 	window1: blendMode = 'avg'
11.9123 	EXP 	window1: blendMode = 'avg'
11.9290 	EXP 	window1: blendMode = 'avg'
11.9451 	EXP 	window1: blendMode = 'avg'
11.9621 	EXP 	window1: blendMode = 'avg'
11.9787 	EXP 	window1: blendMode = 'avg'
11.9956 	EXP 	window1: blendMode = 'avg'
12.0120 	EXP 	window1: blendMode = 'avg'
12.0297 	EXP 	window1: blendMode = 'avg'
12.0452 	EXP 	window1: blendMode = 'avg'
12.0621 	EXP 	window1: blendMode = 'avg'
12.0788 	EXP 	window1: blendMode = 'avg'
12.0951 	EXP 	window1: blendMode = 'avg'
12.1121 	EXP 	window1: blendMode = 'avg'
12.1266 	EXP 	window1: blendMode = 'avg'
12.1441 	EXP 	window1: blendMode = 'avg'
12.1612 	DATA 	Keypress: space
12.1981 	EXP 	Imported Stimuli-red.xlsx as conditions, 11 conditions, 1 params
12.1990 	EXP 	Created sequence: random, trialTypes=11, nReps=1, seed=None
12.1998 	EXP 	New trial (rep=0, index=0): {'stimulus_color': [1, 0.9, 0]}
12.2193 	EXP 	window1: recordFrameIntervals = False
12.2209 	EXP 	window1: blendMode = 'avg'
12.2262 	EXP 	text: autoDraw = False
12.2262 	EXP 	polygon_2: fillColor = '[ 1.   0.9  0. ] (rgb)'
12.2262 	EXP 	polygon_2: lineColor = '[ 1.   0.9  0. ] (rgb)'
12.2262 	EXP 	Noise_patch: image = array([[ 0.11569356, -0.30272567,  0.77464185, ..., -0.2463197 ,
         0.33903928, -0.70853192],
       [-0.30137803,  0.62241563,  0.2915769 , ..., -0.25359607,
         0.80868436,  0.16356881],
       [ 0.16669817,  0.48399011,  0.49898986, ..., -0.06809393,
         0.82435573,  0.98332023],
       ..., 
       [ 0.67222608,  0.02166952,  0.95533267, ..., -0.62287877,
         0.98754186,  0.1011059 ],
       [ 0.0136186 ,  0.94617492, -0.36353102, ...,  0.20916458,
        -0.12071076, -0.15043815],
       [ 0.06573384,  0.78096666, -0.94787299, ...,  0.27240927,
         0.89881094,  0.19164419]])
12.2262 	EXP 	Fixation_cross1: autoDraw = True
12.2282 	EXP 	window1: recordFrameIntervals = False
12.7074 	EXP 	window1: blendMode = 'avg'
12.7137 	EXP 	window1: blendMode = 'avg'
12.7280 	EXP 	window1: blendMode = 'avg'
12.7443 	EXP 	window1: blendMode = 'avg'
12.7613 	EXP 	window1: blendMode = 'avg'
12.7783 	EXP 	window1: blendMode = 'avg'
12.7964 	EXP 	window1: blendMode = 'avg'
12.8128 	EXP 	window1: blendMode = 'avg'
12.8297 	EXP 	window1: blendMode = 'avg'
12.8467 	EXP 	window1: blendMode = 'avg'
12.8605 	EXP 	window1: blendMode = 'avg'
12.8775 	EXP 	window1: blendMode = 'avg'
12.8942 	EXP 	window1: blendMode = 'avg'
12.9108 	EXP 	window1: blendMode = 'avg'
12.9270 	EXP 	window1: blendMode = 'avg'
12.9437 	EXP 	window1: blendMode = 'avg'
12.9600 	EXP 	window1: blendMode = 'avg'
12.9771 	EXP 	window1: blendMode = 'avg'
12.9937 	EXP 	window1: blendMode = 'avg'
13.0109 	EXP 	window1: blendMode = 'avg'
13.0277 	EXP 	window1: blendMode = 'avg'
13.0445 	EXP 	window1: blendMode = 'avg'
13.0611 	EXP 	window1: blendMode = 'avg'
13.0788 	EXP 	window1: blendMode = 'avg'
13.0965 	EXP 	window1: blendMode = 'avg'
13.1129 	EXP 	window1: blendMode = 'avg'
13.1297 	EXP 	window1: blendMode = 'avg'
13.1464 	EXP 	window1: blendMode = 'avg'
13.1634 	EXP 	window1: blendMode = 'avg'
13.1794 	EXP 	window1: blendMode = 'avg'
13.1960 	EXP 	window1: blendMode = 'avg'
13.2128 	EXP 	window1: blendMode = 'avg'
13.2298 	EXP 	window1: blendMode = 'avg'
13.2463 	EXP 	window1: blendMode = 'avg'
13.2624 	EXP 	window1: blendMode = 'avg'
13.2795 	EXP 	window1: blendMode = 'avg'
13.2962 	EXP 	window1: blendMode = 'avg'
13.3128 	EXP 	window1: blendMode = 'avg'
13.3297 	EXP 	window1: blendMode = 'avg'
13.3463 	EXP 	window1: blendMode = 'avg'
13.3629 	EXP 	window1: blendMode = 'avg'
13.3795 	EXP 	window1: blendMode = 'avg'
13.3958 	EXP 	window1: blendMode = 'avg'
13.4127 	EXP 	window1: blendMode = 'avg'
13.4274 	EXP 	window1: blendMode = 'avg'
13.4443 	EXP 	window1: blendMode = 'avg'
13.4609 	EXP 	window1: blendMode = 'avg'
13.4777 	EXP 	window1: blendMode = 'avg'
13.4945 	EXP 	window1: blendMode = 'avg'
13.5126 	EXP 	window1: blendMode = 'avg'
13.5293 	EXP 	window1: blendMode = 'avg'
13.5462 	EXP 	window1: blendMode = 'avg'
13.5629 	EXP 	window1: blendMode = 'avg'
13.5795 	EXP 	window1: blendMode = 'avg'
13.5942 	EXP 	window1: blendMode = 'avg'
13.6119 	EXP 	window1: blendMode = 'avg'
13.6296 	EXP 	window1: blendMode = 'avg'
13.6462 	EXP 	window1: blendMode = 'avg'
13.6626 	EXP 	window1: blendMode = 'avg'
13.6795 	EXP 	window1: blendMode = 'avg'
13.6960 	EXP 	window1: blendMode = 'avg'
13.7127 	EXP 	window1: blendMode = 'avg'
13.7295 	EXP 	window1: blendMode = 'avg'
13.7459 	EXP 	window1: blendMode = 'avg'
13.7626 	EXP 	window1: blendMode = 'avg'
13.7792 	EXP 	window1: blendMode = 'avg'
13.7956 	EXP 	window1: blendMode = 'avg'
13.8125 	EXP 	window1: blendMode = 'avg'
13.8292 	EXP 	window1: blendMode = 'avg'
13.8459 	EXP 	window1: blendMode = 'avg'
13.8623 	EXP 	window1: blendMode = 'avg'
13.8791 	EXP 	window1: blendMode = 'avg'
13.8959 	EXP 	window1: blendMode = 'avg'
13.9123 	EXP 	window1: blendMode = 'avg'
13.9293 	EXP 	window1: blendMode = 'avg'
13.9459 	EXP 	window1: blendMode = 'avg'
13.9627 	EXP 	window1: blendMode = 'avg'
13.9793 	EXP 	window1: blendMode = 'avg'
13.9960 	EXP 	window1: blendMode = 'avg'
14.0125 	EXP 	window1: blendMode = 'avg'
14.0296 	EXP 	window1: blendMode = 'avg'
14.0460 	EXP 	window1: blendMode = 'avg'
14.0625 	EXP 	window1: blendMode = 'avg'
14.0791 	EXP 	window1: blendMode = 'avg'
14.0961 	EXP 	window1: blendMode = 'avg'
14.1125 	EXP 	window1: blendMode = 'avg'
14.1294 	EXP 	window1: blendMode = 'avg'
14.1460 	EXP 	window1: blendMode = 'avg'
14.1626 	EXP 	window1: blendMode = 'avg'
14.1790 	EXP 	window1: blendMode = 'avg'
14.2102 	EXP 	Fixation_cross1: autoDraw = False
14.2468 	EXP 	polygon_2: autoDraw = True
14.7099 	EXP 	polygon_2: autoDraw = False
14.7294 	EXP 	Noise_patch: autoDraw = True
15.7097 	EXP 	Noise_patch: autoDraw = False
15.7131 	EXP 	window1: blendMode = 'avg'
15.7263 	EXP 	Fixation_cross2: autoDraw = True
15.7288 	EXP 	window1: blendMode = 'avg'
15.7455 	EXP 	window1: blendMode = 'avg'
15.7621 	EXP 	window1: blendMode = 'avg'
15.7786 	EXP 	window1: blendMode = 'avg'
15.7953 	EXP 	window1: blendMode = 'avg'
15.8120 	EXP 	window1: blendMode = 'avg'
15.8289 	EXP 	window1: blendMode = 'avg'
15.8454 	EXP 	window1: blendMode = 'avg'
15.8618 	EXP 	window1: blendMode = 'avg'
15.8783 	EXP 	window1: blendMode = 'avg'
15.8952 	EXP 	window1: blendMode = 'avg'
15.9119 	EXP 	window1: blendMode = 'avg'
15.9267 	EXP 	window1: blendMode = 'avg'
15.9582 	EXP 	Fixation_cross2: autoDraw = False
15.9748 	EXP 	polygon: autoDraw = True
17.4439 	DATA 	Keypress: right
17.6758 	DATA 	Keypress: right
19.5300 	DATA 	Keypress: space
19.5314 	EXP 	New trial (rep=0, index=1): {'stimulus_color': [1, 0.4, 0]}
19.5453 	EXP 	window1: recordFrameIntervals = False
19.5462 	EXP 	window1: blendMode = 'avg'
19.5517 	EXP 	polygon_2: autoDraw = False
19.5517 	EXP 	Noise_patch: autoDraw = False
19.5517 	EXP 	polygon: autoDraw = False
19.5517 	EXP 	Fixation_cross1: autoDraw = False
19.5517 	EXP 	Fixation_cross2: autoDraw = False
19.5517 	EXP 	polygon_2: fillColor = '[ 1.   0.4  0. ] (rgb)'
19.5517 	EXP 	polygon_2: lineColor = '[ 1.   0.4  0. ] (rgb)'
19.5517 	EXP 	Noise_patch: image = array([[ 0.11569356, -0.30272567,  0.77464185, ..., -0.2463197 ,
         0.33903928, -0.70853192],
       [-0.30137803,  0.62241563,  0.2915769 , ..., -0.25359607,
         0.80868436,  0.16356881],
       [ 0.16669817,  0.48399011,  0.49898986, ..., -0.06809393,
         0.82435573,  0.98332023],
       ..., 
       [ 0.67222608,  0.02166952,  0.95533267, ..., -0.62287877,
         0.98754186,  0.1011059 ],
       [ 0.0136186 ,  0.94617492, -0.36353102, ...,  0.20916458,
        -0.12071076, -0.15043815],
       [ 0.06573384,  0.78096666, -0.94787299, ...,  0.27240927,
         0.89881094,  0.19164419]])
19.5517 	EXP 	Fixation_cross1: autoDraw = True
19.5533 	EXP 	window1: recordFrameIntervals = False
20.0332 	EXP 	window1: blendMode = 'avg'
20.0396 	EXP 	window1: blendMode = 'avg'
20.0586 	EXP 	window1: blendMode = 'avg'
20.0754 	EXP 	window1: blendMode = 'avg'
20.0921 	EXP 	window1: blendMode = 'avg'
20.1092 	EXP 	window1: blendMode = 'avg'
20.1267 	EXP 	window1: blendMode = 'avg'
20.1441 	EXP 	window1: blendMode = 'avg'
20.1608 	EXP 	window1: blendMode = 'avg'
20.1773 	EXP 	window1: blendMode = 'avg'
20.1939 	EXP 	window1: blendMode = 'avg'
20.2107 	EXP 	window1: blendMode = 'avg'
20.2272 	EXP 	window1: blendMode = 'avg'
20.2441 	EXP 	window1: blendMode = 'avg'
20.2608 	EXP 	window1: blendMode = 'avg'
20.2772 	EXP 	window1: blendMode = 'avg'
20.2939 	EXP 	window1: blendMode = 'avg'
20.3104 	EXP 	window1: blendMode = 'avg'
20.3271 	EXP 	window1: blendMode = 'avg'
20.3437 	EXP 	window1: blendMode = 'avg'
20.3607 	EXP 	window1: blendMode = 'avg'
20.3771 	EXP 	window1: blendMode = 'avg'
20.3931 	EXP 	window1: blendMode = 'avg'
20.4087 	EXP 	window1: blendMode = 'avg'
20.4249 	EXP 	window1: blendMode = 'avg'
20.4412 	EXP 	window1: blendMode = 'avg'
20.4577 	EXP 	window1: blendMode = 'avg'
20.4744 	EXP 	window1: blendMode = 'avg'
20.4914 	EXP 	window1: blendMode = 'avg'
20.5079 	EXP 	window1: blendMode = 'avg'
20.5245 	EXP 	window1: blendMode = 'avg'
20.5412 	EXP 	window1: blendMode = 'avg'
20.5586 	EXP 	window1: blendMode = 'avg'
20.5754 	EXP 	window1: blendMode = 'avg'
20.5920 	EXP 	window1: blendMode = 'avg'
20.6091 	EXP 	window1: blendMode = 'avg'
20.6275 	EXP 	window1: blendMode = 'avg'
20.6440 	EXP 	window1: blendMode = 'avg'
20.6606 	EXP 	window1: blendMode = 'avg'
20.6772 	EXP 	window1: blendMode = 'avg'
20.6937 	EXP 	window1: blendMode = 'avg'
20.7106 	EXP 	window1: blendMode = 'avg'
20.7272 	EXP 	window1: blendMode = 'avg'
20.7439 	EXP 	window1: blendMode = 'avg'
20.7607 	EXP 	window1: blendMode = 'avg'
20.7773 	EXP 	window1: blendMode = 'avg'
20.7937 	EXP 	window1: blendMode = 'avg'
20.8105 	EXP 	window1: blendMode = 'avg'
20.8268 	EXP 	window1: blendMode = 'avg'
20.8440 	EXP 	window1: blendMode = 'avg'
20.8604 	EXP 	window1: blendMode = 'avg'
20.8772 	EXP 	window1: blendMode = 'avg'
20.8938 	EXP 	window1: blendMode = 'avg'
20.9104 	EXP 	window1: blendMode = 'avg'
20.9273 	EXP 	window1: blendMode = 'avg'
20.9438 	EXP 	window1: blendMode = 'avg'
20.9608 	EXP 	window1: blendMode = 'avg'
20.9770 	EXP 	window1: blendMode = 'avg'
20.9937 	EXP 	window1: blendMode = 'avg'
21.0103 	EXP 	window1: blendMode = 'avg'
21.0273 	EXP 	window1: blendMode = 'avg'
21.0436 	EXP 	window1: blendMode = 'avg'
21.0607 	EXP 	window1: blendMode = 'avg'
21.0770 	EXP 	window1: blendMode = 'avg'
21.0938 	EXP 	window1: blendMode = 'avg'
21.1103 	EXP 	window1: blendMode = 'avg'
21.1254 	EXP 	window1: blendMode = 'avg'
21.1423 	EXP 	window1: blendMode = 'avg'
21.1606 	EXP 	window1: blendMode = 'avg'
21.1769 	EXP 	window1: blendMode = 'avg'
21.1939 	EXP 	window1: blendMode = 'avg'
21.2102 	EXP 	window1: blendMode = 'avg'
21.2270 	EXP 	window1: blendMode = 'avg'
21.2438 	EXP 	window1: blendMode = 'avg'
21.2605 	EXP 	window1: blendMode = 'avg'
21.2772 	EXP 	window1: blendMode = 'avg'
21.2937 	EXP 	window1: blendMode = 'avg'
21.3103 	EXP 	window1: blendMode = 'avg'
21.3269 	EXP 	window1: blendMode = 'avg'
21.3437 	EXP 	window1: blendMode = 'avg'
21.3603 	EXP 	window1: blendMode = 'avg'
21.3770 	EXP 	window1: blendMode = 'avg'
21.3935 	EXP 	window1: blendMode = 'avg'
21.4103 	EXP 	window1: blendMode = 'avg'
21.4269 	EXP 	window1: blendMode = 'avg'
21.4437 	EXP 	window1: blendMode = 'avg'
21.4604 	EXP 	window1: blendMode = 'avg'
21.4770 	EXP 	window1: blendMode = 'avg'
21.4936 	EXP 	window1: blendMode = 'avg'
21.5103 	EXP 	window1: blendMode = 'avg'
21.5412 	EXP 	Fixation_cross1: autoDraw = False
21.5579 	EXP 	polygon_2: autoDraw = True
22.0411 	EXP 	polygon_2: autoDraw = False
22.0578 	EXP 	Noise_patch: autoDraw = True
23.0407 	EXP 	Noise_patch: autoDraw = False
23.0432 	EXP 	window1: blendMode = 'avg'
23.0575 	EXP 	Fixation_cross2: autoDraw = True
23.0600 	EXP 	window1: blendMode = 'avg'
23.0763 	EXP 	window1: blendMode = 'avg'
23.0930 	EXP 	window1: blendMode = 'avg'
23.1098 	EXP 	window1: blendMode = 'avg'
23.1263 	EXP 	window1: blendMode = 'avg'
23.1411 	EXP 	window1: blendMode = 'avg'
23.1581 	EXP 	window1: blendMode = 'avg'
23.1755 	EXP 	window1: blendMode = 'avg'
23.1929 	EXP 	window1: blendMode = 'avg'
23.2098 	EXP 	window1: blendMode = 'avg'
23.2263 	EXP 	window1: blendMode = 'avg'
23.2430 	EXP 	window1: blendMode = 'avg'
23.2597 	EXP 	window1: blendMode = 'avg'
23.2906 	EXP 	Fixation_cross2: autoDraw = False
23.3074 	EXP 	polygon: autoDraw = True
23.8609 	DATA 	Keypress: left
24.0627 	DATA 	Keypress: left
24.6109 	DATA 	Keypress: space
24.6121 	EXP 	New trial (rep=0, index=2): {'stimulus_color': [1, 0.6, 0]}
24.6200 	EXP 	window1: recordFrameIntervals = False
24.6209 	EXP 	window1: blendMode = 'avg'
24.6260 	EXP 	polygon_2: autoDraw = False
24.6260 	EXP 	Noise_patch: autoDraw = False
24.6260 	EXP 	polygon: autoDraw = False
24.6260 	EXP 	Fixation_cross1: autoDraw = False
24.6260 	EXP 	Fixation_cross2: autoDraw = False
24.6260 	EXP 	polygon_2: fillColor = '[ 1.   0.6  0. ] (rgb)'
24.6260 	EXP 	polygon_2: lineColor = '[ 1.   0.6  0. ] (rgb)'
24.6260 	EXP 	Noise_patch: image = array([[ 0.11569356, -0.30272567,  0.77464185, ..., -0.2463197 ,
         0.33903928, -0.70853192],
       [-0.30137803,  0.62241563,  0.2915769 , ..., -0.25359607,
         0.80868436,  0.16356881],
       [ 0.16669817,  0.48399011,  0.49898986, ..., -0.06809393,
         0.82435573,  0.98332023],
       ..., 
       [ 0.67222608,  0.02166952,  0.95533267, ..., -0.62287877,
         0.98754186,  0.1011059 ],
       [ 0.0136186 ,  0.94617492, -0.36353102, ...,  0.20916458,
        -0.12071076, -0.15043815],
       [ 0.06573384,  0.78096666, -0.94787299, ...,  0.27240927,
         0.89881094,  0.19164419]])
24.6260 	EXP 	Fixation_cross1: autoDraw = True
24.6274 	EXP 	window1: recordFrameIntervals = False
25.1013 	EXP 	window1: blendMode = 'avg'
25.1075 	EXP 	window1: blendMode = 'avg'
25.1237 	EXP 	window1: blendMode = 'avg'
25.1405 	EXP 	window1: blendMode = 'avg'
25.1573 	EXP 	window1: blendMode = 'avg'
25.1750 	EXP 	window1: blendMode = 'avg'
25.1921 	EXP 	window1: blendMode = 'avg'
25.2091 	EXP 	window1: blendMode = 'avg'
25.2257 	EXP 	window1: blendMode = 'avg'
25.2423 	EXP 	window1: blendMode = 'avg'
25.2592 	EXP 	window1: blendMode = 'avg'
25.2757 	EXP 	window1: blendMode = 'avg'
25.2925 	EXP 	window1: blendMode = 'avg'
25.3091 	EXP 	window1: blendMode = 'avg'
25.3258 	EXP 	window1: blendMode = 'avg'
25.3425 	EXP 	window1: blendMode = 'avg'
25.3589 	EXP 	window1: blendMode = 'avg'
25.3764 	EXP 	window1: blendMode = 'avg'
25.3925 	EXP 	window1: blendMode = 'avg'
25.4092 	EXP 	window1: blendMode = 'avg'
25.4256 	EXP 	window1: blendMode = 'avg'
25.4407 	EXP 	window1: blendMode = 'avg'
25.4576 	EXP 	window1: blendMode = 'avg'
25.4757 	EXP 	window1: blendMode = 'avg'
25.4924 	EXP 	window1: blendMode = 'avg'
25.5091 	EXP 	window1: blendMode = 'avg'
25.5256 	EXP 	window1: blendMode = 'avg'
25.5424 	EXP 	window1: blendMode = 'avg'
25.5593 	EXP 	window1: blendMode = 'avg'
25.5759 	EXP 	window1: blendMode = 'avg'
25.5924 	EXP 	window1: blendMode = 'avg'
25.6090 	EXP 	window1: blendMode = 'avg'
25.6255 	EXP 	window1: blendMode = 'avg'
25.6423 	EXP 	window1: blendMode = 'avg'
25.6591 	EXP 	window1: blendMode = 'avg'
25.6756 	EXP 	window1: blendMode = 'avg'
25.6920 	EXP 	window1: blendMode = 'avg'
25.7090 	EXP 	window1: blendMode = 'avg'
25.7256 	EXP 	window1: blendMode = 'avg'
25.7423 	EXP 	window1: blendMode = 'avg'
25.7607 	EXP 	window1: blendMode = 'avg'
25.7758 	EXP 	window1: blendMode = 'avg'
25.7925 	EXP 	window1: blendMode = 'avg'
25.8089 	EXP 	window1: blendMode = 'avg'
25.8257 	EXP 	window1: blendMode = 'avg'
25.8423 	EXP 	window1: blendMode = 'avg'
25.8591 	EXP 	window1: blendMode = 'avg'
25.8755 	EXP 	window1: blendMode = 'avg'
25.8924 	EXP 	window1: blendMode = 'avg'
25.9089 	EXP 	window1: blendMode = 'avg'
25.9256 	EXP 	window1: blendMode = 'avg'
25.9421 	EXP 	window1: blendMode = 'avg'
25.9588 	EXP 	window1: blendMode = 'avg'
25.9757 	EXP 	window1: blendMode = 'avg'
25.9925 	EXP 	window1: blendMode = 'avg'
26.0071 	EXP 	window1: blendMode = 'avg'
26.0244 	EXP 	window1: blendMode = 'avg'
26.0423 	EXP 	window1: blendMode = 'avg'
26.0592 	EXP 	window1: blendMode = 'avg'
26.0757 	EXP 	window1: blendMode = 'avg'
26.0921 	EXP 	window1: blendMode = 'avg'
26.1088 	EXP 	window1: blendMode = 'avg'
26.1253 	EXP 	window1: blendMode = 'avg'
26.1421 	EXP 	window1: blendMode = 'avg'
26.1590 	EXP 	window1: blendMode = 'avg'
26.1755 	EXP 	window1: blendMode = 'avg'
26.1927 	EXP 	window1: blendMode = 'avg'
26.2087 	EXP 	window1: blendMode = 'avg'
26.2254 	EXP 	window1: blendMode = 'avg'
26.2419 	EXP 	window1: blendMode = 'avg'
26.2586 	EXP 	window1: blendMode = 'avg'
26.2753 	EXP 	window1: blendMode = 'avg'
26.2921 	EXP 	window1: blendMode = 'avg'
26.3096 	EXP 	window1: blendMode = 'avg'
26.3254 	EXP 	window1: blendMode = 'avg'
26.3419 	EXP 	window1: blendMode = 'avg'
26.3587 	EXP 	window1: blendMode = 'avg'
26.3754 	EXP 	window1: blendMode = 'avg'
26.3923 	EXP 	window1: blendMode = 'avg'
26.4086 	EXP 	window1: blendMode = 'avg'
26.4256 	EXP 	window1: blendMode = 'avg'
26.4420 	EXP 	window1: blendMode = 'avg'
26.4591 	EXP 	window1: blendMode = 'avg'
26.4753 	EXP 	window1: blendMode = 'avg'
26.4922 	EXP 	window1: blendMode = 'avg'
26.5087 	EXP 	window1: blendMode = 'avg'
26.5254 	EXP 	window1: blendMode = 'avg'
26.5421 	EXP 	window1: blendMode = 'avg'
26.5587 	EXP 	window1: blendMode = 'avg'
26.5754 	EXP 	window1: blendMode = 'avg'
26.5921 	EXP 	window1: blendMode = 'avg'
26.6229 	EXP 	Fixation_cross1: autoDraw = False
26.6395 	EXP 	polygon_2: autoDraw = True
27.1229 	EXP 	polygon_2: autoDraw = False
27.1396 	EXP 	Noise_patch: autoDraw = True
28.1225 	EXP 	Noise_patch: autoDraw = False
28.1250 	EXP 	window1: blendMode = 'avg'
28.1393 	EXP 	Fixation_cross2: autoDraw = True
28.1416 	EXP 	window1: blendMode = 'avg'
28.1585 	EXP 	window1: blendMode = 'avg'
28.1747 	EXP 	window1: blendMode = 'avg'
28.1916 	EXP 	window1: blendMode = 'avg'
28.2063 	EXP 	window1: blendMode = 'avg'
28.2233 	EXP 	window1: blendMode = 'avg'
28.2403 	EXP 	window1: blendMode = 'avg'
28.2581 	EXP 	window1: blendMode = 'avg'
28.2748 	EXP 	window1: blendMode = 'avg'
28.2916 	EXP 	window1: blendMode = 'avg'
28.3082 	EXP 	window1: blendMode = 'avg'
28.3249 	EXP 	window1: blendMode = 'avg'
28.3414 	EXP 	window1: blendMode = 'avg'
28.3723 	EXP 	Fixation_cross2: autoDraw = False
28.3891 	EXP 	polygon: autoDraw = True
28.9264 	DATA 	Keypress: right
29.2267 	DATA 	Keypress: right
29.4775 	DATA 	Keypress: right
30.0098 	DATA 	Keypress: space
30.0111 	EXP 	New trial (rep=0, index=3): {'stimulus_color': [1, 0.2, 0]}
30.0201 	EXP 	window1: recordFrameIntervals = False
30.0205 	EXP 	window1: blendMode = 'avg'
30.0253 	EXP 	polygon_2: autoDraw = False
30.0253 	EXP 	Noise_patch: autoDraw = False
30.0253 	EXP 	polygon: autoDraw = False
30.0253 	EXP 	Fixation_cross1: autoDraw = False
30.0253 	EXP 	Fixation_cross2: autoDraw = False
30.0253 	EXP 	polygon_2: fillColor = '[ 1.   0.2  0. ] (rgb)'
30.0253 	EXP 	polygon_2: lineColor = '[ 1.   0.2  0. ] (rgb)'
30.0253 	EXP 	Noise_patch: image = array([[ 0.11569356, -0.30272567,  0.77464185, ..., -0.2463197 ,
         0.33903928, -0.70853192],
       [-0.30137803,  0.62241563,  0.2915769 , ..., -0.25359607,
         0.80868436,  0.16356881],
       [ 0.16669817,  0.48399011,  0.49898986, ..., -0.06809393,
         0.82435573,  0.98332023],
       ..., 
       [ 0.67222608,  0.02166952,  0.95533267, ..., -0.62287877,
         0.98754186,  0.1011059 ],
       [ 0.0136186 ,  0.94617492, -0.36353102, ...,  0.20916458,
        -0.12071076, -0.15043815],
       [ 0.06573384,  0.78096666, -0.94787299, ...,  0.27240927,
         0.89881094,  0.19164419]])
30.0253 	EXP 	Fixation_cross1: autoDraw = True
30.0260 	EXP 	window1: recordFrameIntervals = False
30.4988 	EXP 	window1: blendMode = 'avg'
30.5048 	EXP 	window1: blendMode = 'avg'
30.5225 	EXP 	window1: blendMode = 'avg'
30.5389 	EXP 	window1: blendMode = 'avg'
30.5557 	EXP 	window1: blendMode = 'avg'
30.5726 	EXP 	window1: blendMode = 'avg'
30.5901 	EXP 	window1: blendMode = 'avg'
30.6070 	EXP 	window1: blendMode = 'avg'
30.6236 	EXP 	window1: blendMode = 'avg'
30.6403 	EXP 	window1: blendMode = 'avg'
30.6571 	EXP 	window1: blendMode = 'avg'
30.6738 	EXP 	window1: blendMode = 'avg'
30.6905 	EXP 	window1: blendMode = 'avg'
30.7071 	EXP 	window1: blendMode = 'avg'
30.7236 	EXP 	window1: blendMode = 'avg'
30.7403 	EXP 	window1: blendMode = 'avg'
30.7573 	EXP 	window1: blendMode = 'avg'
30.7739 	EXP 	window1: blendMode = 'avg'
30.7903 	EXP 	window1: blendMode = 'avg'
30.8072 	EXP 	window1: blendMode = 'avg'
30.8239 	EXP 	window1: blendMode = 'avg'
30.8404 	EXP 	window1: blendMode = 'avg'
30.8573 	EXP 	window1: blendMode = 'avg'
30.8742 	EXP 	window1: blendMode = 'avg'
30.8905 	EXP 	window1: blendMode = 'avg'
30.9068 	EXP 	window1: blendMode = 'avg'
30.9235 	EXP 	window1: blendMode = 'avg'
30.9408 	EXP 	window1: blendMode = 'avg'
30.9570 	EXP 	window1: blendMode = 'avg'
30.9735 	EXP 	window1: blendMode = 'avg'
30.9906 	EXP 	window1: blendMode = 'avg'
31.0075 	EXP 	window1: blendMode = 'avg'
31.0239 	EXP 	window1: blendMode = 'avg'
31.0405 	EXP 	window1: blendMode = 'avg'
31.0575 	EXP 	window1: blendMode = 'avg'
31.0743 	EXP 	window1: blendMode = 'avg'
31.0904 	EXP 	window1: blendMode = 'avg'
31.1071 	EXP 	window1: blendMode = 'avg'
31.1237 	EXP 	window1: blendMode = 'avg'
31.1402 	EXP 	window1: blendMode = 'avg'
31.1566 	EXP 	window1: blendMode = 'avg'
31.1733 	EXP 	window1: blendMode = 'avg'
31.1899 	EXP 	window1: blendMode = 'avg'
31.2067 	EXP 	window1: blendMode = 'avg'
31.2232 	EXP 	window1: blendMode = 'avg'
31.2401 	EXP 	window1: blendMode = 'avg'
31.2574 	EXP 	window1: blendMode = 'avg'
31.2741 	EXP 	window1: blendMode = 'avg'
31.2904 	EXP 	window1: blendMode = 'avg'
31.3070 	EXP 	window1: blendMode = 'avg'
31.3237 	EXP 	window1: blendMode = 'avg'
31.3405 	EXP 	window1: blendMode = 'avg'
31.3575 	EXP 	window1: blendMode = 'avg'
31.3740 	EXP 	window1: blendMode = 'avg'
31.3902 	EXP 	window1: blendMode = 'avg'
31.4068 	EXP 	window1: blendMode = 'avg'
31.4235 	EXP 	window1: blendMode = 'avg'
31.4405 	EXP 	window1: blendMode = 'avg'
31.4557 	EXP 	window1: blendMode = 'avg'
31.4729 	EXP 	window1: blendMode = 'avg'
31.4906 	EXP 	window1: blendMode = 'avg'
31.5072 	EXP 	window1: blendMode = 'avg'
31.5237 	EXP 	window1: blendMode = 'avg'
31.5403 	EXP 	window1: blendMode = 'avg'
31.5572 	EXP 	window1: blendMode = 'avg'
31.5736 	EXP 	window1: blendMode = 'avg'
31.5904 	EXP 	window1: blendMode = 'avg'
31.6070 	EXP 	window1: blendMode = 'avg'
31.6240 	EXP 	window1: blendMode = 'avg'
31.6405 	EXP 	window1: blendMode = 'avg'
31.6572 	EXP 	window1: blendMode = 'avg'
31.6736 	EXP 	window1: blendMode = 'avg'
31.6903 	EXP 	window1: blendMode = 'avg'
31.7072 	EXP 	window1: blendMode = 'avg'
31.7238 	EXP 	window1: blendMode = 'avg'
31.7406 	EXP 	window1: blendMode = 'avg'
31.7574 	EXP 	window1: blendMode = 'avg'
31.7740 	EXP 	window1: blendMode = 'avg'
31.7903 	EXP 	window1: blendMode = 'avg'
31.8070 	EXP 	window1: blendMode = 'avg'
31.8238 	EXP 	window1: blendMode = 'avg'
31.8404 	EXP 	window1: blendMode = 'avg'
31.8571 	EXP 	window1: blendMode = 'avg'
31.8737 	EXP 	window1: blendMode = 'avg'
31.8883 	EXP 	window1: blendMode = 'avg'
31.9054 	EXP 	window1: blendMode = 'avg'
31.9228 	EXP 	window1: blendMode = 'avg'
31.9403 	EXP 	window1: blendMode = 'avg'
31.9572 	EXP 	window1: blendMode = 'avg'
31.9736 	EXP 	window1: blendMode = 'avg'
31.9902 	EXP 	window1: blendMode = 'avg'
32.0211 	EXP 	Fixation_cross1: autoDraw = False
32.0379 	EXP 	polygon_2: autoDraw = True
32.5212 	EXP 	polygon_2: autoDraw = False
32.5378 	EXP 	Noise_patch: autoDraw = True
33.5210 	EXP 	Noise_patch: autoDraw = False
33.5234 	EXP 	window1: blendMode = 'avg'
33.5374 	EXP 	Fixation_cross2: autoDraw = True
33.5398 	EXP 	window1: blendMode = 'avg'
33.5565 	EXP 	window1: blendMode = 'avg'
33.5730 	EXP 	window1: blendMode = 'avg'
33.5895 	EXP 	window1: blendMode = 'avg'
33.6062 	EXP 	window1: blendMode = 'avg'
33.6226 	EXP 	window1: blendMode = 'avg'
33.6398 	EXP 	window1: blendMode = 'avg'
33.6561 	EXP 	window1: blendMode = 'avg'
33.6731 	EXP 	window1: blendMode = 'avg'
33.6895 	EXP 	window1: blendMode = 'avg'
33.7064 	EXP 	window1: blendMode = 'avg'
33.7231 	EXP 	window1: blendMode = 'avg'
33.7395 	EXP 	window1: blendMode = 'avg'
33.7702 	EXP 	Fixation_cross2: autoDraw = False
33.7870 	EXP 	polygon: autoDraw = True
36.0749 	DATA 	Keypress: escape
