5.8166 	WARNING 	User requested fullscreen with size [1536  864], but screen is actually [1920, 1080]. Using actual size
6.6088 	EXP 	Created window1 = Window(allowGUI=False, allowStencil=False, autoLog=True, bitsMode=UNKNOWN, blendMode='avg', color=array([ 0.,  0.,  0.]), colorSpace='rgb', fullscr=UNKNOWN, gamma=None, lms=UNKNOWN, monitor=<psychopy.monitors.calibTools.Monitor object at 0x19253030>, multiSample=False, name='window1', numSamples=2, pos=[0, 0], screen=0, size=array([1920, 1080]), stereo=False, units=u'norm', useFBO=True, useRetina=False, viewOri=0.0, viewPos=None, viewScale=None, waitBlanking=True, winType='pyglet')
6.6089 	EXP 	window1: recordFrameIntervals = False
6.7723 	EXP 	window1: recordFrameIntervals = True
6.9569 	EXP 	window1: recordFrameIntervals = False
7.1795 	EXP 	Created text = TextStim(alignHoriz='center', alignVert='center', antialias=True, autoLog=True, bold=False, color='white', colorSpace='named', contrast=1.0, depth=0.0, flipHoriz=False, flipVert=False, font='Arial', fontFiles=[], height=0.1, italic=False, name='text', opacity=1.0, ori=0, pos=array([ 0.,  0.]), rgb=array([ 255.,  255.,  255.]), text=unicode(...), units=u'norm', win=Window(...), wrapWidth=1)
7.1873 	EXP 	Created polygon_2 = Polygon(autoDraw=False, autoLog=True, closeShape=True, contrast=1.0, depth=0.0, fillColor=array([ 1.,  1.,  1.]), fillColorSpace='rgb', fillRGB=array([ 1.,  1.,  1.]), interpolate=True, lineColor=array([ 1.,  1.,  1.]), lineColorSpace='rgb', lineRGB=array([ 1.,  1.,  1.]), lineWidth=1, name='polygon_2', opacity=1.0, ori=array(0.0), pos=array([ 0.,  0.]), size=array([ 0.5,  0.5]), units=u'norm', vertices=ndarray(...), win=Window(...))
7.1910 	EXP 	Created Noise_patch = ImageStim(autoLog=True, color=array([ 1.,  1.,  1.]), colorSpace='rgb', contrast=1.0, depth=-1.0, flipHoriz=False, flipVert=False, image='sin', interpolate=True, mask='circle', maskParams=None, name='Noise_patch', opacity=1.0, ori=0.0, pos=array([ 0.,  0.]), size=array([ 0.5,  0.5]), texRes=128, units=u'norm', win=Window(...))
7.1967 	EXP 	Created polygon = Polygon(autoDraw=False, autoLog=True, closeShape=True, contrast=1.0, depth=-3.0, fillColor=array([ 1.,  1.,  1.]), fillColorSpace='rgb', fillRGB=array([ 1.,  1.,  1.]), interpolate=True, lineColor=array([ 1.,  1.,  1.]), lineColorSpace='rgb', lineRGB=array([ 1.,  1.,  1.]), lineWidth=1, name='polygon', opacity=1.0, ori=array(0.0), pos=array([ 0.,  0.]), size=array([ 0.5,  0.5]), units=u'norm', vertices=ndarray(...), win=Window(...))
9.6386 	EXP 	Created Fixation_cross1 = TextStim(alignHoriz='center', alignVert='center', antialias=True, autoLog=True, bold=False, color='white', colorSpace='named', contrast=1.0, depth=-8.0, flipHoriz=False, flipVert=False, font='Arial', fontFiles=[], height=0.1, italic=False, name='Fixation_cross1', opacity=1.0, ori=0, pos=array([ 0.,  0.]), rgb=array([ 255.,  255.,  255.]), text=u'+', units=u'norm', win=Window(...), wrapWidth=1)
9.6413 	EXP 	Created Fixation_cross2 = TextStim(alignHoriz='center', alignVert='center', antialias=True, autoLog=True, bold=False, color='white', colorSpace='named', contrast=1.0, depth=-9.0, flipHoriz=False, flipVert=False, font='Arial', fontFiles=[], height=0.1, italic=False, name='Fixation_cross2', opacity=1.0, ori=0, pos=array([ 0.,  0.]), rgb=array([ 255.,  255.,  255.]), text=u'+', units=u'norm', win=Window(...), wrapWidth=1)
9.6470 	EXP 	Created polygon_3 = Polygon(autoDraw=False, autoLog=True, closeShape=True, contrast=1.0, depth=0.0, fillColor=array([ 1.,  1.,  1.]), fillColorSpace='rgb', fillRGB=array([ 1.,  1.,  1.]), interpolate=True, lineColor=array([ 1.,  1.,  1.]), lineColorSpace='rgb', lineRGB=array([ 1.,  1.,  1.]), lineWidth=1, name='polygon_3', opacity=1.0, ori=array(0.0), pos=array([ 0.,  0.]), size=array([ 0.5,  0.5]), units=u'norm', vertices=ndarray(...), win=Window(...))
9.6527 	EXP 	Created polygon_4 = Polygon(autoDraw=False, autoLog=True, closeShape=True, contrast=1.0, depth=-1.0, fillColor=array([ 1.,  1.,  1.]), fillColorSpace='rgb', fillRGB=array([ 1.,  1.,  1.]), interpolate=True, lineColor=array([ 1.,  1.,  1.]), lineColorSpace='rgb', lineRGB=array([ 1.,  1.,  1.]), lineWidth=1, name='polygon_4', opacity=1.0, ori=array(0.0), pos=array([ 0.,  0.]), size=array([ 0.5,  0.5]), units=u'norm', vertices=ndarray(...), win=Window(...))
9.6582 	EXP 	Created polygon_5 = Polygon(autoDraw=False, autoLog=True, closeShape=True, contrast=1.0, depth=0.0, fillColor=array([ 1.,  1.,  1.]), fillColorSpace='rgb', fillRGB=array([ 1.,  1.,  1.]), interpolate=True, lineColor=array([ 1.,  1.,  1.]), lineColorSpace='rgb', lineRGB=array([ 1.,  1.,  1.]), lineWidth=1, name='polygon_5', opacity=1.0, ori=array(0.0), pos=array([ 0.,  0.]), size=array([ 0.5,  0.5]), units=u'norm', vertices=ndarray(...), win=Window(...))
9.6637 	EXP 	Created polygon_6 = Polygon(autoDraw=False, autoLog=True, closeShape=True, contrast=1.0, depth=-1.0, fillColor=array([ 1.,  1.,  1.]), fillColorSpace='rgb', fillRGB=array([ 1.,  1.,  1.]), interpolate=True, lineColor=array([ 1.,  1.,  1.]), lineColorSpace='rgb', lineRGB=array([ 1.,  1.,  1.]), lineWidth=1, name='polygon_6', opacity=1.0, ori=array(0.0), pos=array([ 0.,  0.]), size=array([ 0.5,  0.5]), units=u'norm', vertices=ndarray(...), win=Window(...))
9.6741 	EXP 	Created text_2 = TextStim(alignHoriz='center', alignVert='center', antialias=True, autoLog=True, bold=False, color='white', colorSpace='named', contrast=1.0, depth=0.0, flipHoriz=False, flipVert=False, font='Arial', fontFiles=[], height=0.1, italic=False, name='text_2', opacity=1.0, ori=0, pos=array([ 0.,  0.]), rgb=array([ 255.,  255.,  255.]), text=u'This is the end of the experiment.', units=u'norm', win=Window(...), wrapWidth=1)
9.6769 	EXP 	window1: blendMode = 'avg'
9.6864 	EXP 	text: autoDraw = True
9.6869 	EXP 	window1: blendMode = 'avg'
9.7047 	EXP 	window1: blendMode = 'avg'
9.7234 	EXP 	window1: blendMode = 'avg'
9.7394 	EXP 	window1: blendMode = 'avg'
9.7563 	EXP 	window1: blendMode = 'avg'
9.7751 	EXP 	window1: blendMode = 'avg'
9.7895 	EXP 	window1: blendMode = 'avg'
9.8064 	EXP 	window1: blendMode = 'avg'
9.8228 	EXP 	window1: blendMode = 'avg'
9.8398 	EXP 	window1: blendMode = 'avg'
9.8562 	EXP 	window1: blendMode = 'avg'
9.8727 	EXP 	window1: blendMode = 'avg'
9.8896 	EXP 	window1: blendMode = 'avg'
9.9060 	EXP 	window1: blendMode = 'avg'
9.9228 	EXP 	window1: blendMode = 'avg'
9.9394 	EXP 	window1: blendMode = 'avg'
9.9565 	EXP 	window1: blendMode = 'avg'
9.9728 	EXP 	window1: blendMode = 'avg'
9.9895 	EXP 	window1: blendMode = 'avg'
10.0062 	EXP 	window1: blendMode = 'avg'
10.0231 	EXP 	window1: blendMode = 'avg'
10.0396 	EXP 	window1: blendMode = 'avg'
10.0561 	EXP 	window1: blendMode = 'avg'
10.0729 	EXP 	window1: blendMode = 'avg'
10.0925 	EXP 	window1: blendMode = 'avg'
10.1061 	EXP 	window1: blendMode = 'avg'
10.1228 	EXP 	window1: blendMode = 'avg'
10.1394 	EXP 	window1: blendMode = 'avg'
10.1569 	EXP 	window1: blendMode = 'avg'
10.1727 	EXP 	window1: blendMode = 'avg'
10.1894 	EXP 	window1: blendMode = 'avg'
10.2064 	EXP 	window1: blendMode = 'avg'
10.2227 	EXP 	window1: blendMode = 'avg'
10.2393 	EXP 	window1: blendMode = 'avg'
10.2562 	EXP 	window1: blendMode = 'avg'
10.2735 	EXP 	window1: blendMode = 'avg'
10.2940 	DATA 	Mouse: Left button down, pos=(820,712)
10.2957 	DATA 	Mouse:  Left button up, pos=(820,712)
10.2979 	EXP 	window1: blendMode = 'avg'
10.3066 	EXP 	window1: blendMode = 'avg'
10.3218 	EXP 	window1: blendMode = 'avg'
10.3383 	EXP 	window1: blendMode = 'avg'
10.3547 	EXP 	window1: blendMode = 'avg'
10.3710 	EXP 	window1: blendMode = 'avg'
10.3879 	EXP 	window1: blendMode = 'avg'
10.4052 	EXP 	window1: blendMode = 'avg'
10.4228 	EXP 	window1: blendMode = 'avg'
10.4394 	EXP 	window1: blendMode = 'avg'
10.4563 	EXP 	window1: blendMode = 'avg'
10.4725 	EXP 	window1: blendMode = 'avg'
10.4893 	EXP 	window1: blendMode = 'avg'
10.5059 	EXP 	window1: blendMode = 'avg'
10.5228 	EXP 	window1: blendMode = 'avg'
10.5393 	EXP 	window1: blendMode = 'avg'
10.5559 	EXP 	window1: blendMode = 'avg'
10.5730 	EXP 	window1: blendMode = 'avg'
10.5929 	DATA 	Keypress: space
10.6457 	EXP 	Imported trials_R.xlsx as conditions, 360 conditions, 4 params
10.6471 	EXP 	Created sequence: random, trialTypes=360, nReps=1, seed=None
10.6475 	EXP 	New trial (rep=0, index=0): {'blue': 0.0, 'trial': 82, 'green': 0.37439314164221288, 'red': 1.0}
10.6624 	EXP 	window1: recordFrameIntervals = False
10.6631 	EXP 	window1: blendMode = 'avg'
10.6675 	EXP 	text: autoDraw = False
10.6675 	EXP 	polygon_2: fillColor = '[ 1.  1.  1.] (rgb)'
10.6675 	EXP 	polygon_2: lineColor = '[ 1.  1.  1.] (rgb)'
10.6675 	EXP 	Noise_patch: image = array([[ -1.72527132e-01,   7.62365146e-01,   1.16492542e-01, ...,
          5.98135808e-01,   7.35991288e-01,   5.16480055e-01],
       [  6.43267362e-01,  -3.55292129e-01,  -6.69602863e-02, ...,
          7.48525405e-01,   1.66149680e-01,  -4.17246202e-01],
       [  5.84369264e-01,   6.85769017e-01,  -2.36867673e-01, ...,
         -9.94638643e-01,   3.04388056e-01,   6.31586858e-01],
       ..., 
       [  6.69460502e-02,   7.51381311e-04,  -6.01994328e-01, ...,
          2.84343060e-01,  -3.09429559e-02,  -3.34627949e-01],
       [ -3.39342775e-01,  -4.25166782e-01,   8.20134806e-01, ...,
         -4.13298008e-01,   3.35997396e-01,   6.57752121e-01],
       [  7.61893220e-01,   6.87659178e-01,  -2.90494917e-01, ...,
         -5.48414983e-01,   4.73203748e-01,  -5.82671483e-01]])
10.6675 	EXP 	Fixation_cross1: autoDraw = True
10.6683 	EXP 	window1: recordFrameIntervals = False
11.1460 	EXP 	window1: blendMode = 'avg'
11.1517 	EXP 	window1: blendMode = 'avg'
11.1711 	EXP 	window1: blendMode = 'avg'
11.1878 	EXP 	window1: blendMode = 'avg'
11.2045 	EXP 	window1: blendMode = 'avg'
11.2216 	EXP 	window1: blendMode = 'avg'
11.2384 	EXP 	window1: blendMode = 'avg'
11.2556 	EXP 	window1: blendMode = 'avg'
11.2731 	EXP 	window1: blendMode = 'avg'
11.2880 	EXP 	window1: blendMode = 'avg'
11.3047 	EXP 	window1: blendMode = 'avg'
11.3214 	EXP 	window1: blendMode = 'avg'
11.3381 	EXP 	window1: blendMode = 'avg'
11.3550 	EXP 	window1: blendMode = 'avg'
11.3708 	EXP 	window1: blendMode = 'avg'
11.3875 	EXP 	window1: blendMode = 'avg'
11.4040 	EXP 	window1: blendMode = 'avg'
11.4208 	EXP 	window1: blendMode = 'avg'
11.4375 	EXP 	window1: blendMode = 'avg'
11.4543 	EXP 	window1: blendMode = 'avg'
11.4708 	EXP 	window1: blendMode = 'avg'
11.4874 	EXP 	window1: blendMode = 'avg'
11.5041 	EXP 	window1: blendMode = 'avg'
11.5208 	EXP 	window1: blendMode = 'avg'
11.5374 	EXP 	window1: blendMode = 'avg'
11.5541 	EXP 	window1: blendMode = 'avg'
11.5711 	EXP 	window1: blendMode = 'avg'
11.5882 	EXP 	window1: blendMode = 'avg'
11.6040 	EXP 	window1: blendMode = 'avg'
11.6208 	EXP 	window1: blendMode = 'avg'
11.6374 	EXP 	window1: blendMode = 'avg'
11.6541 	EXP 	window1: blendMode = 'avg'
11.6708 	EXP 	window1: blendMode = 'avg'
11.6874 	EXP 	window1: blendMode = 'avg'
11.7042 	EXP 	window1: blendMode = 'avg'
11.7207 	EXP 	window1: blendMode = 'avg'
11.7373 	EXP 	window1: blendMode = 'avg'
11.7540 	EXP 	window1: blendMode = 'avg'
11.7708 	EXP 	window1: blendMode = 'avg'
11.7874 	EXP 	window1: blendMode = 'avg'
11.8040 	EXP 	window1: blendMode = 'avg'
11.8207 	EXP 	window1: blendMode = 'avg'
11.8375 	EXP 	window1: blendMode = 'avg'
11.8539 	EXP 	window1: blendMode = 'avg'
11.8723 	EXP 	window1: blendMode = 'avg'
11.8876 	EXP 	window1: blendMode = 'avg'
11.9041 	EXP 	window1: blendMode = 'avg'
11.9205 	EXP 	window1: blendMode = 'avg'
11.9373 	EXP 	window1: blendMode = 'avg'
11.9542 	EXP 	window1: blendMode = 'avg'
11.9706 	EXP 	window1: blendMode = 'avg'
11.9874 	EXP 	window1: blendMode = 'avg'
12.0041 	EXP 	window1: blendMode = 'avg'
12.0209 	EXP 	window1: blendMode = 'avg'
12.0371 	EXP 	window1: blendMode = 'avg'
12.0563 	EXP 	window1: blendMode = 'avg'
12.0731 	EXP 	window1: blendMode = 'avg'
12.0901 	EXP 	window1: blendMode = 'avg'
12.1066 	EXP 	window1: blendMode = 'avg'
12.1234 	EXP 	window1: blendMode = 'avg'
12.1401 	EXP 	window1: blendMode = 'avg'
12.1564 	EXP 	window1: blendMode = 'avg'
12.1734 	EXP 	window1: blendMode = 'avg'
12.1899 	EXP 	window1: blendMode = 'avg'
12.2078 	EXP 	window1: blendMode = 'avg'
12.2235 	EXP 	window1: blendMode = 'avg'
12.2400 	EXP 	window1: blendMode = 'avg'
12.2567 	EXP 	window1: blendMode = 'avg'
12.2744 	EXP 	window1: blendMode = 'avg'
12.2900 	EXP 	window1: blendMode = 'avg'
12.3070 	EXP 	window1: blendMode = 'avg'
12.3242 	EXP 	window1: blendMode = 'avg'
12.3398 	EXP 	window1: blendMode = 'avg'
12.3557 	EXP 	window1: blendMode = 'avg'
12.3722 	EXP 	window1: blendMode = 'avg'
12.3891 	EXP 	window1: blendMode = 'avg'
12.4065 	EXP 	window1: blendMode = 'avg'
12.4237 	EXP 	window1: blendMode = 'avg'
12.4400 	EXP 	window1: blendMode = 'avg'
12.4568 	EXP 	window1: blendMode = 'avg'
12.4732 	EXP 	window1: blendMode = 'avg'
12.4896 	EXP 	window1: blendMode = 'avg'
12.5064 	EXP 	window1: blendMode = 'avg'
12.5213 	EXP 	window1: blendMode = 'avg'
12.5391 	EXP 	window1: blendMode = 'avg'
12.5563 	EXP 	window1: blendMode = 'avg'
12.5739 	EXP 	window1: blendMode = 'avg'
12.5902 	EXP 	window1: blendMode = 'avg'
12.6067 	EXP 	window1: blendMode = 'avg'
12.6212 	EXP 	window1: blendMode = 'avg'
12.6542 	EXP 	Fixation_cross1: autoDraw = False
12.6901 	EXP 	polygon_2: autoDraw = True
13.1545 	EXP 	polygon_2: autoDraw = False
13.1740 	EXP 	Noise_patch: autoDraw = True
14.1538 	EXP 	Noise_patch: autoDraw = False
14.1572 	EXP 	window1: blendMode = 'avg'
14.1705 	EXP 	Fixation_cross2: autoDraw = True
14.1728 	EXP 	window1: blendMode = 'avg'
14.1894 	EXP 	window1: blendMode = 'avg'
14.2063 	EXP 	window1: blendMode = 'avg'
14.2228 	EXP 	window1: blendMode = 'avg'
14.2395 	EXP 	window1: blendMode = 'avg'
14.2562 	EXP 	window1: blendMode = 'avg'
14.2732 	EXP 	window1: blendMode = 'avg'
14.2896 	EXP 	window1: blendMode = 'avg'
14.3064 	EXP 	window1: blendMode = 'avg'
14.3232 	EXP 	window1: blendMode = 'avg'
14.3397 	EXP 	window1: blendMode = 'avg'
14.3561 	EXP 	window1: blendMode = 'avg'
14.3728 	EXP 	window1: blendMode = 'avg'
14.4039 	EXP 	Fixation_cross2: autoDraw = False
14.4203 	EXP 	polygon: autoDraw = True
16.7744 	DATA 	Keypress: right
16.9914 	DATA 	Keypress: right
17.1575 	DATA 	Keypress: right
17.5581 	DATA 	Keypress: space
17.5611 	EXP 	New trial (rep=0, index=1): {'blue': 1.0, 'trial': 304, 'green': 0.0, 'red': 0.51439314164221284}
17.5715 	EXP 	window1: recordFrameIntervals = False
17.5718 	EXP 	window1: blendMode = 'avg'
17.5764 	EXP 	polygon_2: autoDraw = False
17.5764 	EXP 	Noise_patch: autoDraw = False
17.5764 	EXP 	polygon: autoDraw = False
17.5764 	EXP 	Fixation_cross1: autoDraw = False
17.5764 	EXP 	Fixation_cross2: autoDraw = False
17.5764 	EXP 	polygon_2: fillColor = '[ 0.51439314  0.51439314  0.51439314] (rgb)'
17.5764 	EXP 	polygon_2: lineColor = '[ 0.51439314  0.51439314  0.51439314] (rgb)'
17.5764 	EXP 	Noise_patch: image = array([[ -1.72527132e-01,   7.62365146e-01,   1.16492542e-01, ...,
          5.98135808e-01,   7.35991288e-01,   5.16480055e-01],
       [  6.43267362e-01,  -3.55292129e-01,  -6.69602863e-02, ...,
          7.48525405e-01,   1.66149680e-01,  -4.17246202e-01],
       [  5.84369264e-01,   6.85769017e-01,  -2.36867673e-01, ...,
         -9.94638643e-01,   3.04388056e-01,   6.31586858e-01],
       ..., 
       [  6.69460502e-02,   7.51381311e-04,  -6.01994328e-01, ...,
          2.84343060e-01,  -3.09429559e-02,  -3.34627949e-01],
       [ -3.39342775e-01,  -4.25166782e-01,   8.20134806e-01, ...,
         -4.13298008e-01,   3.35997396e-01,   6.57752121e-01],
       [  7.61893220e-01,   6.87659178e-01,  -2.90494917e-01, ...,
         -5.48414983e-01,   4.73203748e-01,  -5.82671483e-01]])
17.5764 	EXP 	Fixation_cross1: autoDraw = True
17.5771 	EXP 	window1: recordFrameIntervals = False
18.0551 	EXP 	window1: blendMode = 'avg'
18.0612 	EXP 	window1: blendMode = 'avg'
18.0696 	EXP 	window1: blendMode = 'avg'
18.0861 	EXP 	window1: blendMode = 'avg'
18.1028 	EXP 	window1: blendMode = 'avg'
18.1196 	EXP 	window1: blendMode = 'avg'
18.1363 	EXP 	window1: blendMode = 'avg'
18.1536 	EXP 	window1: blendMode = 'avg'
18.1709 	EXP 	window1: blendMode = 'avg'
18.1882 	EXP 	window1: blendMode = 'avg'
18.2051 	EXP 	window1: blendMode = 'avg'
18.2215 	EXP 	window1: blendMode = 'avg'
18.2382 	EXP 	window1: blendMode = 'avg'
18.2549 	EXP 	window1: blendMode = 'avg'
18.2718 	EXP 	window1: blendMode = 'avg'
18.2882 	EXP 	window1: blendMode = 'avg'
18.3049 	EXP 	window1: blendMode = 'avg'
18.3216 	EXP 	window1: blendMode = 'avg'
18.3385 	EXP 	window1: blendMode = 'avg'
18.3549 	EXP 	window1: blendMode = 'avg'
18.3715 	EXP 	window1: blendMode = 'avg'
18.3887 	EXP 	window1: blendMode = 'avg'
18.4048 	EXP 	window1: blendMode = 'avg'
18.4214 	EXP 	window1: blendMode = 'avg'
18.4384 	EXP 	window1: blendMode = 'avg'
18.4551 	EXP 	window1: blendMode = 'avg'
18.4717 	EXP 	window1: blendMode = 'avg'
18.4883 	EXP 	window1: blendMode = 'avg'
18.5049 	EXP 	window1: blendMode = 'avg'
18.5218 	EXP 	window1: blendMode = 'avg'
18.5380 	EXP 	window1: blendMode = 'avg'
18.5549 	EXP 	window1: blendMode = 'avg'
18.5718 	EXP 	window1: blendMode = 'avg'
18.5887 	EXP 	window1: blendMode = 'avg'
18.6047 	EXP 	window1: blendMode = 'avg'
18.6215 	EXP 	window1: blendMode = 'avg'
18.6386 	EXP 	window1: blendMode = 'avg'
18.6552 	EXP 	window1: blendMode = 'avg'
18.6714 	EXP 	window1: blendMode = 'avg'
18.6882 	EXP 	window1: blendMode = 'avg'
18.7041 	EXP 	window1: blendMode = 'avg'
18.7193 	EXP 	window1: blendMode = 'avg'
18.7355 	EXP 	window1: blendMode = 'avg'
18.7522 	EXP 	window1: blendMode = 'avg'
18.7689 	EXP 	window1: blendMode = 'avg'
18.7852 	EXP 	window1: blendMode = 'avg'
18.8020 	EXP 	window1: blendMode = 'avg'
18.8192 	EXP 	window1: blendMode = 'avg'
18.8360 	EXP 	window1: blendMode = 'avg'
18.8527 	EXP 	window1: blendMode = 'avg'
18.8699 	EXP 	window1: blendMode = 'avg'
18.8880 	EXP 	window1: blendMode = 'avg'
18.9050 	EXP 	window1: blendMode = 'avg'
18.9216 	EXP 	window1: blendMode = 'avg'
18.9381 	EXP 	window1: blendMode = 'avg'
18.9549 	EXP 	window1: blendMode = 'avg'
18.9716 	EXP 	window1: blendMode = 'avg'
18.9880 	EXP 	window1: blendMode = 'avg'
19.0051 	EXP 	window1: blendMode = 'avg'
19.0219 	EXP 	window1: blendMode = 'avg'
19.0381 	EXP 	window1: blendMode = 'avg'
19.0546 	EXP 	window1: blendMode = 'avg'
19.0713 	EXP 	window1: blendMode = 'avg'
19.0885 	EXP 	window1: blendMode = 'avg'
19.1047 	EXP 	window1: blendMode = 'avg'
19.1214 	EXP 	window1: blendMode = 'avg'
19.1381 	EXP 	window1: blendMode = 'avg'
19.1552 	EXP 	window1: blendMode = 'avg'
19.1715 	EXP 	window1: blendMode = 'avg'
19.1879 	EXP 	window1: blendMode = 'avg'
19.2049 	EXP 	window1: blendMode = 'avg'
19.2212 	EXP 	window1: blendMode = 'avg'
19.2379 	EXP 	window1: blendMode = 'avg'
19.2546 	EXP 	window1: blendMode = 'avg'
19.2715 	EXP 	window1: blendMode = 'avg'
19.2880 	EXP 	window1: blendMode = 'avg'
19.3046 	EXP 	window1: blendMode = 'avg'
19.3212 	EXP 	window1: blendMode = 'avg'
19.3384 	EXP 	window1: blendMode = 'avg'
19.3545 	EXP 	window1: blendMode = 'avg'
19.3712 	EXP 	window1: blendMode = 'avg'
19.3882 	EXP 	window1: blendMode = 'avg'
19.4046 	EXP 	window1: blendMode = 'avg'
19.4214 	EXP 	window1: blendMode = 'avg'
19.4378 	EXP 	window1: blendMode = 'avg'
19.4547 	EXP 	window1: blendMode = 'avg'
19.4713 	EXP 	window1: blendMode = 'avg'
19.4878 	EXP 	window1: blendMode = 'avg'
19.5044 	EXP 	window1: blendMode = 'avg'
19.5215 	EXP 	window1: blendMode = 'avg'
19.5378 	EXP 	window1: blendMode = 'avg'
19.5687 	EXP 	Fixation_cross1: autoDraw = False
19.5857 	EXP 	polygon_2: autoDraw = True
20.0687 	EXP 	polygon_2: autoDraw = False
20.0858 	EXP 	Noise_patch: autoDraw = True
21.0683 	EXP 	Noise_patch: autoDraw = False
21.0708 	EXP 	window1: blendMode = 'avg'
21.0854 	EXP 	Fixation_cross2: autoDraw = True
21.0878 	EXP 	window1: blendMode = 'avg'
21.1040 	EXP 	window1: blendMode = 'avg'
21.1210 	EXP 	window1: blendMode = 'avg'
21.1374 	EXP 	window1: blendMode = 'avg'
21.1543 	EXP 	window1: blendMode = 'avg'
21.1705 	EXP 	window1: blendMode = 'avg'
21.1874 	EXP 	window1: blendMode = 'avg'
21.2043 	EXP 	window1: blendMode = 'avg'
21.2205 	EXP 	window1: blendMode = 'avg'
21.2376 	EXP 	window1: blendMode = 'avg'
21.2539 	EXP 	window1: blendMode = 'avg'
21.2712 	EXP 	window1: blendMode = 'avg'
21.2873 	EXP 	window1: blendMode = 'avg'
21.3183 	EXP 	Fixation_cross2: autoDraw = False
21.3354 	EXP 	polygon: autoDraw = True
22.7725 	DATA 	Keypress: left
22.9386 	DATA 	Keypress: left
23.0897 	DATA 	Keypress: left
23.2397 	DATA 	Keypress: left
23.7560 	DATA 	Keypress: space
23.7581 	EXP 	New trial (rep=0, index=2): {'blue': 0.40439314164221285, 'trial': 192, 'green': 1.0, 'red': 0.0}
23.7674 	EXP 	window1: recordFrameIntervals = False
23.7684 	EXP 	window1: blendMode = 'avg'
23.7738 	EXP 	polygon_2: autoDraw = False
23.7738 	EXP 	Noise_patch: autoDraw = False
23.7738 	EXP 	polygon: autoDraw = False
23.7738 	EXP 	Fixation_cross1: autoDraw = False
23.7738 	EXP 	Fixation_cross2: autoDraw = False
23.7738 	EXP 	polygon_2: fillColor = '[ 0.  0.  0.] (rgb)'
23.7738 	EXP 	polygon_2: lineColor = '[ 0.  0.  0.] (rgb)'
23.7738 	EXP 	Noise_patch: image = array([[ -1.72527132e-01,   7.62365146e-01,   1.16492542e-01, ...,
          5.98135808e-01,   7.35991288e-01,   5.16480055e-01],
       [  6.43267362e-01,  -3.55292129e-01,  -6.69602863e-02, ...,
          7.48525405e-01,   1.66149680e-01,  -4.17246202e-01],
       [  5.84369264e-01,   6.85769017e-01,  -2.36867673e-01, ...,
         -9.94638643e-01,   3.04388056e-01,   6.31586858e-01],
       ..., 
       [  6.69460502e-02,   7.51381311e-04,  -6.01994328e-01, ...,
          2.84343060e-01,  -3.09429559e-02,  -3.34627949e-01],
       [ -3.39342775e-01,  -4.25166782e-01,   8.20134806e-01, ...,
         -4.13298008e-01,   3.35997396e-01,   6.57752121e-01],
       [  7.61893220e-01,   6.87659178e-01,  -2.90494917e-01, ...,
         -5.48414983e-01,   4.73203748e-01,  -5.82671483e-01]])
23.7738 	EXP 	Fixation_cross1: autoDraw = True
23.7755 	EXP 	window1: recordFrameIntervals = False
24.2513 	EXP 	window1: blendMode = 'avg'
24.2573 	EXP 	window1: blendMode = 'avg'
24.2677 	EXP 	window1: blendMode = 'avg'
24.2843 	EXP 	window1: blendMode = 'avg'
24.3007 	EXP 	window1: blendMode = 'avg'
24.3178 	EXP 	window1: blendMode = 'avg'
24.3355 	EXP 	window1: blendMode = 'avg'
24.3529 	EXP 	window1: blendMode = 'avg'
24.3698 	EXP 	window1: blendMode = 'avg'
24.3864 	EXP 	window1: blendMode = 'avg'
24.4036 	EXP 	window1: blendMode = 'avg'
24.4196 	EXP 	window1: blendMode = 'avg'
24.4362 	EXP 	window1: blendMode = 'avg'
24.4534 	EXP 	window1: blendMode = 'avg'
24.4695 	EXP 	window1: blendMode = 'avg'
24.4863 	EXP 	window1: blendMode = 'avg'
24.5029 	EXP 	window1: blendMode = 'avg'
24.5199 	EXP 	window1: blendMode = 'avg'
24.5362 	EXP 	window1: blendMode = 'avg'
24.5529 	EXP 	window1: blendMode = 'avg'
24.5697 	EXP 	window1: blendMode = 'avg'
24.5867 	EXP 	window1: blendMode = 'avg'
24.6029 	EXP 	window1: blendMode = 'avg'
24.6197 	EXP 	window1: blendMode = 'avg'
24.6363 	EXP 	window1: blendMode = 'avg'
24.6534 	EXP 	window1: blendMode = 'avg'
24.6695 	EXP 	window1: blendMode = 'avg'
24.6862 	EXP 	window1: blendMode = 'avg'
24.7035 	EXP 	window1: blendMode = 'avg'
24.7196 	EXP 	window1: blendMode = 'avg'
24.7361 	EXP 	window1: blendMode = 'avg'
24.7530 	EXP 	window1: blendMode = 'avg'
24.7699 	EXP 	window1: blendMode = 'avg'
24.7862 	EXP 	window1: blendMode = 'avg'
24.8028 	EXP 	window1: blendMode = 'avg'
24.8197 	EXP 	window1: blendMode = 'avg'
24.8365 	EXP 	window1: blendMode = 'avg'
24.8530 	EXP 	window1: blendMode = 'avg'
24.8696 	EXP 	window1: blendMode = 'avg'
24.8863 	EXP 	window1: blendMode = 'avg'
24.9032 	EXP 	window1: blendMode = 'avg'
24.9195 	EXP 	window1: blendMode = 'avg'
24.9363 	EXP 	window1: blendMode = 'avg'
24.9529 	EXP 	window1: blendMode = 'avg'
24.9695 	EXP 	window1: blendMode = 'avg'
24.9862 	EXP 	window1: blendMode = 'avg'
25.0029 	EXP 	window1: blendMode = 'avg'
25.0197 	EXP 	window1: blendMode = 'avg'
25.0364 	EXP 	window1: blendMode = 'avg'
25.0527 	EXP 	window1: blendMode = 'avg'
25.0695 	EXP 	window1: blendMode = 'avg'
25.0864 	EXP 	window1: blendMode = 'avg'
25.1028 	EXP 	window1: blendMode = 'avg'
25.1194 	EXP 	window1: blendMode = 'avg'
25.1364 	EXP 	window1: blendMode = 'avg'
25.1531 	EXP 	window1: blendMode = 'avg'
25.1695 	EXP 	window1: blendMode = 'avg'
25.1861 	EXP 	window1: blendMode = 'avg'
25.2031 	EXP 	window1: blendMode = 'avg'
25.2194 	EXP 	window1: blendMode = 'avg'
25.2360 	EXP 	window1: blendMode = 'avg'
25.2527 	EXP 	window1: blendMode = 'avg'
25.2697 	EXP 	window1: blendMode = 'avg'
25.2860 	EXP 	window1: blendMode = 'avg'
25.3028 	EXP 	window1: blendMode = 'avg'
25.3196 	EXP 	window1: blendMode = 'avg'
25.3364 	EXP 	window1: blendMode = 'avg'
25.3527 	EXP 	window1: blendMode = 'avg'
25.3695 	EXP 	window1: blendMode = 'avg'
25.3862 	EXP 	window1: blendMode = 'avg'
25.4029 	EXP 	window1: blendMode = 'avg'
25.4193 	EXP 	window1: blendMode = 'avg'
25.4359 	EXP 	window1: blendMode = 'avg'
25.4529 	EXP 	window1: blendMode = 'avg'
25.4698 	EXP 	window1: blendMode = 'avg'
25.4860 	EXP 	window1: blendMode = 'avg'
25.5026 	EXP 	window1: blendMode = 'avg'
25.5196 	EXP 	window1: blendMode = 'avg'
25.5360 	EXP 	window1: blendMode = 'avg'
25.5528 	EXP 	window1: blendMode = 'avg'
25.5695 	EXP 	window1: blendMode = 'avg'
25.5864 	EXP 	window1: blendMode = 'avg'
25.6027 	EXP 	window1: blendMode = 'avg'
25.6194 	EXP 	window1: blendMode = 'avg'
25.6360 	EXP 	window1: blendMode = 'avg'
25.6532 	EXP 	window1: blendMode = 'avg'
25.6695 	EXP 	window1: blendMode = 'avg'
25.6859 	EXP 	window1: blendMode = 'avg'
25.7028 	EXP 	window1: blendMode = 'avg'
25.7194 	EXP 	window1: blendMode = 'avg'
25.7358 	EXP 	window1: blendMode = 'avg'
25.7672 	EXP 	Fixation_cross1: autoDraw = False
25.7835 	EXP 	polygon_2: autoDraw = True
26.2671 	EXP 	polygon_2: autoDraw = False
26.2834 	EXP 	Noise_patch: autoDraw = True
27.2667 	EXP 	Noise_patch: autoDraw = False
27.2691 	EXP 	window1: blendMode = 'avg'
27.2831 	EXP 	Fixation_cross2: autoDraw = True
27.2854 	EXP 	window1: blendMode = 'avg'
27.3021 	EXP 	window1: blendMode = 'avg'
27.3187 	EXP 	window1: blendMode = 'avg'
27.3360 	EXP 	window1: blendMode = 'avg'
27.3520 	EXP 	window1: blendMode = 'avg'
27.3687 	EXP 	window1: blendMode = 'avg'
27.3855 	EXP 	window1: blendMode = 'avg'
27.4025 	EXP 	window1: blendMode = 'avg'
27.4186 	EXP 	window1: blendMode = 'avg'
27.4353 	EXP 	window1: blendMode = 'avg'
27.4519 	EXP 	window1: blendMode = 'avg'
27.4690 	EXP 	window1: blendMode = 'avg'
27.4854 	EXP 	window1: blendMode = 'avg'
27.5169 	EXP 	Fixation_cross2: autoDraw = False
27.5330 	EXP 	polygon: autoDraw = True
28.1558 	DATA 	Keypress: right
28.1711 	DATA 	Keypress: right
28.3234 	DATA 	Keypress: right
28.8202 	DATA 	Keypress: space
28.8221 	EXP 	New trial (rep=0, index=3): {'blue': 0.7243931416422128, 'trial': 129, 'green': 1.0, 'red': 0.0}
28.8312 	EXP 	window1: recordFrameIntervals = False
28.8324 	EXP 	window1: blendMode = 'avg'
28.8381 	EXP 	polygon_2: autoDraw = False
28.8381 	EXP 	Noise_patch: autoDraw = False
28.8381 	EXP 	polygon: autoDraw = False
28.8381 	EXP 	Fixation_cross1: autoDraw = False
28.8381 	EXP 	Fixation_cross2: autoDraw = False
28.8381 	EXP 	polygon_2: fillColor = '[ 0.  0.  0.] (rgb)'
28.8381 	EXP 	polygon_2: lineColor = '[ 0.  0.  0.] (rgb)'
28.8381 	EXP 	Noise_patch: image = array([[ -1.72527132e-01,   7.62365146e-01,   1.16492542e-01, ...,
          5.98135808e-01,   7.35991288e-01,   5.16480055e-01],
       [  6.43267362e-01,  -3.55292129e-01,  -6.69602863e-02, ...,
          7.48525405e-01,   1.66149680e-01,  -4.17246202e-01],
       [  5.84369264e-01,   6.85769017e-01,  -2.36867673e-01, ...,
         -9.94638643e-01,   3.04388056e-01,   6.31586858e-01],
       ..., 
       [  6.69460502e-02,   7.51381311e-04,  -6.01994328e-01, ...,
          2.84343060e-01,  -3.09429559e-02,  -3.34627949e-01],
       [ -3.39342775e-01,  -4.25166782e-01,   8.20134806e-01, ...,
         -4.13298008e-01,   3.35997396e-01,   6.57752121e-01],
       [  7.61893220e-01,   6.87659178e-01,  -2.90494917e-01, ...,
         -5.48414983e-01,   4.73203748e-01,  -5.82671483e-01]])
28.8381 	EXP 	Fixation_cross1: autoDraw = True
28.8397 	EXP 	window1: recordFrameIntervals = False
29.3140 	EXP 	window1: blendMode = 'avg'
29.3202 	EXP 	window1: blendMode = 'avg'
29.3332 	EXP 	window1: blendMode = 'avg'
29.3494 	EXP 	window1: blendMode = 'avg'
29.3673 	EXP 	window1: blendMode = 'avg'
29.3856 	EXP 	window1: blendMode = 'avg'
29.4018 	EXP 	window1: blendMode = 'avg'
29.4181 	EXP 	window1: blendMode = 'avg'
29.4349 	EXP 	window1: blendMode = 'avg'
29.4515 	EXP 	window1: blendMode = 'avg'
29.4681 	EXP 	window1: blendMode = 'avg'
29.4847 	EXP 	window1: blendMode = 'avg'
29.5014 	EXP 	window1: blendMode = 'avg'
29.5184 	EXP 	window1: blendMode = 'avg'
29.5348 	EXP 	window1: blendMode = 'avg'
29.5514 	EXP 	window1: blendMode = 'avg'
29.5681 	EXP 	window1: blendMode = 'avg'
29.5852 	EXP 	window1: blendMode = 'avg'
29.6013 	EXP 	window1: blendMode = 'avg'
29.6183 	EXP 	window1: blendMode = 'avg'
29.6349 	EXP 	window1: blendMode = 'avg'
29.6517 	EXP 	window1: blendMode = 'avg'
29.6682 	EXP 	window1: blendMode = 'avg'
29.6849 	EXP 	window1: blendMode = 'avg'
29.7015 	EXP 	window1: blendMode = 'avg'
29.7181 	EXP 	window1: blendMode = 'avg'
29.7347 	EXP 	window1: blendMode = 'avg'
29.7494 	EXP 	window1: blendMode = 'avg'
29.7655 	EXP 	window1: blendMode = 'avg'
29.7820 	EXP 	window1: blendMode = 'avg'
29.7986 	EXP 	window1: blendMode = 'avg'
29.8152 	EXP 	window1: blendMode = 'avg'
29.8321 	EXP 	window1: blendMode = 'avg'
29.8487 	EXP 	window1: blendMode = 'avg'
29.8653 	EXP 	window1: blendMode = 'avg'
29.8821 	EXP 	window1: blendMode = 'avg'
29.8988 	EXP 	window1: blendMode = 'avg'
29.9152 	EXP 	window1: blendMode = 'avg'
29.9318 	EXP 	window1: blendMode = 'avg'
29.9487 	EXP 	window1: blendMode = 'avg'
29.9657 	EXP 	window1: blendMode = 'avg'
29.9823 	EXP 	window1: blendMode = 'avg'
29.9989 	EXP 	window1: blendMode = 'avg'
30.0157 	EXP 	window1: blendMode = 'avg'
30.0323 	EXP 	window1: blendMode = 'avg'
30.0494 	EXP 	window1: blendMode = 'avg'
30.0674 	EXP 	window1: blendMode = 'avg'
30.0849 	EXP 	window1: blendMode = 'avg'
30.1011 	EXP 	window1: blendMode = 'avg'
30.1179 	EXP 	window1: blendMode = 'avg'
30.1347 	EXP 	window1: blendMode = 'avg'
30.1517 	EXP 	window1: blendMode = 'avg'
30.1680 	EXP 	window1: blendMode = 'avg'
30.1844 	EXP 	window1: blendMode = 'avg'
30.2017 	EXP 	window1: blendMode = 'avg'
30.2178 	EXP 	window1: blendMode = 'avg'
30.2345 	EXP 	window1: blendMode = 'avg'
30.2511 	EXP 	window1: blendMode = 'avg'
30.2681 	EXP 	window1: blendMode = 'avg'
30.2846 	EXP 	window1: blendMode = 'avg'
30.3011 	EXP 	window1: blendMode = 'avg'
30.3179 	EXP 	window1: blendMode = 'avg'
30.3347 	EXP 	window1: blendMode = 'avg'
30.3511 	EXP 	window1: blendMode = 'avg'
30.3678 	EXP 	window1: blendMode = 'avg'
30.3845 	EXP 	window1: blendMode = 'avg'
30.4014 	EXP 	window1: blendMode = 'avg'
30.4179 	EXP 	window1: blendMode = 'avg'
30.4344 	EXP 	window1: blendMode = 'avg'
30.4510 	EXP 	window1: blendMode = 'avg'
30.4683 	EXP 	window1: blendMode = 'avg'
30.4850 	EXP 	window1: blendMode = 'avg'
30.5014 	EXP 	window1: blendMode = 'avg'
30.5180 	EXP 	window1: blendMode = 'avg'
30.5347 	EXP 	window1: blendMode = 'avg'
30.5515 	EXP 	window1: blendMode = 'avg'
30.5682 	EXP 	window1: blendMode = 'avg'
30.5847 	EXP 	window1: blendMode = 'avg'
30.6015 	EXP 	window1: blendMode = 'avg'
30.6182 	EXP 	window1: blendMode = 'avg'
30.6347 	EXP 	window1: blendMode = 'avg'
30.6515 	EXP 	window1: blendMode = 'avg'
30.6679 	EXP 	window1: blendMode = 'avg'
30.6848 	EXP 	window1: blendMode = 'avg'
30.7020 	EXP 	window1: blendMode = 'avg'
30.7180 	EXP 	window1: blendMode = 'avg'
30.7348 	EXP 	window1: blendMode = 'avg'
30.7512 	EXP 	window1: blendMode = 'avg'
30.7683 	EXP 	window1: blendMode = 'avg'
30.7847 	EXP 	window1: blendMode = 'avg'
30.8013 	EXP 	window1: blendMode = 'avg'
30.8323 	EXP 	Fixation_cross1: autoDraw = False
30.8490 	EXP 	polygon_2: autoDraw = True
31.3322 	EXP 	polygon_2: autoDraw = False
31.3488 	EXP 	Noise_patch: autoDraw = True
32.3318 	EXP 	Noise_patch: autoDraw = False
32.3343 	EXP 	window1: blendMode = 'avg'
32.3486 	EXP 	Fixation_cross2: autoDraw = True
32.3510 	EXP 	window1: blendMode = 'avg'
32.3674 	EXP 	window1: blendMode = 'avg'
32.3843 	EXP 	window1: blendMode = 'avg'
32.4009 	EXP 	window1: blendMode = 'avg'
32.4177 	EXP 	window1: blendMode = 'avg'
32.4341 	EXP 	window1: blendMode = 'avg'
32.4508 	EXP 	window1: blendMode = 'avg'
32.4675 	EXP 	window1: blendMode = 'avg'
32.4841 	EXP 	window1: blendMode = 'avg'
32.5007 	EXP 	window1: blendMode = 'avg'
32.5175 	EXP 	window1: blendMode = 'avg'
32.5341 	EXP 	window1: blendMode = 'avg'
32.5508 	EXP 	window1: blendMode = 'avg'
32.5819 	EXP 	Fixation_cross2: autoDraw = False
32.5986 	EXP 	polygon: autoDraw = True
33.6690 	DATA 	Keypress: left
33.8349 	DATA 	Keypress: left
34.5708 	DATA 	Keypress: right
34.7514 	DATA 	Keypress: right
34.9513 	DATA 	Keypress: space
34.9531 	EXP 	New trial (rep=0, index=4): {'blue': 1.0, 'trial': 315, 'green': 0.0, 'red': 0.43439314164221288}
34.9612 	EXP 	window1: recordFrameIntervals = False
34.9622 	EXP 	window1: blendMode = 'avg'
34.9675 	EXP 	polygon_2: autoDraw = False
34.9675 	EXP 	Noise_patch: autoDraw = False
34.9675 	EXP 	polygon: autoDraw = False
34.9675 	EXP 	Fixation_cross1: autoDraw = False
34.9675 	EXP 	Fixation_cross2: autoDraw = False
34.9675 	EXP 	polygon_2: fillColor = '[ 0.43439314  0.43439314  0.43439314] (rgb)'
34.9675 	EXP 	polygon_2: lineColor = '[ 0.43439314  0.43439314  0.43439314] (rgb)'
34.9675 	EXP 	Noise_patch: image = array([[ -1.72527132e-01,   7.62365146e-01,   1.16492542e-01, ...,
          5.98135808e-01,   7.35991288e-01,   5.16480055e-01],
       [  6.43267362e-01,  -3.55292129e-01,  -6.69602863e-02, ...,
          7.48525405e-01,   1.66149680e-01,  -4.17246202e-01],
       [  5.84369264e-01,   6.85769017e-01,  -2.36867673e-01, ...,
         -9.94638643e-01,   3.04388056e-01,   6.31586858e-01],
       ..., 
       [  6.69460502e-02,   7.51381311e-04,  -6.01994328e-01, ...,
          2.84343060e-01,  -3.09429559e-02,  -3.34627949e-01],
       [ -3.39342775e-01,  -4.25166782e-01,   8.20134806e-01, ...,
         -4.13298008e-01,   3.35997396e-01,   6.57752121e-01],
       [  7.61893220e-01,   6.87659178e-01,  -2.90494917e-01, ...,
         -5.48414983e-01,   4.73203748e-01,  -5.82671483e-01]])
34.9675 	EXP 	Fixation_cross1: autoDraw = True
34.9689 	EXP 	window1: recordFrameIntervals = False
35.4440 	EXP 	window1: blendMode = 'avg'
35.4503 	EXP 	window1: blendMode = 'avg'
35.4645 	EXP 	window1: blendMode = 'avg'
35.4807 	EXP 	window1: blendMode = 'avg'
35.4977 	EXP 	window1: blendMode = 'avg'
35.5144 	EXP 	window1: blendMode = 'avg'
35.5328 	EXP 	window1: blendMode = 'avg'
35.5495 	EXP 	window1: blendMode = 'avg'
35.5661 	EXP 	window1: blendMode = 'avg'
35.5831 	EXP 	window1: blendMode = 'avg'
35.5996 	EXP 	window1: blendMode = 'avg'
35.6161 	EXP 	window1: blendMode = 'avg'
35.6329 	EXP 	window1: blendMode = 'avg'
35.6499 	EXP 	window1: blendMode = 'avg'
35.6662 	EXP 	window1: blendMode = 'avg'
35.6827 	EXP 	window1: blendMode = 'avg'
35.6995 	EXP 	window1: blendMode = 'avg'
35.7166 	EXP 	window1: blendMode = 'avg'
35.7327 	EXP 	window1: blendMode = 'avg'
35.7495 	EXP 	window1: blendMode = 'avg'
35.7667 	EXP 	window1: blendMode = 'avg'
35.7827 	EXP 	window1: blendMode = 'avg'
35.7995 	EXP 	window1: blendMode = 'avg'
35.8161 	EXP 	window1: blendMode = 'avg'
35.8330 	EXP 	window1: blendMode = 'avg'
35.8496 	EXP 	window1: blendMode = 'avg'
35.8663 	EXP 	window1: blendMode = 'avg'
35.8829 	EXP 	window1: blendMode = 'avg'
35.8998 	EXP 	window1: blendMode = 'avg'
35.9161 	EXP 	window1: blendMode = 'avg'
35.9327 	EXP 	window1: blendMode = 'avg'
35.9502 	EXP 	window1: blendMode = 'avg'
35.9669 	EXP 	window1: blendMode = 'avg'
35.9829 	EXP 	window1: blendMode = 'avg'
35.9997 	EXP 	window1: blendMode = 'avg'
36.0167 	EXP 	window1: blendMode = 'avg'
36.0327 	EXP 	window1: blendMode = 'avg'
36.0495 	EXP 	window1: blendMode = 'avg'
36.0660 	EXP 	window1: blendMode = 'avg'
36.0830 	EXP 	window1: blendMode = 'avg'
36.0993 	EXP 	window1: blendMode = 'avg'
36.1159 	EXP 	window1: blendMode = 'avg'
36.1327 	EXP 	window1: blendMode = 'avg'
36.1500 	EXP 	window1: blendMode = 'avg'
36.1660 	EXP 	window1: blendMode = 'avg'
36.1826 	EXP 	window1: blendMode = 'avg'
36.1995 	EXP 	window1: blendMode = 'avg'
36.2166 	EXP 	window1: blendMode = 'avg'
36.2327 	EXP 	window1: blendMode = 'avg'
36.2493 	EXP 	window1: blendMode = 'avg'
36.2663 	EXP 	window1: blendMode = 'avg'
36.2825 	EXP 	window1: blendMode = 'avg'
36.2993 	EXP 	window1: blendMode = 'avg'
36.3161 	EXP 	window1: blendMode = 'avg'
36.3328 	EXP 	window1: blendMode = 'avg'
36.3492 	EXP 	window1: blendMode = 'avg'
36.3659 	EXP 	window1: blendMode = 'avg'
36.3826 	EXP 	window1: blendMode = 'avg'
36.3997 	EXP 	window1: blendMode = 'avg'
36.4160 	EXP 	window1: blendMode = 'avg'
36.4325 	EXP 	window1: blendMode = 'avg'
36.4498 	EXP 	window1: blendMode = 'avg'
36.4662 	EXP 	window1: blendMode = 'avg'
36.4826 	EXP 	window1: blendMode = 'avg'
36.4992 	EXP 	window1: blendMode = 'avg'
36.5162 	EXP 	window1: blendMode = 'avg'
36.5324 	EXP 	window1: blendMode = 'avg'
36.5492 	EXP 	window1: blendMode = 'avg'
36.5658 	EXP 	window1: blendMode = 'avg'
36.5828 	EXP 	window1: blendMode = 'avg'
36.5992 	EXP 	window1: blendMode = 'avg'
36.6158 	EXP 	window1: blendMode = 'avg'
36.6326 	EXP 	window1: blendMode = 'avg'
36.6496 	EXP 	window1: blendMode = 'avg'
36.6658 	EXP 	window1: blendMode = 'avg'
36.6824 	EXP 	window1: blendMode = 'avg'
36.6991 	EXP 	window1: blendMode = 'avg'
36.7162 	EXP 	window1: blendMode = 'avg'
36.7325 	EXP 	window1: blendMode = 'avg'
36.7493 	EXP 	window1: blendMode = 'avg'
36.7661 	EXP 	window1: blendMode = 'avg'
36.7824 	EXP 	window1: blendMode = 'avg'
36.7991 	EXP 	window1: blendMode = 'avg'
36.8156 	EXP 	window1: blendMode = 'avg'
36.8328 	EXP 	window1: blendMode = 'avg'
36.8491 	EXP 	window1: blendMode = 'avg'
36.8657 	EXP 	window1: blendMode = 'avg'
36.8823 	EXP 	window1: blendMode = 'avg'
36.8995 	EXP 	window1: blendMode = 'avg'
36.9157 	EXP 	window1: blendMode = 'avg'
36.9324 	EXP 	window1: blendMode = 'avg'
36.9637 	EXP 	Fixation_cross1: autoDraw = False
36.9801 	EXP 	polygon_2: autoDraw = True
37.4637 	EXP 	polygon_2: autoDraw = False
37.4799 	EXP 	Noise_patch: autoDraw = True
38.0662 	DATA 	Keypress: escape
