14.3639 	WARNING 	User requested fullscreen with size [1536  864], but screen is actually [1920, 1080]. Using actual size
16.2078 	EXP 	Created window1 = Window(allowGUI=False, allowStencil=False, autoLog=True, bitsMode=UNKNOWN, blendMode='avg', color=array([ 0.,  0.,  0.]), colorSpace='rgb', fullscr=UNKNOWN, gamma=None, lms=UNKNOWN, monitor=<psychopy.monitors.calibTools.Monitor object at 0x19DFF690>, multiSample=False, name='window1', numSamples=2, pos=[0, 0], screen=0, size=array([1920, 1080]), stereo=False, units=u'norm', useFBO=True, useRetina=False, viewOri=0.0, viewPos=None, viewScale=None, waitBlanking=True, winType='pyglet')
16.2079 	EXP 	window1: recordFrameIntervals = False
16.3724 	EXP 	window1: recordFrameIntervals = True
16.5560 	EXP 	window1: recordFrameIntervals = False
17.2414 	EXP 	Created text = TextStim(alignHoriz='center', alignVert='center', antialias=True, autoLog=True, bold=False, color=u'white', colorSpace='named', contrast=1.0, depth=0.0, flipHoriz=False, flipVert=False, font=u'Arial', fontFiles=[], height=0.1, italic=False, name='text', opacity=1.0, ori=0, pos=array([ 0.,  0.]), rgb=array([ 255.,  255.,  255.]), text=unicode(...), units=u'norm', win=Window(...), wrapWidth=1)
17.2663 	EXP 	Created polygon_2 = Polygon(autoDraw=False, autoLog=True, closeShape=True, contrast=1.0, depth=0.0, fillColor=array([ 1.,  1.,  1.]), fillColorSpace='rgb', fillRGB=array([ 1.,  1.,  1.]), interpolate=True, lineColor=array([ 1.,  1.,  1.]), lineColorSpace='rgb', lineRGB=array([ 1.,  1.,  1.]), lineWidth=1, name='polygon_2', opacity=1.0, ori=array(0.0), pos=array([ 0.,  0.]), size=array([ 0.5,  0.5]), units=u'norm', vertices=ndarray(...), win=Window(...))
17.2772 	EXP 	Created Noise_patch = ImageStim(autoLog=True, color=array([ 1.,  1.,  1.]), colorSpace='rgb', contrast=1.0, depth=-1.0, flipHoriz=False, flipVert=False, image='sin', interpolate=True, mask='circle', maskParams=None, name='Noise_patch', opacity=1.0, ori=0.0, pos=array([ 0.,  0.]), size=array([ 0.5,  0.5]), texRes=128, units=u'norm', win=Window(...))
17.2967 	EXP 	Created polygon = Polygon(autoDraw=False, autoLog=True, closeShape=True, contrast=1.0, depth=-3.0, fillColor=array([ 1.,  1.,  1.]), fillColorSpace='rgb', fillRGB=array([ 1.,  1.,  1.]), interpolate=True, lineColor=array([ 1.,  1.,  1.]), lineColorSpace='rgb', lineRGB=array([ 1.,  1.,  1.]), lineWidth=1, name='polygon', opacity=1.0, ori=array(0.0), pos=array([ 0.,  0.]), size=array([ 0.5,  0.5]), units=u'norm', vertices=ndarray(...), win=Window(...))
25.1759 	EXP 	Created Fixation_cross1 = TextStim(alignHoriz='center', alignVert='center', antialias=True, autoLog=True, bold=False, color='white', colorSpace='named', contrast=1.0, depth=-8.0, flipHoriz=False, flipVert=False, font='Arial', fontFiles=[], height=0.1, italic=False, name='Fixation_cross1', opacity=1.0, ori=0, pos=array([ 0.,  0.]), rgb=array([ 255.,  255.,  255.]), text=u'+', units=u'norm', win=Window(...), wrapWidth=1)
25.1855 	EXP 	Created Fixation_cross2 = TextStim(alignHoriz='center', alignVert='center', antialias=True, autoLog=True, bold=False, color='white', colorSpace='named', contrast=1.0, depth=-9.0, flipHoriz=False, flipVert=False, font='Arial', fontFiles=[], height=0.1, italic=False, name='Fixation_cross2', opacity=1.0, ori=0, pos=array([ 0.,  0.]), rgb=array([ 255.,  255.,  255.]), text=u'+', units=u'norm', win=Window(...), wrapWidth=1)
25.2134 	EXP 	Created text_2 = TextStim(alignHoriz='center', alignVert='center', antialias=True, autoLog=True, bold=False, color='white', colorSpace='named', contrast=1.0, depth=0.0, flipHoriz=False, flipVert=False, font='Arial', fontFiles=[], height=0.1, italic=False, name='text_2', opacity=1.0, ori=0, pos=array([ 0.,  0.]), rgb=array([ 255.,  255.,  255.]), text=u'This is the end of the experiment.', units=u'norm', win=Window(...), wrapWidth=1)
25.2748 	EXP 	window1: blendMode = 'avg'
25.2931 	EXP 	text: autoDraw = True
25.2944 	EXP 	window1: blendMode = 'avg'
25.3031 	EXP 	window1: blendMode = 'avg'
25.3207 	EXP 	window1: blendMode = 'avg'
25.3378 	EXP 	window1: blendMode = 'avg'
25.3541 	EXP 	window1: blendMode = 'avg'
25.3708 	EXP 	window1: blendMode = 'avg'
25.3876 	EXP 	window1: blendMode = 'avg'
25.4041 	EXP 	window1: blendMode = 'avg'
25.4207 	EXP 	window1: blendMode = 'avg'
25.4374 	EXP 	window1: blendMode = 'avg'
25.4543 	EXP 	window1: blendMode = 'avg'
25.4708 	EXP 	window1: blendMode = 'avg'
25.4874 	EXP 	window1: blendMode = 'avg'
25.5040 	EXP 	window1: blendMode = 'avg'
25.5209 	EXP 	window1: blendMode = 'avg'
25.5376 	EXP 	window1: blendMode = 'avg'
25.5540 	EXP 	window1: blendMode = 'avg'
25.5707 	EXP 	window1: blendMode = 'avg'
25.5885 	EXP 	window1: blendMode = 'avg'
25.6038 	EXP 	window1: blendMode = 'avg'
25.6207 	EXP 	window1: blendMode = 'avg'
25.6376 	EXP 	window1: blendMode = 'avg'
25.6542 	EXP 	window1: blendMode = 'avg'
25.6706 	EXP 	window1: blendMode = 'avg'
25.6873 	EXP 	window1: blendMode = 'avg'
25.7042 	EXP 	window1: blendMode = 'avg'
25.7206 	EXP 	window1: blendMode = 'avg'
25.7373 	EXP 	window1: blendMode = 'avg'
25.7540 	EXP 	window1: blendMode = 'avg'
25.7709 	EXP 	window1: blendMode = 'avg'
25.7873 	EXP 	window1: blendMode = 'avg'
25.8040 	EXP 	window1: blendMode = 'avg'
25.8206 	EXP 	window1: blendMode = 'avg'
25.8375 	EXP 	window1: blendMode = 'avg'
25.8539 	EXP 	window1: blendMode = 'avg'
25.8706 	EXP 	window1: blendMode = 'avg'
25.8875 	EXP 	window1: blendMode = 'avg'
25.9037 	EXP 	window1: blendMode = 'avg'
25.9205 	EXP 	window1: blendMode = 'avg'
25.9372 	EXP 	window1: blendMode = 'avg'
25.9542 	EXP 	window1: blendMode = 'avg'
25.9704 	EXP 	window1: blendMode = 'avg'
25.9872 	EXP 	window1: blendMode = 'avg'
26.0039 	EXP 	window1: blendMode = 'avg'
26.0205 	EXP 	window1: blendMode = 'avg'
26.0371 	EXP 	window1: blendMode = 'avg'
26.0539 	EXP 	window1: blendMode = 'avg'
26.0707 	EXP 	window1: blendMode = 'avg'
26.0874 	EXP 	window1: blendMode = 'avg'
26.1044 	EXP 	window1: blendMode = 'avg'
26.1205 	EXP 	window1: blendMode = 'avg'
26.1374 	EXP 	window1: blendMode = 'avg'
26.1539 	EXP 	window1: blendMode = 'avg'
26.1705 	EXP 	window1: blendMode = 'avg'
26.1874 	EXP 	window1: blendMode = 'avg'
26.2041 	EXP 	window1: blendMode = 'avg'
26.2205 	EXP 	window1: blendMode = 'avg'
26.2372 	EXP 	window1: blendMode = 'avg'
26.2538 	EXP 	window1: blendMode = 'avg'
26.2704 	EXP 	window1: blendMode = 'avg'
26.2873 	EXP 	window1: blendMode = 'avg'
26.3038 	EXP 	window1: blendMode = 'avg'
26.3202 	EXP 	window1: blendMode = 'avg'
26.3371 	EXP 	window1: blendMode = 'avg'
26.3536 	EXP 	window1: blendMode = 'avg'
26.3704 	EXP 	window1: blendMode = 'avg'
26.3873 	EXP 	window1: blendMode = 'avg'
26.4039 	EXP 	window1: blendMode = 'avg'
26.4204 	EXP 	window1: blendMode = 'avg'
26.4370 	EXP 	window1: blendMode = 'avg'
26.4539 	EXP 	window1: blendMode = 'avg'
26.4703 	EXP 	window1: blendMode = 'avg'
26.4870 	EXP 	window1: blendMode = 'avg'
26.5038 	EXP 	window1: blendMode = 'avg'
26.5206 	EXP 	window1: blendMode = 'avg'
26.5370 	EXP 	window1: blendMode = 'avg'
26.5536 	EXP 	window1: blendMode = 'avg'
26.5705 	EXP 	window1: blendMode = 'avg'
26.5870 	EXP 	window1: blendMode = 'avg'
26.6038 	EXP 	window1: blendMode = 'avg'
26.6202 	EXP 	window1: blendMode = 'avg'
26.6372 	EXP 	window1: blendMode = 'avg'
26.6536 	EXP 	window1: blendMode = 'avg'
26.6701 	EXP 	window1: blendMode = 'avg'
26.6869 	EXP 	window1: blendMode = 'avg'
26.7043 	EXP 	window1: blendMode = 'avg'
26.7202 	EXP 	window1: blendMode = 'avg'
26.7378 	EXP 	window1: blendMode = 'avg'
26.7535 	EXP 	window1: blendMode = 'avg'
26.7706 	EXP 	window1: blendMode = 'avg'
26.7869 	EXP 	window1: blendMode = 'avg'
26.8037 	EXP 	window1: blendMode = 'avg'
26.8203 	EXP 	window1: blendMode = 'avg'
26.8368 	EXP 	window1: blendMode = 'avg'
26.8537 	EXP 	window1: blendMode = 'avg'
26.8701 	EXP 	window1: blendMode = 'avg'
26.8870 	EXP 	window1: blendMode = 'avg'
26.9035 	EXP 	window1: blendMode = 'avg'
26.9203 	EXP 	window1: blendMode = 'avg'
26.9369 	EXP 	window1: blendMode = 'avg'
26.9536 	EXP 	window1: blendMode = 'avg'
26.9704 	EXP 	window1: blendMode = 'avg'
26.9867 	EXP 	window1: blendMode = 'avg'
27.0036 	EXP 	window1: blendMode = 'avg'
27.0202 	EXP 	window1: blendMode = 'avg'
27.0368 	EXP 	window1: blendMode = 'avg'
27.0536 	EXP 	window1: blendMode = 'avg'
27.0703 	EXP 	window1: blendMode = 'avg'
27.0872 	EXP 	window1: blendMode = 'avg'
27.1037 	EXP 	window1: blendMode = 'avg'
27.1201 	EXP 	window1: blendMode = 'avg'
27.1367 	EXP 	window1: blendMode = 'avg'
27.1537 	EXP 	window1: blendMode = 'avg'
27.1700 	EXP 	window1: blendMode = 'avg'
27.1870 	EXP 	window1: blendMode = 'avg'
27.2036 	EXP 	window1: blendMode = 'avg'
27.2201 	EXP 	window1: blendMode = 'avg'
27.2369 	EXP 	window1: blendMode = 'avg'
27.2538 	EXP 	window1: blendMode = 'avg'
27.2701 	EXP 	window1: blendMode = 'avg'
27.2870 	EXP 	window1: blendMode = 'avg'
27.3036 	EXP 	window1: blendMode = 'avg'
27.3200 	EXP 	window1: blendMode = 'avg'
27.3367 	EXP 	window1: blendMode = 'avg'
27.3534 	EXP 	window1: blendMode = 'avg'
27.3701 	EXP 	window1: blendMode = 'avg'
27.3870 	EXP 	window1: blendMode = 'avg'
27.4034 	EXP 	window1: blendMode = 'avg'
27.4201 	EXP 	window1: blendMode = 'avg'
27.4365 	EXP 	window1: blendMode = 'avg'
27.4536 	EXP 	window1: blendMode = 'avg'
27.4700 	EXP 	window1: blendMode = 'avg'
27.4866 	EXP 	window1: blendMode = 'avg'
27.5036 	EXP 	window1: blendMode = 'avg'
27.5200 	EXP 	window1: blendMode = 'avg'
27.5365 	EXP 	window1: blendMode = 'avg'
27.5532 	EXP 	window1: blendMode = 'avg'
27.5704 	EXP 	window1: blendMode = 'avg'
27.5865 	EXP 	window1: blendMode = 'avg'
27.6033 	EXP 	window1: blendMode = 'avg'
27.6200 	EXP 	window1: blendMode = 'avg'
27.6365 	EXP 	window1: blendMode = 'avg'
27.6535 	EXP 	window1: blendMode = 'avg'
27.6700 	EXP 	window1: blendMode = 'avg'
27.6866 	EXP 	window1: blendMode = 'avg'
27.7037 	EXP 	window1: blendMode = 'avg'
27.7201 	EXP 	window1: blendMode = 'avg'
27.7364 	EXP 	window1: blendMode = 'avg'
27.7533 	EXP 	window1: blendMode = 'avg'
27.7698 	EXP 	window1: blendMode = 'avg'
27.7866 	EXP 	window1: blendMode = 'avg'
27.8031 	EXP 	window1: blendMode = 'avg'
27.8201 	EXP 	window1: blendMode = 'avg'
27.8368 	EXP 	window1: blendMode = 'avg'
27.8536 	EXP 	window1: blendMode = 'avg'
27.8699 	EXP 	window1: blendMode = 'avg'
27.8868 	EXP 	window1: blendMode = 'avg'
27.9031 	EXP 	window1: blendMode = 'avg'
27.9199 	EXP 	window1: blendMode = 'avg'
27.9366 	EXP 	window1: blendMode = 'avg'
27.9534 	EXP 	window1: blendMode = 'avg'
27.9698 	EXP 	window1: blendMode = 'avg'
27.9866 	EXP 	window1: blendMode = 'avg'
28.0033 	EXP 	window1: blendMode = 'avg'
28.0198 	EXP 	window1: blendMode = 'avg'
28.0365 	EXP 	window1: blendMode = 'avg'
28.0531 	EXP 	window1: blendMode = 'avg'
28.0700 	EXP 	window1: blendMode = 'avg'
28.0866 	EXP 	window1: blendMode = 'avg'
28.1030 	EXP 	window1: blendMode = 'avg'
28.1205 	EXP 	window1: blendMode = 'avg'
28.1368 	EXP 	window1: blendMode = 'avg'
28.1537 	EXP 	window1: blendMode = 'avg'
28.1707 	EXP 	window1: blendMode = 'avg'
28.1868 	EXP 	window1: blendMode = 'avg'
28.2036 	EXP 	window1: blendMode = 'avg'
28.2204 	EXP 	window1: blendMode = 'avg'
28.2370 	EXP 	window1: blendMode = 'avg'
28.2534 	EXP 	window1: blendMode = 'avg'
28.2701 	EXP 	window1: blendMode = 'avg'
28.2868 	EXP 	window1: blendMode = 'avg'
28.3036 	EXP 	window1: blendMode = 'avg'
28.3203 	EXP 	window1: blendMode = 'avg'
28.3369 	EXP 	window1: blendMode = 'avg'
28.3534 	EXP 	window1: blendMode = 'avg'
28.3701 	EXP 	window1: blendMode = 'avg'
28.3868 	EXP 	window1: blendMode = 'avg'
28.4035 	EXP 	window1: blendMode = 'avg'
28.4203 	EXP 	window1: blendMode = 'avg'
28.4368 	EXP 	window1: blendMode = 'avg'
28.4536 	EXP 	window1: blendMode = 'avg'
28.4701 	EXP 	window1: blendMode = 'avg'
28.4881 	EXP 	window1: blendMode = 'avg'
28.5030 	EXP 	window1: blendMode = 'avg'
28.5198 	EXP 	window1: blendMode = 'avg'
28.5364 	EXP 	window1: blendMode = 'avg'
28.5531 	EXP 	window1: blendMode = 'avg'
28.5696 	EXP 	window1: blendMode = 'avg'
28.5862 	EXP 	window1: blendMode = 'avg'
28.6029 	EXP 	window1: blendMode = 'avg'
28.6197 	EXP 	window1: blendMode = 'avg'
28.6363 	EXP 	window1: blendMode = 'avg'
28.6530 	EXP 	window1: blendMode = 'avg'
28.6697 	EXP 	window1: blendMode = 'avg'
28.6863 	EXP 	window1: blendMode = 'avg'
28.7029 	EXP 	window1: blendMode = 'avg'
28.7197 	EXP 	window1: blendMode = 'avg'
28.7364 	EXP 	window1: blendMode = 'avg'
28.7531 	EXP 	window1: blendMode = 'avg'
28.7695 	EXP 	window1: blendMode = 'avg'
28.7863 	EXP 	window1: blendMode = 'avg'
28.8028 	EXP 	window1: blendMode = 'avg'
28.8202 	EXP 	window1: blendMode = 'avg'
28.8363 	EXP 	window1: blendMode = 'avg'
28.8531 	EXP 	window1: blendMode = 'avg'
28.8695 	EXP 	window1: blendMode = 'avg'
28.8863 	EXP 	window1: blendMode = 'avg'
28.9029 	EXP 	window1: blendMode = 'avg'
28.9197 	EXP 	window1: blendMode = 'avg'
28.9365 	EXP 	window1: blendMode = 'avg'
28.9529 	EXP 	window1: blendMode = 'avg'
28.9694 	EXP 	window1: blendMode = 'avg'
28.9863 	EXP 	window1: blendMode = 'avg'
29.0028 	EXP 	window1: blendMode = 'avg'
29.0195 	EXP 	window1: blendMode = 'avg'
29.0362 	EXP 	window1: blendMode = 'avg'
29.0528 	EXP 	window1: blendMode = 'avg'
29.0696 	EXP 	window1: blendMode = 'avg'
29.0862 	EXP 	window1: blendMode = 'avg'
29.1029 	EXP 	window1: blendMode = 'avg'
29.1196 	EXP 	window1: blendMode = 'avg'
29.1361 	EXP 	window1: blendMode = 'avg'
29.1528 	EXP 	window1: blendMode = 'avg'
29.1694 	EXP 	window1: blendMode = 'avg'
29.1861 	EXP 	window1: blendMode = 'avg'
29.2027 	EXP 	window1: blendMode = 'avg'
29.2196 	EXP 	window1: blendMode = 'avg'
29.2360 	EXP 	window1: blendMode = 'avg'
29.2528 	EXP 	window1: blendMode = 'avg'
29.2693 	EXP 	window1: blendMode = 'avg'
29.2860 	EXP 	window1: blendMode = 'avg'
29.3026 	EXP 	window1: blendMode = 'avg'
29.3195 	EXP 	window1: blendMode = 'avg'
29.3361 	EXP 	window1: blendMode = 'avg'
29.3527 	EXP 	window1: blendMode = 'avg'
29.3694 	EXP 	window1: blendMode = 'avg'
29.3862 	EXP 	window1: blendMode = 'avg'
29.4027 	EXP 	window1: blendMode = 'avg'
29.4193 	EXP 	window1: blendMode = 'avg'
29.4359 	EXP 	window1: blendMode = 'avg'
29.4528 	EXP 	window1: blendMode = 'avg'
29.4693 	EXP 	window1: blendMode = 'avg'
29.4863 	EXP 	window1: blendMode = 'avg'
29.5027 	EXP 	window1: blendMode = 'avg'
29.5194 	EXP 	window1: blendMode = 'avg'
29.5359 	EXP 	window1: blendMode = 'avg'
29.5527 	EXP 	window1: blendMode = 'avg'
29.5692 	EXP 	window1: blendMode = 'avg'
29.5859 	EXP 	window1: blendMode = 'avg'
29.6026 	EXP 	window1: blendMode = 'avg'
29.6192 	EXP 	window1: blendMode = 'avg'
29.6361 	EXP 	window1: blendMode = 'avg'
29.6568 	DATA 	Mouse: Left button down, pos=(653,793)
29.6584 	EXP 	window1: blendMode = 'avg'
29.6695 	EXP 	window1: blendMode = 'avg'
29.6861 	EXP 	window1: blendMode = 'avg'
29.7026 	EXP 	window1: blendMode = 'avg'
29.7193 	EXP 	window1: blendMode = 'avg'
29.7360 	EXP 	window1: blendMode = 'avg'
29.7523 	DATA 	Mouse:  Left button up, pos=(653,793)
29.7537 	EXP 	window1: blendMode = 'avg'
29.7697 	EXP 	window1: blendMode = 'avg'
29.7859 	EXP 	window1: blendMode = 'avg'
29.8025 	EXP 	window1: blendMode = 'avg'
29.8189 	DATA 	Mouse: Left button down, pos=(653,793)
29.8200 	EXP 	window1: blendMode = 'avg'
29.8361 	EXP 	window1: blendMode = 'avg'
29.8528 	EXP 	window1: blendMode = 'avg'
29.8693 	EXP 	window1: blendMode = 'avg'
29.8858 	EXP 	window1: blendMode = 'avg'
29.9025 	EXP 	window1: blendMode = 'avg'
29.9194 	EXP 	window1: blendMode = 'avg'
29.9361 	EXP 	window1: blendMode = 'avg'
29.9528 	EXP 	window1: blendMode = 'avg'
29.9696 	EXP 	window1: blendMode = 'avg'
29.9858 	EXP 	window1: blendMode = 'avg'
30.0019 	DATA 	Mouse:  Left button up, pos=(653,793)
30.0035 	EXP 	window1: blendMode = 'avg'
30.0192 	EXP 	window1: blendMode = 'avg'
30.0360 	EXP 	window1: blendMode = 'avg'
30.0526 	EXP 	window1: blendMode = 'avg'
30.0691 	EXP 	window1: blendMode = 'avg'
30.0859 	EXP 	window1: blendMode = 'avg'
30.1024 	EXP 	window1: blendMode = 'avg'
30.1194 	EXP 	window1: blendMode = 'avg'
30.1359 	EXP 	window1: blendMode = 'avg'
30.1526 	EXP 	window1: blendMode = 'avg'
30.1692 	EXP 	window1: blendMode = 'avg'
30.1858 	EXP 	window1: blendMode = 'avg'
30.2024 	EXP 	window1: blendMode = 'avg'
30.2190 	EXP 	window1: blendMode = 'avg'
30.2359 	EXP 	window1: blendMode = 'avg'
30.2526 	EXP 	window1: blendMode = 'avg'
30.2692 	EXP 	window1: blendMode = 'avg'
30.2857 	EXP 	window1: blendMode = 'avg'
30.3024 	EXP 	window1: blendMode = 'avg'
30.3192 	EXP 	window1: blendMode = 'avg'
30.3358 	EXP 	window1: blendMode = 'avg'
30.3525 	EXP 	window1: blendMode = 'avg'
30.3691 	EXP 	window1: blendMode = 'avg'
30.3856 	EXP 	window1: blendMode = 'avg'
30.4024 	EXP 	window1: blendMode = 'avg'
30.4195 	EXP 	window1: blendMode = 'avg'
30.4361 	EXP 	window1: blendMode = 'avg'
30.4529 	EXP 	window1: blendMode = 'avg'
30.4695 	EXP 	window1: blendMode = 'avg'
30.4861 	EXP 	window1: blendMode = 'avg'
30.5028 	EXP 	window1: blendMode = 'avg'
30.5203 	EXP 	window1: blendMode = 'avg'
30.5365 	EXP 	window1: blendMode = 'avg'
30.5530 	EXP 	window1: blendMode = 'avg'
30.5691 	EXP 	window1: blendMode = 'avg'
30.5859 	EXP 	window1: blendMode = 'avg'
30.6023 	EXP 	window1: blendMode = 'avg'
30.6190 	EXP 	window1: blendMode = 'avg'
30.6357 	EXP 	window1: blendMode = 'avg'
30.6524 	EXP 	window1: blendMode = 'avg'
30.6692 	EXP 	window1: blendMode = 'avg'
30.6855 	EXP 	window1: blendMode = 'avg'
30.7023 	EXP 	window1: blendMode = 'avg'
30.7189 	EXP 	window1: blendMode = 'avg'
30.7356 	EXP 	window1: blendMode = 'avg'
30.7522 	EXP 	window1: blendMode = 'avg'
30.7693 	EXP 	window1: blendMode = 'avg'
30.7855 	EXP 	window1: blendMode = 'avg'
30.8023 	EXP 	window1: blendMode = 'avg'
30.8189 	EXP 	window1: blendMode = 'avg'
30.8356 	EXP 	window1: blendMode = 'avg'
30.8523 	EXP 	window1: blendMode = 'avg'
30.8689 	EXP 	window1: blendMode = 'avg'
30.8855 	EXP 	window1: blendMode = 'avg'
30.9022 	EXP 	window1: blendMode = 'avg'
30.9190 	EXP 	window1: blendMode = 'avg'
30.9355 	EXP 	window1: blendMode = 'avg'
30.9523 	EXP 	window1: blendMode = 'avg'
30.9690 	EXP 	window1: blendMode = 'avg'
30.9856 	EXP 	window1: blendMode = 'avg'
31.0022 	EXP 	window1: blendMode = 'avg'
31.0189 	EXP 	window1: blendMode = 'avg'
31.0354 	EXP 	window1: blendMode = 'avg'
31.0522 	EXP 	window1: blendMode = 'avg'
31.0688 	EXP 	window1: blendMode = 'avg'
31.0857 	EXP 	window1: blendMode = 'avg'
31.1022 	EXP 	window1: blendMode = 'avg'
31.1190 	EXP 	window1: blendMode = 'avg'
31.1355 	EXP 	window1: blendMode = 'avg'
31.1522 	EXP 	window1: blendMode = 'avg'
31.1688 	EXP 	window1: blendMode = 'avg'
31.1854 	EXP 	window1: blendMode = 'avg'
31.2020 	EXP 	window1: blendMode = 'avg'
31.2186 	EXP 	window1: blendMode = 'avg'
31.2355 	EXP 	window1: blendMode = 'avg'
31.2528 	EXP 	window1: blendMode = 'avg'
31.2694 	EXP 	window1: blendMode = 'avg'
31.2861 	EXP 	window1: blendMode = 'avg'
31.3025 	EXP 	window1: blendMode = 'avg'
31.3195 	EXP 	window1: blendMode = 'avg'
31.3363 	EXP 	window1: blendMode = 'avg'
31.3525 	EXP 	window1: blendMode = 'avg'
31.3692 	EXP 	window1: blendMode = 'avg'
31.3862 	EXP 	window1: blendMode = 'avg'
31.4044 	EXP 	window1: blendMode = 'avg'
31.4191 	EXP 	window1: blendMode = 'avg'
31.4359 	EXP 	window1: blendMode = 'avg'
31.4520 	EXP 	window1: blendMode = 'avg'
31.4687 	EXP 	window1: blendMode = 'avg'
31.4853 	EXP 	window1: blendMode = 'avg'
31.5019 	EXP 	window1: blendMode = 'avg'
31.5188 	EXP 	window1: blendMode = 'avg'
31.5355 	EXP 	window1: blendMode = 'avg'
31.5520 	EXP 	window1: blendMode = 'avg'
31.5687 	EXP 	window1: blendMode = 'avg'
31.5856 	EXP 	window1: blendMode = 'avg'
31.6019 	EXP 	window1: blendMode = 'avg'
31.6186 	EXP 	window1: blendMode = 'avg'
31.6353 	EXP 	window1: blendMode = 'avg'
31.6519 	EXP 	window1: blendMode = 'avg'
31.6688 	EXP 	window1: blendMode = 'avg'
31.6857 	EXP 	window1: blendMode = 'avg'
31.7019 	EXP 	window1: blendMode = 'avg'
31.7186 	EXP 	window1: blendMode = 'avg'
31.7354 	EXP 	window1: blendMode = 'avg'
31.7520 	EXP 	window1: blendMode = 'avg'
31.7688 	EXP 	window1: blendMode = 'avg'
31.7854 	EXP 	window1: blendMode = 'avg'
31.8020 	EXP 	window1: blendMode = 'avg'
31.8187 	EXP 	window1: blendMode = 'avg'
31.8354 	EXP 	window1: blendMode = 'avg'
31.8521 	EXP 	window1: blendMode = 'avg'
31.8692 	EXP 	window1: blendMode = 'avg'
31.8852 	EXP 	window1: blendMode = 'avg'
31.9019 	EXP 	window1: blendMode = 'avg'
31.9185 	EXP 	window1: blendMode = 'avg'
31.9354 	EXP 	window1: blendMode = 'avg'
31.9521 	EXP 	window1: blendMode = 'avg'
31.9686 	EXP 	window1: blendMode = 'avg'
31.9852 	EXP 	window1: blendMode = 'avg'
32.0018 	EXP 	window1: blendMode = 'avg'
32.0185 	EXP 	window1: blendMode = 'avg'
32.0352 	EXP 	window1: blendMode = 'avg'
32.0519 	EXP 	window1: blendMode = 'avg'
32.0686 	EXP 	window1: blendMode = 'avg'
32.0852 	EXP 	window1: blendMode = 'avg'
32.1018 	EXP 	window1: blendMode = 'avg'
32.1184 	EXP 	window1: blendMode = 'avg'
32.1352 	EXP 	window1: blendMode = 'avg'
32.1518 	EXP 	window1: blendMode = 'avg'
32.1686 	EXP 	window1: blendMode = 'avg'
32.1853 	EXP 	window1: blendMode = 'avg'
32.2018 	EXP 	window1: blendMode = 'avg'
32.2186 	EXP 	window1: blendMode = 'avg'
32.2356 	EXP 	window1: blendMode = 'avg'
32.2519 	EXP 	window1: blendMode = 'avg'
32.2687 	EXP 	window1: blendMode = 'avg'
32.2851 	EXP 	window1: blendMode = 'avg'
32.3020 	EXP 	window1: blendMode = 'avg'
32.3186 	EXP 	window1: blendMode = 'avg'
32.3353 	EXP 	window1: blendMode = 'avg'
32.3519 	EXP 	window1: blendMode = 'avg'
32.3686 	EXP 	window1: blendMode = 'avg'
32.3850 	EXP 	window1: blendMode = 'avg'
32.4017 	EXP 	window1: blendMode = 'avg'
32.4186 	EXP 	window1: blendMode = 'avg'
32.4353 	EXP 	window1: blendMode = 'avg'
32.4520 	EXP 	window1: blendMode = 'avg'
32.4686 	EXP 	window1: blendMode = 'avg'
32.4853 	EXP 	window1: blendMode = 'avg'
32.5017 	EXP 	window1: blendMode = 'avg'
32.5186 	EXP 	window1: blendMode = 'avg'
32.5352 	EXP 	window1: blendMode = 'avg'
32.5518 	EXP 	window1: blendMode = 'avg'
32.5686 	EXP 	window1: blendMode = 'avg'
32.5855 	EXP 	window1: blendMode = 'avg'
32.6016 	EXP 	window1: blendMode = 'avg'
32.6186 	EXP 	window1: blendMode = 'avg'
32.6351 	EXP 	window1: blendMode = 'avg'
32.6519 	EXP 	window1: blendMode = 'avg'
32.6685 	EXP 	window1: blendMode = 'avg'
32.6852 	EXP 	window1: blendMode = 'avg'
32.7016 	EXP 	window1: blendMode = 'avg'
32.7185 	EXP 	window1: blendMode = 'avg'
32.7351 	EXP 	window1: blendMode = 'avg'
32.7518 	EXP 	window1: blendMode = 'avg'
32.7686 	EXP 	window1: blendMode = 'avg'
32.7854 	EXP 	window1: blendMode = 'avg'
32.8017 	EXP 	window1: blendMode = 'avg'
32.8185 	EXP 	window1: blendMode = 'avg'
32.8352 	EXP 	window1: blendMode = 'avg'
32.8518 	EXP 	window1: blendMode = 'avg'
32.8684 	EXP 	window1: blendMode = 'avg'
32.8850 	EXP 	window1: blendMode = 'avg'
32.9017 	EXP 	window1: blendMode = 'avg'
32.9185 	EXP 	window1: blendMode = 'avg'
32.9350 	EXP 	window1: blendMode = 'avg'
32.9516 	EXP 	window1: blendMode = 'avg'
32.9684 	EXP 	window1: blendMode = 'avg'
32.9851 	EXP 	window1: blendMode = 'avg'
33.0019 	EXP 	window1: blendMode = 'avg'
33.0184 	EXP 	window1: blendMode = 'avg'
33.0350 	EXP 	window1: blendMode = 'avg'
33.0517 	EXP 	window1: blendMode = 'avg'
33.0683 	EXP 	window1: blendMode = 'avg'
33.0850 	EXP 	window1: blendMode = 'avg'
33.1017 	EXP 	window1: blendMode = 'avg'
33.1184 	EXP 	window1: blendMode = 'avg'
33.1352 	EXP 	window1: blendMode = 'avg'
33.1517 	EXP 	window1: blendMode = 'avg'
33.1684 	EXP 	window1: blendMode = 'avg'
33.1850 	EXP 	window1: blendMode = 'avg'
33.2017 	EXP 	window1: blendMode = 'avg'
33.2183 	EXP 	window1: blendMode = 'avg'
33.2349 	EXP 	window1: blendMode = 'avg'
33.2515 	EXP 	window1: blendMode = 'avg'
33.2683 	EXP 	window1: blendMode = 'avg'
33.2852 	EXP 	window1: blendMode = 'avg'
33.3015 	EXP 	window1: blendMode = 'avg'
33.3183 	EXP 	window1: blendMode = 'avg'
33.3353 	EXP 	window1: blendMode = 'avg'
33.3515 	EXP 	window1: blendMode = 'avg'
33.3683 	EXP 	window1: blendMode = 'avg'
33.3850 	EXP 	window1: blendMode = 'avg'
33.4015 	EXP 	window1: blendMode = 'avg'
33.4182 	EXP 	window1: blendMode = 'avg'
33.4349 	EXP 	window1: blendMode = 'avg'
33.4515 	EXP 	window1: blendMode = 'avg'
33.4682 	EXP 	window1: blendMode = 'avg'
33.4849 	EXP 	window1: blendMode = 'avg'
33.5016 	EXP 	window1: blendMode = 'avg'
33.5182 	EXP 	window1: blendMode = 'avg'
33.5349 	EXP 	window1: blendMode = 'avg'
33.5515 	EXP 	window1: blendMode = 'avg'
33.5682 	EXP 	window1: blendMode = 'avg'
33.5848 	EXP 	window1: blendMode = 'avg'
33.6016 	EXP 	window1: blendMode = 'avg'
33.6181 	EXP 	window1: blendMode = 'avg'
33.6348 	EXP 	window1: blendMode = 'avg'
33.6515 	EXP 	window1: blendMode = 'avg'
33.6682 	EXP 	window1: blendMode = 'avg'
33.6848 	EXP 	window1: blendMode = 'avg'
33.7015 	EXP 	window1: blendMode = 'avg'
33.7181 	EXP 	window1: blendMode = 'avg'
33.7350 	EXP 	window1: blendMode = 'avg'
33.7515 	EXP 	window1: blendMode = 'avg'
33.7682 	EXP 	window1: blendMode = 'avg'
33.7846 	EXP 	window1: blendMode = 'avg'
33.8014 	EXP 	window1: blendMode = 'avg'
33.8182 	EXP 	window1: blendMode = 'avg'
33.8350 	EXP 	window1: blendMode = 'avg'
33.8512 	EXP 	window1: blendMode = 'avg'
33.8679 	EXP 	window1: blendMode = 'avg'
33.8847 	EXP 	window1: blendMode = 'avg'
33.9014 	EXP 	window1: blendMode = 'avg'
33.9182 	EXP 	window1: blendMode = 'avg'
33.9347 	EXP 	window1: blendMode = 'avg'
33.9513 	EXP 	window1: blendMode = 'avg'
33.9684 	EXP 	window1: blendMode = 'avg'
33.9847 	EXP 	window1: blendMode = 'avg'
34.0015 	EXP 	window1: blendMode = 'avg'
34.0180 	EXP 	window1: blendMode = 'avg'
34.0347 	EXP 	window1: blendMode = 'avg'
34.0512 	EXP 	window1: blendMode = 'avg'
34.0681 	EXP 	window1: blendMode = 'avg'
34.0846 	EXP 	window1: blendMode = 'avg'
34.1012 	EXP 	window1: blendMode = 'avg'
34.1178 	EXP 	window1: blendMode = 'avg'
34.1348 	EXP 	window1: blendMode = 'avg'
34.1513 	EXP 	window1: blendMode = 'avg'
34.1680 	EXP 	window1: blendMode = 'avg'
34.1847 	EXP 	window1: blendMode = 'avg'
34.2014 	EXP 	window1: blendMode = 'avg'
34.2180 	EXP 	window1: blendMode = 'avg'
34.2347 	EXP 	window1: blendMode = 'avg'
34.2513 	EXP 	window1: blendMode = 'avg'
34.2680 	EXP 	window1: blendMode = 'avg'
34.2847 	EXP 	window1: blendMode = 'avg'
34.3014 	EXP 	window1: blendMode = 'avg'
34.3180 	EXP 	window1: blendMode = 'avg'
34.3347 	EXP 	window1: blendMode = 'avg'
34.3513 	EXP 	window1: blendMode = 'avg'
34.3682 	EXP 	window1: blendMode = 'avg'
34.3846 	EXP 	window1: blendMode = 'avg'
34.4014 	EXP 	window1: blendMode = 'avg'
34.4180 	EXP 	window1: blendMode = 'avg'
34.4348 	EXP 	window1: blendMode = 'avg'
34.4515 	EXP 	window1: blendMode = 'avg'
34.4679 	EXP 	window1: blendMode = 'avg'
34.4846 	EXP 	window1: blendMode = 'avg'
34.5013 	EXP 	window1: blendMode = 'avg'
34.5179 	EXP 	window1: blendMode = 'avg'
34.5346 	EXP 	window1: blendMode = 'avg'
34.5512 	EXP 	window1: blendMode = 'avg'
34.5679 	EXP 	window1: blendMode = 'avg'
34.5846 	EXP 	window1: blendMode = 'avg'
34.6013 	EXP 	window1: blendMode = 'avg'
34.6179 	EXP 	window1: blendMode = 'avg'
34.6346 	EXP 	window1: blendMode = 'avg'
34.6512 	EXP 	window1: blendMode = 'avg'
34.6679 	EXP 	window1: blendMode = 'avg'
34.6845 	EXP 	window1: blendMode = 'avg'
34.7014 	EXP 	window1: blendMode = 'avg'
34.7178 	EXP 	window1: blendMode = 'avg'
34.7345 	EXP 	window1: blendMode = 'avg'
34.7513 	EXP 	window1: blendMode = 'avg'
34.7677 	EXP 	window1: blendMode = 'avg'
34.7844 	EXP 	window1: blendMode = 'avg'
34.8011 	EXP 	window1: blendMode = 'avg'
34.8177 	EXP 	window1: blendMode = 'avg'
34.8344 	EXP 	window1: blendMode = 'avg'
34.8510 	EXP 	window1: blendMode = 'avg'
34.8678 	EXP 	window1: blendMode = 'avg'
34.8846 	EXP 	window1: blendMode = 'avg'
34.9009 	EXP 	window1: blendMode = 'avg'
34.9177 	EXP 	window1: blendMode = 'avg'
34.9344 	EXP 	window1: blendMode = 'avg'
34.9511 	EXP 	window1: blendMode = 'avg'
34.9678 	EXP 	window1: blendMode = 'avg'
34.9847 	EXP 	window1: blendMode = 'avg'
35.0010 	EXP 	window1: blendMode = 'avg'
35.0177 	EXP 	window1: blendMode = 'avg'
35.0345 	EXP 	window1: blendMode = 'avg'
35.0510 	EXP 	window1: blendMode = 'avg'
35.0678 	EXP 	window1: blendMode = 'avg'
35.0844 	EXP 	window1: blendMode = 'avg'
35.1012 	EXP 	window1: blendMode = 'avg'
35.1177 	EXP 	window1: blendMode = 'avg'
35.1345 	EXP 	window1: blendMode = 'avg'
35.1510 	EXP 	window1: blendMode = 'avg'
35.1677 	EXP 	window1: blendMode = 'avg'
35.1844 	EXP 	window1: blendMode = 'avg'
35.2011 	EXP 	window1: blendMode = 'avg'
35.2177 	EXP 	window1: blendMode = 'avg'
35.2344 	EXP 	window1: blendMode = 'avg'
35.2510 	EXP 	window1: blendMode = 'avg'
35.2677 	EXP 	window1: blendMode = 'avg'
35.2844 	EXP 	window1: blendMode = 'avg'
35.3010 	EXP 	window1: blendMode = 'avg'
35.3176 	EXP 	window1: blendMode = 'avg'
35.3344 	EXP 	window1: blendMode = 'avg'
35.3510 	EXP 	window1: blendMode = 'avg'
35.3676 	EXP 	window1: blendMode = 'avg'
35.3844 	EXP 	window1: blendMode = 'avg'
35.4010 	EXP 	window1: blendMode = 'avg'
35.4177 	EXP 	window1: blendMode = 'avg'
35.4343 	EXP 	window1: blendMode = 'avg'
35.4510 	EXP 	window1: blendMode = 'avg'
35.4676 	EXP 	window1: blendMode = 'avg'
35.4843 	EXP 	window1: blendMode = 'avg'
35.5010 	EXP 	window1: blendMode = 'avg'
35.5176 	EXP 	window1: blendMode = 'avg'
35.5345 	EXP 	window1: blendMode = 'avg'
35.5509 	EXP 	window1: blendMode = 'avg'
35.5675 	EXP 	window1: blendMode = 'avg'
35.5843 	EXP 	window1: blendMode = 'avg'
35.6010 	EXP 	window1: blendMode = 'avg'
35.6175 	EXP 	window1: blendMode = 'avg'
35.6343 	EXP 	window1: blendMode = 'avg'
35.6509 	EXP 	window1: blendMode = 'avg'
35.6675 	EXP 	window1: blendMode = 'avg'
35.6843 	EXP 	window1: blendMode = 'avg'
35.7009 	EXP 	window1: blendMode = 'avg'
35.7175 	EXP 	window1: blendMode = 'avg'
35.7342 	EXP 	window1: blendMode = 'avg'
35.7508 	EXP 	window1: blendMode = 'avg'
35.7675 	EXP 	window1: blendMode = 'avg'
35.7842 	EXP 	window1: blendMode = 'avg'
35.8009 	EXP 	window1: blendMode = 'avg'
35.8175 	EXP 	window1: blendMode = 'avg'
35.8343 	EXP 	window1: blendMode = 'avg'
35.8508 	EXP 	window1: blendMode = 'avg'
35.8674 	EXP 	window1: blendMode = 'avg'
35.8840 	EXP 	window1: blendMode = 'avg'
35.9010 	EXP 	window1: blendMode = 'avg'
35.9175 	EXP 	window1: blendMode = 'avg'
35.9341 	EXP 	window1: blendMode = 'avg'
35.9509 	EXP 	window1: blendMode = 'avg'
35.9674 	EXP 	window1: blendMode = 'avg'
35.9842 	EXP 	window1: blendMode = 'avg'
36.0009 	EXP 	window1: blendMode = 'avg'
36.0175 	EXP 	window1: blendMode = 'avg'
36.0341 	EXP 	window1: blendMode = 'avg'
36.0507 	EXP 	window1: blendMode = 'avg'
36.0676 	EXP 	window1: blendMode = 'avg'
36.0843 	EXP 	window1: blendMode = 'avg'
36.1008 	EXP 	window1: blendMode = 'avg'
36.1174 	EXP 	window1: blendMode = 'avg'
36.1339 	EXP 	window1: blendMode = 'avg'
36.1506 	EXP 	window1: blendMode = 'avg'
36.1673 	EXP 	window1: blendMode = 'avg'
36.1841 	EXP 	window1: blendMode = 'avg'
36.2007 	EXP 	window1: blendMode = 'avg'
36.2173 	EXP 	window1: blendMode = 'avg'
36.2340 	EXP 	window1: blendMode = 'avg'
36.2507 	EXP 	window1: blendMode = 'avg'
36.2673 	EXP 	window1: blendMode = 'avg'
36.2841 	EXP 	window1: blendMode = 'avg'
36.3008 	EXP 	window1: blendMode = 'avg'
36.3173 	EXP 	window1: blendMode = 'avg'
36.3341 	EXP 	window1: blendMode = 'avg'
36.3507 	EXP 	window1: blendMode = 'avg'
36.3673 	EXP 	window1: blendMode = 'avg'
36.3840 	EXP 	window1: blendMode = 'avg'
36.4007 	EXP 	window1: blendMode = 'avg'
36.4173 	EXP 	window1: blendMode = 'avg'
36.4340 	EXP 	window1: blendMode = 'avg'
36.4506 	EXP 	window1: blendMode = 'avg'
36.4673 	EXP 	window1: blendMode = 'avg'
36.4839 	EXP 	window1: blendMode = 'avg'
36.5007 	EXP 	window1: blendMode = 'avg'
36.5173 	EXP 	window1: blendMode = 'avg'
36.5340 	EXP 	window1: blendMode = 'avg'
36.5506 	EXP 	window1: blendMode = 'avg'
36.5673 	EXP 	window1: blendMode = 'avg'
36.5839 	EXP 	window1: blendMode = 'avg'
36.6007 	EXP 	window1: blendMode = 'avg'
36.6172 	EXP 	window1: blendMode = 'avg'
36.6342 	EXP 	window1: blendMode = 'avg'
36.6505 	EXP 	window1: blendMode = 'avg'
36.6672 	EXP 	window1: blendMode = 'avg'
36.6840 	EXP 	window1: blendMode = 'avg'
36.7007 	EXP 	window1: blendMode = 'avg'
36.7172 	EXP 	window1: blendMode = 'avg'
36.7338 	EXP 	window1: blendMode = 'avg'
36.7505 	EXP 	window1: blendMode = 'avg'
36.7672 	EXP 	window1: blendMode = 'avg'
36.7838 	EXP 	window1: blendMode = 'avg'
36.8005 	EXP 	window1: blendMode = 'avg'
36.8171 	EXP 	window1: blendMode = 'avg'
36.8338 	EXP 	window1: blendMode = 'avg'
36.8505 	EXP 	window1: blendMode = 'avg'
36.8672 	EXP 	window1: blendMode = 'avg'
36.8839 	EXP 	window1: blendMode = 'avg'
36.9005 	EXP 	window1: blendMode = 'avg'
36.9171 	EXP 	window1: blendMode = 'avg'
36.9338 	EXP 	window1: blendMode = 'avg'
36.9505 	EXP 	window1: blendMode = 'avg'
36.9671 	EXP 	window1: blendMode = 'avg'
36.9836 	EXP 	window1: blendMode = 'avg'
37.0003 	EXP 	window1: blendMode = 'avg'
37.0169 	EXP 	window1: blendMode = 'avg'
37.0335 	EXP 	window1: blendMode = 'avg'
37.0502 	EXP 	window1: blendMode = 'avg'
37.0669 	EXP 	window1: blendMode = 'avg'
37.0835 	EXP 	window1: blendMode = 'avg'
37.1004 	EXP 	window1: blendMode = 'avg'
37.1171 	EXP 	window1: blendMode = 'avg'
37.1337 	EXP 	window1: blendMode = 'avg'
37.1504 	EXP 	window1: blendMode = 'avg'
37.1671 	EXP 	window1: blendMode = 'avg'
37.1841 	EXP 	window1: blendMode = 'avg'
37.2004 	EXP 	window1: blendMode = 'avg'
37.2171 	EXP 	window1: blendMode = 'avg'
37.2337 	EXP 	window1: blendMode = 'avg'
37.2504 	EXP 	window1: blendMode = 'avg'
37.2670 	EXP 	window1: blendMode = 'avg'
37.2837 	EXP 	window1: blendMode = 'avg'
37.3004 	EXP 	window1: blendMode = 'avg'
37.3170 	EXP 	window1: blendMode = 'avg'
37.3337 	EXP 	window1: blendMode = 'avg'
37.3504 	EXP 	window1: blendMode = 'avg'
37.3670 	EXP 	window1: blendMode = 'avg'
37.3837 	EXP 	window1: blendMode = 'avg'
37.4004 	EXP 	window1: blendMode = 'avg'
37.4170 	EXP 	window1: blendMode = 'avg'
37.4337 	EXP 	window1: blendMode = 'avg'
37.4504 	EXP 	window1: blendMode = 'avg'
37.4670 	EXP 	window1: blendMode = 'avg'
37.4837 	EXP 	window1: blendMode = 'avg'
37.5003 	EXP 	window1: blendMode = 'avg'
37.5169 	EXP 	window1: blendMode = 'avg'
37.5336 	EXP 	window1: blendMode = 'avg'
37.5503 	EXP 	window1: blendMode = 'avg'
37.5669 	EXP 	window1: blendMode = 'avg'
37.5835 	EXP 	window1: blendMode = 'avg'
37.6002 	EXP 	window1: blendMode = 'avg'
37.6169 	EXP 	window1: blendMode = 'avg'
37.6336 	EXP 	window1: blendMode = 'avg'
37.6503 	EXP 	window1: blendMode = 'avg'
37.6670 	EXP 	window1: blendMode = 'avg'
37.6836 	EXP 	window1: blendMode = 'avg'
37.7003 	EXP 	window1: blendMode = 'avg'
37.7169 	EXP 	window1: blendMode = 'avg'
37.7338 	EXP 	window1: blendMode = 'avg'
37.7503 	EXP 	window1: blendMode = 'avg'
37.7674 	EXP 	window1: blendMode = 'avg'
37.7835 	EXP 	window1: blendMode = 'avg'
37.8002 	EXP 	window1: blendMode = 'avg'
37.8169 	EXP 	window1: blendMode = 'avg'
37.8335 	EXP 	window1: blendMode = 'avg'
37.8502 	EXP 	window1: blendMode = 'avg'
37.8668 	EXP 	window1: blendMode = 'avg'
37.8835 	EXP 	window1: blendMode = 'avg'
37.9002 	EXP 	window1: blendMode = 'avg'
37.9168 	EXP 	window1: blendMode = 'avg'
37.9335 	EXP 	window1: blendMode = 'avg'
37.9502 	EXP 	window1: blendMode = 'avg'
37.9668 	EXP 	window1: blendMode = 'avg'
37.9836 	EXP 	window1: blendMode = 'avg'
38.0002 	EXP 	window1: blendMode = 'avg'
38.0167 	EXP 	window1: blendMode = 'avg'
38.0335 	EXP 	window1: blendMode = 'avg'
38.0501 	EXP 	window1: blendMode = 'avg'
38.0668 	EXP 	window1: blendMode = 'avg'
38.0834 	EXP 	window1: blendMode = 'avg'
38.1000 	EXP 	window1: blendMode = 'avg'
38.1168 	EXP 	window1: blendMode = 'avg'
38.1335 	EXP 	window1: blendMode = 'avg'
38.1501 	EXP 	window1: blendMode = 'avg'
38.1668 	EXP 	window1: blendMode = 'avg'
38.1835 	EXP 	window1: blendMode = 'avg'
38.2002 	EXP 	window1: blendMode = 'avg'
38.2167 	EXP 	window1: blendMode = 'avg'
38.2334 	EXP 	window1: blendMode = 'avg'
38.2502 	EXP 	window1: blendMode = 'avg'
38.2670 	EXP 	window1: blendMode = 'avg'
38.2836 	EXP 	window1: blendMode = 'avg'
38.3001 	EXP 	window1: blendMode = 'avg'
38.3168 	EXP 	window1: blendMode = 'avg'
38.3334 	EXP 	window1: blendMode = 'avg'
38.3501 	EXP 	window1: blendMode = 'avg'
38.3667 	EXP 	window1: blendMode = 'avg'
38.3834 	EXP 	window1: blendMode = 'avg'
38.4002 	EXP 	window1: blendMode = 'avg'
38.4167 	EXP 	window1: blendMode = 'avg'
38.4333 	EXP 	window1: blendMode = 'avg'
38.4500 	EXP 	window1: blendMode = 'avg'
38.4667 	EXP 	window1: blendMode = 'avg'
38.4833 	EXP 	window1: blendMode = 'avg'
38.5000 	EXP 	window1: blendMode = 'avg'
38.5167 	EXP 	window1: blendMode = 'avg'
38.5333 	EXP 	window1: blendMode = 'avg'
38.5500 	EXP 	window1: blendMode = 'avg'
38.5666 	EXP 	window1: blendMode = 'avg'
38.5833 	EXP 	window1: blendMode = 'avg'
38.6001 	EXP 	window1: blendMode = 'avg'
38.6166 	EXP 	window1: blendMode = 'avg'
38.6333 	EXP 	window1: blendMode = 'avg'
38.6499 	EXP 	window1: blendMode = 'avg'
38.6667 	EXP 	window1: blendMode = 'avg'
38.6833 	EXP 	window1: blendMode = 'avg'
38.6999 	EXP 	window1: blendMode = 'avg'
38.7166 	EXP 	window1: blendMode = 'avg'
38.7332 	EXP 	window1: blendMode = 'avg'
38.7499 	EXP 	window1: blendMode = 'avg'
38.7667 	EXP 	window1: blendMode = 'avg'
38.7832 	EXP 	window1: blendMode = 'avg'
38.8000 	EXP 	window1: blendMode = 'avg'
38.8165 	EXP 	window1: blendMode = 'avg'
38.8334 	EXP 	window1: blendMode = 'avg'
38.8498 	EXP 	window1: blendMode = 'avg'
38.8665 	EXP 	window1: blendMode = 'avg'
38.8831 	EXP 	window1: blendMode = 'avg'
38.8999 	EXP 	window1: blendMode = 'avg'
38.9164 	EXP 	window1: blendMode = 'avg'
38.9331 	EXP 	window1: blendMode = 'avg'
38.9498 	EXP 	window1: blendMode = 'avg'
38.9665 	EXP 	window1: blendMode = 'avg'
38.9832 	EXP 	window1: blendMode = 'avg'
38.9999 	EXP 	window1: blendMode = 'avg'
39.0165 	EXP 	window1: blendMode = 'avg'
39.0332 	EXP 	window1: blendMode = 'avg'
39.0497 	EXP 	window1: blendMode = 'avg'
39.0665 	EXP 	window1: blendMode = 'avg'
39.0831 	EXP 	window1: blendMode = 'avg'
39.0998 	EXP 	window1: blendMode = 'avg'
39.1164 	EXP 	window1: blendMode = 'avg'
39.1330 	EXP 	window1: blendMode = 'avg'
39.1497 	EXP 	window1: blendMode = 'avg'
39.1664 	EXP 	window1: blendMode = 'avg'
39.1831 	EXP 	window1: blendMode = 'avg'
39.1998 	EXP 	window1: blendMode = 'avg'
39.2164 	EXP 	window1: blendMode = 'avg'
39.2331 	EXP 	window1: blendMode = 'avg'
39.2498 	EXP 	window1: blendMode = 'avg'
39.2666 	EXP 	window1: blendMode = 'avg'
39.2831 	EXP 	window1: blendMode = 'avg'
39.2998 	EXP 	window1: blendMode = 'avg'
39.3164 	EXP 	window1: blendMode = 'avg'
39.3331 	EXP 	window1: blendMode = 'avg'
39.3497 	EXP 	window1: blendMode = 'avg'
39.3665 	EXP 	window1: blendMode = 'avg'
39.3832 	EXP 	window1: blendMode = 'avg'
39.4002 	EXP 	window1: blendMode = 'avg'
39.4164 	EXP 	window1: blendMode = 'avg'
39.4330 	EXP 	window1: blendMode = 'avg'
39.4497 	EXP 	window1: blendMode = 'avg'
39.4664 	EXP 	window1: blendMode = 'avg'
39.4830 	EXP 	window1: blendMode = 'avg'
39.4997 	EXP 	window1: blendMode = 'avg'
39.5163 	EXP 	window1: blendMode = 'avg'
39.5330 	EXP 	window1: blendMode = 'avg'
39.5497 	EXP 	window1: blendMode = 'avg'
39.5664 	EXP 	window1: blendMode = 'avg'
39.5830 	EXP 	window1: blendMode = 'avg'
39.5997 	EXP 	window1: blendMode = 'avg'
39.6163 	EXP 	window1: blendMode = 'avg'
39.6330 	EXP 	window1: blendMode = 'avg'
39.6497 	EXP 	window1: blendMode = 'avg'
39.6663 	EXP 	window1: blendMode = 'avg'
39.6829 	EXP 	window1: blendMode = 'avg'
39.6997 	EXP 	window1: blendMode = 'avg'
39.7163 	EXP 	window1: blendMode = 'avg'
39.7329 	EXP 	window1: blendMode = 'avg'
39.7496 	EXP 	window1: blendMode = 'avg'
39.7665 	EXP 	window1: blendMode = 'avg'
39.7829 	EXP 	window1: blendMode = 'avg'
39.7996 	EXP 	window1: blendMode = 'avg'
39.8162 	EXP 	window1: blendMode = 'avg'
39.8329 	EXP 	window1: blendMode = 'avg'
39.8496 	EXP 	window1: blendMode = 'avg'
39.8663 	EXP 	window1: blendMode = 'avg'
39.8829 	EXP 	window1: blendMode = 'avg'
39.8996 	EXP 	window1: blendMode = 'avg'
39.9162 	EXP 	window1: blendMode = 'avg'
39.9331 	EXP 	window1: blendMode = 'avg'
39.9496 	EXP 	window1: blendMode = 'avg'
39.9663 	EXP 	window1: blendMode = 'avg'
39.9828 	EXP 	window1: blendMode = 'avg'
39.9996 	EXP 	window1: blendMode = 'avg'
40.0162 	EXP 	window1: blendMode = 'avg'
40.0328 	EXP 	window1: blendMode = 'avg'
40.0495 	EXP 	window1: blendMode = 'avg'
40.0661 	EXP 	window1: blendMode = 'avg'
40.0828 	EXP 	window1: blendMode = 'avg'
40.0995 	EXP 	window1: blendMode = 'avg'
40.1162 	EXP 	window1: blendMode = 'avg'
40.1328 	EXP 	window1: blendMode = 'avg'
40.1495 	EXP 	window1: blendMode = 'avg'
40.1661 	EXP 	window1: blendMode = 'avg'
40.1828 	EXP 	window1: blendMode = 'avg'
40.1995 	EXP 	window1: blendMode = 'avg'
40.2160 	EXP 	window1: blendMode = 'avg'
40.2327 	EXP 	window1: blendMode = 'avg'
40.2494 	EXP 	window1: blendMode = 'avg'
40.2661 	EXP 	window1: blendMode = 'avg'
40.2828 	EXP 	window1: blendMode = 'avg'
40.2994 	EXP 	window1: blendMode = 'avg'
40.3160 	EXP 	window1: blendMode = 'avg'
40.3327 	EXP 	window1: blendMode = 'avg'
40.3494 	EXP 	window1: blendMode = 'avg'
40.3661 	EXP 	window1: blendMode = 'avg'
40.3827 	EXP 	window1: blendMode = 'avg'
40.3995 	EXP 	window1: blendMode = 'avg'
40.4161 	EXP 	window1: blendMode = 'avg'
40.4327 	EXP 	window1: blendMode = 'avg'
40.4495 	EXP 	window1: blendMode = 'avg'
40.4664 	EXP 	window1: blendMode = 'avg'
40.4829 	EXP 	window1: blendMode = 'avg'
40.4994 	EXP 	window1: blendMode = 'avg'
40.5161 	EXP 	window1: blendMode = 'avg'
40.5327 	EXP 	window1: blendMode = 'avg'
40.5494 	EXP 	window1: blendMode = 'avg'
40.5660 	EXP 	window1: blendMode = 'avg'
40.5826 	EXP 	window1: blendMode = 'avg'
40.5993 	EXP 	window1: blendMode = 'avg'
40.6160 	EXP 	window1: blendMode = 'avg'
40.6326 	EXP 	window1: blendMode = 'avg'
40.6494 	EXP 	window1: blendMode = 'avg'
40.6661 	EXP 	window1: blendMode = 'avg'
40.6826 	EXP 	window1: blendMode = 'avg'
40.6993 	EXP 	window1: blendMode = 'avg'
40.7160 	EXP 	window1: blendMode = 'avg'
40.7326 	EXP 	window1: blendMode = 'avg'
40.7494 	EXP 	window1: blendMode = 'avg'
40.7662 	EXP 	window1: blendMode = 'avg'
40.7825 	EXP 	window1: blendMode = 'avg'
40.7993 	EXP 	window1: blendMode = 'avg'
40.8159 	EXP 	window1: blendMode = 'avg'
40.8326 	EXP 	window1: blendMode = 'avg'
40.8493 	EXP 	window1: blendMode = 'avg'
40.8660 	EXP 	window1: blendMode = 'avg'
40.8826 	EXP 	window1: blendMode = 'avg'
40.8993 	EXP 	window1: blendMode = 'avg'
40.9159 	EXP 	window1: blendMode = 'avg'
40.9326 	EXP 	window1: blendMode = 'avg'
40.9494 	EXP 	window1: blendMode = 'avg'
40.9659 	EXP 	window1: blendMode = 'avg'
40.9825 	EXP 	window1: blendMode = 'avg'
40.9993 	EXP 	window1: blendMode = 'avg'
41.0157 	EXP 	window1: blendMode = 'avg'
41.0327 	EXP 	window1: blendMode = 'avg'
41.0492 	EXP 	window1: blendMode = 'avg'
41.0659 	EXP 	window1: blendMode = 'avg'
41.0825 	EXP 	window1: blendMode = 'avg'
41.0993 	EXP 	window1: blendMode = 'avg'
41.1158 	EXP 	window1: blendMode = 'avg'
41.1325 	EXP 	window1: blendMode = 'avg'
41.1492 	EXP 	window1: blendMode = 'avg'
41.1657 	EXP 	window1: blendMode = 'avg'
41.1823 	EXP 	window1: blendMode = 'avg'
41.1991 	EXP 	window1: blendMode = 'avg'
41.2158 	EXP 	window1: blendMode = 'avg'
41.2325 	EXP 	window1: blendMode = 'avg'
41.2492 	EXP 	window1: blendMode = 'avg'
41.2659 	EXP 	window1: blendMode = 'avg'
41.2825 	EXP 	window1: blendMode = 'avg'
41.2992 	EXP 	window1: blendMode = 'avg'
41.3158 	EXP 	window1: blendMode = 'avg'
41.3325 	EXP 	window1: blendMode = 'avg'
41.3492 	EXP 	window1: blendMode = 'avg'
41.3658 	EXP 	window1: blendMode = 'avg'
41.3824 	EXP 	window1: blendMode = 'avg'
41.3991 	EXP 	window1: blendMode = 'avg'
41.4157 	EXP 	window1: blendMode = 'avg'
41.4324 	EXP 	window1: blendMode = 'avg'
41.4491 	EXP 	window1: blendMode = 'avg'
41.4658 	EXP 	window1: blendMode = 'avg'
41.4824 	EXP 	window1: blendMode = 'avg'
41.4991 	EXP 	window1: blendMode = 'avg'
41.5157 	EXP 	window1: blendMode = 'avg'
41.5324 	EXP 	window1: blendMode = 'avg'
41.5491 	EXP 	window1: blendMode = 'avg'
41.5661 	EXP 	window1: blendMode = 'avg'
41.5823 	EXP 	window1: blendMode = 'avg'
41.5988 	EXP 	window1: blendMode = 'avg'
41.6154 	EXP 	window1: blendMode = 'avg'
41.6321 	EXP 	window1: blendMode = 'avg'
41.6487 	EXP 	window1: blendMode = 'avg'
41.6655 	EXP 	window1: blendMode = 'avg'
41.6823 	EXP 	window1: blendMode = 'avg'
41.6988 	EXP 	window1: blendMode = 'avg'
41.7156 	EXP 	window1: blendMode = 'avg'
41.7323 	EXP 	window1: blendMode = 'avg'
41.7490 	EXP 	window1: blendMode = 'avg'
41.7658 	EXP 	window1: blendMode = 'avg'
41.7823 	EXP 	window1: blendMode = 'avg'
41.7990 	EXP 	window1: blendMode = 'avg'
41.8156 	EXP 	window1: blendMode = 'avg'
41.8322 	EXP 	window1: blendMode = 'avg'
41.8488 	EXP 	window1: blendMode = 'avg'
41.8656 	EXP 	window1: blendMode = 'avg'
41.8821 	EXP 	window1: blendMode = 'avg'
41.8989 	EXP 	window1: blendMode = 'avg'
41.9155 	EXP 	window1: blendMode = 'avg'
41.9320 	EXP 	window1: blendMode = 'avg'
41.9489 	EXP 	window1: blendMode = 'avg'
41.9654 	EXP 	window1: blendMode = 'avg'
41.9822 	EXP 	window1: blendMode = 'avg'
41.9989 	EXP 	window1: blendMode = 'avg'
42.0155 	EXP 	window1: blendMode = 'avg'
42.0322 	EXP 	window1: blendMode = 'avg'
42.0489 	EXP 	window1: blendMode = 'avg'
42.0655 	EXP 	window1: blendMode = 'avg'
42.0822 	EXP 	window1: blendMode = 'avg'
42.0988 	EXP 	window1: blendMode = 'avg'
42.1155 	EXP 	window1: blendMode = 'avg'
42.1324 	EXP 	window1: blendMode = 'avg'
42.1488 	EXP 	window1: blendMode = 'avg'
42.1655 	EXP 	window1: blendMode = 'avg'
42.1821 	EXP 	window1: blendMode = 'avg'
42.1989 	EXP 	window1: blendMode = 'avg'
42.2154 	EXP 	window1: blendMode = 'avg'
42.2322 	EXP 	window1: blendMode = 'avg'
42.2489 	EXP 	window1: blendMode = 'avg'
42.2655 	EXP 	window1: blendMode = 'avg'
42.2821 	EXP 	window1: blendMode = 'avg'
42.2988 	EXP 	window1: blendMode = 'avg'
42.3155 	EXP 	window1: blendMode = 'avg'
42.3321 	EXP 	window1: blendMode = 'avg'
42.3488 	EXP 	window1: blendMode = 'avg'
42.3655 	EXP 	window1: blendMode = 'avg'
42.3821 	EXP 	window1: blendMode = 'avg'
42.3989 	EXP 	window1: blendMode = 'avg'
42.4154 	EXP 	window1: blendMode = 'avg'
42.4321 	EXP 	window1: blendMode = 'avg'
42.4488 	EXP 	window1: blendMode = 'avg'
42.4655 	EXP 	window1: blendMode = 'avg'
42.4820 	EXP 	window1: blendMode = 'avg'
42.4987 	EXP 	window1: blendMode = 'avg'
42.5154 	EXP 	window1: blendMode = 'avg'
42.5321 	EXP 	window1: blendMode = 'avg'
42.5488 	EXP 	window1: blendMode = 'avg'
42.5654 	EXP 	window1: blendMode = 'avg'
42.5821 	EXP 	window1: blendMode = 'avg'
42.5987 	EXP 	window1: blendMode = 'avg'
42.6154 	EXP 	window1: blendMode = 'avg'
42.6320 	EXP 	window1: blendMode = 'avg'
42.6487 	EXP 	window1: blendMode = 'avg'
42.6657 	EXP 	window1: blendMode = 'avg'
42.6822 	EXP 	window1: blendMode = 'avg'
42.6987 	EXP 	window1: blendMode = 'avg'
42.7153 	EXP 	window1: blendMode = 'avg'
42.7320 	EXP 	window1: blendMode = 'avg'
42.7487 	EXP 	window1: blendMode = 'avg'
42.7654 	EXP 	window1: blendMode = 'avg'
42.7820 	EXP 	window1: blendMode = 'avg'
42.7987 	EXP 	window1: blendMode = 'avg'
42.8153 	EXP 	window1: blendMode = 'avg'
42.8319 	EXP 	window1: blendMode = 'avg'
42.8486 	EXP 	window1: blendMode = 'avg'
42.8654 	EXP 	window1: blendMode = 'avg'
42.8819 	EXP 	window1: blendMode = 'avg'
42.8986 	EXP 	window1: blendMode = 'avg'
42.9153 	EXP 	window1: blendMode = 'avg'
42.9317 	EXP 	window1: blendMode = 'avg'
42.9485 	EXP 	window1: blendMode = 'avg'
42.9654 	EXP 	window1: blendMode = 'avg'
42.9818 	EXP 	window1: blendMode = 'avg'
42.9985 	EXP 	window1: blendMode = 'avg'
43.0152 	EXP 	window1: blendMode = 'avg'
43.0318 	EXP 	window1: blendMode = 'avg'
43.0485 	EXP 	window1: blendMode = 'avg'
43.0653 	EXP 	window1: blendMode = 'avg'
43.0819 	EXP 	window1: blendMode = 'avg'
43.0986 	EXP 	window1: blendMode = 'avg'
43.1152 	EXP 	window1: blendMode = 'avg'
43.1319 	EXP 	window1: blendMode = 'avg'
43.1485 	EXP 	window1: blendMode = 'avg'
43.1652 	EXP 	window1: blendMode = 'avg'
43.1819 	EXP 	window1: blendMode = 'avg'
43.1985 	EXP 	window1: blendMode = 'avg'
43.2152 	EXP 	window1: blendMode = 'avg'
43.2321 	EXP 	window1: blendMode = 'avg'
43.2483 	EXP 	window1: blendMode = 'avg'
43.2651 	EXP 	window1: blendMode = 'avg'
43.2818 	EXP 	window1: blendMode = 'avg'
43.2983 	EXP 	window1: blendMode = 'avg'
43.3152 	EXP 	window1: blendMode = 'avg'
43.3318 	EXP 	window1: blendMode = 'avg'
43.3485 	EXP 	window1: blendMode = 'avg'
43.3652 	EXP 	window1: blendMode = 'avg'
43.3818 	EXP 	window1: blendMode = 'avg'
43.3985 	EXP 	window1: blendMode = 'avg'
43.4151 	EXP 	window1: blendMode = 'avg'
43.4318 	EXP 	window1: blendMode = 'avg'
43.4484 	EXP 	window1: blendMode = 'avg'
43.4652 	EXP 	window1: blendMode = 'avg'
43.4818 	EXP 	window1: blendMode = 'avg'
43.4985 	EXP 	window1: blendMode = 'avg'
43.5151 	EXP 	window1: blendMode = 'avg'
43.5317 	EXP 	window1: blendMode = 'avg'
43.5484 	EXP 	window1: blendMode = 'avg'
43.5651 	EXP 	window1: blendMode = 'avg'
43.5818 	EXP 	window1: blendMode = 'avg'
43.5984 	EXP 	window1: blendMode = 'avg'
43.6151 	EXP 	window1: blendMode = 'avg'
43.6317 	EXP 	window1: blendMode = 'avg'
43.6483 	EXP 	window1: blendMode = 'avg'
43.6651 	EXP 	window1: blendMode = 'avg'
43.6817 	EXP 	window1: blendMode = 'avg'
43.6984 	EXP 	window1: blendMode = 'avg'
43.7150 	EXP 	window1: blendMode = 'avg'
43.7317 	EXP 	window1: blendMode = 'avg'
43.7483 	EXP 	window1: blendMode = 'avg'
43.7650 	EXP 	window1: blendMode = 'avg'
43.7820 	EXP 	window1: blendMode = 'avg'
43.7984 	EXP 	window1: blendMode = 'avg'
43.8150 	EXP 	window1: blendMode = 'avg'
43.8317 	EXP 	window1: blendMode = 'avg'
43.8483 	EXP 	window1: blendMode = 'avg'
43.8650 	EXP 	window1: blendMode = 'avg'
43.8816 	EXP 	window1: blendMode = 'avg'
43.8983 	EXP 	window1: blendMode = 'avg'
43.9150 	EXP 	window1: blendMode = 'avg'
43.9316 	EXP 	window1: blendMode = 'avg'
43.9481 	EXP 	window1: blendMode = 'avg'
43.9651 	EXP 	window1: blendMode = 'avg'
43.9816 	EXP 	window1: blendMode = 'avg'
43.9984 	EXP 	window1: blendMode = 'avg'
44.0149 	EXP 	window1: blendMode = 'avg'
44.0316 	EXP 	window1: blendMode = 'avg'
44.0483 	EXP 	window1: blendMode = 'avg'
44.0650 	EXP 	window1: blendMode = 'avg'
44.0816 	EXP 	window1: blendMode = 'avg'
44.0983 	EXP 	window1: blendMode = 'avg'
44.1149 	EXP 	window1: blendMode = 'avg'
44.1316 	EXP 	window1: blendMode = 'avg'
44.1483 	EXP 	window1: blendMode = 'avg'
44.1649 	EXP 	window1: blendMode = 'avg'
44.1816 	EXP 	window1: blendMode = 'avg'
44.1982 	EXP 	window1: blendMode = 'avg'
44.2149 	EXP 	window1: blendMode = 'avg'
44.2315 	EXP 	window1: blendMode = 'avg'
44.2482 	EXP 	window1: blendMode = 'avg'
44.2648 	EXP 	window1: blendMode = 'avg'
44.2816 	EXP 	window1: blendMode = 'avg'
44.2982 	EXP 	window1: blendMode = 'avg'
44.3147 	EXP 	window1: blendMode = 'avg'
44.3316 	EXP 	window1: blendMode = 'avg'
44.3481 	EXP 	window1: blendMode = 'avg'
44.3648 	EXP 	window1: blendMode = 'avg'
44.3815 	EXP 	window1: blendMode = 'avg'
44.3981 	EXP 	window1: blendMode = 'avg'
44.4148 	EXP 	window1: blendMode = 'avg'
44.4315 	EXP 	window1: blendMode = 'avg'
44.4481 	EXP 	window1: blendMode = 'avg'
44.4648 	EXP 	window1: blendMode = 'avg'
44.4815 	EXP 	window1: blendMode = 'avg'
44.4981 	EXP 	window1: blendMode = 'avg'
44.5148 	EXP 	window1: blendMode = 'avg'
44.5314 	EXP 	window1: blendMode = 'avg'
44.5482 	EXP 	window1: blendMode = 'avg'
44.5648 	EXP 	window1: blendMode = 'avg'
44.5815 	EXP 	window1: blendMode = 'avg'
44.5981 	EXP 	window1: blendMode = 'avg'
44.6148 	EXP 	window1: blendMode = 'avg'
44.6314 	EXP 	window1: blendMode = 'avg'
44.6481 	EXP 	window1: blendMode = 'avg'
44.6648 	EXP 	window1: blendMode = 'avg'
44.6814 	EXP 	window1: blendMode = 'avg'
44.6981 	EXP 	window1: blendMode = 'avg'
44.7147 	EXP 	window1: blendMode = 'avg'
44.7314 	EXP 	window1: blendMode = 'avg'
44.7481 	EXP 	window1: blendMode = 'avg'
44.7647 	EXP 	window1: blendMode = 'avg'
44.7813 	EXP 	window1: blendMode = 'avg'
44.7981 	EXP 	window1: blendMode = 'avg'
44.8147 	EXP 	window1: blendMode = 'avg'
44.8314 	EXP 	window1: blendMode = 'avg'
44.8479 	EXP 	window1: blendMode = 'avg'
44.8646 	EXP 	window1: blendMode = 'avg'
44.8816 	EXP 	window1: blendMode = 'avg'
44.8980 	EXP 	window1: blendMode = 'avg'
44.9146 	EXP 	window1: blendMode = 'avg'
44.9313 	EXP 	window1: blendMode = 'avg'
44.9480 	EXP 	window1: blendMode = 'avg'
44.9646 	EXP 	window1: blendMode = 'avg'
44.9812 	EXP 	window1: blendMode = 'avg'
44.9980 	EXP 	window1: blendMode = 'avg'
45.0146 	EXP 	window1: blendMode = 'avg'
45.0314 	EXP 	window1: blendMode = 'avg'
45.0479 	EXP 	window1: blendMode = 'avg'
45.0646 	EXP 	window1: blendMode = 'avg'
45.0813 	EXP 	window1: blendMode = 'avg'
45.0979 	EXP 	window1: blendMode = 'avg'
45.1146 	EXP 	window1: blendMode = 'avg'
45.1313 	EXP 	window1: blendMode = 'avg'
45.1479 	EXP 	window1: blendMode = 'avg'
45.1646 	EXP 	window1: blendMode = 'avg'
45.1812 	EXP 	window1: blendMode = 'avg'
45.1980 	EXP 	window1: blendMode = 'avg'
45.2146 	EXP 	window1: blendMode = 'avg'
45.2313 	EXP 	window1: blendMode = 'avg'
45.2479 	EXP 	window1: blendMode = 'avg'
45.2645 	EXP 	window1: blendMode = 'avg'
45.2812 	EXP 	window1: blendMode = 'avg'
45.2978 	EXP 	window1: blendMode = 'avg'
45.3145 	EXP 	window1: blendMode = 'avg'
45.3312 	EXP 	window1: blendMode = 'avg'
45.3479 	EXP 	window1: blendMode = 'avg'
45.3645 	EXP 	window1: blendMode = 'avg'
45.3812 	EXP 	window1: blendMode = 'avg'
45.3979 	EXP 	window1: blendMode = 'avg'
45.4145 	EXP 	window1: blendMode = 'avg'
45.4314 	EXP 	window1: blendMode = 'avg'
45.4478 	EXP 	window1: blendMode = 'avg'
45.4645 	EXP 	window1: blendMode = 'avg'
45.4812 	EXP 	window1: blendMode = 'avg'
45.4978 	EXP 	window1: blendMode = 'avg'
45.5145 	EXP 	window1: blendMode = 'avg'
45.5311 	EXP 	window1: blendMode = 'avg'
45.5478 	EXP 	window1: blendMode = 'avg'
45.5644 	EXP 	window1: blendMode = 'avg'
45.5811 	EXP 	window1: blendMode = 'avg'
45.5978 	EXP 	window1: blendMode = 'avg'
45.6144 	EXP 	window1: blendMode = 'avg'
45.6311 	EXP 	window1: blendMode = 'avg'
45.6478 	EXP 	window1: blendMode = 'avg'
45.6642 	EXP 	window1: blendMode = 'avg'
45.6810 	EXP 	window1: blendMode = 'avg'
45.6977 	EXP 	window1: blendMode = 'avg'
45.7143 	EXP 	window1: blendMode = 'avg'
45.7310 	EXP 	window1: blendMode = 'avg'
45.7476 	EXP 	window1: blendMode = 'avg'
45.7644 	EXP 	window1: blendMode = 'avg'
45.7810 	EXP 	window1: blendMode = 'avg'
45.7977 	EXP 	window1: blendMode = 'avg'
45.8144 	EXP 	window1: blendMode = 'avg'
45.8310 	EXP 	window1: blendMode = 'avg'
45.8477 	EXP 	window1: blendMode = 'avg'
45.8644 	EXP 	window1: blendMode = 'avg'
45.8808 	EXP 	window1: blendMode = 'avg'
45.8975 	EXP 	window1: blendMode = 'avg'
45.9143 	EXP 	window1: blendMode = 'avg'
45.9311 	EXP 	window1: blendMode = 'avg'
45.9477 	EXP 	window1: blendMode = 'avg'
45.9643 	EXP 	window1: blendMode = 'avg'
45.9812 	EXP 	window1: blendMode = 'avg'
45.9976 	EXP 	window1: blendMode = 'avg'
46.0142 	EXP 	window1: blendMode = 'avg'
46.0310 	EXP 	window1: blendMode = 'avg'
46.0477 	EXP 	window1: blendMode = 'avg'
46.0643 	EXP 	window1: blendMode = 'avg'
46.0810 	EXP 	window1: blendMode = 'avg'
46.0977 	EXP 	window1: blendMode = 'avg'
46.1142 	EXP 	window1: blendMode = 'avg'
46.1309 	EXP 	window1: blendMode = 'avg'
46.1476 	EXP 	window1: blendMode = 'avg'
46.1643 	EXP 	window1: blendMode = 'avg'
46.1809 	EXP 	window1: blendMode = 'avg'
46.1976 	EXP 	window1: blendMode = 'avg'
46.2142 	EXP 	window1: blendMode = 'avg'
46.2309 	EXP 	window1: blendMode = 'avg'
46.2476 	EXP 	window1: blendMode = 'avg'
46.2643 	EXP 	window1: blendMode = 'avg'
46.2809 	EXP 	window1: blendMode = 'avg'
46.2976 	EXP 	window1: blendMode = 'avg'
46.3141 	EXP 	window1: blendMode = 'avg'
46.3309 	EXP 	window1: blendMode = 'avg'
46.3475 	EXP 	window1: blendMode = 'avg'
46.3642 	EXP 	window1: blendMode = 'avg'
46.3809 	EXP 	window1: blendMode = 'avg'
46.3975 	EXP 	window1: blendMode = 'avg'
46.4142 	EXP 	window1: blendMode = 'avg'
46.4308 	EXP 	window1: blendMode = 'avg'
46.4475 	EXP 	window1: blendMode = 'avg'
46.4642 	EXP 	window1: blendMode = 'avg'
46.4808 	EXP 	window1: blendMode = 'avg'
46.4975 	EXP 	window1: blendMode = 'avg'
46.5140 	EXP 	window1: blendMode = 'avg'
46.5311 	EXP 	window1: blendMode = 'avg'
46.5475 	EXP 	window1: blendMode = 'avg'
46.5642 	EXP 	window1: blendMode = 'avg'
46.5808 	EXP 	window1: blendMode = 'avg'
46.5975 	EXP 	window1: blendMode = 'avg'
46.6140 	EXP 	window1: blendMode = 'avg'
46.6308 	EXP 	window1: blendMode = 'avg'
46.6474 	EXP 	window1: blendMode = 'avg'
46.6640 	EXP 	window1: blendMode = 'avg'
46.6808 	EXP 	window1: blendMode = 'avg'
46.6974 	EXP 	window1: blendMode = 'avg'
46.7140 	EXP 	window1: blendMode = 'avg'
46.7308 	EXP 	window1: blendMode = 'avg'
46.7474 	EXP 	window1: blendMode = 'avg'
46.7641 	EXP 	window1: blendMode = 'avg'
46.7807 	EXP 	window1: blendMode = 'avg'
46.7974 	EXP 	window1: blendMode = 'avg'
46.8140 	EXP 	window1: blendMode = 'avg'
46.8307 	EXP 	window1: blendMode = 'avg'
46.8472 	EXP 	window1: blendMode = 'avg'
46.8639 	EXP 	window1: blendMode = 'avg'
46.8806 	EXP 	window1: blendMode = 'avg'
46.8973 	EXP 	window1: blendMode = 'avg'
46.9139 	EXP 	window1: blendMode = 'avg'
46.9306 	EXP 	window1: blendMode = 'avg'
46.9473 	EXP 	window1: blendMode = 'avg'
46.9640 	EXP 	window1: blendMode = 'avg'
46.9807 	EXP 	window1: blendMode = 'avg'
46.9974 	EXP 	window1: blendMode = 'avg'
47.0139 	EXP 	window1: blendMode = 'avg'
47.0304 	EXP 	window1: blendMode = 'avg'
47.0472 	EXP 	window1: blendMode = 'avg'
47.0639 	EXP 	window1: blendMode = 'avg'
47.0808 	EXP 	window1: blendMode = 'avg'
47.0971 	EXP 	window1: blendMode = 'avg'
47.1140 	EXP 	window1: blendMode = 'avg'
47.1304 	EXP 	window1: blendMode = 'avg'
47.1472 	EXP 	window1: blendMode = 'avg'
47.1639 	EXP 	window1: blendMode = 'avg'
47.1805 	EXP 	window1: blendMode = 'avg'
47.1972 	EXP 	window1: blendMode = 'avg'
47.2139 	EXP 	window1: blendMode = 'avg'
47.2305 	EXP 	window1: blendMode = 'avg'
47.2472 	EXP 	window1: blendMode = 'avg'
47.2638 	EXP 	window1: blendMode = 'avg'
47.2805 	EXP 	window1: blendMode = 'avg'
47.2971 	EXP 	window1: blendMode = 'avg'
47.3138 	EXP 	window1: blendMode = 'avg'
47.3306 	EXP 	window1: blendMode = 'avg'
47.3472 	EXP 	window1: blendMode = 'avg'
47.3638 	EXP 	window1: blendMode = 'avg'
47.3805 	EXP 	window1: blendMode = 'avg'
47.3971 	EXP 	window1: blendMode = 'avg'
47.4138 	EXP 	window1: blendMode = 'avg'
47.4304 	EXP 	window1: blendMode = 'avg'
47.4471 	EXP 	window1: blendMode = 'avg'
47.4638 	EXP 	window1: blendMode = 'avg'
47.4804 	EXP 	window1: blendMode = 'avg'
47.4971 	EXP 	window1: blendMode = 'avg'
47.5132 	DATA 	Keypress: escape
