13.7251 	WARNING 	User requested fullscreen with size [1536  864], but screen is actually [1920, 1080]. Using actual size
15.5915 	EXP 	Created window1 = Window(allowGUI=False, allowStencil=False, autoLog=True, bitsMode=UNKNOWN, blendMode='avg', color=array([ 0.,  0.,  0.]), colorSpace='rgb', fullscr=UNKNOWN, gamma=None, lms=UNKNOWN, monitor=<psychopy.monitors.calibTools.Monitor object at 0x19F346D0>, multiSample=False, name='window1', numSamples=2, pos=[0, 0], screen=0, size=array([1920, 1080]), stereo=False, units=u'norm', useFBO=True, useRetina=False, viewOri=0.0, viewPos=None, viewScale=None, waitBlanking=True, winType='pyglet')
15.5916 	EXP 	window1: recordFrameIntervals = False
15.7562 	EXP 	window1: recordFrameIntervals = True
15.9397 	EXP 	window1: recordFrameIntervals = False
16.4884 	EXP 	Created text = TextStim(alignHoriz='center', alignVert='center', antialias=True, autoLog=True, bold=False, color='white', colorSpace='named', contrast=1.0, depth=0.0, flipHoriz=False, flipVert=False, font='Arial', fontFiles=[], height=0.1, italic=False, name='text', opacity=1.0, ori=0, pos=array([ 0.,  0.]), rgb=array([ 255.,  255.,  255.]), text=unicode(...), units=u'norm', win=Window(...), wrapWidth=1)
16.5132 	EXP 	Created polygon_2 = Polygon(autoDraw=False, autoLog=True, closeShape=True, contrast=1.0, depth=0.0, fillColor=array([ 1.,  1.,  1.]), fillColorSpace='rgb', fillRGB=array([ 1.,  1.,  1.]), interpolate=True, lineColor=array([ 1.,  1.,  1.]), lineColorSpace='rgb', lineRGB=array([ 1.,  1.,  1.]), lineWidth=1, name='polygon_2', opacity=1.0, ori=array(0.0), pos=array([ 0.,  0.]), size=array([ 0.5,  0.5]), units=u'norm', vertices=ndarray(...), win=Window(...))
16.5241 	EXP 	Created Noise_patch = ImageStim(autoLog=True, color=array([ 1.,  1.,  1.]), colorSpace='rgb', contrast=1.0, depth=-1.0, flipHoriz=False, flipVert=False, image='sin', interpolate=True, mask='circle', maskParams=None, name='Noise_patch', opacity=1.0, ori=0.0, pos=array([ 0.,  0.]), size=array([ 0.5,  0.5]), texRes=128, units=u'norm', win=Window(...))
16.5439 	EXP 	Created polygon = Polygon(autoDraw=False, autoLog=True, closeShape=True, contrast=1.0, depth=-3.0, fillColor=array([ 1.,  1.,  1.]), fillColorSpace='rgb', fillRGB=array([ 1.,  1.,  1.]), interpolate=True, lineColor=array([ 1.,  1.,  1.]), lineColorSpace='rgb', lineRGB=array([ 1.,  1.,  1.]), lineWidth=1, name='polygon', opacity=1.0, ori=array(0.0), pos=array([ 0.,  0.]), size=array([ 0.5,  0.5]), units=u'norm', vertices=ndarray(...), win=Window(...))
24.6116 	EXP 	Created Fixation_cross1 = TextStim(alignHoriz='center', alignVert='center', antialias=True, autoLog=True, bold=False, color='white', colorSpace='named', contrast=1.0, depth=-8.0, flipHoriz=False, flipVert=False, font='Arial', fontFiles=[], height=0.1, italic=False, name='Fixation_cross1', opacity=1.0, ori=0, pos=array([ 0.,  0.]), rgb=array([ 255.,  255.,  255.]), text=u'+', units=u'norm', win=Window(...), wrapWidth=1)
24.6209 	EXP 	Created Fixation_cross2 = TextStim(alignHoriz='center', alignVert='center', antialias=True, autoLog=True, bold=False, color='white', colorSpace='named', contrast=1.0, depth=-9.0, flipHoriz=False, flipVert=False, font='Arial', fontFiles=[], height=0.1, italic=False, name='Fixation_cross2', opacity=1.0, ori=0, pos=array([ 0.,  0.]), rgb=array([ 255.,  255.,  255.]), text=u'+', units=u'norm', win=Window(...), wrapWidth=1)
24.6554 	EXP 	Created text_2 = TextStim(alignHoriz='center', alignVert='center', antialias=True, autoLog=True, bold=False, color='white', colorSpace='named', contrast=1.0, depth=0.0, flipHoriz=False, flipVert=False, font='Arial', fontFiles=[], height=0.1, italic=False, name='text_2', opacity=1.0, ori=0, pos=array([ 0.,  0.]), rgb=array([ 255.,  255.,  255.]), text=u'This is the end of the experiment.', units=u'norm', win=Window(...), wrapWidth=1)
24.7095 	EXP 	window1: blendMode = 'avg'
24.7325 	EXP 	text: autoDraw = True
24.7339 	EXP 	window1: blendMode = 'avg'
24.7408 	EXP 	window1: blendMode = 'avg'
24.7544 	EXP 	window1: blendMode = 'avg'
24.7715 	EXP 	window1: blendMode = 'avg'
24.7881 	EXP 	window1: blendMode = 'avg'
24.8044 	EXP 	window1: blendMode = 'avg'
24.8210 	EXP 	window1: blendMode = 'avg'
24.8380 	EXP 	window1: blendMode = 'avg'
24.8544 	EXP 	window1: blendMode = 'avg'
24.8710 	EXP 	window1: blendMode = 'avg'
24.8878 	EXP 	window1: blendMode = 'avg'
24.9046 	EXP 	window1: blendMode = 'avg'
24.9216 	EXP 	window1: blendMode = 'avg'
24.9378 	EXP 	window1: blendMode = 'avg'
24.9545 	EXP 	window1: blendMode = 'avg'
24.9715 	EXP 	window1: blendMode = 'avg'
24.9881 	EXP 	window1: blendMode = 'avg'
25.0045 	EXP 	window1: blendMode = 'avg'
25.0219 	EXP 	window1: blendMode = 'avg'
25.0379 	EXP 	window1: blendMode = 'avg'
25.0544 	EXP 	window1: blendMode = 'avg'
25.0714 	EXP 	window1: blendMode = 'avg'
25.0887 	EXP 	window1: blendMode = 'avg'
25.1044 	EXP 	window1: blendMode = 'avg'
25.1216 	EXP 	window1: blendMode = 'avg'
25.1385 	EXP 	window1: blendMode = 'avg'
25.1547 	EXP 	window1: blendMode = 'avg'
25.1710 	EXP 	window1: blendMode = 'avg'
25.1878 	EXP 	window1: blendMode = 'avg'
25.2045 	EXP 	window1: blendMode = 'avg'
25.2212 	EXP 	window1: blendMode = 'avg'
25.2378 	EXP 	window1: blendMode = 'avg'
25.2548 	EXP 	window1: blendMode = 'avg'
25.2713 	EXP 	window1: blendMode = 'avg'
25.2875 	EXP 	window1: blendMode = 'avg'
25.3055 	EXP 	window1: blendMode = 'avg'
25.3213 	EXP 	window1: blendMode = 'avg'
25.3380 	EXP 	window1: blendMode = 'avg'
25.3545 	EXP 	window1: blendMode = 'avg'
25.3714 	EXP 	window1: blendMode = 'avg'
25.3883 	EXP 	window1: blendMode = 'avg'
25.4046 	EXP 	window1: blendMode = 'avg'
25.4214 	EXP 	window1: blendMode = 'avg'
25.4385 	EXP 	window1: blendMode = 'avg'
25.4553 	EXP 	window1: blendMode = 'avg'
25.4724 	EXP 	window1: blendMode = 'avg'
25.4882 	EXP 	window1: blendMode = 'avg'
25.5047 	EXP 	window1: blendMode = 'avg'
25.5217 	EXP 	window1: blendMode = 'avg'
25.5388 	EXP 	window1: blendMode = 'avg'
25.5551 	EXP 	window1: blendMode = 'avg'
25.5712 	EXP 	window1: blendMode = 'avg'
25.5879 	EXP 	window1: blendMode = 'avg'
25.6052 	EXP 	window1: blendMode = 'avg'
25.6210 	EXP 	window1: blendMode = 'avg'
25.6376 	EXP 	window1: blendMode = 'avg'
25.6546 	EXP 	window1: blendMode = 'avg'
25.6714 	EXP 	window1: blendMode = 'avg'
25.6878 	EXP 	window1: blendMode = 'avg'
25.7048 	EXP 	window1: blendMode = 'avg'
25.7213 	EXP 	window1: blendMode = 'avg'
25.7379 	EXP 	window1: blendMode = 'avg'
25.7543 	EXP 	window1: blendMode = 'avg'
25.7709 	EXP 	window1: blendMode = 'avg'
25.7875 	EXP 	window1: blendMode = 'avg'
25.8042 	EXP 	window1: blendMode = 'avg'
25.8208 	EXP 	window1: blendMode = 'avg'
25.8377 	EXP 	window1: blendMode = 'avg'
25.8542 	EXP 	window1: blendMode = 'avg'
25.8707 	EXP 	window1: blendMode = 'avg'
25.8875 	EXP 	window1: blendMode = 'avg'
25.9043 	EXP 	window1: blendMode = 'avg'
25.9207 	EXP 	window1: blendMode = 'avg'
25.9374 	EXP 	window1: blendMode = 'avg'
25.9544 	EXP 	window1: blendMode = 'avg'
25.9709 	EXP 	window1: blendMode = 'avg'
25.9874 	EXP 	window1: blendMode = 'avg'
26.0041 	EXP 	window1: blendMode = 'avg'
26.0209 	EXP 	window1: blendMode = 'avg'
26.0375 	EXP 	window1: blendMode = 'avg'
26.0541 	EXP 	window1: blendMode = 'avg'
26.0708 	EXP 	window1: blendMode = 'avg'
26.0876 	EXP 	window1: blendMode = 'avg'
26.1045 	EXP 	window1: blendMode = 'avg'
26.1209 	EXP 	window1: blendMode = 'avg'
26.1374 	EXP 	window1: blendMode = 'avg'
26.1541 	EXP 	window1: blendMode = 'avg'
26.1706 	EXP 	window1: blendMode = 'avg'
26.1876 	EXP 	window1: blendMode = 'avg'
26.2048 	EXP 	window1: blendMode = 'avg'
26.2208 	EXP 	window1: blendMode = 'avg'
26.2373 	EXP 	window1: blendMode = 'avg'
26.2542 	EXP 	window1: blendMode = 'avg'
26.2707 	EXP 	window1: blendMode = 'avg'
26.2875 	EXP 	window1: blendMode = 'avg'
26.3040 	EXP 	window1: blendMode = 'avg'
26.3208 	EXP 	window1: blendMode = 'avg'
26.3381 	EXP 	window1: blendMode = 'avg'
26.3541 	EXP 	window1: blendMode = 'avg'
26.3708 	EXP 	window1: blendMode = 'avg'
26.3873 	EXP 	window1: blendMode = 'avg'
26.4040 	EXP 	window1: blendMode = 'avg'
26.4208 	EXP 	window1: blendMode = 'avg'
26.4387 	EXP 	window1: blendMode = 'avg'
26.4541 	EXP 	window1: blendMode = 'avg'
26.4715 	EXP 	window1: blendMode = 'avg'
26.4873 	EXP 	window1: blendMode = 'avg'
26.5042 	EXP 	window1: blendMode = 'avg'
26.5209 	EXP 	window1: blendMode = 'avg'
26.5375 	EXP 	window1: blendMode = 'avg'
26.5541 	EXP 	window1: blendMode = 'avg'
26.5707 	EXP 	window1: blendMode = 'avg'
26.5875 	EXP 	window1: blendMode = 'avg'
26.6039 	EXP 	window1: blendMode = 'avg'
26.6206 	EXP 	window1: blendMode = 'avg'
26.6377 	EXP 	window1: blendMode = 'avg'
26.6542 	EXP 	window1: blendMode = 'avg'
26.6707 	EXP 	window1: blendMode = 'avg'
26.6872 	EXP 	window1: blendMode = 'avg'
26.7039 	EXP 	window1: blendMode = 'avg'
26.7213 	EXP 	window1: blendMode = 'avg'
26.7376 	EXP 	window1: blendMode = 'avg'
26.7539 	EXP 	window1: blendMode = 'avg'
26.7712 	EXP 	window1: blendMode = 'avg'
26.7873 	EXP 	window1: blendMode = 'avg'
26.8039 	EXP 	window1: blendMode = 'avg'
26.8206 	EXP 	window1: blendMode = 'avg'
26.8377 	EXP 	window1: blendMode = 'avg'
26.8539 	EXP 	window1: blendMode = 'avg'
26.8710 	EXP 	window1: blendMode = 'avg'
26.8872 	EXP 	window1: blendMode = 'avg'
26.9042 	EXP 	window1: blendMode = 'avg'
26.9207 	EXP 	window1: blendMode = 'avg'
26.9374 	EXP 	window1: blendMode = 'avg'
26.9539 	EXP 	window1: blendMode = 'avg'
26.9706 	EXP 	window1: blendMode = 'avg'
26.9872 	EXP 	window1: blendMode = 'avg'
27.0040 	EXP 	window1: blendMode = 'avg'
27.0209 	EXP 	window1: blendMode = 'avg'
27.0377 	EXP 	window1: blendMode = 'avg'
27.0540 	EXP 	window1: blendMode = 'avg'
27.0708 	EXP 	window1: blendMode = 'avg'
27.0873 	EXP 	window1: blendMode = 'avg'
27.1038 	EXP 	window1: blendMode = 'avg'
27.1205 	EXP 	window1: blendMode = 'avg'
27.1374 	EXP 	window1: blendMode = 'avg'
27.1542 	EXP 	window1: blendMode = 'avg'
27.1708 	EXP 	window1: blendMode = 'avg'
27.1872 	EXP 	window1: blendMode = 'avg'
27.2040 	EXP 	window1: blendMode = 'avg'
27.2206 	EXP 	window1: blendMode = 'avg'
27.2372 	EXP 	window1: blendMode = 'avg'
27.2537 	EXP 	window1: blendMode = 'avg'
27.2706 	EXP 	window1: blendMode = 'avg'
27.2872 	EXP 	window1: blendMode = 'avg'
27.3038 	EXP 	window1: blendMode = 'avg'
27.3203 	EXP 	window1: blendMode = 'avg'
27.3370 	EXP 	window1: blendMode = 'avg'
27.3536 	EXP 	window1: blendMode = 'avg'
27.3703 	EXP 	window1: blendMode = 'avg'
27.3870 	EXP 	window1: blendMode = 'avg'
27.4037 	EXP 	window1: blendMode = 'avg'
27.4204 	EXP 	window1: blendMode = 'avg'
27.4370 	EXP 	window1: blendMode = 'avg'
27.4536 	EXP 	window1: blendMode = 'avg'
27.4706 	EXP 	window1: blendMode = 'avg'
27.4871 	EXP 	window1: blendMode = 'avg'
27.5035 	EXP 	window1: blendMode = 'avg'
27.5204 	EXP 	window1: blendMode = 'avg'
27.5370 	EXP 	window1: blendMode = 'avg'
27.5538 	EXP 	window1: blendMode = 'avg'
27.5701 	EXP 	window1: blendMode = 'avg'
27.5871 	EXP 	window1: blendMode = 'avg'
27.6035 	EXP 	window1: blendMode = 'avg'
27.6202 	EXP 	window1: blendMode = 'avg'
27.6368 	EXP 	window1: blendMode = 'avg'
27.6536 	EXP 	window1: blendMode = 'avg'
27.6701 	EXP 	window1: blendMode = 'avg'
27.6873 	EXP 	window1: blendMode = 'avg'
27.7036 	EXP 	window1: blendMode = 'avg'
27.7204 	EXP 	window1: blendMode = 'avg'
27.7369 	EXP 	window1: blendMode = 'avg'
27.7536 	EXP 	window1: blendMode = 'avg'
27.7703 	EXP 	window1: blendMode = 'avg'
27.7869 	EXP 	window1: blendMode = 'avg'
27.8036 	EXP 	window1: blendMode = 'avg'
27.8200 	EXP 	window1: blendMode = 'avg'
27.8370 	EXP 	window1: blendMode = 'avg'
27.8534 	EXP 	window1: blendMode = 'avg'
27.8700 	EXP 	window1: blendMode = 'avg'
27.8867 	EXP 	window1: blendMode = 'avg'
27.9036 	EXP 	window1: blendMode = 'avg'
27.9204 	EXP 	window1: blendMode = 'avg'
27.9371 	EXP 	window1: blendMode = 'avg'
27.9536 	EXP 	window1: blendMode = 'avg'
27.9706 	EXP 	window1: blendMode = 'avg'
27.9870 	EXP 	window1: blendMode = 'avg'
28.0036 	EXP 	window1: blendMode = 'avg'
28.0205 	EXP 	window1: blendMode = 'avg'
28.0373 	EXP 	window1: blendMode = 'avg'
28.0536 	EXP 	window1: blendMode = 'avg'
28.0705 	EXP 	window1: blendMode = 'avg'
28.0872 	EXP 	window1: blendMode = 'avg'
28.1035 	EXP 	window1: blendMode = 'avg'
28.1206 	EXP 	window1: blendMode = 'avg'
28.1368 	EXP 	window1: blendMode = 'avg'
28.1539 	EXP 	window1: blendMode = 'avg'
28.1704 	EXP 	window1: blendMode = 'avg'
28.1867 	EXP 	window1: blendMode = 'avg'
28.2036 	EXP 	window1: blendMode = 'avg'
28.2203 	EXP 	window1: blendMode = 'avg'
28.2370 	EXP 	window1: blendMode = 'avg'
28.2545 	EXP 	window1: blendMode = 'avg'
28.2704 	EXP 	window1: blendMode = 'avg'
28.2869 	EXP 	window1: blendMode = 'avg'
28.3042 	EXP 	window1: blendMode = 'avg'
28.3205 	EXP 	window1: blendMode = 'avg'
28.3372 	EXP 	window1: blendMode = 'avg'
28.3533 	EXP 	window1: blendMode = 'avg'
28.3700 	EXP 	window1: blendMode = 'avg'
28.3867 	EXP 	window1: blendMode = 'avg'
28.4036 	EXP 	window1: blendMode = 'avg'
28.4202 	EXP 	window1: blendMode = 'avg'
28.4367 	EXP 	window1: blendMode = 'avg'
28.4536 	EXP 	window1: blendMode = 'avg'
28.4702 	EXP 	window1: blendMode = 'avg'
28.4869 	EXP 	window1: blendMode = 'avg'
28.5034 	EXP 	window1: blendMode = 'avg'
28.5202 	EXP 	window1: blendMode = 'avg'
28.5366 	EXP 	window1: blendMode = 'avg'
28.5537 	EXP 	window1: blendMode = 'avg'
28.5705 	EXP 	window1: blendMode = 'avg'
28.5869 	EXP 	window1: blendMode = 'avg'
28.6033 	EXP 	window1: blendMode = 'avg'
28.6202 	EXP 	window1: blendMode = 'avg'
28.6374 	EXP 	window1: blendMode = 'avg'
28.6533 	EXP 	window1: blendMode = 'avg'
28.6702 	EXP 	window1: blendMode = 'avg'
28.6869 	EXP 	window1: blendMode = 'avg'
28.7035 	EXP 	window1: blendMode = 'avg'
28.7200 	EXP 	window1: blendMode = 'avg'
28.7366 	EXP 	window1: blendMode = 'avg'
28.7533 	EXP 	window1: blendMode = 'avg'
28.7699 	EXP 	window1: blendMode = 'avg'
28.7865 	EXP 	window1: blendMode = 'avg'
28.8033 	EXP 	window1: blendMode = 'avg'
28.8198 	EXP 	window1: blendMode = 'avg'
28.8365 	EXP 	window1: blendMode = 'avg'
28.8533 	EXP 	window1: blendMode = 'avg'
28.8697 	EXP 	window1: blendMode = 'avg'
28.8867 	EXP 	window1: blendMode = 'avg'
28.9031 	EXP 	window1: blendMode = 'avg'
28.9199 	EXP 	window1: blendMode = 'avg'
28.9364 	EXP 	window1: blendMode = 'avg'
28.9531 	EXP 	window1: blendMode = 'avg'
28.9700 	EXP 	window1: blendMode = 'avg'
28.9864 	EXP 	window1: blendMode = 'avg'
29.0031 	EXP 	window1: blendMode = 'avg'
29.0198 	EXP 	window1: blendMode = 'avg'
29.0364 	EXP 	window1: blendMode = 'avg'
29.0531 	EXP 	window1: blendMode = 'avg'
29.0698 	EXP 	window1: blendMode = 'avg'
29.0864 	EXP 	window1: blendMode = 'avg'
29.1031 	EXP 	window1: blendMode = 'avg'
29.1197 	EXP 	window1: blendMode = 'avg'
29.1363 	EXP 	window1: blendMode = 'avg'
29.1531 	EXP 	window1: blendMode = 'avg'
29.1696 	EXP 	window1: blendMode = 'avg'
29.1864 	EXP 	window1: blendMode = 'avg'
29.2031 	EXP 	window1: blendMode = 'avg'
29.2196 	EXP 	window1: blendMode = 'avg'
29.2363 	EXP 	window1: blendMode = 'avg'
29.2531 	EXP 	window1: blendMode = 'avg'
29.2698 	EXP 	window1: blendMode = 'avg'
29.2881 	EXP 	window1: blendMode = 'avg'
29.3030 	EXP 	window1: blendMode = 'avg'
29.3196 	EXP 	window1: blendMode = 'avg'
29.3363 	EXP 	window1: blendMode = 'avg'
29.3531 	EXP 	window1: blendMode = 'avg'
29.3696 	EXP 	window1: blendMode = 'avg'
29.3863 	EXP 	window1: blendMode = 'avg'
29.4032 	EXP 	window1: blendMode = 'avg'
29.4200 	EXP 	window1: blendMode = 'avg'
29.4367 	EXP 	window1: blendMode = 'avg'
29.4532 	EXP 	window1: blendMode = 'avg'
29.4700 	EXP 	window1: blendMode = 'avg'
29.4863 	EXP 	window1: blendMode = 'avg'
29.5032 	EXP 	window1: blendMode = 'avg'
29.5199 	EXP 	window1: blendMode = 'avg'
29.5364 	EXP 	window1: blendMode = 'avg'
29.5529 	EXP 	window1: blendMode = 'avg'
29.5697 	EXP 	window1: blendMode = 'avg'
29.5863 	EXP 	window1: blendMode = 'avg'
29.6031 	EXP 	window1: blendMode = 'avg'
29.6200 	EXP 	window1: blendMode = 'avg'
29.6363 	EXP 	window1: blendMode = 'avg'
29.6531 	EXP 	window1: blendMode = 'avg'
29.6696 	EXP 	window1: blendMode = 'avg'
29.6870 	EXP 	window1: blendMode = 'avg'
29.7031 	EXP 	window1: blendMode = 'avg'
29.7196 	EXP 	window1: blendMode = 'avg'
29.7363 	EXP 	window1: blendMode = 'avg'
29.7534 	EXP 	window1: blendMode = 'avg'
29.7697 	EXP 	window1: blendMode = 'avg'
29.7867 	EXP 	window1: blendMode = 'avg'
29.8029 	EXP 	window1: blendMode = 'avg'
29.8196 	EXP 	window1: blendMode = 'avg'
29.8364 	EXP 	window1: blendMode = 'avg'
29.8528 	EXP 	window1: blendMode = 'avg'
29.8696 	EXP 	window1: blendMode = 'avg'
29.8864 	EXP 	window1: blendMode = 'avg'
29.9030 	EXP 	window1: blendMode = 'avg'
29.9197 	EXP 	window1: blendMode = 'avg'
29.9364 	EXP 	window1: blendMode = 'avg'
29.9530 	EXP 	window1: blendMode = 'avg'
29.9699 	EXP 	window1: blendMode = 'avg'
29.9862 	EXP 	window1: blendMode = 'avg'
30.0031 	EXP 	window1: blendMode = 'avg'
30.0198 	EXP 	window1: blendMode = 'avg'
30.0363 	EXP 	window1: blendMode = 'avg'
30.0528 	EXP 	window1: blendMode = 'avg'
30.0696 	EXP 	window1: blendMode = 'avg'
30.0862 	EXP 	window1: blendMode = 'avg'
30.1030 	EXP 	window1: blendMode = 'avg'
30.1197 	EXP 	window1: blendMode = 'avg'
30.1362 	EXP 	window1: blendMode = 'avg'
30.1528 	EXP 	window1: blendMode = 'avg'
30.1707 	EXP 	window1: blendMode = 'avg'
30.1863 	EXP 	window1: blendMode = 'avg'
30.2028 	EXP 	window1: blendMode = 'avg'
30.2197 	EXP 	window1: blendMode = 'avg'
30.2361 	EXP 	window1: blendMode = 'avg'
30.2528 	EXP 	window1: blendMode = 'avg'
30.2696 	EXP 	window1: blendMode = 'avg'
30.2863 	EXP 	window1: blendMode = 'avg'
30.3030 	EXP 	window1: blendMode = 'avg'
30.3195 	EXP 	window1: blendMode = 'avg'
30.3360 	EXP 	window1: blendMode = 'avg'
30.3526 	EXP 	window1: blendMode = 'avg'
30.3694 	EXP 	window1: blendMode = 'avg'
30.3860 	EXP 	window1: blendMode = 'avg'
30.4029 	EXP 	window1: blendMode = 'avg'
30.4193 	EXP 	window1: blendMode = 'avg'
30.4360 	EXP 	window1: blendMode = 'avg'
30.4526 	EXP 	window1: blendMode = 'avg'
30.4694 	EXP 	window1: blendMode = 'avg'
30.4861 	EXP 	window1: blendMode = 'avg'
30.5026 	EXP 	window1: blendMode = 'avg'
30.5194 	EXP 	window1: blendMode = 'avg'
30.5360 	EXP 	window1: blendMode = 'avg'
30.5526 	EXP 	window1: blendMode = 'avg'
30.5695 	EXP 	window1: blendMode = 'avg'
30.5858 	EXP 	window1: blendMode = 'avg'
30.6027 	EXP 	window1: blendMode = 'avg'
30.6194 	EXP 	window1: blendMode = 'avg'
30.6360 	EXP 	window1: blendMode = 'avg'
30.6527 	EXP 	window1: blendMode = 'avg'
30.6692 	EXP 	window1: blendMode = 'avg'
30.6860 	EXP 	window1: blendMode = 'avg'
30.7026 	EXP 	window1: blendMode = 'avg'
30.7192 	EXP 	window1: blendMode = 'avg'
30.7360 	EXP 	window1: blendMode = 'avg'
30.7526 	EXP 	window1: blendMode = 'avg'
30.7693 	EXP 	window1: blendMode = 'avg'
30.7859 	EXP 	window1: blendMode = 'avg'
30.8024 	EXP 	window1: blendMode = 'avg'
30.8191 	EXP 	window1: blendMode = 'avg'
30.8360 	EXP 	window1: blendMode = 'avg'
30.8524 	EXP 	window1: blendMode = 'avg'
30.8692 	EXP 	window1: blendMode = 'avg'
30.8858 	EXP 	window1: blendMode = 'avg'
30.9025 	EXP 	window1: blendMode = 'avg'
30.9192 	EXP 	window1: blendMode = 'avg'
30.9361 	EXP 	window1: blendMode = 'avg'
30.9525 	EXP 	window1: blendMode = 'avg'
30.9692 	EXP 	window1: blendMode = 'avg'
30.9861 	EXP 	window1: blendMode = 'avg'
31.0026 	EXP 	window1: blendMode = 'avg'
31.0196 	EXP 	window1: blendMode = 'avg'
31.0363 	EXP 	window1: blendMode = 'avg'
31.0527 	EXP 	window1: blendMode = 'avg'
31.0693 	EXP 	window1: blendMode = 'avg'
31.0859 	EXP 	window1: blendMode = 'avg'
31.1028 	EXP 	window1: blendMode = 'avg'
31.1192 	EXP 	window1: blendMode = 'avg'
31.1361 	EXP 	window1: blendMode = 'avg'
31.1526 	EXP 	window1: blendMode = 'avg'
31.1693 	EXP 	window1: blendMode = 'avg'
31.1860 	EXP 	window1: blendMode = 'avg'
31.2029 	EXP 	window1: blendMode = 'avg'
31.2191 	EXP 	window1: blendMode = 'avg'
31.2358 	EXP 	window1: blendMode = 'avg'
31.2525 	EXP 	window1: blendMode = 'avg'
31.2692 	EXP 	window1: blendMode = 'avg'
31.2858 	EXP 	window1: blendMode = 'avg'
31.3027 	EXP 	window1: blendMode = 'avg'
31.3191 	EXP 	window1: blendMode = 'avg'
31.3361 	EXP 	window1: blendMode = 'avg'
31.3525 	EXP 	window1: blendMode = 'avg'
31.3691 	EXP 	window1: blendMode = 'avg'
31.3859 	EXP 	window1: blendMode = 'avg'
31.4029 	EXP 	window1: blendMode = 'avg'
31.4192 	EXP 	window1: blendMode = 'avg'
31.4360 	EXP 	window1: blendMode = 'avg'
31.4525 	EXP 	window1: blendMode = 'avg'
31.4691 	EXP 	window1: blendMode = 'avg'
31.4859 	EXP 	window1: blendMode = 'avg'
31.5024 	EXP 	window1: blendMode = 'avg'
31.5191 	EXP 	window1: blendMode = 'avg'
31.5357 	EXP 	window1: blendMode = 'avg'
31.5532 	EXP 	window1: blendMode = 'avg'
31.5692 	EXP 	window1: blendMode = 'avg'
31.5858 	EXP 	window1: blendMode = 'avg'
31.6025 	EXP 	window1: blendMode = 'avg'
31.6192 	EXP 	window1: blendMode = 'avg'
31.6363 	EXP 	window1: blendMode = 'avg'
31.6526 	EXP 	window1: blendMode = 'avg'
31.6694 	EXP 	window1: blendMode = 'avg'
31.6859 	EXP 	window1: blendMode = 'avg'
31.7023 	EXP 	window1: blendMode = 'avg'
31.7192 	EXP 	window1: blendMode = 'avg'
31.7360 	EXP 	window1: blendMode = 'avg'
31.7525 	EXP 	window1: blendMode = 'avg'
31.7693 	EXP 	window1: blendMode = 'avg'
31.7856 	EXP 	window1: blendMode = 'avg'
31.8023 	EXP 	window1: blendMode = 'avg'
31.8189 	EXP 	window1: blendMode = 'avg'
31.8356 	EXP 	window1: blendMode = 'avg'
31.8522 	EXP 	window1: blendMode = 'avg'
31.8688 	EXP 	window1: blendMode = 'avg'
31.8855 	EXP 	window1: blendMode = 'avg'
31.9021 	EXP 	window1: blendMode = 'avg'
31.9188 	EXP 	window1: blendMode = 'avg'
31.9355 	EXP 	window1: blendMode = 'avg'
31.9522 	EXP 	window1: blendMode = 'avg'
31.9688 	EXP 	window1: blendMode = 'avg'
31.9857 	EXP 	window1: blendMode = 'avg'
32.0021 	EXP 	window1: blendMode = 'avg'
32.0188 	EXP 	window1: blendMode = 'avg'
32.0355 	EXP 	window1: blendMode = 'avg'
32.0523 	EXP 	window1: blendMode = 'avg'
32.0689 	EXP 	window1: blendMode = 'avg'
32.0856 	EXP 	window1: blendMode = 'avg'
32.1021 	EXP 	window1: blendMode = 'avg'
32.1187 	EXP 	window1: blendMode = 'avg'
32.1354 	EXP 	window1: blendMode = 'avg'
32.1521 	EXP 	window1: blendMode = 'avg'
32.1688 	EXP 	window1: blendMode = 'avg'
32.1856 	EXP 	window1: blendMode = 'avg'
32.2020 	EXP 	window1: blendMode = 'avg'
32.2188 	EXP 	window1: blendMode = 'avg'
32.2354 	EXP 	window1: blendMode = 'avg'
32.2523 	EXP 	window1: blendMode = 'avg'
32.2688 	EXP 	window1: blendMode = 'avg'
32.2854 	EXP 	window1: blendMode = 'avg'
32.3021 	EXP 	window1: blendMode = 'avg'
32.3187 	EXP 	window1: blendMode = 'avg'
32.3354 	EXP 	window1: blendMode = 'avg'
32.3521 	EXP 	window1: blendMode = 'avg'
32.3687 	EXP 	window1: blendMode = 'avg'
32.3853 	EXP 	window1: blendMode = 'avg'
32.4021 	EXP 	window1: blendMode = 'avg'
32.4188 	EXP 	window1: blendMode = 'avg'
32.4357 	EXP 	window1: blendMode = 'avg'
32.4521 	EXP 	window1: blendMode = 'avg'
32.4688 	EXP 	window1: blendMode = 'avg'
32.4857 	EXP 	window1: blendMode = 'avg'
32.5022 	EXP 	window1: blendMode = 'avg'
32.5191 	EXP 	window1: blendMode = 'avg'
32.5358 	EXP 	window1: blendMode = 'avg'
32.5522 	EXP 	window1: blendMode = 'avg'
32.5691 	EXP 	window1: blendMode = 'avg'
32.5856 	EXP 	window1: blendMode = 'avg'
32.6025 	EXP 	window1: blendMode = 'avg'
32.6190 	EXP 	window1: blendMode = 'avg'
32.6359 	EXP 	window1: blendMode = 'avg'
32.6521 	EXP 	window1: blendMode = 'avg'
32.6690 	EXP 	window1: blendMode = 'avg'
32.6860 	EXP 	window1: blendMode = 'avg'
32.7021 	EXP 	window1: blendMode = 'avg'
32.7188 	EXP 	window1: blendMode = 'avg'
32.7357 	EXP 	window1: blendMode = 'avg'
32.7521 	EXP 	window1: blendMode = 'avg'
32.7689 	EXP 	window1: blendMode = 'avg'
32.7853 	EXP 	window1: blendMode = 'avg'
32.8022 	EXP 	window1: blendMode = 'avg'
32.8189 	EXP 	window1: blendMode = 'avg'
32.8354 	EXP 	window1: blendMode = 'avg'
32.8522 	EXP 	window1: blendMode = 'avg'
32.8687 	EXP 	window1: blendMode = 'avg'
32.8855 	EXP 	window1: blendMode = 'avg'
32.9021 	EXP 	window1: blendMode = 'avg'
32.9186 	EXP 	window1: blendMode = 'avg'
32.9353 	EXP 	window1: blendMode = 'avg'
32.9521 	EXP 	window1: blendMode = 'avg'
32.9686 	EXP 	window1: blendMode = 'avg'
32.9854 	EXP 	window1: blendMode = 'avg'
33.0031 	EXP 	window1: blendMode = 'avg'
33.0190 	EXP 	window1: blendMode = 'avg'
33.0357 	EXP 	window1: blendMode = 'avg'
33.0520 	EXP 	window1: blendMode = 'avg'
33.0686 	EXP 	window1: blendMode = 'avg'
33.0852 	EXP 	window1: blendMode = 'avg'
33.1021 	EXP 	window1: blendMode = 'avg'
33.1190 	EXP 	window1: blendMode = 'avg'
33.1356 	EXP 	window1: blendMode = 'avg'
33.1526 	EXP 	window1: blendMode = 'avg'
33.1686 	EXP 	window1: blendMode = 'avg'
33.1855 	EXP 	window1: blendMode = 'avg'
33.2019 	EXP 	window1: blendMode = 'avg'
33.2190 	EXP 	window1: blendMode = 'avg'
33.2353 	EXP 	window1: blendMode = 'avg'
33.2522 	EXP 	window1: blendMode = 'avg'
33.2688 	EXP 	window1: blendMode = 'avg'
33.2852 	EXP 	window1: blendMode = 'avg'
33.3019 	EXP 	window1: blendMode = 'avg'
33.3186 	EXP 	window1: blendMode = 'avg'
33.3351 	EXP 	window1: blendMode = 'avg'
33.3518 	EXP 	window1: blendMode = 'avg'
33.3684 	EXP 	window1: blendMode = 'avg'
33.3851 	EXP 	window1: blendMode = 'avg'
33.4018 	EXP 	window1: blendMode = 'avg'
33.4185 	EXP 	window1: blendMode = 'avg'
33.4350 	EXP 	window1: blendMode = 'avg'
33.4523 	EXP 	window1: blendMode = 'avg'
33.4685 	EXP 	window1: blendMode = 'avg'
33.4849 	EXP 	window1: blendMode = 'avg'
33.5016 	EXP 	window1: blendMode = 'avg'
33.5183 	EXP 	window1: blendMode = 'avg'
33.5349 	EXP 	window1: blendMode = 'avg'
33.5516 	EXP 	window1: blendMode = 'avg'
33.5684 	EXP 	window1: blendMode = 'avg'
33.5850 	EXP 	window1: blendMode = 'avg'
33.6016 	EXP 	window1: blendMode = 'avg'
33.6183 	EXP 	window1: blendMode = 'avg'
33.6349 	EXP 	window1: blendMode = 'avg'
33.6516 	EXP 	window1: blendMode = 'avg'
33.6682 	EXP 	window1: blendMode = 'avg'
33.6852 	EXP 	window1: blendMode = 'avg'
33.7017 	EXP 	window1: blendMode = 'avg'
33.7183 	EXP 	window1: blendMode = 'avg'
33.7350 	EXP 	window1: blendMode = 'avg'
33.7515 	EXP 	window1: blendMode = 'avg'
33.7683 	EXP 	window1: blendMode = 'avg'
33.7850 	EXP 	window1: blendMode = 'avg'
33.8015 	EXP 	window1: blendMode = 'avg'
33.8184 	EXP 	window1: blendMode = 'avg'
33.8350 	EXP 	window1: blendMode = 'avg'
33.8516 	EXP 	window1: blendMode = 'avg'
33.8682 	EXP 	window1: blendMode = 'avg'
33.8849 	EXP 	window1: blendMode = 'avg'
33.9016 	EXP 	window1: blendMode = 'avg'
33.9183 	EXP 	window1: blendMode = 'avg'
33.9350 	EXP 	window1: blendMode = 'avg'
33.9517 	EXP 	window1: blendMode = 'avg'
33.9684 	EXP 	window1: blendMode = 'avg'
33.9853 	EXP 	window1: blendMode = 'avg'
34.0016 	EXP 	window1: blendMode = 'avg'
34.0185 	EXP 	window1: blendMode = 'avg'
34.0352 	EXP 	window1: blendMode = 'avg'
34.0520 	EXP 	window1: blendMode = 'avg'
34.0684 	EXP 	window1: blendMode = 'avg'
34.0849 	EXP 	window1: blendMode = 'avg'
34.1019 	EXP 	window1: blendMode = 'avg'
34.1182 	EXP 	window1: blendMode = 'avg'
34.1352 	EXP 	window1: blendMode = 'avg'
34.1516 	EXP 	window1: blendMode = 'avg'
34.1683 	EXP 	window1: blendMode = 'avg'
34.1856 	EXP 	window1: blendMode = 'avg'
34.2017 	EXP 	window1: blendMode = 'avg'
34.2190 	EXP 	window1: blendMode = 'avg'
34.2360 	EXP 	window1: blendMode = 'avg'
34.2515 	EXP 	window1: blendMode = 'avg'
34.2683 	EXP 	window1: blendMode = 'avg'
34.2848 	EXP 	window1: blendMode = 'avg'
34.3015 	EXP 	window1: blendMode = 'avg'
34.3186 	EXP 	window1: blendMode = 'avg'
34.3351 	EXP 	window1: blendMode = 'avg'
34.3514 	EXP 	window1: blendMode = 'avg'
34.3682 	EXP 	window1: blendMode = 'avg'
34.3850 	EXP 	window1: blendMode = 'avg'
34.4027 	EXP 	window1: blendMode = 'avg'
34.4183 	EXP 	window1: blendMode = 'avg'
34.4348 	EXP 	window1: blendMode = 'avg'
34.4515 	EXP 	window1: blendMode = 'avg'
34.4683 	EXP 	window1: blendMode = 'avg'
34.4850 	EXP 	window1: blendMode = 'avg'
34.5019 	EXP 	window1: blendMode = 'avg'
34.5184 	EXP 	window1: blendMode = 'avg'
34.5352 	EXP 	window1: blendMode = 'avg'
34.5517 	EXP 	window1: blendMode = 'avg'
34.5681 	EXP 	window1: blendMode = 'avg'
34.5848 	EXP 	window1: blendMode = 'avg'
34.6018 	EXP 	window1: blendMode = 'avg'
34.6182 	EXP 	window1: blendMode = 'avg'
34.6351 	EXP 	window1: blendMode = 'avg'
34.6517 	EXP 	window1: blendMode = 'avg'
34.6681 	EXP 	window1: blendMode = 'avg'
34.6850 	EXP 	window1: blendMode = 'avg'
34.7015 	EXP 	window1: blendMode = 'avg'
34.7183 	EXP 	window1: blendMode = 'avg'
34.7347 	EXP 	window1: blendMode = 'avg'
34.7518 	EXP 	window1: blendMode = 'avg'
34.7681 	EXP 	window1: blendMode = 'avg'
34.7846 	EXP 	window1: blendMode = 'avg'
34.8013 	EXP 	window1: blendMode = 'avg'
34.8180 	EXP 	window1: blendMode = 'avg'
34.8347 	EXP 	window1: blendMode = 'avg'
34.8512 	EXP 	window1: blendMode = 'avg'
34.8682 	EXP 	window1: blendMode = 'avg'
34.8846 	EXP 	window1: blendMode = 'avg'
34.9013 	EXP 	window1: blendMode = 'avg'
34.9178 	EXP 	window1: blendMode = 'avg'
34.9345 	EXP 	window1: blendMode = 'avg'
34.9513 	EXP 	window1: blendMode = 'avg'
34.9679 	EXP 	window1: blendMode = 'avg'
34.9846 	EXP 	window1: blendMode = 'avg'
35.0012 	EXP 	window1: blendMode = 'avg'
35.0179 	EXP 	window1: blendMode = 'avg'
35.0345 	EXP 	window1: blendMode = 'avg'
35.0512 	EXP 	window1: blendMode = 'avg'
35.0679 	EXP 	window1: blendMode = 'avg'
35.0846 	EXP 	window1: blendMode = 'avg'
35.1012 	EXP 	window1: blendMode = 'avg'
35.1181 	EXP 	window1: blendMode = 'avg'
35.1345 	EXP 	window1: blendMode = 'avg'
35.1511 	EXP 	window1: blendMode = 'avg'
35.1679 	EXP 	window1: blendMode = 'avg'
35.1846 	EXP 	window1: blendMode = 'avg'
35.2011 	EXP 	window1: blendMode = 'avg'
35.2179 	EXP 	window1: blendMode = 'avg'
35.2346 	EXP 	window1: blendMode = 'avg'
35.2513 	EXP 	window1: blendMode = 'avg'
35.2678 	EXP 	window1: blendMode = 'avg'
35.2846 	EXP 	window1: blendMode = 'avg'
35.3011 	EXP 	window1: blendMode = 'avg'
35.3177 	EXP 	window1: blendMode = 'avg'
35.3344 	EXP 	window1: blendMode = 'avg'
35.3511 	EXP 	window1: blendMode = 'avg'
35.3677 	EXP 	window1: blendMode = 'avg'
35.3844 	EXP 	window1: blendMode = 'avg'
35.4011 	EXP 	window1: blendMode = 'avg'
35.4178 	EXP 	window1: blendMode = 'avg'
35.4347 	EXP 	window1: blendMode = 'avg'
35.4513 	EXP 	window1: blendMode = 'avg'
35.4678 	EXP 	window1: blendMode = 'avg'
35.4849 	EXP 	window1: blendMode = 'avg'
35.5014 	EXP 	window1: blendMode = 'avg'
35.5178 	EXP 	window1: blendMode = 'avg'
35.5345 	EXP 	window1: blendMode = 'avg'
35.5511 	EXP 	window1: blendMode = 'avg'
35.5678 	EXP 	window1: blendMode = 'avg'
35.5849 	EXP 	window1: blendMode = 'avg'
35.6013 	EXP 	window1: blendMode = 'avg'
35.6179 	EXP 	window1: blendMode = 'avg'
35.6347 	EXP 	window1: blendMode = 'avg'
35.6512 	EXP 	window1: blendMode = 'avg'
35.6681 	EXP 	window1: blendMode = 'avg'
35.6846 	EXP 	window1: blendMode = 'avg'
35.7012 	EXP 	window1: blendMode = 'avg'
35.7179 	EXP 	window1: blendMode = 'avg'
35.7345 	EXP 	window1: blendMode = 'avg'
35.7515 	EXP 	window1: blendMode = 'avg'
35.7678 	EXP 	window1: blendMode = 'avg'
35.7844 	EXP 	window1: blendMode = 'avg'
35.8016 	EXP 	window1: blendMode = 'avg'
35.8178 	EXP 	window1: blendMode = 'avg'
35.8348 	EXP 	window1: blendMode = 'avg'
35.8512 	EXP 	window1: blendMode = 'avg'
35.8680 	EXP 	window1: blendMode = 'avg'
35.8846 	EXP 	window1: blendMode = 'avg'
35.9015 	EXP 	window1: blendMode = 'avg'
35.9176 	EXP 	window1: blendMode = 'avg'
35.9343 	EXP 	window1: blendMode = 'avg'
35.9511 	EXP 	window1: blendMode = 'avg'
35.9677 	EXP 	window1: blendMode = 'avg'
35.9845 	EXP 	window1: blendMode = 'avg'
36.0012 	EXP 	window1: blendMode = 'avg'
36.0180 	EXP 	window1: blendMode = 'avg'
36.0344 	EXP 	window1: blendMode = 'avg'
36.0509 	EXP 	window1: blendMode = 'avg'
36.0680 	EXP 	window1: blendMode = 'avg'
36.0845 	EXP 	window1: blendMode = 'avg'
36.1011 	EXP 	window1: blendMode = 'avg'
36.1176 	EXP 	window1: blendMode = 'avg'
36.1346 	EXP 	window1: blendMode = 'avg'
36.1513 	EXP 	window1: blendMode = 'avg'
36.1678 	EXP 	window1: blendMode = 'avg'
36.1844 	EXP 	window1: blendMode = 'avg'
36.2010 	EXP 	window1: blendMode = 'avg'
36.2178 	EXP 	window1: blendMode = 'avg'
36.2345 	EXP 	window1: blendMode = 'avg'
36.2509 	EXP 	window1: blendMode = 'avg'
36.2684 	EXP 	window1: blendMode = 'avg'
36.2842 	EXP 	window1: blendMode = 'avg'
36.3008 	EXP 	window1: blendMode = 'avg'
36.3175 	EXP 	window1: blendMode = 'avg'
36.3341 	EXP 	window1: blendMode = 'avg'
36.3511 	EXP 	window1: blendMode = 'avg'
36.3675 	EXP 	window1: blendMode = 'avg'
36.3841 	EXP 	window1: blendMode = 'avg'
36.4009 	EXP 	window1: blendMode = 'avg'
36.4175 	EXP 	window1: blendMode = 'avg'
36.4341 	EXP 	window1: blendMode = 'avg'
36.4507 	EXP 	window1: blendMode = 'avg'
36.4674 	EXP 	window1: blendMode = 'avg'
36.4841 	EXP 	window1: blendMode = 'avg'
36.5007 	EXP 	window1: blendMode = 'avg'
36.5174 	EXP 	window1: blendMode = 'avg'
36.5341 	EXP 	window1: blendMode = 'avg'
36.5507 	EXP 	window1: blendMode = 'avg'
36.5674 	EXP 	window1: blendMode = 'avg'
36.5841 	EXP 	window1: blendMode = 'avg'
36.6008 	EXP 	window1: blendMode = 'avg'
36.6174 	EXP 	window1: blendMode = 'avg'
36.6341 	EXP 	window1: blendMode = 'avg'
36.6507 	EXP 	window1: blendMode = 'avg'
36.6674 	EXP 	window1: blendMode = 'avg'
36.6843 	EXP 	window1: blendMode = 'avg'
36.7007 	EXP 	window1: blendMode = 'avg'
36.7174 	EXP 	window1: blendMode = 'avg'
36.7341 	EXP 	window1: blendMode = 'avg'
36.7507 	EXP 	window1: blendMode = 'avg'
36.7673 	EXP 	window1: blendMode = 'avg'
36.7841 	EXP 	window1: blendMode = 'avg'
36.8007 	EXP 	window1: blendMode = 'avg'
36.8173 	EXP 	window1: blendMode = 'avg'
36.8340 	EXP 	window1: blendMode = 'avg'
36.8506 	EXP 	window1: blendMode = 'avg'
36.8674 	EXP 	window1: blendMode = 'avg'
36.8841 	EXP 	window1: blendMode = 'avg'
36.9008 	EXP 	window1: blendMode = 'avg'
36.9175 	EXP 	window1: blendMode = 'avg'
36.9342 	EXP 	window1: blendMode = 'avg'
36.9509 	EXP 	window1: blendMode = 'avg'
36.9674 	EXP 	window1: blendMode = 'avg'
36.9840 	EXP 	window1: blendMode = 'avg'
37.0008 	EXP 	window1: blendMode = 'avg'
37.0175 	EXP 	window1: blendMode = 'avg'
37.0340 	EXP 	window1: blendMode = 'avg'
37.0508 	EXP 	window1: blendMode = 'avg'
37.0673 	EXP 	window1: blendMode = 'avg'
37.0842 	EXP 	window1: blendMode = 'avg'
37.1007 	EXP 	window1: blendMode = 'avg'
37.1179 	EXP 	window1: blendMode = 'avg'
37.1342 	EXP 	window1: blendMode = 'avg'
37.1507 	EXP 	window1: blendMode = 'avg'
37.1672 	EXP 	window1: blendMode = 'avg'
37.1841 	EXP 	window1: blendMode = 'avg'
37.2009 	EXP 	window1: blendMode = 'avg'
37.2174 	EXP 	window1: blendMode = 'avg'
37.2343 	EXP 	window1: blendMode = 'avg'
37.2508 	EXP 	window1: blendMode = 'avg'
37.2672 	EXP 	window1: blendMode = 'avg'
37.2840 	EXP 	window1: blendMode = 'avg'
37.3010 	EXP 	window1: blendMode = 'avg'
37.3172 	EXP 	window1: blendMode = 'avg'
37.3340 	EXP 	window1: blendMode = 'avg'
37.3506 	EXP 	window1: blendMode = 'avg'
37.3672 	EXP 	window1: blendMode = 'avg'
37.3843 	EXP 	window1: blendMode = 'avg'
37.4011 	EXP 	window1: blendMode = 'avg'
37.4175 	EXP 	window1: blendMode = 'avg'
37.4340 	EXP 	window1: blendMode = 'avg'
37.4508 	EXP 	window1: blendMode = 'avg'
37.4676 	EXP 	window1: blendMode = 'avg'
37.4839 	EXP 	window1: blendMode = 'avg'
37.5008 	EXP 	window1: blendMode = 'avg'
37.5175 	EXP 	window1: blendMode = 'avg'
37.5339 	EXP 	window1: blendMode = 'avg'
37.5507 	EXP 	window1: blendMode = 'avg'
37.5672 	EXP 	window1: blendMode = 'avg'
37.5839 	EXP 	window1: blendMode = 'avg'
37.6008 	EXP 	window1: blendMode = 'avg'
37.6171 	EXP 	window1: blendMode = 'avg'
37.6339 	EXP 	window1: blendMode = 'avg'
37.6507 	EXP 	window1: blendMode = 'avg'
37.6675 	EXP 	window1: blendMode = 'avg'
37.6840 	EXP 	window1: blendMode = 'avg'
37.7005 	EXP 	window1: blendMode = 'avg'
37.7174 	EXP 	window1: blendMode = 'avg'
37.7338 	EXP 	window1: blendMode = 'avg'
37.7504 	EXP 	window1: blendMode = 'avg'
37.7672 	EXP 	window1: blendMode = 'avg'
37.7837 	EXP 	window1: blendMode = 'avg'
37.8003 	EXP 	window1: blendMode = 'avg'
37.8170 	EXP 	window1: blendMode = 'avg'
37.8337 	EXP 	window1: blendMode = 'avg'
37.8503 	EXP 	window1: blendMode = 'avg'
37.8671 	EXP 	window1: blendMode = 'avg'
37.8840 	EXP 	window1: blendMode = 'avg'
37.9003 	EXP 	window1: blendMode = 'avg'
37.9169 	EXP 	window1: blendMode = 'avg'
37.9336 	EXP 	window1: blendMode = 'avg'
37.9507 	EXP 	window1: blendMode = 'avg'
37.9671 	EXP 	window1: blendMode = 'avg'
37.9839 	EXP 	window1: blendMode = 'avg'
38.0003 	EXP 	window1: blendMode = 'avg'
38.0170 	EXP 	window1: blendMode = 'avg'
38.0336 	EXP 	window1: blendMode = 'avg'
38.0502 	EXP 	window1: blendMode = 'avg'
38.0670 	EXP 	window1: blendMode = 'avg'
38.0836 	EXP 	window1: blendMode = 'avg'
38.1002 	EXP 	window1: blendMode = 'avg'
38.1169 	EXP 	window1: blendMode = 'avg'
38.1337 	EXP 	window1: blendMode = 'avg'
38.1502 	EXP 	window1: blendMode = 'avg'
38.1669 	EXP 	window1: blendMode = 'avg'
38.1835 	EXP 	window1: blendMode = 'avg'
38.2002 	EXP 	window1: blendMode = 'avg'
38.2170 	EXP 	window1: blendMode = 'avg'
38.2336 	EXP 	window1: blendMode = 'avg'
38.2502 	EXP 	window1: blendMode = 'avg'
38.2671 	EXP 	window1: blendMode = 'avg'
38.2836 	EXP 	window1: blendMode = 'avg'
38.3003 	EXP 	window1: blendMode = 'avg'
38.3168 	EXP 	window1: blendMode = 'avg'
38.3336 	EXP 	window1: blendMode = 'avg'
38.3502 	EXP 	window1: blendMode = 'avg'
38.3669 	EXP 	window1: blendMode = 'avg'
38.3839 	EXP 	window1: blendMode = 'avg'
38.4002 	EXP 	window1: blendMode = 'avg'
38.4170 	EXP 	window1: blendMode = 'avg'
38.4337 	EXP 	window1: blendMode = 'avg'
38.4504 	EXP 	window1: blendMode = 'avg'
38.4676 	EXP 	window1: blendMode = 'avg'
38.4836 	EXP 	window1: blendMode = 'avg'
38.5004 	EXP 	window1: blendMode = 'avg'
38.5172 	EXP 	window1: blendMode = 'avg'
38.5336 	EXP 	window1: blendMode = 'avg'
38.5504 	EXP 	window1: blendMode = 'avg'
38.5668 	EXP 	window1: blendMode = 'avg'
38.5837 	EXP 	window1: blendMode = 'avg'
38.6002 	EXP 	window1: blendMode = 'avg'
38.6171 	EXP 	window1: blendMode = 'avg'
38.6337 	EXP 	window1: blendMode = 'avg'
38.6502 	EXP 	window1: blendMode = 'avg'
38.6670 	EXP 	window1: blendMode = 'avg'
38.6836 	EXP 	window1: blendMode = 'avg'
38.7003 	EXP 	window1: blendMode = 'avg'
38.7170 	EXP 	window1: blendMode = 'avg'
38.7335 	EXP 	window1: blendMode = 'avg'
38.7506 	EXP 	window1: blendMode = 'avg'
38.7668 	EXP 	window1: blendMode = 'avg'
38.7835 	EXP 	window1: blendMode = 'avg'
38.8005 	EXP 	window1: blendMode = 'avg'
38.8171 	EXP 	window1: blendMode = 'avg'
38.8335 	EXP 	window1: blendMode = 'avg'
38.8502 	EXP 	window1: blendMode = 'avg'
38.8667 	EXP 	window1: blendMode = 'avg'
38.8834 	EXP 	window1: blendMode = 'avg'
38.9003 	EXP 	window1: blendMode = 'avg'
38.9168 	EXP 	window1: blendMode = 'avg'
38.9334 	EXP 	window1: blendMode = 'avg'
38.9502 	EXP 	window1: blendMode = 'avg'
38.9669 	EXP 	window1: blendMode = 'avg'
38.9834 	EXP 	window1: blendMode = 'avg'
39.0003 	EXP 	window1: blendMode = 'avg'
39.0167 	EXP 	window1: blendMode = 'avg'
39.0335 	EXP 	window1: blendMode = 'avg'
39.0505 	EXP 	window1: blendMode = 'avg'
39.0667 	EXP 	window1: blendMode = 'avg'
39.0834 	EXP 	window1: blendMode = 'avg'
39.1003 	EXP 	window1: blendMode = 'avg'
39.1166 	EXP 	window1: blendMode = 'avg'
39.1334 	EXP 	window1: blendMode = 'avg'
39.1502 	EXP 	window1: blendMode = 'avg'
39.1667 	EXP 	window1: blendMode = 'avg'
39.1833 	EXP 	window1: blendMode = 'avg'
39.2003 	EXP 	window1: blendMode = 'avg'
39.2167 	EXP 	window1: blendMode = 'avg'
39.2336 	EXP 	window1: blendMode = 'avg'
39.2502 	EXP 	window1: blendMode = 'avg'
39.2667 	EXP 	window1: blendMode = 'avg'
39.2834 	EXP 	window1: blendMode = 'avg'
39.3000 	EXP 	window1: blendMode = 'avg'
39.3166 	EXP 	window1: blendMode = 'avg'
39.3333 	EXP 	window1: blendMode = 'avg'
39.3498 	EXP 	window1: blendMode = 'avg'
39.3666 	EXP 	window1: blendMode = 'avg'
39.3833 	EXP 	window1: blendMode = 'avg'
39.4000 	EXP 	window1: blendMode = 'avg'
39.4166 	EXP 	window1: blendMode = 'avg'
39.4332 	EXP 	window1: blendMode = 'avg'
39.4498 	EXP 	window1: blendMode = 'avg'
39.4666 	EXP 	window1: blendMode = 'avg'
39.4831 	EXP 	window1: blendMode = 'avg'
39.5000 	EXP 	window1: blendMode = 'avg'
39.5165 	EXP 	window1: blendMode = 'avg'
39.5334 	EXP 	window1: blendMode = 'avg'
39.5497 	EXP 	window1: blendMode = 'avg'
39.5666 	EXP 	window1: blendMode = 'avg'
39.5831 	EXP 	window1: blendMode = 'avg'
39.5998 	EXP 	window1: blendMode = 'avg'
39.6165 	EXP 	window1: blendMode = 'avg'
39.6331 	EXP 	window1: blendMode = 'avg'
39.6498 	EXP 	window1: blendMode = 'avg'
39.6666 	EXP 	window1: blendMode = 'avg'
39.6832 	EXP 	window1: blendMode = 'avg'
39.6997 	EXP 	window1: blendMode = 'avg'
39.7164 	EXP 	window1: blendMode = 'avg'
39.7331 	EXP 	window1: blendMode = 'avg'
39.7497 	EXP 	window1: blendMode = 'avg'
39.7664 	EXP 	window1: blendMode = 'avg'
39.7831 	EXP 	window1: blendMode = 'avg'
39.7998 	EXP 	window1: blendMode = 'avg'
39.8164 	EXP 	window1: blendMode = 'avg'
39.8331 	EXP 	window1: blendMode = 'avg'
39.8497 	EXP 	window1: blendMode = 'avg'
39.8665 	EXP 	window1: blendMode = 'avg'
39.8830 	EXP 	window1: blendMode = 'avg'
39.8998 	EXP 	window1: blendMode = 'avg'
39.9164 	EXP 	window1: blendMode = 'avg'
39.9334 	EXP 	window1: blendMode = 'avg'
39.9499 	EXP 	window1: blendMode = 'avg'
39.9665 	EXP 	window1: blendMode = 'avg'
39.9832 	EXP 	window1: blendMode = 'avg'
40.0001 	EXP 	window1: blendMode = 'avg'
40.0167 	EXP 	window1: blendMode = 'avg'
40.0331 	EXP 	window1: blendMode = 'avg'
40.0497 	EXP 	window1: blendMode = 'avg'
40.0669 	EXP 	window1: blendMode = 'avg'
40.0831 	EXP 	window1: blendMode = 'avg'
40.0999 	EXP 	window1: blendMode = 'avg'
40.1168 	EXP 	window1: blendMode = 'avg'
40.1331 	EXP 	window1: blendMode = 'avg'
40.1499 	EXP 	window1: blendMode = 'avg'
40.1667 	EXP 	window1: blendMode = 'avg'
40.1832 	EXP 	window1: blendMode = 'avg'
40.1999 	EXP 	window1: blendMode = 'avg'
40.2166 	EXP 	window1: blendMode = 'avg'
40.2329 	EXP 	window1: blendMode = 'avg'
40.2496 	EXP 	window1: blendMode = 'avg'
40.2664 	EXP 	window1: blendMode = 'avg'
40.2835 	EXP 	window1: blendMode = 'avg'
40.3001 	EXP 	window1: blendMode = 'avg'
40.3165 	EXP 	window1: blendMode = 'avg'
40.3332 	EXP 	window1: blendMode = 'avg'
40.3496 	EXP 	window1: blendMode = 'avg'
40.3664 	EXP 	window1: blendMode = 'avg'
40.3830 	EXP 	window1: blendMode = 'avg'
40.3999 	EXP 	window1: blendMode = 'avg'
40.4163 	EXP 	window1: blendMode = 'avg'
40.4334 	EXP 	window1: blendMode = 'avg'
40.4496 	EXP 	window1: blendMode = 'avg'
40.4663 	EXP 	window1: blendMode = 'avg'
40.4831 	EXP 	window1: blendMode = 'avg'
40.4999 	EXP 	window1: blendMode = 'avg'
40.5164 	EXP 	window1: blendMode = 'avg'
40.5332 	EXP 	window1: blendMode = 'avg'
40.5497 	EXP 	window1: blendMode = 'avg'
40.5663 	EXP 	window1: blendMode = 'avg'
40.5830 	EXP 	window1: blendMode = 'avg'
40.5999 	EXP 	window1: blendMode = 'avg'
40.6162 	EXP 	window1: blendMode = 'avg'
40.6332 	EXP 	window1: blendMode = 'avg'
40.6496 	EXP 	window1: blendMode = 'avg'
40.6662 	EXP 	window1: blendMode = 'avg'
40.6838 	EXP 	window1: blendMode = 'avg'
40.6996 	EXP 	window1: blendMode = 'avg'
40.7167 	EXP 	window1: blendMode = 'avg'
40.7331 	EXP 	window1: blendMode = 'avg'
40.7499 	EXP 	window1: blendMode = 'avg'
40.7663 	EXP 	window1: blendMode = 'avg'
40.7829 	EXP 	window1: blendMode = 'avg'
40.7995 	EXP 	window1: blendMode = 'avg'
40.8161 	EXP 	window1: blendMode = 'avg'
40.8328 	EXP 	window1: blendMode = 'avg'
40.8495 	EXP 	window1: blendMode = 'avg'
40.8661 	EXP 	window1: blendMode = 'avg'
40.8828 	EXP 	window1: blendMode = 'avg'
40.8995 	EXP 	window1: blendMode = 'avg'
40.9161 	EXP 	window1: blendMode = 'avg'
40.9327 	EXP 	window1: blendMode = 'avg'
40.9494 	EXP 	window1: blendMode = 'avg'
40.9661 	EXP 	window1: blendMode = 'avg'
40.9827 	EXP 	window1: blendMode = 'avg'
40.9994 	EXP 	window1: blendMode = 'avg'
41.0159 	EXP 	window1: blendMode = 'avg'
41.0327 	EXP 	window1: blendMode = 'avg'
41.0493 	EXP 	window1: blendMode = 'avg'
41.0661 	EXP 	window1: blendMode = 'avg'
41.0826 	EXP 	window1: blendMode = 'avg'
41.0993 	EXP 	window1: blendMode = 'avg'
41.1159 	EXP 	window1: blendMode = 'avg'
41.1327 	EXP 	window1: blendMode = 'avg'
41.1492 	EXP 	window1: blendMode = 'avg'
41.1660 	EXP 	window1: blendMode = 'avg'
41.1827 	EXP 	window1: blendMode = 'avg'
41.1993 	EXP 	window1: blendMode = 'avg'
41.2161 	EXP 	window1: blendMode = 'avg'
41.2326 	EXP 	window1: blendMode = 'avg'
41.2494 	EXP 	window1: blendMode = 'avg'
41.2660 	EXP 	window1: blendMode = 'avg'
41.2827 	EXP 	window1: blendMode = 'avg'
41.2992 	EXP 	window1: blendMode = 'avg'
41.3160 	EXP 	window1: blendMode = 'avg'
41.3326 	EXP 	window1: blendMode = 'avg'
41.3492 	EXP 	window1: blendMode = 'avg'
41.3658 	EXP 	window1: blendMode = 'avg'
41.3826 	EXP 	window1: blendMode = 'avg'
41.3992 	EXP 	window1: blendMode = 'avg'
41.4159 	EXP 	window1: blendMode = 'avg'
41.4329 	EXP 	window1: blendMode = 'avg'
41.4495 	EXP 	window1: blendMode = 'avg'
41.4664 	EXP 	window1: blendMode = 'avg'
41.4826 	EXP 	window1: blendMode = 'avg'
41.4994 	EXP 	window1: blendMode = 'avg'
41.5162 	EXP 	window1: blendMode = 'avg'
41.5328 	EXP 	window1: blendMode = 'avg'
41.5493 	EXP 	window1: blendMode = 'avg'
41.5660 	EXP 	window1: blendMode = 'avg'
41.5827 	EXP 	window1: blendMode = 'avg'
41.5993 	EXP 	window1: blendMode = 'avg'
41.6160 	EXP 	window1: blendMode = 'avg'
41.6328 	EXP 	window1: blendMode = 'avg'
41.6496 	EXP 	window1: blendMode = 'avg'
41.6661 	EXP 	window1: blendMode = 'avg'
41.6830 	EXP 	window1: blendMode = 'avg'
41.6995 	EXP 	window1: blendMode = 'avg'
41.7163 	EXP 	window1: blendMode = 'avg'
41.7327 	EXP 	window1: blendMode = 'avg'
41.7496 	EXP 	window1: blendMode = 'avg'
41.7659 	EXP 	window1: blendMode = 'avg'
41.7827 	EXP 	window1: blendMode = 'avg'
41.7992 	EXP 	window1: blendMode = 'avg'
41.8159 	EXP 	window1: blendMode = 'avg'
41.8328 	EXP 	window1: blendMode = 'avg'
41.8492 	EXP 	window1: blendMode = 'avg'
41.8661 	EXP 	window1: blendMode = 'avg'
41.8827 	EXP 	window1: blendMode = 'avg'
41.8991 	EXP 	window1: blendMode = 'avg'
41.9159 	EXP 	window1: blendMode = 'avg'
41.9325 	EXP 	window1: blendMode = 'avg'
41.9494 	EXP 	window1: blendMode = 'avg'
41.9658 	EXP 	window1: blendMode = 'avg'
41.9825 	EXP 	window1: blendMode = 'avg'
41.9993 	EXP 	window1: blendMode = 'avg'
42.0161 	EXP 	window1: blendMode = 'avg'
42.0324 	EXP 	window1: blendMode = 'avg'
42.0493 	EXP 	window1: blendMode = 'avg'
42.0660 	EXP 	window1: blendMode = 'avg'
42.0824 	EXP 	window1: blendMode = 'avg'
42.0992 	EXP 	window1: blendMode = 'avg'
42.1158 	EXP 	window1: blendMode = 'avg'
42.1329 	EXP 	window1: blendMode = 'avg'
42.1491 	EXP 	window1: blendMode = 'avg'
42.1662 	EXP 	window1: blendMode = 'avg'
42.1826 	EXP 	window1: blendMode = 'avg'
42.1994 	EXP 	window1: blendMode = 'avg'
42.2159 	EXP 	window1: blendMode = 'avg'
42.2328 	EXP 	window1: blendMode = 'avg'
42.2493 	EXP 	window1: blendMode = 'avg'
42.2660 	EXP 	window1: blendMode = 'avg'
42.2824 	EXP 	window1: blendMode = 'avg'
42.2990 	EXP 	window1: blendMode = 'avg'
42.3156 	EXP 	window1: blendMode = 'avg'
42.3324 	EXP 	window1: blendMode = 'avg'
42.3489 	EXP 	window1: blendMode = 'avg'
42.3657 	EXP 	window1: blendMode = 'avg'
42.3824 	EXP 	window1: blendMode = 'avg'
42.3990 	EXP 	window1: blendMode = 'avg'
42.4155 	EXP 	window1: blendMode = 'avg'
42.4322 	EXP 	window1: blendMode = 'avg'
42.4489 	EXP 	window1: blendMode = 'avg'
42.4657 	EXP 	window1: blendMode = 'avg'
42.4833 	EXP 	window1: blendMode = 'avg'
42.4990 	EXP 	window1: blendMode = 'avg'
42.5157 	EXP 	window1: blendMode = 'avg'
42.5322 	EXP 	window1: blendMode = 'avg'
42.5490 	EXP 	window1: blendMode = 'avg'
42.5655 	EXP 	window1: blendMode = 'avg'
42.5822 	EXP 	window1: blendMode = 'avg'
42.5989 	EXP 	window1: blendMode = 'avg'
42.6155 	EXP 	window1: blendMode = 'avg'
42.6321 	EXP 	window1: blendMode = 'avg'
42.6488 	EXP 	window1: blendMode = 'avg'
42.6655 	EXP 	window1: blendMode = 'avg'
42.6822 	EXP 	window1: blendMode = 'avg'
42.6988 	EXP 	window1: blendMode = 'avg'
42.7154 	EXP 	window1: blendMode = 'avg'
42.7325 	EXP 	window1: blendMode = 'avg'
42.7487 	EXP 	window1: blendMode = 'avg'
42.7656 	EXP 	window1: blendMode = 'avg'
42.7822 	EXP 	window1: blendMode = 'avg'
42.7989 	EXP 	window1: blendMode = 'avg'
42.8153 	EXP 	window1: blendMode = 'avg'
42.8321 	EXP 	window1: blendMode = 'avg'
42.8487 	EXP 	window1: blendMode = 'avg'
42.8654 	EXP 	window1: blendMode = 'avg'
42.8822 	EXP 	window1: blendMode = 'avg'
42.8989 	EXP 	window1: blendMode = 'avg'
42.9157 	EXP 	window1: blendMode = 'avg'
42.9326 	EXP 	window1: blendMode = 'avg'
42.9488 	EXP 	window1: blendMode = 'avg'
42.9658 	EXP 	window1: blendMode = 'avg'
42.9822 	EXP 	window1: blendMode = 'avg'
42.9992 	EXP 	window1: blendMode = 'avg'
43.0159 	EXP 	window1: blendMode = 'avg'
43.0322 	EXP 	window1: blendMode = 'avg'
43.0491 	EXP 	window1: blendMode = 'avg'
43.0655 	EXP 	window1: blendMode = 'avg'
43.0822 	EXP 	window1: blendMode = 'avg'
43.0992 	EXP 	window1: blendMode = 'avg'
43.1157 	EXP 	window1: blendMode = 'avg'
43.1325 	EXP 	window1: blendMode = 'avg'
43.1487 	EXP 	window1: blendMode = 'avg'
43.1656 	EXP 	window1: blendMode = 'avg'
43.1824 	EXP 	window1: blendMode = 'avg'
43.1989 	EXP 	window1: blendMode = 'avg'
43.2154 	EXP 	window1: blendMode = 'avg'
43.2321 	EXP 	window1: blendMode = 'avg'
43.2488 	EXP 	window1: blendMode = 'avg'
43.2661 	EXP 	window1: blendMode = 'avg'
43.2821 	EXP 	window1: blendMode = 'avg'
43.2990 	EXP 	window1: blendMode = 'avg'
43.3155 	EXP 	window1: blendMode = 'avg'
43.3321 	EXP 	window1: blendMode = 'avg'
43.3488 	EXP 	window1: blendMode = 'avg'
43.3660 	EXP 	window1: blendMode = 'avg'
43.3822 	EXP 	window1: blendMode = 'avg'
43.3988 	EXP 	window1: blendMode = 'avg'
43.4155 	EXP 	window1: blendMode = 'avg'
43.4325 	EXP 	window1: blendMode = 'avg'
43.4488 	EXP 	window1: blendMode = 'avg'
43.4658 	EXP 	window1: blendMode = 'avg'
43.4821 	EXP 	window1: blendMode = 'avg'
43.4999 	EXP 	window1: blendMode = 'avg'
43.5154 	EXP 	window1: blendMode = 'avg'
43.5322 	EXP 	window1: blendMode = 'avg'
43.5488 	EXP 	window1: blendMode = 'avg'
43.5660 	EXP 	window1: blendMode = 'avg'
43.5844 	EXP 	window1: blendMode = 'avg'
43.6013 	EXP 	window1: blendMode = 'avg'
43.6157 	EXP 	window1: blendMode = 'avg'
43.6324 	EXP 	window1: blendMode = 'avg'
43.6497 	EXP 	window1: blendMode = 'avg'
43.6655 	EXP 	window1: blendMode = 'avg'
43.6827 	EXP 	window1: blendMode = 'avg'
43.6989 	EXP 	window1: blendMode = 'avg'
43.7154 	EXP 	window1: blendMode = 'avg'
43.7328 	EXP 	window1: blendMode = 'avg'
43.7488 	EXP 	window1: blendMode = 'avg'
43.7657 	EXP 	window1: blendMode = 'avg'
43.7825 	EXP 	window1: blendMode = 'avg'
43.7988 	EXP 	window1: blendMode = 'avg'
43.8152 	EXP 	window1: blendMode = 'avg'
43.8318 	EXP 	window1: blendMode = 'avg'
43.8485 	EXP 	window1: blendMode = 'avg'
43.8652 	EXP 	window1: blendMode = 'avg'
43.8818 	EXP 	window1: blendMode = 'avg'
43.8986 	EXP 	window1: blendMode = 'avg'
43.9152 	EXP 	window1: blendMode = 'avg'
43.9321 	EXP 	window1: blendMode = 'avg'
43.9489 	EXP 	window1: blendMode = 'avg'
43.9656 	EXP 	window1: blendMode = 'avg'
43.9817 	EXP 	window1: blendMode = 'avg'
43.9985 	EXP 	window1: blendMode = 'avg'
44.0152 	EXP 	window1: blendMode = 'avg'
44.0319 	EXP 	window1: blendMode = 'avg'
44.0489 	EXP 	window1: blendMode = 'avg'
44.0656 	EXP 	window1: blendMode = 'avg'
44.0823 	EXP 	window1: blendMode = 'avg'
44.0989 	EXP 	window1: blendMode = 'avg'
44.1157 	EXP 	window1: blendMode = 'avg'
44.1317 	EXP 	window1: blendMode = 'avg'
44.1484 	EXP 	window1: blendMode = 'avg'
44.1651 	EXP 	window1: blendMode = 'avg'
44.1817 	EXP 	window1: blendMode = 'avg'
44.1984 	EXP 	window1: blendMode = 'avg'
44.2153 	EXP 	window1: blendMode = 'avg'
44.2317 	EXP 	window1: blendMode = 'avg'
44.2497 	EXP 	window1: blendMode = 'avg'
44.2651 	EXP 	window1: blendMode = 'avg'
44.2818 	EXP 	window1: blendMode = 'avg'
44.2984 	EXP 	window1: blendMode = 'avg'
44.3150 	EXP 	window1: blendMode = 'avg'
44.3324 	EXP 	window1: blendMode = 'avg'
44.3483 	EXP 	window1: blendMode = 'avg'
44.3650 	EXP 	window1: blendMode = 'avg'
44.3817 	EXP 	window1: blendMode = 'avg'
44.3983 	EXP 	window1: blendMode = 'avg'
44.4152 	EXP 	window1: blendMode = 'avg'
44.4320 	EXP 	window1: blendMode = 'avg'
44.4485 	EXP 	window1: blendMode = 'avg'
44.4650 	EXP 	window1: blendMode = 'avg'
44.4819 	EXP 	window1: blendMode = 'avg'
44.4986 	EXP 	window1: blendMode = 'avg'
44.5153 	EXP 	window1: blendMode = 'avg'
44.5324 	EXP 	window1: blendMode = 'avg'
44.5486 	EXP 	window1: blendMode = 'avg'
44.5651 	EXP 	window1: blendMode = 'avg'
44.5818 	EXP 	window1: blendMode = 'avg'
44.5983 	EXP 	window1: blendMode = 'avg'
44.6151 	EXP 	window1: blendMode = 'avg'
44.6316 	EXP 	window1: blendMode = 'avg'
44.6484 	EXP 	window1: blendMode = 'avg'
44.6652 	EXP 	window1: blendMode = 'avg'
44.6824 	EXP 	window1: blendMode = 'avg'
44.6984 	EXP 	window1: blendMode = 'avg'
44.7151 	EXP 	window1: blendMode = 'avg'
44.7316 	EXP 	window1: blendMode = 'avg'
44.7486 	EXP 	window1: blendMode = 'avg'
44.7650 	EXP 	window1: blendMode = 'avg'
44.7822 	EXP 	window1: blendMode = 'avg'
44.7988 	EXP 	window1: blendMode = 'avg'
44.8155 	EXP 	window1: blendMode = 'avg'
44.8318 	EXP 	window1: blendMode = 'avg'
44.8489 	EXP 	window1: blendMode = 'avg'
44.8663 	EXP 	window1: blendMode = 'avg'
44.8819 	EXP 	window1: blendMode = 'avg'
44.8983 	EXP 	window1: blendMode = 'avg'
44.9153 	EXP 	window1: blendMode = 'avg'
44.9317 	EXP 	window1: blendMode = 'avg'
44.9488 	EXP 	window1: blendMode = 'avg'
44.9653 	EXP 	window1: blendMode = 'avg'
44.9817 	EXP 	window1: blendMode = 'avg'
44.9984 	EXP 	window1: blendMode = 'avg'
45.0156 	EXP 	window1: blendMode = 'avg'
45.0315 	EXP 	window1: blendMode = 'avg'
45.0481 	EXP 	window1: blendMode = 'avg'
45.0650 	EXP 	window1: blendMode = 'avg'
45.0821 	EXP 	window1: blendMode = 'avg'
45.0983 	EXP 	window1: blendMode = 'avg'
45.1148 	EXP 	window1: blendMode = 'avg'
45.1315 	EXP 	window1: blendMode = 'avg'
45.1481 	EXP 	window1: blendMode = 'avg'
45.1653 	EXP 	window1: blendMode = 'avg'
45.1816 	EXP 	window1: blendMode = 'avg'
45.1983 	EXP 	window1: blendMode = 'avg'
45.2153 	EXP 	window1: blendMode = 'avg'
45.2316 	EXP 	window1: blendMode = 'avg'
45.2482 	EXP 	window1: blendMode = 'avg'
45.2652 	EXP 	window1: blendMode = 'avg'
45.2814 	EXP 	window1: blendMode = 'avg'
45.2980 	EXP 	window1: blendMode = 'avg'
45.3146 	EXP 	window1: blendMode = 'avg'
45.3313 	EXP 	window1: blendMode = 'avg'
45.3481 	EXP 	window1: blendMode = 'avg'
45.3646 	EXP 	window1: blendMode = 'avg'
45.3813 	EXP 	window1: blendMode = 'avg'
45.3981 	EXP 	window1: blendMode = 'avg'
45.4146 	EXP 	window1: blendMode = 'avg'
45.4315 	EXP 	window1: blendMode = 'avg'
45.4480 	EXP 	window1: blendMode = 'avg'
45.4648 	EXP 	window1: blendMode = 'avg'
45.4813 	EXP 	window1: blendMode = 'avg'
45.4979 	EXP 	window1: blendMode = 'avg'
45.5146 	EXP 	window1: blendMode = 'avg'
45.5313 	EXP 	window1: blendMode = 'avg'
45.5480 	EXP 	window1: blendMode = 'avg'
45.5645 	EXP 	window1: blendMode = 'avg'
45.5812 	EXP 	window1: blendMode = 'avg'
45.5980 	EXP 	window1: blendMode = 'avg'
45.6146 	EXP 	window1: blendMode = 'avg'
45.6314 	EXP 	window1: blendMode = 'avg'
45.6479 	EXP 	window1: blendMode = 'avg'
45.6645 	EXP 	window1: blendMode = 'avg'
45.6815 	EXP 	window1: blendMode = 'avg'
45.6979 	EXP 	window1: blendMode = 'avg'
45.7145 	EXP 	window1: blendMode = 'avg'
45.7312 	EXP 	window1: blendMode = 'avg'
45.7479 	EXP 	window1: blendMode = 'avg'
45.7645 	EXP 	window1: blendMode = 'avg'
45.7813 	EXP 	window1: blendMode = 'avg'
45.7978 	EXP 	window1: blendMode = 'avg'
45.8146 	EXP 	window1: blendMode = 'avg'
45.8312 	EXP 	window1: blendMode = 'avg'
45.8479 	EXP 	window1: blendMode = 'avg'
45.8645 	EXP 	window1: blendMode = 'avg'
45.8812 	EXP 	window1: blendMode = 'avg'
45.8978 	EXP 	window1: blendMode = 'avg'
45.9149 	EXP 	window1: blendMode = 'avg'
45.9315 	EXP 	window1: blendMode = 'avg'
45.9480 	EXP 	window1: blendMode = 'avg'
45.9646 	EXP 	window1: blendMode = 'avg'
45.9812 	EXP 	window1: blendMode = 'avg'
45.9980 	EXP 	window1: blendMode = 'avg'
46.0148 	EXP 	window1: blendMode = 'avg'
46.0312 	EXP 	window1: blendMode = 'avg'
46.0481 	EXP 	window1: blendMode = 'avg'
46.0647 	EXP 	window1: blendMode = 'avg'
46.0816 	EXP 	window1: blendMode = 'avg'
46.0978 	EXP 	window1: blendMode = 'avg'
46.1149 	EXP 	window1: blendMode = 'avg'
46.1312 	EXP 	window1: blendMode = 'avg'
46.1481 	EXP 	window1: blendMode = 'avg'
46.1647 	EXP 	window1: blendMode = 'avg'
46.1812 	EXP 	window1: blendMode = 'avg'
46.1982 	EXP 	window1: blendMode = 'avg'
46.2145 	EXP 	window1: blendMode = 'avg'
46.2314 	EXP 	window1: blendMode = 'avg'
46.2480 	EXP 	window1: blendMode = 'avg'
46.2647 	EXP 	window1: blendMode = 'avg'
46.2812 	EXP 	window1: blendMode = 'avg'
46.2980 	EXP 	window1: blendMode = 'avg'
46.3145 	EXP 	window1: blendMode = 'avg'
46.3312 	EXP 	window1: blendMode = 'avg'
46.3478 	EXP 	window1: blendMode = 'avg'
46.3644 	EXP 	window1: blendMode = 'avg'
46.3812 	EXP 	window1: blendMode = 'avg'
46.3978 	EXP 	window1: blendMode = 'avg'
46.4145 	EXP 	window1: blendMode = 'avg'
46.4313 	EXP 	window1: blendMode = 'avg'
46.4477 	EXP 	window1: blendMode = 'avg'
46.4648 	EXP 	window1: blendMode = 'avg'
46.4812 	EXP 	window1: blendMode = 'avg'
46.4978 	EXP 	window1: blendMode = 'avg'
46.5148 	EXP 	window1: blendMode = 'avg'
46.5312 	EXP 	window1: blendMode = 'avg'
46.5477 	EXP 	window1: blendMode = 'avg'
46.5646 	EXP 	window1: blendMode = 'avg'
46.5813 	EXP 	window1: blendMode = 'avg'
46.5978 	EXP 	window1: blendMode = 'avg'
46.6147 	EXP 	window1: blendMode = 'avg'
46.6311 	EXP 	window1: blendMode = 'avg'
46.6477 	EXP 	window1: blendMode = 'avg'
46.6647 	EXP 	window1: blendMode = 'avg'
46.6813 	EXP 	window1: blendMode = 'avg'
46.6977 	EXP 	window1: blendMode = 'avg'
46.7146 	EXP 	window1: blendMode = 'avg'
46.7313 	EXP 	window1: blendMode = 'avg'
46.7477 	EXP 	window1: blendMode = 'avg'
46.7644 	EXP 	window1: blendMode = 'avg'
46.7812 	EXP 	window1: blendMode = 'avg'
46.7976 	EXP 	window1: blendMode = 'avg'
46.8143 	EXP 	window1: blendMode = 'avg'
46.8310 	EXP 	window1: blendMode = 'avg'
46.8477 	EXP 	window1: blendMode = 'avg'
46.8641 	EXP 	window1: blendMode = 'avg'
46.8809 	EXP 	window1: blendMode = 'avg'
46.8976 	EXP 	window1: blendMode = 'avg'
46.9141 	EXP 	window1: blendMode = 'avg'
46.9310 	EXP 	window1: blendMode = 'avg'
46.9475 	EXP 	window1: blendMode = 'avg'
46.9642 	EXP 	window1: blendMode = 'avg'
46.9809 	EXP 	window1: blendMode = 'avg'
46.9977 	EXP 	window1: blendMode = 'avg'
47.0141 	EXP 	window1: blendMode = 'avg'
47.0308 	EXP 	window1: blendMode = 'avg'
47.0475 	EXP 	window1: blendMode = 'avg'
47.0642 	EXP 	window1: blendMode = 'avg'
47.0808 	EXP 	window1: blendMode = 'avg'
47.0975 	EXP 	window1: blendMode = 'avg'
47.1141 	EXP 	window1: blendMode = 'avg'
47.1307 	EXP 	window1: blendMode = 'avg'
47.1475 	EXP 	window1: blendMode = 'avg'
47.1641 	EXP 	window1: blendMode = 'avg'
47.1808 	EXP 	window1: blendMode = 'avg'
47.1975 	EXP 	window1: blendMode = 'avg'
47.2141 	EXP 	window1: blendMode = 'avg'
47.2307 	EXP 	window1: blendMode = 'avg'
47.2475 	EXP 	window1: blendMode = 'avg'
47.2641 	EXP 	window1: blendMode = 'avg'
47.2807 	EXP 	window1: blendMode = 'avg'
47.2974 	EXP 	window1: blendMode = 'avg'
47.3141 	EXP 	window1: blendMode = 'avg'
47.3307 	EXP 	window1: blendMode = 'avg'
47.3474 	EXP 	window1: blendMode = 'avg'
47.3641 	EXP 	window1: blendMode = 'avg'
47.3809 	EXP 	window1: blendMode = 'avg'
47.3973 	EXP 	window1: blendMode = 'avg'
47.4141 	EXP 	window1: blendMode = 'avg'
47.4309 	EXP 	window1: blendMode = 'avg'
47.4476 	EXP 	window1: blendMode = 'avg'
47.4642 	EXP 	window1: blendMode = 'avg'
47.4809 	EXP 	window1: blendMode = 'avg'
47.4978 	EXP 	window1: blendMode = 'avg'
47.5141 	EXP 	window1: blendMode = 'avg'
47.5311 	EXP 	window1: blendMode = 'avg'
47.5478 	EXP 	window1: blendMode = 'avg'
47.5641 	EXP 	window1: blendMode = 'avg'
47.5809 	EXP 	window1: blendMode = 'avg'
47.5976 	EXP 	window1: blendMode = 'avg'
47.6141 	EXP 	window1: blendMode = 'avg'
47.6309 	EXP 	window1: blendMode = 'avg'
47.6475 	EXP 	window1: blendMode = 'avg'
47.6645 	EXP 	window1: blendMode = 'avg'
47.6807 	EXP 	window1: blendMode = 'avg'
47.6973 	EXP 	window1: blendMode = 'avg'
47.7143 	EXP 	window1: blendMode = 'avg'
47.7308 	EXP 	window1: blendMode = 'avg'
47.7474 	EXP 	window1: blendMode = 'avg'
47.7640 	EXP 	window1: blendMode = 'avg'
47.7807 	EXP 	window1: blendMode = 'avg'
47.7973 	EXP 	window1: blendMode = 'avg'
47.8142 	EXP 	window1: blendMode = 'avg'
47.8307 	EXP 	window1: blendMode = 'avg'
47.8477 	EXP 	window1: blendMode = 'avg'
47.8642 	EXP 	window1: blendMode = 'avg'
47.8809 	EXP 	window1: blendMode = 'avg'
47.8973 	EXP 	window1: blendMode = 'avg'
47.9141 	EXP 	window1: blendMode = 'avg'
47.9306 	EXP 	window1: blendMode = 'avg'
47.9473 	EXP 	window1: blendMode = 'avg'
47.9643 	EXP 	window1: blendMode = 'avg'
47.9808 	EXP 	window1: blendMode = 'avg'
47.9975 	EXP 	window1: blendMode = 'avg'
48.0139 	EXP 	window1: blendMode = 'avg'
48.0306 	EXP 	window1: blendMode = 'avg'
48.0478 	EXP 	window1: blendMode = 'avg'
48.0645 	EXP 	window1: blendMode = 'avg'
48.0806 	EXP 	window1: blendMode = 'avg'
48.0972 	EXP 	window1: blendMode = 'avg'
48.1141 	EXP 	window1: blendMode = 'avg'
48.1308 	EXP 	window1: blendMode = 'avg'
48.1473 	EXP 	window1: blendMode = 'avg'
48.1641 	EXP 	window1: blendMode = 'avg'
48.1805 	EXP 	window1: blendMode = 'avg'
48.1975 	EXP 	window1: blendMode = 'avg'
48.2141 	EXP 	window1: blendMode = 'avg'
48.2305 	EXP 	window1: blendMode = 'avg'
48.2472 	EXP 	window1: blendMode = 'avg'
48.2639 	EXP 	window1: blendMode = 'avg'
48.2807 	EXP 	window1: blendMode = 'avg'
48.2971 	EXP 	window1: blendMode = 'avg'
48.3140 	EXP 	window1: blendMode = 'avg'
48.3304 	EXP 	window1: blendMode = 'avg'
48.3472 	EXP 	window1: blendMode = 'avg'
48.3637 	EXP 	window1: blendMode = 'avg'
48.3804 	EXP 	window1: blendMode = 'avg'
48.3970 	EXP 	window1: blendMode = 'avg'
48.4137 	EXP 	window1: blendMode = 'avg'
48.4305 	EXP 	window1: blendMode = 'avg'
48.4470 	EXP 	window1: blendMode = 'avg'
48.4637 	EXP 	window1: blendMode = 'avg'
48.4803 	EXP 	window1: blendMode = 'avg'
48.4974 	EXP 	window1: blendMode = 'avg'
48.5139 	EXP 	window1: blendMode = 'avg'
48.5303 	EXP 	window1: blendMode = 'avg'
48.5470 	EXP 	window1: blendMode = 'avg'
48.5638 	EXP 	window1: blendMode = 'avg'
48.5804 	EXP 	window1: blendMode = 'avg'
48.5972 	EXP 	window1: blendMode = 'avg'
48.6136 	EXP 	window1: blendMode = 'avg'
48.6304 	EXP 	window1: blendMode = 'avg'
48.6471 	EXP 	window1: blendMode = 'avg'
48.6636 	EXP 	window1: blendMode = 'avg'
48.6803 	EXP 	window1: blendMode = 'avg'
48.6970 	EXP 	window1: blendMode = 'avg'
48.7136 	EXP 	window1: blendMode = 'avg'
48.7303 	EXP 	window1: blendMode = 'avg'
48.7469 	EXP 	window1: blendMode = 'avg'
48.7635 	EXP 	window1: blendMode = 'avg'
48.7803 	EXP 	window1: blendMode = 'avg'
48.7970 	EXP 	window1: blendMode = 'avg'
48.8135 	EXP 	window1: blendMode = 'avg'
48.8302 	EXP 	window1: blendMode = 'avg'
48.8469 	EXP 	window1: blendMode = 'avg'
48.8636 	EXP 	window1: blendMode = 'avg'
48.8802 	EXP 	window1: blendMode = 'avg'
48.8970 	EXP 	window1: blendMode = 'avg'
48.9136 	EXP 	window1: blendMode = 'avg'
48.9306 	EXP 	window1: blendMode = 'avg'
48.9473 	EXP 	window1: blendMode = 'avg'
48.9636 	EXP 	window1: blendMode = 'avg'
48.9806 	EXP 	window1: blendMode = 'avg'
48.9971 	EXP 	window1: blendMode = 'avg'
49.0139 	EXP 	window1: blendMode = 'avg'
49.0305 	EXP 	window1: blendMode = 'avg'
49.0473 	EXP 	window1: blendMode = 'avg'
49.0637 	EXP 	window1: blendMode = 'avg'
49.0803 	EXP 	window1: blendMode = 'avg'
49.0973 	EXP 	window1: blendMode = 'avg'
49.1141 	EXP 	window1: blendMode = 'avg'
49.1307 	EXP 	window1: blendMode = 'avg'
49.1469 	EXP 	window1: blendMode = 'avg'
49.1636 	EXP 	window1: blendMode = 'avg'
49.1802 	EXP 	window1: blendMode = 'avg'
49.1969 	EXP 	window1: blendMode = 'avg'
49.2136 	EXP 	window1: blendMode = 'avg'
49.2302 	EXP 	window1: blendMode = 'avg'
49.2469 	EXP 	window1: blendMode = 'avg'
49.2638 	EXP 	window1: blendMode = 'avg'
49.2803 	EXP 	window1: blendMode = 'avg'
49.2971 	EXP 	window1: blendMode = 'avg'
49.3139 	EXP 	window1: blendMode = 'avg'
49.3302 	EXP 	window1: blendMode = 'avg'
49.3469 	EXP 	window1: blendMode = 'avg'
49.3637 	EXP 	window1: blendMode = 'avg'
49.3802 	EXP 	window1: blendMode = 'avg'
49.3970 	EXP 	window1: blendMode = 'avg'
49.4139 	EXP 	window1: blendMode = 'avg'
49.4304 	EXP 	window1: blendMode = 'avg'
49.4471 	EXP 	window1: blendMode = 'avg'
49.4636 	EXP 	window1: blendMode = 'avg'
49.4805 	EXP 	window1: blendMode = 'avg'
49.4972 	EXP 	window1: blendMode = 'avg'
49.5136 	EXP 	window1: blendMode = 'avg'
49.5301 	EXP 	window1: blendMode = 'avg'
49.5469 	EXP 	window1: blendMode = 'avg'
49.5635 	EXP 	window1: blendMode = 'avg'
49.5804 	EXP 	window1: blendMode = 'avg'
49.5970 	EXP 	window1: blendMode = 'avg'
49.6137 	EXP 	window1: blendMode = 'avg'
49.6300 	EXP 	window1: blendMode = 'avg'
49.6471 	EXP 	window1: blendMode = 'avg'
49.6637 	EXP 	window1: blendMode = 'avg'
49.6803 	EXP 	window1: blendMode = 'avg'
49.6971 	EXP 	window1: blendMode = 'avg'
49.7144 	EXP 	window1: blendMode = 'avg'
49.7304 	EXP 	window1: blendMode = 'avg'
49.7469 	EXP 	window1: blendMode = 'avg'
49.7636 	EXP 	window1: blendMode = 'avg'
49.7802 	EXP 	window1: blendMode = 'avg'
49.7967 	EXP 	window1: blendMode = 'avg'
49.8133 	EXP 	window1: blendMode = 'avg'
49.8300 	EXP 	window1: blendMode = 'avg'
49.8467 	EXP 	window1: blendMode = 'avg'
49.8634 	EXP 	window1: blendMode = 'avg'
49.8799 	EXP 	window1: blendMode = 'avg'
49.8965 	EXP 	window1: blendMode = 'avg'
49.9133 	EXP 	window1: blendMode = 'avg'
49.9300 	EXP 	window1: blendMode = 'avg'
49.9468 	EXP 	window1: blendMode = 'avg'
49.9632 	EXP 	window1: blendMode = 'avg'
49.9800 	EXP 	window1: blendMode = 'avg'
49.9966 	EXP 	window1: blendMode = 'avg'
50.0132 	EXP 	window1: blendMode = 'avg'
50.0299 	EXP 	window1: blendMode = 'avg'
50.0465 	EXP 	window1: blendMode = 'avg'
50.0632 	EXP 	window1: blendMode = 'avg'
50.0800 	EXP 	window1: blendMode = 'avg'
50.0965 	EXP 	window1: blendMode = 'avg'
50.1132 	EXP 	window1: blendMode = 'avg'
50.1298 	EXP 	window1: blendMode = 'avg'
50.1466 	EXP 	window1: blendMode = 'avg'
50.1631 	EXP 	window1: blendMode = 'avg'
50.1803 	EXP 	window1: blendMode = 'avg'
50.1968 	EXP 	window1: blendMode = 'avg'
50.2132 	EXP 	window1: blendMode = 'avg'
50.2299 	EXP 	window1: blendMode = 'avg'
50.2467 	EXP 	window1: blendMode = 'avg'
50.2631 	EXP 	window1: blendMode = 'avg'
50.2798 	EXP 	window1: blendMode = 'avg'
50.2966 	EXP 	window1: blendMode = 'avg'
50.3131 	EXP 	window1: blendMode = 'avg'
50.3297 	EXP 	window1: blendMode = 'avg'
50.3465 	EXP 	window1: blendMode = 'avg'
50.3630 	EXP 	window1: blendMode = 'avg'
50.3797 	EXP 	window1: blendMode = 'avg'
50.3964 	EXP 	window1: blendMode = 'avg'
50.4132 	EXP 	window1: blendMode = 'avg'
50.4299 	EXP 	window1: blendMode = 'avg'
50.4468 	EXP 	window1: blendMode = 'avg'
50.4632 	EXP 	window1: blendMode = 'avg'
50.4799 	EXP 	window1: blendMode = 'avg'
50.4970 	EXP 	window1: blendMode = 'avg'
50.5134 	EXP 	window1: blendMode = 'avg'
50.5298 	EXP 	window1: blendMode = 'avg'
50.5465 	EXP 	window1: blendMode = 'avg'
50.5631 	EXP 	window1: blendMode = 'avg'
50.5798 	EXP 	window1: blendMode = 'avg'
50.5967 	EXP 	window1: blendMode = 'avg'
50.6132 	EXP 	window1: blendMode = 'avg'
50.6299 	EXP 	window1: blendMode = 'avg'
50.6465 	EXP 	window1: blendMode = 'avg'
50.6632 	EXP 	window1: blendMode = 'avg'
50.6802 	EXP 	window1: blendMode = 'avg'
50.6972 	EXP 	window1: blendMode = 'avg'
50.7134 	EXP 	window1: blendMode = 'avg'
50.7298 	EXP 	window1: blendMode = 'avg'
50.7465 	EXP 	window1: blendMode = 'avg'
50.7636 	EXP 	window1: blendMode = 'avg'
50.7800 	EXP 	window1: blendMode = 'avg'
50.7964 	EXP 	window1: blendMode = 'avg'
50.8131 	EXP 	window1: blendMode = 'avg'
50.8297 	EXP 	window1: blendMode = 'avg'
50.8466 	EXP 	window1: blendMode = 'avg'
50.8633 	EXP 	window1: blendMode = 'avg'
50.8799 	EXP 	window1: blendMode = 'avg'
50.8965 	EXP 	window1: blendMode = 'avg'
50.9133 	EXP 	window1: blendMode = 'avg'
50.9299 	EXP 	window1: blendMode = 'avg'
50.9463 	EXP 	window1: blendMode = 'avg'
50.9631 	EXP 	window1: blendMode = 'avg'
50.9797 	EXP 	window1: blendMode = 'avg'
50.9964 	EXP 	window1: blendMode = 'avg'
51.0132 	EXP 	window1: blendMode = 'avg'
51.0297 	EXP 	window1: blendMode = 'avg'
51.0464 	EXP 	window1: blendMode = 'avg'
51.0634 	EXP 	window1: blendMode = 'avg'
51.0796 	EXP 	window1: blendMode = 'avg'
51.0965 	EXP 	window1: blendMode = 'avg'
51.1133 	EXP 	window1: blendMode = 'avg'
51.1298 	EXP 	window1: blendMode = 'avg'
51.1464 	EXP 	window1: blendMode = 'avg'
51.1635 	EXP 	window1: blendMode = 'avg'
51.1797 	EXP 	window1: blendMode = 'avg'
51.1962 	EXP 	window1: blendMode = 'avg'
51.2130 	EXP 	window1: blendMode = 'avg'
51.2299 	EXP 	window1: blendMode = 'avg'
51.2464 	EXP 	window1: blendMode = 'avg'
51.2640 	EXP 	window1: blendMode = 'avg'
51.2808 	EXP 	window1: blendMode = 'avg'
51.2962 	EXP 	window1: blendMode = 'avg'
51.3130 	EXP 	window1: blendMode = 'avg'
51.3294 	EXP 	window1: blendMode = 'avg'
51.3461 	EXP 	window1: blendMode = 'avg'
51.3627 	EXP 	window1: blendMode = 'avg'
51.3795 	EXP 	window1: blendMode = 'avg'
51.3961 	EXP 	window1: blendMode = 'avg'
51.4128 	EXP 	window1: blendMode = 'avg'
51.4294 	EXP 	window1: blendMode = 'avg'
51.4461 	EXP 	window1: blendMode = 'avg'
51.4627 	EXP 	window1: blendMode = 'avg'
51.4796 	EXP 	window1: blendMode = 'avg'
51.4961 	EXP 	window1: blendMode = 'avg'
51.5128 	EXP 	window1: blendMode = 'avg'
51.5294 	EXP 	window1: blendMode = 'avg'
51.5461 	EXP 	window1: blendMode = 'avg'
51.5627 	EXP 	window1: blendMode = 'avg'
51.5794 	EXP 	window1: blendMode = 'avg'
51.5960 	EXP 	window1: blendMode = 'avg'
51.6127 	EXP 	window1: blendMode = 'avg'
51.6293 	EXP 	window1: blendMode = 'avg'
51.6461 	EXP 	window1: blendMode = 'avg'
51.6628 	EXP 	window1: blendMode = 'avg'
51.6794 	EXP 	window1: blendMode = 'avg'
51.6961 	EXP 	window1: blendMode = 'avg'
51.7128 	EXP 	window1: blendMode = 'avg'
51.7295 	EXP 	window1: blendMode = 'avg'
51.7461 	EXP 	window1: blendMode = 'avg'
51.7627 	EXP 	window1: blendMode = 'avg'
51.7797 	EXP 	window1: blendMode = 'avg'
51.7960 	EXP 	window1: blendMode = 'avg'
51.8126 	EXP 	window1: blendMode = 'avg'
51.8292 	EXP 	window1: blendMode = 'avg'
51.8461 	EXP 	window1: blendMode = 'avg'
51.8626 	EXP 	window1: blendMode = 'avg'
51.8795 	EXP 	window1: blendMode = 'avg'
51.8962 	EXP 	window1: blendMode = 'avg'
51.9127 	EXP 	window1: blendMode = 'avg'
51.9297 	EXP 	window1: blendMode = 'avg'
51.9474 	EXP 	window1: blendMode = 'avg'
51.9627 	EXP 	window1: blendMode = 'avg'
51.9794 	EXP 	window1: blendMode = 'avg'
51.9964 	EXP 	window1: blendMode = 'avg'
52.0130 	EXP 	window1: blendMode = 'avg'
52.0297 	EXP 	window1: blendMode = 'avg'
52.0463 	EXP 	window1: blendMode = 'avg'
52.0628 	EXP 	window1: blendMode = 'avg'
52.0796 	EXP 	window1: blendMode = 'avg'
52.0960 	EXP 	window1: blendMode = 'avg'
52.1129 	EXP 	window1: blendMode = 'avg'
52.1305 	EXP 	window1: blendMode = 'avg'
52.1461 	EXP 	window1: blendMode = 'avg'
52.1627 	EXP 	window1: blendMode = 'avg'
52.1797 	EXP 	window1: blendMode = 'avg'
52.1963 	EXP 	window1: blendMode = 'avg'
52.2128 	EXP 	window1: blendMode = 'avg'
52.2295 	EXP 	window1: blendMode = 'avg'
52.2460 	EXP 	window1: blendMode = 'avg'
52.2628 	EXP 	window1: blendMode = 'avg'
52.2793 	EXP 	window1: blendMode = 'avg'
52.2962 	EXP 	window1: blendMode = 'avg'
52.3129 	EXP 	window1: blendMode = 'avg'
52.3296 	EXP 	window1: blendMode = 'avg'
52.3460 	EXP 	window1: blendMode = 'avg'
52.3630 	EXP 	window1: blendMode = 'avg'
52.3795 	EXP 	window1: blendMode = 'avg'
52.3961 	EXP 	window1: blendMode = 'avg'
52.4128 	EXP 	window1: blendMode = 'avg'
52.4294 	EXP 	window1: blendMode = 'avg'
52.4461 	EXP 	window1: blendMode = 'avg'
52.4627 	EXP 	window1: blendMode = 'avg'
52.4837 	DATA 	Mouse: Left button down, pos=(847,715)
52.4849 	EXP 	window1: blendMode = 'avg'
52.4961 	EXP 	window1: blendMode = 'avg'
52.5125 	EXP 	window1: blendMode = 'avg'
52.5290 	DATA 	Mouse:  Left button up, pos=(847,715)
52.5305 	EXP 	window1: blendMode = 'avg'
52.5459 	EXP 	window1: blendMode = 'avg'
52.5627 	EXP 	window1: blendMode = 'avg'
52.5792 	EXP 	window1: blendMode = 'avg'
52.5960 	EXP 	window1: blendMode = 'avg'
52.6129 	EXP 	window1: blendMode = 'avg'
52.6295 	EXP 	window1: blendMode = 'avg'
52.6462 	DATA 	Keypress: space
52.6900 	EXP 	Imported trials_R_reduced.xlsx as conditions, 15 conditions, 4 params
52.6910 	EXP 	Created sequence: sequential, trialTypes=15, nReps=1, seed=None
52.6924 	EXP 	New trial (rep=0, index=0): {'blue': 0.0, 'trial': 1, 'green': 0.67439314164221287, 'red': 1.0}
52.7147 	EXP 	window1: recordFrameIntervals = False
52.7165 	EXP 	window1: blendMode = 'avg'
52.7220 	EXP 	text: autoDraw = False
52.7220 	EXP 	polygon_2: fillColor = '[ 1.          0.67439314  0.        ] (rgb)'
52.7220 	EXP 	polygon_2: lineColor = '[ 1.          0.67439314  0.        ] (rgb)'
52.7220 	EXP 	Noise_patch: image = array([[ 0.88448091, -0.26499178, -0.347007  , ..., -0.48753262,
        -0.94648886, -0.56102095],
       [-0.74323729,  0.533911  ,  0.42661819, ...,  0.36007135,
        -0.56385472, -0.29499141],
       [ 0.3149519 ,  0.24640646,  0.46441236, ...,  0.03709836,
        -0.11457225,  0.75660437],
       ..., 
       [ 0.93062969, -0.24720474,  0.54660602, ..., -0.58098046,
         0.30287771,  0.38846968],
       [ 0.873556  , -0.59307603, -0.23515995, ..., -0.47453854,
         0.11592664,  0.67595258],
       [ 0.74253886,  0.84378255, -0.08265323, ..., -0.3055637 ,
        -0.75082095, -0.34887401]])
52.7220 	EXP 	Fixation_cross1: autoDraw = True
52.7236 	EXP 	window1: recordFrameIntervals = False
53.1988 	EXP 	window1: blendMode = 'avg'
53.2072 	EXP 	window1: blendMode = 'avg'
53.2287 	EXP 	window1: blendMode = 'avg'
53.2469 	EXP 	window1: blendMode = 'avg'
53.2634 	EXP 	window1: blendMode = 'avg'
53.2799 	EXP 	window1: blendMode = 'avg'
53.2967 	EXP 	window1: blendMode = 'avg'
53.3132 	EXP 	window1: blendMode = 'avg'
53.3299 	EXP 	window1: blendMode = 'avg'
53.3467 	EXP 	window1: blendMode = 'avg'
53.3633 	EXP 	window1: blendMode = 'avg'
53.3803 	EXP 	window1: blendMode = 'avg'
53.3967 	EXP 	window1: blendMode = 'avg'
53.4136 	EXP 	window1: blendMode = 'avg'
53.4300 	EXP 	window1: blendMode = 'avg'
53.4470 	EXP 	window1: blendMode = 'avg'
53.4632 	EXP 	window1: blendMode = 'avg'
53.4800 	EXP 	window1: blendMode = 'avg'
53.4970 	EXP 	window1: blendMode = 'avg'
53.5151 	EXP 	window1: blendMode = 'avg'
53.5299 	EXP 	window1: blendMode = 'avg'
53.5466 	EXP 	window1: blendMode = 'avg'
53.5632 	EXP 	window1: blendMode = 'avg'
53.5804 	EXP 	window1: blendMode = 'avg'
53.5966 	EXP 	window1: blendMode = 'avg'
53.6134 	EXP 	window1: blendMode = 'avg'
53.6298 	EXP 	window1: blendMode = 'avg'
53.6467 	EXP 	window1: blendMode = 'avg'
53.6634 	EXP 	window1: blendMode = 'avg'
53.6799 	EXP 	window1: blendMode = 'avg'
53.6964 	EXP 	window1: blendMode = 'avg'
53.7132 	EXP 	window1: blendMode = 'avg'
53.7303 	EXP 	window1: blendMode = 'avg'
53.7466 	EXP 	window1: blendMode = 'avg'
53.7635 	EXP 	window1: blendMode = 'avg'
53.7803 	EXP 	window1: blendMode = 'avg'
53.7965 	EXP 	window1: blendMode = 'avg'
53.8132 	EXP 	window1: blendMode = 'avg'
53.8301 	EXP 	window1: blendMode = 'avg'
53.8465 	EXP 	window1: blendMode = 'avg'
53.8636 	EXP 	window1: blendMode = 'avg'
53.8800 	EXP 	window1: blendMode = 'avg'
53.8966 	EXP 	window1: blendMode = 'avg'
53.9135 	EXP 	window1: blendMode = 'avg'
53.9301 	EXP 	window1: blendMode = 'avg'
53.9465 	EXP 	window1: blendMode = 'avg'
53.9634 	EXP 	window1: blendMode = 'avg'
53.9797 	EXP 	window1: blendMode = 'avg'
53.9965 	EXP 	window1: blendMode = 'avg'
54.0134 	EXP 	window1: blendMode = 'avg'
54.0298 	EXP 	window1: blendMode = 'avg'
54.0466 	EXP 	window1: blendMode = 'avg'
54.0633 	EXP 	window1: blendMode = 'avg'
54.0797 	EXP 	window1: blendMode = 'avg'
54.0964 	EXP 	window1: blendMode = 'avg'
54.1131 	EXP 	window1: blendMode = 'avg'
54.1298 	EXP 	window1: blendMode = 'avg'
54.1464 	EXP 	window1: blendMode = 'avg'
54.1634 	EXP 	window1: blendMode = 'avg'
54.1799 	EXP 	window1: blendMode = 'avg'
54.1964 	EXP 	window1: blendMode = 'avg'
54.2131 	EXP 	window1: blendMode = 'avg'
54.2296 	EXP 	window1: blendMode = 'avg'
54.2467 	EXP 	window1: blendMode = 'avg'
54.2632 	EXP 	window1: blendMode = 'avg'
54.2800 	EXP 	window1: blendMode = 'avg'
54.2964 	EXP 	window1: blendMode = 'avg'
54.3130 	EXP 	window1: blendMode = 'avg'
54.3295 	EXP 	window1: blendMode = 'avg'
54.3462 	EXP 	window1: blendMode = 'avg'
54.3628 	EXP 	window1: blendMode = 'avg'
54.3796 	EXP 	window1: blendMode = 'avg'
54.3962 	EXP 	window1: blendMode = 'avg'
54.4128 	EXP 	window1: blendMode = 'avg'
54.4297 	EXP 	window1: blendMode = 'avg'
54.4465 	EXP 	window1: blendMode = 'avg'
54.4628 	EXP 	window1: blendMode = 'avg'
54.4796 	EXP 	window1: blendMode = 'avg'
54.4963 	EXP 	window1: blendMode = 'avg'
54.5130 	EXP 	window1: blendMode = 'avg'
54.5296 	EXP 	window1: blendMode = 'avg'
54.5463 	EXP 	window1: blendMode = 'avg'
54.5631 	EXP 	window1: blendMode = 'avg'
54.5795 	EXP 	window1: blendMode = 'avg'
54.5962 	EXP 	window1: blendMode = 'avg'
54.6130 	EXP 	window1: blendMode = 'avg'
54.6296 	EXP 	window1: blendMode = 'avg'
54.6463 	EXP 	window1: blendMode = 'avg'
54.6629 	EXP 	window1: blendMode = 'avg'
54.6795 	EXP 	window1: blendMode = 'avg'
54.7166 	EXP 	polygon_2: autoDraw = True
54.7166 	EXP 	Fixation_cross1: autoDraw = False
55.2105 	EXP 	polygon_2: autoDraw = False
55.2105 	EXP 	Noise_patch: autoDraw = True
56.1969 	EXP 	window1: blendMode = 'avg'
56.2100 	EXP 	Noise_patch: autoDraw = False
56.2100 	EXP 	Fixation_cross2: autoDraw = True
56.2125 	EXP 	window1: blendMode = 'avg'
56.2293 	EXP 	window1: blendMode = 'avg'
56.2457 	EXP 	window1: blendMode = 'avg'
56.2623 	EXP 	window1: blendMode = 'avg'
56.2791 	EXP 	window1: blendMode = 'avg'
56.2957 	EXP 	window1: blendMode = 'avg'
56.3123 	EXP 	window1: blendMode = 'avg'
56.3290 	EXP 	window1: blendMode = 'avg'
56.3456 	EXP 	window1: blendMode = 'avg'
56.3623 	EXP 	window1: blendMode = 'avg'
56.3791 	EXP 	window1: blendMode = 'avg'
56.3958 	EXP 	window1: blendMode = 'avg'
56.4124 	EXP 	window1: blendMode = 'avg'
56.4291 	EXP 	window1: blendMode = 'avg'
56.4600 	EXP 	polygon: autoDraw = True
56.4600 	EXP 	Fixation_cross2: autoDraw = False
56.9153 	DATA 	Keypress: space
56.9178 	EXP 	New trial (rep=0, index=1): {'blue': 0.0, 'trial': 2, 'green': 0.75439314164221283, 'red': 1.0}
56.9279 	EXP 	window1: recordFrameIntervals = False
56.9288 	EXP 	window1: blendMode = 'avg'
56.9341 	EXP 	polygon_2: autoDraw = False
56.9341 	EXP 	Noise_patch: autoDraw = False
56.9341 	EXP 	polygon: autoDraw = False
56.9341 	EXP 	Fixation_cross1: autoDraw = False
56.9341 	EXP 	Fixation_cross2: autoDraw = False
56.9341 	EXP 	polygon_2: fillColor = '[ 1.          0.75439314  0.        ] (rgb)'
56.9341 	EXP 	polygon_2: lineColor = '[ 1.          0.75439314  0.        ] (rgb)'
56.9341 	EXP 	Noise_patch: image = array([[ 0.88448091, -0.26499178, -0.347007  , ..., -0.48753262,
        -0.94648886, -0.56102095],
       [-0.74323729,  0.533911  ,  0.42661819, ...,  0.36007135,
        -0.56385472, -0.29499141],
       [ 0.3149519 ,  0.24640646,  0.46441236, ...,  0.03709836,
        -0.11457225,  0.75660437],
       ..., 
       [ 0.93062969, -0.24720474,  0.54660602, ..., -0.58098046,
         0.30287771,  0.38846968],
       [ 0.873556  , -0.59307603, -0.23515995, ..., -0.47453854,
         0.11592664,  0.67595258],
       [ 0.74253886,  0.84378255, -0.08265323, ..., -0.3055637 ,
        -0.75082095, -0.34887401]])
56.9341 	EXP 	Fixation_cross1: autoDraw = True
56.9357 	EXP 	window1: recordFrameIntervals = False
57.4110 	EXP 	window1: blendMode = 'avg'
57.4193 	EXP 	window1: blendMode = 'avg'
57.4287 	EXP 	window1: blendMode = 'avg'
57.4453 	EXP 	window1: blendMode = 'avg'
57.4621 	EXP 	window1: blendMode = 'avg'
57.4785 	EXP 	window1: blendMode = 'avg'
57.4953 	EXP 	window1: blendMode = 'avg'
57.5120 	EXP 	window1: blendMode = 'avg'
57.5289 	EXP 	window1: blendMode = 'avg'
57.5455 	EXP 	window1: blendMode = 'avg'
57.5619 	EXP 	window1: blendMode = 'avg'
57.5785 	EXP 	window1: blendMode = 'avg'
57.5954 	EXP 	window1: blendMode = 'avg'
57.6119 	EXP 	window1: blendMode = 'avg'
57.6288 	EXP 	window1: blendMode = 'avg'
57.6453 	EXP 	window1: blendMode = 'avg'
57.6619 	EXP 	window1: blendMode = 'avg'
57.6787 	EXP 	window1: blendMode = 'avg'
57.6952 	EXP 	window1: blendMode = 'avg'
57.7120 	EXP 	window1: blendMode = 'avg'
57.7285 	EXP 	window1: blendMode = 'avg'
57.7453 	EXP 	window1: blendMode = 'avg'
57.7618 	EXP 	window1: blendMode = 'avg'
57.7785 	EXP 	window1: blendMode = 'avg'
57.7952 	EXP 	window1: blendMode = 'avg'
57.8118 	EXP 	window1: blendMode = 'avg'
57.8288 	EXP 	window1: blendMode = 'avg'
57.8453 	EXP 	window1: blendMode = 'avg'
57.8618 	EXP 	window1: blendMode = 'avg'
57.8784 	EXP 	window1: blendMode = 'avg'
57.8952 	EXP 	window1: blendMode = 'avg'
57.9119 	EXP 	window1: blendMode = 'avg'
57.9287 	EXP 	window1: blendMode = 'avg'
57.9455 	EXP 	window1: blendMode = 'avg'
57.9621 	EXP 	window1: blendMode = 'avg'
57.9787 	EXP 	window1: blendMode = 'avg'
57.9953 	EXP 	window1: blendMode = 'avg'
58.0119 	EXP 	window1: blendMode = 'avg'
58.0290 	EXP 	window1: blendMode = 'avg'
58.0457 	EXP 	window1: blendMode = 'avg'
58.0620 	EXP 	window1: blendMode = 'avg'
58.0786 	EXP 	window1: blendMode = 'avg'
58.0953 	EXP 	window1: blendMode = 'avg'
58.1118 	EXP 	window1: blendMode = 'avg'
58.1288 	EXP 	window1: blendMode = 'avg'
58.1452 	EXP 	window1: blendMode = 'avg'
58.1620 	EXP 	window1: blendMode = 'avg'
58.1786 	EXP 	window1: blendMode = 'avg'
58.1954 	EXP 	window1: blendMode = 'avg'
58.2120 	EXP 	window1: blendMode = 'avg'
58.2285 	EXP 	window1: blendMode = 'avg'
58.2454 	EXP 	window1: blendMode = 'avg'
58.2622 	EXP 	window1: blendMode = 'avg'
58.2785 	EXP 	window1: blendMode = 'avg'
58.2953 	EXP 	window1: blendMode = 'avg'
58.3118 	EXP 	window1: blendMode = 'avg'
58.3291 	EXP 	window1: blendMode = 'avg'
58.3453 	EXP 	window1: blendMode = 'avg'
58.3623 	EXP 	window1: blendMode = 'avg'
58.3786 	EXP 	window1: blendMode = 'avg'
58.3956 	EXP 	window1: blendMode = 'avg'
58.4118 	EXP 	window1: blendMode = 'avg'
58.4286 	EXP 	window1: blendMode = 'avg'
58.4450 	EXP 	window1: blendMode = 'avg'
58.4623 	EXP 	window1: blendMode = 'avg'
58.4788 	EXP 	window1: blendMode = 'avg'
58.4950 	EXP 	window1: blendMode = 'avg'
58.5122 	EXP 	window1: blendMode = 'avg'
58.5283 	EXP 	window1: blendMode = 'avg'
58.5453 	EXP 	window1: blendMode = 'avg'
58.5619 	EXP 	window1: blendMode = 'avg'
58.5787 	EXP 	window1: blendMode = 'avg'
58.5951 	EXP 	window1: blendMode = 'avg'
58.6120 	EXP 	window1: blendMode = 'avg'
58.6284 	EXP 	window1: blendMode = 'avg'
58.6451 	EXP 	window1: blendMode = 'avg'
58.6621 	EXP 	window1: blendMode = 'avg'
58.6784 	EXP 	window1: blendMode = 'avg'
58.6951 	EXP 	window1: blendMode = 'avg'
58.7119 	EXP 	window1: blendMode = 'avg'
58.7283 	EXP 	window1: blendMode = 'avg'
58.7453 	EXP 	window1: blendMode = 'avg'
58.7618 	EXP 	window1: blendMode = 'avg'
58.7783 	EXP 	window1: blendMode = 'avg'
58.7949 	EXP 	window1: blendMode = 'avg'
58.8118 	EXP 	window1: blendMode = 'avg'
58.8282 	EXP 	window1: blendMode = 'avg'
58.8447 	EXP 	window1: blendMode = 'avg'
58.8615 	EXP 	window1: blendMode = 'avg'
58.8782 	EXP 	window1: blendMode = 'avg'
58.8949 	EXP 	window1: blendMode = 'avg'
58.9258 	EXP 	Fixation_cross1: autoDraw = False
58.9425 	EXP 	polygon_2: autoDraw = True
59.4259 	EXP 	polygon_2: autoDraw = False
59.4424 	EXP 	Noise_patch: autoDraw = True
60.4256 	EXP 	Noise_patch: autoDraw = False
60.4281 	EXP 	window1: blendMode = 'avg'
60.4421 	EXP 	Fixation_cross2: autoDraw = True
60.4444 	EXP 	window1: blendMode = 'avg'
60.4610 	EXP 	window1: blendMode = 'avg'
60.4777 	EXP 	window1: blendMode = 'avg'
60.4944 	EXP 	window1: blendMode = 'avg'
60.5110 	EXP 	window1: blendMode = 'avg'
60.5278 	EXP 	window1: blendMode = 'avg'
60.5444 	EXP 	window1: blendMode = 'avg'
60.5612 	EXP 	window1: blendMode = 'avg'
60.5776 	EXP 	window1: blendMode = 'avg'
60.5943 	EXP 	window1: blendMode = 'avg'
60.6109 	EXP 	window1: blendMode = 'avg'
60.6279 	EXP 	window1: blendMode = 'avg'
60.6446 	EXP 	window1: blendMode = 'avg'
60.6753 	EXP 	Fixation_cross2: autoDraw = False
60.6920 	EXP 	polygon: autoDraw = True
62.6127 	DATA 	Keypress: space
62.6147 	EXP 	New trial (rep=0, index=2): {'blue': 0.0, 'trial': 3, 'green': 0.64439314164221284, 'red': 1.0}
62.6283 	EXP 	window1: recordFrameIntervals = False
62.6293 	EXP 	window1: blendMode = 'avg'
62.6346 	EXP 	polygon_2: autoDraw = False
62.6346 	EXP 	Noise_patch: autoDraw = False
62.6346 	EXP 	polygon: autoDraw = False
62.6346 	EXP 	Fixation_cross1: autoDraw = False
62.6346 	EXP 	Fixation_cross2: autoDraw = False
62.6346 	EXP 	polygon_2: fillColor = '[ 1.          0.64439314  0.        ] (rgb)'
62.6346 	EXP 	polygon_2: lineColor = '[ 1.          0.64439314  0.        ] (rgb)'
62.6346 	EXP 	Noise_patch: image = array([[ 0.88448091, -0.26499178, -0.347007  , ..., -0.48753262,
        -0.94648886, -0.56102095],
       [-0.74323729,  0.533911  ,  0.42661819, ...,  0.36007135,
        -0.56385472, -0.29499141],
       [ 0.3149519 ,  0.24640646,  0.46441236, ...,  0.03709836,
        -0.11457225,  0.75660437],
       ..., 
       [ 0.93062969, -0.24720474,  0.54660602, ..., -0.58098046,
         0.30287771,  0.38846968],
       [ 0.873556  , -0.59307603, -0.23515995, ..., -0.47453854,
         0.11592664,  0.67595258],
       [ 0.74253886,  0.84378255, -0.08265323, ..., -0.3055637 ,
        -0.75082095, -0.34887401]])
62.6346 	EXP 	Fixation_cross1: autoDraw = True
62.6361 	EXP 	window1: recordFrameIntervals = False
63.1122 	EXP 	window1: blendMode = 'avg'
63.1202 	EXP 	window1: blendMode = 'avg'
63.1437 	EXP 	window1: blendMode = 'avg'
63.1604 	EXP 	window1: blendMode = 'avg'
63.1773 	EXP 	window1: blendMode = 'avg'
63.1939 	EXP 	window1: blendMode = 'avg'
63.2104 	EXP 	window1: blendMode = 'avg'
63.2273 	EXP 	window1: blendMode = 'avg'
63.2438 	EXP 	window1: blendMode = 'avg'
63.2607 	EXP 	window1: blendMode = 'avg'
63.2769 	EXP 	window1: blendMode = 'avg'
63.2939 	EXP 	window1: blendMode = 'avg'
63.3101 	EXP 	window1: blendMode = 'avg'
63.3269 	EXP 	window1: blendMode = 'avg'
63.3434 	EXP 	window1: blendMode = 'avg'
63.3600 	EXP 	window1: blendMode = 'avg'
63.3771 	EXP 	window1: blendMode = 'avg'
63.3934 	EXP 	window1: blendMode = 'avg'
63.4103 	EXP 	window1: blendMode = 'avg'
63.4268 	EXP 	window1: blendMode = 'avg'
63.4436 	EXP 	window1: blendMode = 'avg'
63.4600 	EXP 	window1: blendMode = 'avg'
63.4768 	EXP 	window1: blendMode = 'avg'
63.4933 	EXP 	window1: blendMode = 'avg'
63.5100 	EXP 	window1: blendMode = 'avg'
63.5267 	EXP 	window1: blendMode = 'avg'
63.5434 	EXP 	window1: blendMode = 'avg'
63.5603 	EXP 	window1: blendMode = 'avg'
63.5766 	EXP 	window1: blendMode = 'avg'
63.5933 	EXP 	window1: blendMode = 'avg'
63.6101 	EXP 	window1: blendMode = 'avg'
63.6267 	EXP 	window1: blendMode = 'avg'
63.6434 	EXP 	window1: blendMode = 'avg'
63.6600 	EXP 	window1: blendMode = 'avg'
63.6769 	EXP 	window1: blendMode = 'avg'
63.6933 	EXP 	window1: blendMode = 'avg'
63.7100 	EXP 	window1: blendMode = 'avg'
63.7266 	EXP 	window1: blendMode = 'avg'
63.7437 	EXP 	window1: blendMode = 'avg'
63.7600 	EXP 	window1: blendMode = 'avg'
63.7767 	EXP 	window1: blendMode = 'avg'
63.7933 	EXP 	window1: blendMode = 'avg'
63.8099 	EXP 	window1: blendMode = 'avg'
63.8269 	EXP 	window1: blendMode = 'avg'
63.8433 	EXP 	window1: blendMode = 'avg'
63.8599 	EXP 	window1: blendMode = 'avg'
63.8767 	EXP 	window1: blendMode = 'avg'
63.8934 	EXP 	window1: blendMode = 'avg'
63.9103 	EXP 	window1: blendMode = 'avg'
63.9269 	EXP 	window1: blendMode = 'avg'
63.9435 	EXP 	window1: blendMode = 'avg'
63.9601 	EXP 	window1: blendMode = 'avg'
63.9771 	EXP 	window1: blendMode = 'avg'
63.9937 	EXP 	window1: blendMode = 'avg'
64.0100 	EXP 	window1: blendMode = 'avg'
64.0270 	EXP 	window1: blendMode = 'avg'
64.0438 	EXP 	window1: blendMode = 'avg'
64.0601 	EXP 	window1: blendMode = 'avg'
64.0769 	EXP 	window1: blendMode = 'avg'
64.0935 	EXP 	window1: blendMode = 'avg'
64.1100 	EXP 	window1: blendMode = 'avg'
64.1270 	EXP 	window1: blendMode = 'avg'
64.1434 	EXP 	window1: blendMode = 'avg'
64.1600 	EXP 	window1: blendMode = 'avg'
64.1767 	EXP 	window1: blendMode = 'avg'
64.1933 	EXP 	window1: blendMode = 'avg'
64.2098 	EXP 	window1: blendMode = 'avg'
64.2267 	EXP 	window1: blendMode = 'avg'
64.2440 	EXP 	window1: blendMode = 'avg'
64.2599 	EXP 	window1: blendMode = 'avg'
64.2770 	EXP 	window1: blendMode = 'avg'
64.2932 	EXP 	window1: blendMode = 'avg'
64.3103 	EXP 	window1: blendMode = 'avg'
64.3269 	EXP 	window1: blendMode = 'avg'
64.3434 	EXP 	window1: blendMode = 'avg'
64.3603 	EXP 	window1: blendMode = 'avg'
64.3765 	EXP 	window1: blendMode = 'avg'
64.3933 	EXP 	window1: blendMode = 'avg'
64.4102 	EXP 	window1: blendMode = 'avg'
64.4268 	EXP 	window1: blendMode = 'avg'
64.4433 	EXP 	window1: blendMode = 'avg'
64.4600 	EXP 	window1: blendMode = 'avg'
64.4771 	EXP 	window1: blendMode = 'avg'
64.4933 	EXP 	window1: blendMode = 'avg'
64.5101 	EXP 	window1: blendMode = 'avg'
64.5267 	EXP 	window1: blendMode = 'avg'
64.5439 	EXP 	window1: blendMode = 'avg'
64.5601 	EXP 	window1: blendMode = 'avg'
64.5767 	EXP 	window1: blendMode = 'avg'
64.5932 	EXP 	window1: blendMode = 'avg'
64.6245 	EXP 	Fixation_cross1: autoDraw = False
64.6409 	EXP 	polygon_2: autoDraw = True
65.1240 	EXP 	polygon_2: autoDraw = False
65.1406 	EXP 	Noise_patch: autoDraw = True
65.4273 	DATA 	Keypress: space
65.9435 	DATA 	Keypress: escape
