7.6047 	WARNING 	User requested fullscreen with size [1536  864], but screen is actually [1920, 1080]. Using actual size
8.3678 	EXP 	Created window1 = Window(allowGUI=False, allowStencil=False, autoLog=True, bitsMode=UNKNOWN, blendMode='avg', color=array([ 0.,  0.,  0.]), colorSpace='rgb', fullscr=UNKNOWN, gamma=None, lms=UNKNOWN, monitor=<psychopy.monitors.calibTools.Monitor object at 0x197F0030>, multiSample=False, name='window1', numSamples=2, pos=[0, 0], screen=0, size=array([1920, 1080]), stereo=False, units=u'norm', useFBO=True, useRetina=False, viewOri=0.0, viewPos=None, viewScale=None, waitBlanking=True, winType='pyglet')
8.3679 	EXP 	window1: recordFrameIntervals = False
8.5328 	EXP 	window1: recordFrameIntervals = True
8.7165 	EXP 	window1: recordFrameIntervals = False
8.9364 	EXP 	Created text = TextStim(alignHoriz='center', alignVert='center', antialias=True, autoLog=True, bold=False, color='white', colorSpace='named', contrast=1.0, depth=0.0, flipHoriz=False, flipVert=False, font='Arial', fontFiles=[], height=0.1, italic=False, name='text', opacity=1.0, ori=0, pos=array([ 0.,  0.]), rgb=array([ 255.,  255.,  255.]), text=unicode(...), units=u'norm', win=Window(...), wrapWidth=1)
8.9439 	EXP 	Created polygon_2 = Polygon(autoDraw=False, autoLog=True, closeShape=True, contrast=1.0, depth=0.0, fillColor=array([ 1.,  1.,  1.]), fillColorSpace='rgb', fillRGB=array([ 1.,  1.,  1.]), interpolate=True, lineColor=array([ 1.,  1.,  1.]), lineColorSpace='rgb', lineRGB=array([ 1.,  1.,  1.]), lineWidth=1, name='polygon_2', opacity=1.0, ori=array(0.0), pos=array([ 0.,  0.]), size=array([ 0.5,  0.5]), units=u'norm', vertices=ndarray(...), win=Window(...))
8.9474 	EXP 	Created Noise_patch1 = ImageStim(autoLog=True, color=array([ 1.,  1.,  1.]), colorSpace='rgb', contrast=1.0, depth=-1.0, flipHoriz=False, flipVert=False, image='sin', interpolate=True, mask=u'circle', maskParams=None, name='Noise_patch1', opacity=1.0, ori=0.0, pos=array([ 0.,  0.]), size=array([ 0.5,  0.5]), texRes=128, units=u'norm', win=Window(...))
8.9535 	EXP 	Created polygon = Polygon(autoDraw=False, autoLog=True, closeShape=True, contrast=1.0, depth=-3.0, fillColor=array([ 1.,  1.,  1.]), fillColorSpace='rgb', fillRGB=array([ 1.,  1.,  1.]), interpolate=True, lineColor=array([ 1.,  1.,  1.]), lineColorSpace='rgb', lineRGB=array([ 1.,  1.,  1.]), lineWidth=1, name='polygon', opacity=1.0, ori=array(0.0), pos=array([ 0.,  0.]), size=array([ 0.5,  0.5]), units=u'norm', vertices=ndarray(...), win=Window(...))
11.3586 	EXP 	Created Fixation_cross1 = TextStim(alignHoriz='center', alignVert='center', antialias=True, autoLog=True, bold=False, color='white', colorSpace='named', contrast=1.0, depth=-8.0, flipHoriz=False, flipVert=False, font='Arial', fontFiles=[], height=0.1, italic=False, name='Fixation_cross1', opacity=1.0, ori=0, pos=array([ 0.,  0.]), rgb=array([ 255.,  255.,  255.]), text=u'+', units=u'norm', win=Window(...), wrapWidth=1)
11.3614 	EXP 	Created Fixation_cross2 = TextStim(alignHoriz='center', alignVert='center', antialias=True, autoLog=True, bold=False, color='white', colorSpace='named', contrast=1.0, depth=-9.0, flipHoriz=False, flipVert=False, font='Arial', fontFiles=[], height=0.1, italic=False, name='Fixation_cross2', opacity=1.0, ori=0, pos=array([ 0.,  0.]), rgb=array([ 255.,  255.,  255.]), text=u'+', units=u'norm', win=Window(...), wrapWidth=1)
11.3671 	EXP 	Created polygon_3 = Polygon(autoDraw=False, autoLog=True, closeShape=True, contrast=1.0, depth=0.0, fillColor=array([ 1.,  1.,  1.]), fillColorSpace='rgb', fillRGB=array([ 1.,  1.,  1.]), interpolate=True, lineColor=array([ 1.,  1.,  1.]), lineColorSpace='rgb', lineRGB=array([ 1.,  1.,  1.]), lineWidth=1, name='polygon_3', opacity=1.0, ori=array(0.0), pos=array([ 0.,  0.]), size=array([ 0.5,  0.5]), units=u'norm', vertices=ndarray(...), win=Window(...))
11.3796 	EXP 	Created Noise_patch2 = ImageStim(autoLog=True, color=array([ 1.,  1.,  1.]), colorSpace='rgb', contrast=1.0, depth=-1.0, flipHoriz=False, flipVert=False, image=ndarray(...), interpolate=True, mask=None, maskParams=None, name='Noise_patch2', opacity=1.0, ori=0.0, pos=array([ 0.,  0.]), size=array([ 0.5,  0.5]), texRes=128, units=u'norm', win=Window(...))
11.3851 	EXP 	Created polygon_4 = Polygon(autoDraw=False, autoLog=True, closeShape=True, contrast=1.0, depth=-2.0, fillColor=array([ 1.,  1.,  1.]), fillColorSpace='rgb', fillRGB=array([ 1.,  1.,  1.]), interpolate=True, lineColor=array([ 1.,  1.,  1.]), lineColorSpace='rgb', lineRGB=array([ 1.,  1.,  1.]), lineWidth=1, name='polygon_4', opacity=1.0, ori=array(0.0), pos=array([ 0.,  0.]), size=array([ 0.5,  0.5]), units=u'norm', vertices=ndarray(...), win=Window(...))
11.3905 	EXP 	Created polygon_5 = Polygon(autoDraw=False, autoLog=True, closeShape=True, contrast=1.0, depth=0.0, fillColor=array([ 1.,  1.,  1.]), fillColorSpace='rgb', fillRGB=array([ 1.,  1.,  1.]), interpolate=True, lineColor=array([ 1.,  1.,  1.]), lineColorSpace='rgb', lineRGB=array([ 1.,  1.,  1.]), lineWidth=1, name='polygon_5', opacity=1.0, ori=array(0.0), pos=array([ 0.,  0.]), size=array([ 0.5,  0.5]), units=u'norm', vertices=ndarray(...), win=Window(...))
11.3956 	EXP 	Created Noise_patch3 = ImageStim(autoLog=True, color=array([ 1.,  1.,  1.]), colorSpace='rgb', contrast=1.0, depth=-1.0, flipHoriz=False, flipVert=False, image=ndarray(...), interpolate=True, mask=None, maskParams=None, name='Noise_patch3', opacity=1.0, ori=0.0, pos=array([ 0.,  0.]), size=array([ 0.5,  0.5]), texRes=128, units=u'norm', win=Window(...))
11.4009 	EXP 	Created polygon_6 = Polygon(autoDraw=False, autoLog=True, closeShape=True, contrast=1.0, depth=-2.0, fillColor=array([ 1.,  1.,  1.]), fillColorSpace='rgb', fillRGB=array([ 1.,  1.,  1.]), interpolate=True, lineColor=array([ 1.,  1.,  1.]), lineColorSpace='rgb', lineRGB=array([ 1.,  1.,  1.]), lineWidth=1, name='polygon_6', opacity=1.0, ori=array(0.0), pos=array([ 0.,  0.]), size=array([ 0.5,  0.5]), units=u'norm', vertices=ndarray(...), win=Window(...))
11.4109 	EXP 	Created text_2 = TextStim(alignHoriz='center', alignVert='center', antialias=True, autoLog=True, bold=False, color='white', colorSpace='named', contrast=1.0, depth=0.0, flipHoriz=False, flipVert=False, font='Arial', fontFiles=[], height=0.1, italic=False, name='text_2', opacity=1.0, ori=0, pos=array([ 0.,  0.]), rgb=array([ 255.,  255.,  255.]), text=u'This is the end of the experiment.', units=u'norm', win=Window(...), wrapWidth=1)
11.4134 	EXP 	window1: blendMode = 'avg'
11.4224 	EXP 	text: autoDraw = True
11.4228 	EXP 	window1: blendMode = 'avg'
11.4317 	EXP 	window1: blendMode = 'avg'
11.4481 	EXP 	window1: blendMode = 'avg'
11.4649 	EXP 	window1: blendMode = 'avg'
11.4823 	EXP 	window1: blendMode = 'avg'
11.4994 	EXP 	window1: blendMode = 'avg'
11.5162 	EXP 	window1: blendMode = 'avg'
11.5329 	EXP 	window1: blendMode = 'avg'
11.5493 	EXP 	window1: blendMode = 'avg'
11.5660 	EXP 	window1: blendMode = 'avg'
11.5825 	EXP 	window1: blendMode = 'avg'
11.5995 	EXP 	window1: blendMode = 'avg'
11.6160 	EXP 	window1: blendMode = 'avg'
11.6327 	EXP 	window1: blendMode = 'avg'
11.6492 	EXP 	window1: blendMode = 'avg'
11.6662 	EXP 	window1: blendMode = 'avg'
11.6827 	EXP 	window1: blendMode = 'avg'
11.6993 	EXP 	window1: blendMode = 'avg'
11.7161 	EXP 	window1: blendMode = 'avg'
11.7328 	EXP 	window1: blendMode = 'avg'
11.7491 	EXP 	window1: blendMode = 'avg'
11.7660 	EXP 	window1: blendMode = 'avg'
11.7828 	EXP 	window1: blendMode = 'avg'
11.7994 	EXP 	window1: blendMode = 'avg'
11.8157 	EXP 	window1: blendMode = 'avg'
11.8326 	EXP 	window1: blendMode = 'avg'
11.8484 	EXP 	window1: blendMode = 'avg'
11.8647 	EXP 	window1: blendMode = 'avg'
11.8818 	EXP 	window1: blendMode = 'avg'
11.8990 	EXP 	window1: blendMode = 'avg'
11.9159 	EXP 	window1: blendMode = 'avg'
11.9308 	EXP 	window1: blendMode = 'avg'
11.9479 	EXP 	window1: blendMode = 'avg'
11.9649 	EXP 	window1: blendMode = 'avg'
11.9818 	EXP 	window1: blendMode = 'avg'
11.9987 	EXP 	window1: blendMode = 'avg'
12.0162 	EXP 	window1: blendMode = 'avg'
12.0327 	EXP 	window1: blendMode = 'avg'
12.0491 	EXP 	window1: blendMode = 'avg'
12.0657 	EXP 	window1: blendMode = 'avg'
12.0824 	EXP 	window1: blendMode = 'avg'
12.0992 	EXP 	window1: blendMode = 'avg'
12.1156 	EXP 	window1: blendMode = 'avg'
12.1326 	EXP 	window1: blendMode = 'avg'
12.1491 	EXP 	window1: blendMode = 'avg'
12.1660 	EXP 	window1: blendMode = 'avg'
12.1825 	EXP 	window1: blendMode = 'avg'
12.1990 	EXP 	window1: blendMode = 'avg'
12.2163 	EXP 	window1: blendMode = 'avg'
12.2330 	EXP 	window1: blendMode = 'avg'
12.2524 	DATA 	Mouse: Left button down, pos=(881,689)
12.2535 	EXP 	window1: blendMode = 'avg'
12.2659 	EXP 	window1: blendMode = 'avg'
12.2825 	EXP 	window1: blendMode = 'avg'
12.2992 	EXP 	window1: blendMode = 'avg'
12.3159 	EXP 	window1: blendMode = 'avg'
12.3322 	DATA 	Mouse:  Left button up, pos=(881,689)
12.3335 	EXP 	window1: blendMode = 'avg'
12.3493 	EXP 	window1: blendMode = 'avg'
12.3664 	EXP 	window1: blendMode = 'avg'
12.3825 	EXP 	window1: blendMode = 'avg'
12.3992 	EXP 	window1: blendMode = 'avg'
12.4160 	EXP 	window1: blendMode = 'avg'
12.4323 	EXP 	window1: blendMode = 'avg'
12.4490 	EXP 	window1: blendMode = 'avg'
12.4662 	EXP 	window1: blendMode = 'avg'
12.4824 	EXP 	window1: blendMode = 'avg'
12.4991 	EXP 	window1: blendMode = 'avg'
12.5157 	EXP 	window1: blendMode = 'avg'
12.5326 	EXP 	window1: blendMode = 'avg'
12.5489 	EXP 	window1: blendMode = 'avg'
12.5658 	EXP 	window1: blendMode = 'avg'
12.5824 	EXP 	window1: blendMode = 'avg'
12.5991 	EXP 	window1: blendMode = 'avg'
12.6154 	EXP 	window1: blendMode = 'avg'
12.6323 	EXP 	window1: blendMode = 'avg'
12.6492 	EXP 	window1: blendMode = 'avg'
12.6656 	EXP 	window1: blendMode = 'avg'
12.6821 	EXP 	window1: blendMode = 'avg'
12.6990 	EXP 	window1: blendMode = 'avg'
12.7158 	EXP 	window1: blendMode = 'avg'
12.7324 	EXP 	window1: blendMode = 'avg'
12.7490 	EXP 	window1: blendMode = 'avg'
12.7654 	EXP 	window1: blendMode = 'avg'
12.7823 	EXP 	window1: blendMode = 'avg'
12.7992 	EXP 	window1: blendMode = 'avg'
12.8155 	EXP 	window1: blendMode = 'avg'
12.8321 	EXP 	window1: blendMode = 'avg'
12.8493 	EXP 	window1: blendMode = 'avg'
12.8658 	EXP 	window1: blendMode = 'avg'
12.8822 	EXP 	window1: blendMode = 'avg'
12.8991 	EXP 	window1: blendMode = 'avg'
12.9159 	EXP 	window1: blendMode = 'avg'
12.9321 	EXP 	window1: blendMode = 'avg'
12.9487 	EXP 	window1: blendMode = 'avg'
12.9664 	EXP 	window1: blendMode = 'avg'
12.9828 	EXP 	window1: blendMode = 'avg'
12.9977 	EXP 	window1: blendMode = 'avg'
13.0140 	EXP 	window1: blendMode = 'avg'
13.0305 	EXP 	window1: blendMode = 'avg'
13.0481 	EXP 	window1: blendMode = 'avg'
13.0642 	EXP 	window1: blendMode = 'avg'
13.0809 	EXP 	window1: blendMode = 'avg'
13.0983 	EXP 	window1: blendMode = 'avg'
13.1152 	EXP 	window1: blendMode = 'avg'
13.1322 	EXP 	window1: blendMode = 'avg'
13.1501 	EXP 	window1: blendMode = 'avg'
13.1656 	EXP 	window1: blendMode = 'avg'
13.1822 	EXP 	window1: blendMode = 'avg'
13.1988 	EXP 	window1: blendMode = 'avg'
13.2156 	EXP 	window1: blendMode = 'avg'
13.2321 	EXP 	window1: blendMode = 'avg'
13.2488 	EXP 	window1: blendMode = 'avg'
13.2655 	EXP 	window1: blendMode = 'avg'
13.2822 	EXP 	window1: blendMode = 'avg'
13.2989 	EXP 	window1: blendMode = 'avg'
13.3148 	DATA 	Keypress: space
13.3516 	EXP 	Imported Stimuli-red.xlsx as conditions, 11 conditions, 1 params
13.3525 	EXP 	Created sequence: random, trialTypes=11, nReps=1, seed=None
13.3533 	EXP 	New trial (rep=0, index=0): {'stimulus_color': [1, 0.3, 0]}
13.3692 	EXP 	window1: recordFrameIntervals = False
13.3708 	EXP 	window1: blendMode = 'avg'
13.3761 	EXP 	text: autoDraw = False
13.3761 	EXP 	polygon_2: fillColor = '[ 1.   0.3  0. ] (rgb)'
13.3761 	EXP 	polygon_2: lineColor = '[ 1.   0.3  0. ] (rgb)'
13.3761 	EXP 	Noise_patch1: image = array([[-0.22123169,  0.85641784,  0.69675042, ..., -0.37461438,
        -0.15123677, -0.14626676],
       [-0.13991491, -0.28356151, -0.41318861, ..., -0.66962549,
         0.2925882 ,  0.18271834],
       [ 0.00997817,  0.93081187, -0.40269706, ..., -0.77832987,
         0.38835607,  0.22491107],
       ..., 
       [ 0.26917473,  0.42456031, -0.93403319, ...,  0.1409409 ,
        -0.65780669,  0.96088141],
       [-0.87369491, -0.6045966 , -0.7219118 , ...,  0.17837432,
         0.48563598,  0.03655108],
       [-0.39012438,  0.64021586, -0.76773179, ...,  0.83060145,
        -0.86684893, -0.86014803]])
13.3761 	EXP 	Fixation_cross1: autoDraw = True
13.3775 	EXP 	window1: recordFrameIntervals = False
13.8622 	EXP 	window1: blendMode = 'avg'
13.8684 	EXP 	window1: blendMode = 'avg'
13.8817 	EXP 	window1: blendMode = 'avg'
13.8982 	EXP 	window1: blendMode = 'avg'
13.9149 	EXP 	window1: blendMode = 'avg'
13.9319 	EXP 	window1: blendMode = 'avg'
13.9496 	EXP 	window1: blendMode = 'avg'
13.9667 	EXP 	window1: blendMode = 'avg'
13.9834 	EXP 	window1: blendMode = 'avg'
14.0001 	EXP 	window1: blendMode = 'avg'
14.0164 	EXP 	window1: blendMode = 'avg'
14.0323 	EXP 	window1: blendMode = 'avg'
14.0490 	EXP 	window1: blendMode = 'avg'
14.0656 	EXP 	window1: blendMode = 'avg'
14.0833 	EXP 	window1: blendMode = 'avg'
14.0999 	EXP 	window1: blendMode = 'avg'
14.1166 	EXP 	window1: blendMode = 'avg'
14.1333 	EXP 	window1: blendMode = 'avg'
14.1499 	EXP 	window1: blendMode = 'avg'
14.1667 	EXP 	window1: blendMode = 'avg'
14.1834 	EXP 	window1: blendMode = 'avg'
14.1999 	EXP 	window1: blendMode = 'avg'
14.2167 	EXP 	window1: blendMode = 'avg'
14.2332 	EXP 	window1: blendMode = 'avg'
14.2499 	EXP 	window1: blendMode = 'avg'
14.2665 	EXP 	window1: blendMode = 'avg'
14.2834 	EXP 	window1: blendMode = 'avg'
14.2999 	EXP 	window1: blendMode = 'avg'
14.3166 	EXP 	window1: blendMode = 'avg'
14.3332 	EXP 	window1: blendMode = 'avg'
14.3500 	EXP 	window1: blendMode = 'avg'
14.3666 	EXP 	window1: blendMode = 'avg'
14.3832 	EXP 	window1: blendMode = 'avg'
14.3999 	EXP 	window1: blendMode = 'avg'
14.4165 	EXP 	window1: blendMode = 'avg'
14.4331 	EXP 	window1: blendMode = 'avg'
14.4498 	EXP 	window1: blendMode = 'avg'
14.4666 	EXP 	window1: blendMode = 'avg'
14.4832 	EXP 	window1: blendMode = 'avg'
14.4998 	EXP 	window1: blendMode = 'avg'
14.5165 	EXP 	window1: blendMode = 'avg'
14.5331 	EXP 	window1: blendMode = 'avg'
14.5497 	EXP 	window1: blendMode = 'avg'
14.5664 	EXP 	window1: blendMode = 'avg'
14.5832 	EXP 	window1: blendMode = 'avg'
14.5997 	EXP 	window1: blendMode = 'avg'
14.6164 	EXP 	window1: blendMode = 'avg'
14.6331 	EXP 	window1: blendMode = 'avg'
14.6498 	EXP 	window1: blendMode = 'avg'
14.6665 	EXP 	window1: blendMode = 'avg'
14.6830 	EXP 	window1: blendMode = 'avg'
14.6997 	EXP 	window1: blendMode = 'avg'
14.7164 	EXP 	window1: blendMode = 'avg'
14.7332 	EXP 	window1: blendMode = 'avg'
14.7497 	EXP 	window1: blendMode = 'avg'
14.7664 	EXP 	window1: blendMode = 'avg'
14.7831 	EXP 	window1: blendMode = 'avg'
14.8002 	EXP 	window1: blendMode = 'avg'
14.8164 	EXP 	window1: blendMode = 'avg'
14.8330 	EXP 	window1: blendMode = 'avg'
14.8496 	EXP 	window1: blendMode = 'avg'
14.8666 	EXP 	window1: blendMode = 'avg'
14.8831 	EXP 	window1: blendMode = 'avg'
14.8997 	EXP 	window1: blendMode = 'avg'
14.9161 	EXP 	window1: blendMode = 'avg'
14.9326 	EXP 	window1: blendMode = 'avg'
14.9493 	EXP 	window1: blendMode = 'avg'
14.9661 	EXP 	window1: blendMode = 'avg'
14.9832 	EXP 	window1: blendMode = 'avg'
14.9995 	EXP 	window1: blendMode = 'avg'
15.0142 	EXP 	window1: blendMode = 'avg'
15.0311 	EXP 	window1: blendMode = 'avg'
15.0488 	EXP 	window1: blendMode = 'avg'
15.0662 	EXP 	window1: blendMode = 'avg'
15.0831 	EXP 	window1: blendMode = 'avg'
15.0997 	EXP 	window1: blendMode = 'avg'
15.1163 	EXP 	window1: blendMode = 'avg'
15.1327 	EXP 	window1: blendMode = 'avg'
15.1493 	EXP 	window1: blendMode = 'avg'
15.1660 	EXP 	window1: blendMode = 'avg'
15.1827 	EXP 	window1: blendMode = 'avg'
15.1994 	EXP 	window1: blendMode = 'avg'
15.2159 	EXP 	window1: blendMode = 'avg'
15.2326 	EXP 	window1: blendMode = 'avg'
15.2493 	EXP 	window1: blendMode = 'avg'
15.2662 	EXP 	window1: blendMode = 'avg'
15.2829 	EXP 	window1: blendMode = 'avg'
15.2997 	EXP 	window1: blendMode = 'avg'
15.3163 	EXP 	window1: blendMode = 'avg'
15.3329 	EXP 	window1: blendMode = 'avg'
15.3641 	EXP 	Fixation_cross1: autoDraw = False
15.3872 	EXP 	polygon_2: autoDraw = True
15.8638 	EXP 	polygon_2: autoDraw = False
15.8804 	EXP 	Noise_patch1: autoDraw = True
16.8636 	EXP 	Noise_patch1: autoDraw = False
16.8668 	EXP 	window1: blendMode = 'avg'
16.8801 	EXP 	Fixation_cross2: autoDraw = True
16.8828 	EXP 	window1: blendMode = 'avg'
16.8991 	EXP 	window1: blendMode = 'avg'
16.9156 	EXP 	window1: blendMode = 'avg'
16.9327 	EXP 	window1: blendMode = 'avg'
16.9490 	EXP 	window1: blendMode = 'avg'
16.9660 	EXP 	window1: blendMode = 'avg'
16.9826 	EXP 	window1: blendMode = 'avg'
16.9990 	EXP 	window1: blendMode = 'avg'
17.0158 	EXP 	window1: blendMode = 'avg'
17.0325 	EXP 	window1: blendMode = 'avg'
17.0490 	EXP 	window1: blendMode = 'avg'
17.0656 	EXP 	window1: blendMode = 'avg'
17.0825 	EXP 	window1: blendMode = 'avg'
17.1135 	EXP 	Fixation_cross2: autoDraw = False
17.1300 	EXP 	polygon: autoDraw = True
17.6343 	DATA 	Keypress: space
17.6356 	EXP 	New trial (rep=0, index=1): {'stimulus_color': [1, 0.7, 0]}
17.6445 	EXP 	window1: recordFrameIntervals = False
17.6454 	EXP 	window1: blendMode = 'avg'
17.6505 	EXP 	polygon_2: autoDraw = False
17.6505 	EXP 	Noise_patch1: autoDraw = False
17.6505 	EXP 	polygon: autoDraw = False
17.6505 	EXP 	Fixation_cross1: autoDraw = False
17.6505 	EXP 	Fixation_cross2: autoDraw = False
17.6505 	EXP 	polygon_2: fillColor = '[ 1.   0.7  0. ] (rgb)'
17.6505 	EXP 	polygon_2: lineColor = '[ 1.   0.7  0. ] (rgb)'
17.6505 	EXP 	Noise_patch1: image = array([[-0.22123169,  0.85641784,  0.69675042, ..., -0.37461438,
        -0.15123677, -0.14626676],
       [-0.13991491, -0.28356151, -0.41318861, ..., -0.66962549,
         0.2925882 ,  0.18271834],
       [ 0.00997817,  0.93081187, -0.40269706, ..., -0.77832987,
         0.38835607,  0.22491107],
       ..., 
       [ 0.26917473,  0.42456031, -0.93403319, ...,  0.1409409 ,
        -0.65780669,  0.96088141],
       [-0.87369491, -0.6045966 , -0.7219118 , ...,  0.17837432,
         0.48563598,  0.03655108],
       [-0.39012438,  0.64021586, -0.76773179, ...,  0.83060145,
        -0.86684893, -0.86014803]])
17.6505 	EXP 	Fixation_cross1: autoDraw = True
17.6520 	EXP 	window1: recordFrameIntervals = False
18.1278 	EXP 	window1: blendMode = 'avg'
18.1338 	EXP 	window1: blendMode = 'avg'
18.1471 	EXP 	window1: blendMode = 'avg'
18.1636 	EXP 	window1: blendMode = 'avg'
18.1803 	EXP 	window1: blendMode = 'avg'
18.1974 	EXP 	window1: blendMode = 'avg'
18.2153 	EXP 	window1: blendMode = 'avg'
18.2320 	EXP 	window1: blendMode = 'avg'
18.2487 	EXP 	window1: blendMode = 'avg'
18.2656 	EXP 	window1: blendMode = 'avg'
18.2819 	EXP 	window1: blendMode = 'avg'
18.2993 	EXP 	window1: blendMode = 'avg'
18.3154 	EXP 	window1: blendMode = 'avg'
18.3320 	EXP 	window1: blendMode = 'avg'
18.3486 	EXP 	window1: blendMode = 'avg'
18.3653 	EXP 	window1: blendMode = 'avg'
18.3822 	EXP 	window1: blendMode = 'avg'
18.3984 	EXP 	window1: blendMode = 'avg'
18.4153 	EXP 	window1: blendMode = 'avg'
18.4319 	EXP 	window1: blendMode = 'avg'
18.4487 	EXP 	window1: blendMode = 'avg'
18.4653 	EXP 	window1: blendMode = 'avg'
18.4822 	EXP 	window1: blendMode = 'avg'
18.4986 	EXP 	window1: blendMode = 'avg'
18.5153 	EXP 	window1: blendMode = 'avg'
18.5320 	EXP 	window1: blendMode = 'avg'
18.5486 	EXP 	window1: blendMode = 'avg'
18.5652 	EXP 	window1: blendMode = 'avg'
18.5824 	EXP 	window1: blendMode = 'avg'
18.5991 	EXP 	window1: blendMode = 'avg'
18.6151 	EXP 	window1: blendMode = 'avg'
18.6320 	EXP 	window1: blendMode = 'avg'
18.6483 	EXP 	window1: blendMode = 'avg'
18.6652 	EXP 	window1: blendMode = 'avg'
18.6820 	EXP 	window1: blendMode = 'avg'
18.6990 	EXP 	window1: blendMode = 'avg'
18.7154 	EXP 	window1: blendMode = 'avg'
18.7318 	EXP 	window1: blendMode = 'avg'
18.7485 	EXP 	window1: blendMode = 'avg'
18.7654 	EXP 	window1: blendMode = 'avg'
18.7821 	EXP 	window1: blendMode = 'avg'
18.7988 	EXP 	window1: blendMode = 'avg'
18.8152 	EXP 	window1: blendMode = 'avg'
18.8318 	EXP 	window1: blendMode = 'avg'
18.8485 	EXP 	window1: blendMode = 'avg'
18.8652 	EXP 	window1: blendMode = 'avg'
18.8821 	EXP 	window1: blendMode = 'avg'
18.8987 	EXP 	window1: blendMode = 'avg'
18.9152 	EXP 	window1: blendMode = 'avg'
18.9319 	EXP 	window1: blendMode = 'avg'
18.9488 	EXP 	window1: blendMode = 'avg'
18.9651 	EXP 	window1: blendMode = 'avg'
18.9818 	EXP 	window1: blendMode = 'avg'
18.9987 	EXP 	window1: blendMode = 'avg'
19.0154 	EXP 	window1: blendMode = 'avg'
19.0319 	EXP 	window1: blendMode = 'avg'
19.0484 	EXP 	window1: blendMode = 'avg'
19.0651 	EXP 	window1: blendMode = 'avg'
19.0822 	EXP 	window1: blendMode = 'avg'
19.0986 	EXP 	window1: blendMode = 'avg'
19.1153 	EXP 	window1: blendMode = 'avg'
19.1318 	EXP 	window1: blendMode = 'avg'
19.1484 	EXP 	window1: blendMode = 'avg'
19.1651 	EXP 	window1: blendMode = 'avg'
19.1822 	EXP 	window1: blendMode = 'avg'
19.1987 	EXP 	window1: blendMode = 'avg'
19.2150 	EXP 	window1: blendMode = 'avg'
19.2316 	EXP 	window1: blendMode = 'avg'
19.2484 	EXP 	window1: blendMode = 'avg'
19.2652 	EXP 	window1: blendMode = 'avg'
19.2819 	EXP 	window1: blendMode = 'avg'
19.2986 	EXP 	window1: blendMode = 'avg'
19.3151 	EXP 	window1: blendMode = 'avg'
19.3317 	EXP 	window1: blendMode = 'avg'
19.3484 	EXP 	window1: blendMode = 'avg'
19.3650 	EXP 	window1: blendMode = 'avg'
19.3820 	EXP 	window1: blendMode = 'avg'
19.3985 	EXP 	window1: blendMode = 'avg'
19.4154 	EXP 	window1: blendMode = 'avg'
19.4317 	EXP 	window1: blendMode = 'avg'
19.4486 	EXP 	window1: blendMode = 'avg'
19.4650 	EXP 	window1: blendMode = 'avg'
19.4819 	EXP 	window1: blendMode = 'avg'
19.4988 	EXP 	window1: blendMode = 'avg'
19.5151 	EXP 	window1: blendMode = 'avg'
19.5314 	EXP 	window1: blendMode = 'avg'
19.5480 	EXP 	window1: blendMode = 'avg'
19.5629 	EXP 	window1: blendMode = 'avg'
19.5790 	EXP 	window1: blendMode = 'avg'
19.5963 	EXP 	window1: blendMode = 'avg'
19.6130 	EXP 	window1: blendMode = 'avg'
19.6450 	EXP 	Fixation_cross1: autoDraw = False
19.6621 	EXP 	polygon_2: autoDraw = True
20.1457 	EXP 	polygon_2: autoDraw = False
20.1624 	EXP 	Noise_patch1: autoDraw = True
20.2491 	DATA 	Keypress: space
20.7326 	DATA 	Keypress: space
20.8814 	DATA 	Keypress: space
21.0488 	DATA 	Keypress: space
21.1457 	EXP 	Noise_patch1: autoDraw = False
21.1495 	EXP 	window1: blendMode = 'avg'
21.1621 	EXP 	Fixation_cross2: autoDraw = True
21.1645 	EXP 	window1: blendMode = 'avg'
21.1814 	DATA 	Keypress: space
21.1824 	EXP 	window1: blendMode = 'avg'
21.1980 	EXP 	window1: blendMode = 'avg'
21.2146 	EXP 	window1: blendMode = 'avg'
21.2311 	EXP 	window1: blendMode = 'avg'
21.2477 	EXP 	window1: blendMode = 'avg'
21.2644 	EXP 	window1: blendMode = 'avg'
21.2814 	EXP 	window1: blendMode = 'avg'
21.2999 	EXP 	window1: blendMode = 'avg'
21.3144 	EXP 	window1: blendMode = 'avg'
21.3313 	EXP 	window1: blendMode = 'avg'
21.3477 	EXP 	window1: blendMode = 'avg'
21.3644 	EXP 	window1: blendMode = 'avg'
21.3955 	EXP 	Fixation_cross2: autoDraw = False
21.4012 	DATA 	Keypress: space
21.4120 	EXP 	polygon: autoDraw = True
21.5832 	DATA 	Keypress: space
21.7664 	DATA 	Keypress: space
21.7677 	EXP 	New trial (rep=0, index=2): {'stimulus_color': [1, 0, 0]}
21.7773 	EXP 	window1: recordFrameIntervals = False
21.7782 	EXP 	window1: blendMode = 'avg'
21.7835 	EXP 	polygon_2: autoDraw = False
21.7835 	EXP 	Noise_patch1: autoDraw = False
21.7835 	EXP 	polygon: autoDraw = False
21.7835 	EXP 	Fixation_cross1: autoDraw = False
21.7835 	EXP 	Fixation_cross2: autoDraw = False
21.7835 	EXP 	polygon_2: fillColor = '[ 1.  0.  0.] (rgb)'
21.7835 	EXP 	polygon_2: lineColor = '[ 1.  0.  0.] (rgb)'
21.7835 	EXP 	Noise_patch1: image = array([[-0.22123169,  0.85641784,  0.69675042, ..., -0.37461438,
        -0.15123677, -0.14626676],
       [-0.13991491, -0.28356151, -0.41318861, ..., -0.66962549,
         0.2925882 ,  0.18271834],
       [ 0.00997817,  0.93081187, -0.40269706, ..., -0.77832987,
         0.38835607,  0.22491107],
       ..., 
       [ 0.26917473,  0.42456031, -0.93403319, ...,  0.1409409 ,
        -0.65780669,  0.96088141],
       [-0.87369491, -0.6045966 , -0.7219118 , ...,  0.17837432,
         0.48563598,  0.03655108],
       [-0.39012438,  0.64021586, -0.76773179, ...,  0.83060145,
        -0.86684893, -0.86014803]])
21.7835 	EXP 	Fixation_cross1: autoDraw = True
21.7853 	EXP 	window1: recordFrameIntervals = False
22.0641 	DATA 	Keypress: space
22.1004 	DATA 	Keypress: space
22.2475 	DATA 	Keypress: space
22.2617 	EXP 	window1: blendMode = 'avg'
22.2683 	EXP 	window1: blendMode = 'avg'
22.2789 	EXP 	window1: blendMode = 'avg'
22.2958 	EXP 	window1: blendMode = 'avg'
22.3123 	EXP 	window1: blendMode = 'avg'
22.3294 	EXP 	window1: blendMode = 'avg'
22.3476 	EXP 	window1: blendMode = 'avg'
22.3641 	EXP 	window1: blendMode = 'avg'
22.3810 	EXP 	window1: blendMode = 'avg'
22.3978 	EXP 	window1: blendMode = 'avg'
22.4140 	EXP 	window1: blendMode = 'avg'
22.4307 	EXP 	window1: blendMode = 'avg'
22.4473 	EXP 	window1: blendMode = 'avg'
22.4640 	EXP 	window1: blendMode = 'avg'
22.4808 	EXP 	window1: blendMode = 'avg'
22.4975 	EXP 	window1: blendMode = 'avg'
22.5142 	EXP 	window1: blendMode = 'avg'
22.5307 	EXP 	window1: blendMode = 'avg'
22.5474 	EXP 	window1: blendMode = 'avg'
22.5639 	EXP 	window1: blendMode = 'avg'
22.5811 	EXP 	window1: blendMode = 'avg'
22.5975 	EXP 	window1: blendMode = 'avg'
22.6139 	EXP 	window1: blendMode = 'avg'
22.6307 	EXP 	window1: blendMode = 'avg'
22.6475 	EXP 	window1: blendMode = 'avg'
22.6639 	EXP 	window1: blendMode = 'avg'
22.6808 	EXP 	window1: blendMode = 'avg'
22.6974 	EXP 	window1: blendMode = 'avg'
22.7142 	EXP 	window1: blendMode = 'avg'
22.7306 	EXP 	window1: blendMode = 'avg'
22.7473 	EXP 	window1: blendMode = 'avg'
22.7666 	EXP 	window1: blendMode = 'avg'
22.7819 	EXP 	window1: blendMode = 'avg'
22.7974 	EXP 	window1: blendMode = 'avg'
22.8139 	EXP 	window1: blendMode = 'avg'
22.8312 	EXP 	window1: blendMode = 'avg'
22.8472 	EXP 	window1: blendMode = 'avg'
22.8647 	EXP 	window1: blendMode = 'avg'
22.8833 	EXP 	window1: blendMode = 'avg'
22.8975 	EXP 	window1: blendMode = 'avg'
22.9139 	EXP 	window1: blendMode = 'avg'
22.9305 	EXP 	window1: blendMode = 'avg'
22.9477 	EXP 	window1: blendMode = 'avg'
22.9641 	EXP 	window1: blendMode = 'avg'
22.9806 	EXP 	window1: blendMode = 'avg'
22.9986 	DATA 	Keypress: space
22.9997 	EXP 	window1: blendMode = 'avg'
23.0140 	EXP 	window1: blendMode = 'avg'
23.0305 	EXP 	window1: blendMode = 'avg'
23.0452 	EXP 	window1: blendMode = 'avg'
23.0629 	EXP 	window1: blendMode = 'avg'
23.0822 	EXP 	window1: blendMode = 'avg'
23.0976 	EXP 	window1: blendMode = 'avg'
23.1138 	EXP 	window1: blendMode = 'avg'
23.1305 	EXP 	window1: blendMode = 'avg'
23.1471 	EXP 	window1: blendMode = 'avg'
23.1640 	EXP 	window1: blendMode = 'avg'
23.1805 	EXP 	window1: blendMode = 'avg'
23.1973 	EXP 	window1: blendMode = 'avg'
23.2138 	EXP 	window1: blendMode = 'avg'
23.2306 	EXP 	window1: blendMode = 'avg'
23.2471 	EXP 	window1: blendMode = 'avg'
23.2640 	EXP 	window1: blendMode = 'avg'
23.2806 	EXP 	window1: blendMode = 'avg'
23.2974 	EXP 	window1: blendMode = 'avg'
23.3138 	EXP 	window1: blendMode = 'avg'
23.3304 	EXP 	window1: blendMode = 'avg'
23.3473 	EXP 	window1: blendMode = 'avg'
23.3640 	EXP 	window1: blendMode = 'avg'
23.3803 	EXP 	window1: blendMode = 'avg'
23.3972 	EXP 	window1: blendMode = 'avg'
23.4138 	EXP 	window1: blendMode = 'avg'
23.4304 	EXP 	window1: blendMode = 'avg'
23.4471 	EXP 	window1: blendMode = 'avg'
23.4642 	EXP 	window1: blendMode = 'avg'
23.4806 	EXP 	window1: blendMode = 'avg'
23.4972 	EXP 	window1: blendMode = 'avg'
23.5137 	EXP 	window1: blendMode = 'avg'
23.5305 	EXP 	window1: blendMode = 'avg'
23.5471 	EXP 	window1: blendMode = 'avg'
23.5637 	EXP 	window1: blendMode = 'avg'
23.5807 	EXP 	window1: blendMode = 'avg'
23.5973 	EXP 	window1: blendMode = 'avg'
23.6135 	EXP 	window1: blendMode = 'avg'
23.6303 	EXP 	window1: blendMode = 'avg'
23.6471 	EXP 	window1: blendMode = 'avg'
23.6641 	EXP 	window1: blendMode = 'avg'
23.6803 	EXP 	window1: blendMode = 'avg'
23.6971 	EXP 	window1: blendMode = 'avg'
23.7132 	EXP 	window1: blendMode = 'avg'
23.7300 	EXP 	window1: blendMode = 'avg'
23.7466 	EXP 	window1: blendMode = 'avg'
23.7779 	EXP 	Fixation_cross1: autoDraw = False
23.7946 	EXP 	polygon_2: autoDraw = True
24.0817 	DATA 	Keypress: space
24.2778 	EXP 	polygon_2: autoDraw = False
24.2946 	EXP 	Noise_patch1: autoDraw = True
25.2774 	EXP 	Noise_patch1: autoDraw = False
25.2801 	EXP 	window1: blendMode = 'avg'
25.2941 	EXP 	Fixation_cross2: autoDraw = True
25.2967 	EXP 	window1: blendMode = 'avg'
25.3131 	EXP 	window1: blendMode = 'avg'
25.3298 	EXP 	window1: blendMode = 'avg'
25.3466 	EXP 	window1: blendMode = 'avg'
25.3632 	EXP 	window1: blendMode = 'avg'
25.3798 	EXP 	window1: blendMode = 'avg'
25.3967 	EXP 	window1: blendMode = 'avg'
25.4134 	EXP 	window1: blendMode = 'avg'
25.4298 	EXP 	window1: blendMode = 'avg'
25.4464 	EXP 	window1: blendMode = 'avg'
25.4609 	EXP 	window1: blendMode = 'avg'
25.4782 	EXP 	window1: blendMode = 'avg'
25.4959 	EXP 	window1: blendMode = 'avg'
25.5276 	EXP 	Fixation_cross2: autoDraw = False
25.5440 	EXP 	polygon: autoDraw = True
27.3991 	DATA 	Keypress: space
27.4003 	EXP 	New trial (rep=0, index=3): {'stimulus_color': [1, 0.9, 0]}
27.4085 	EXP 	window1: recordFrameIntervals = False
27.4095 	EXP 	window1: blendMode = 'avg'
27.4146 	EXP 	polygon_2: autoDraw = False
27.4146 	EXP 	Noise_patch1: autoDraw = False
27.4146 	EXP 	polygon: autoDraw = False
27.4146 	EXP 	Fixation_cross1: autoDraw = False
27.4146 	EXP 	Fixation_cross2: autoDraw = False
27.4146 	EXP 	polygon_2: fillColor = '[ 1.   0.9  0. ] (rgb)'
27.4146 	EXP 	polygon_2: lineColor = '[ 1.   0.9  0. ] (rgb)'
27.4146 	EXP 	Noise_patch1: image = array([[-0.22123169,  0.85641784,  0.69675042, ..., -0.37461438,
        -0.15123677, -0.14626676],
       [-0.13991491, -0.28356151, -0.41318861, ..., -0.66962549,
         0.2925882 ,  0.18271834],
       [ 0.00997817,  0.93081187, -0.40269706, ..., -0.77832987,
         0.38835607,  0.22491107],
       ..., 
       [ 0.26917473,  0.42456031, -0.93403319, ...,  0.1409409 ,
        -0.65780669,  0.96088141],
       [-0.87369491, -0.6045966 , -0.7219118 , ...,  0.17837432,
         0.48563598,  0.03655108],
       [-0.39012438,  0.64021586, -0.76773179, ...,  0.83060145,
        -0.86684893, -0.86014803]])
27.4146 	EXP 	Fixation_cross1: autoDraw = True
27.4160 	EXP 	window1: recordFrameIntervals = False
27.8857 	EXP 	window1: blendMode = 'avg'
27.8919 	EXP 	window1: blendMode = 'avg'
27.9106 	EXP 	window1: blendMode = 'avg'
27.9266 	EXP 	window1: blendMode = 'avg'
27.9439 	EXP 	window1: blendMode = 'avg'
27.9610 	EXP 	window1: blendMode = 'avg'
27.9786 	EXP 	window1: blendMode = 'avg'
27.9956 	EXP 	window1: blendMode = 'avg'
28.0121 	EXP 	window1: blendMode = 'avg'
28.0285 	EXP 	window1: blendMode = 'avg'
28.0454 	EXP 	window1: blendMode = 'avg'
28.0619 	EXP 	window1: blendMode = 'avg'
28.0787 	EXP 	window1: blendMode = 'avg'
28.0956 	EXP 	window1: blendMode = 'avg'
28.1120 	EXP 	window1: blendMode = 'avg'
28.1289 	EXP 	window1: blendMode = 'avg'
28.1451 	EXP 	window1: blendMode = 'avg'
28.1620 	EXP 	window1: blendMode = 'avg'
28.1769 	EXP 	window1: blendMode = 'avg'
28.1937 	EXP 	window1: blendMode = 'avg'
28.2108 	EXP 	window1: blendMode = 'avg'
28.2286 	EXP 	window1: blendMode = 'avg'
28.2451 	EXP 	window1: blendMode = 'avg'
28.2618 	EXP 	window1: blendMode = 'avg'
28.2786 	EXP 	window1: blendMode = 'avg'
28.2952 	EXP 	window1: blendMode = 'avg'
28.3118 	EXP 	window1: blendMode = 'avg'
28.3285 	EXP 	window1: blendMode = 'avg'
28.3450 	EXP 	window1: blendMode = 'avg'
28.3618 	EXP 	window1: blendMode = 'avg'
28.3787 	EXP 	window1: blendMode = 'avg'
28.3952 	EXP 	window1: blendMode = 'avg'
28.4119 	EXP 	window1: blendMode = 'avg'
28.4284 	EXP 	window1: blendMode = 'avg'
28.4449 	EXP 	window1: blendMode = 'avg'
28.4619 	EXP 	window1: blendMode = 'avg'
28.4785 	EXP 	window1: blendMode = 'avg'
28.4951 	EXP 	window1: blendMode = 'avg'
28.5118 	EXP 	window1: blendMode = 'avg'
28.5286 	EXP 	window1: blendMode = 'avg'
28.5450 	EXP 	window1: blendMode = 'avg'
28.5618 	EXP 	window1: blendMode = 'avg'
28.5785 	EXP 	window1: blendMode = 'avg'
28.5953 	EXP 	window1: blendMode = 'avg'
28.6117 	EXP 	window1: blendMode = 'avg'
28.6285 	EXP 	window1: blendMode = 'avg'
28.6448 	EXP 	window1: blendMode = 'avg'
28.6618 	EXP 	window1: blendMode = 'avg'
28.6781 	EXP 	window1: blendMode = 'avg'
28.6950 	EXP 	window1: blendMode = 'avg'
28.7118 	EXP 	window1: blendMode = 'avg'
28.7286 	EXP 	window1: blendMode = 'avg'
28.7448 	EXP 	window1: blendMode = 'avg'
28.7616 	EXP 	window1: blendMode = 'avg'
28.7783 	EXP 	window1: blendMode = 'avg'
28.7950 	EXP 	window1: blendMode = 'avg'
28.8117 	EXP 	window1: blendMode = 'avg'
28.8284 	EXP 	window1: blendMode = 'avg'
28.8448 	EXP 	window1: blendMode = 'avg'
28.8616 	EXP 	window1: blendMode = 'avg'
28.8783 	EXP 	window1: blendMode = 'avg'
28.8950 	EXP 	window1: blendMode = 'avg'
28.9119 	EXP 	window1: blendMode = 'avg'
28.9283 	EXP 	window1: blendMode = 'avg'
28.9447 	EXP 	window1: blendMode = 'avg'
28.9611 	EXP 	window1: blendMode = 'avg'
28.9760 	EXP 	window1: blendMode = 'avg'
28.9936 	EXP 	window1: blendMode = 'avg'
29.0113 	EXP 	window1: blendMode = 'avg'
29.0284 	EXP 	window1: blendMode = 'avg'
29.0448 	EXP 	window1: blendMode = 'avg'
29.0615 	EXP 	window1: blendMode = 'avg'
29.0782 	EXP 	window1: blendMode = 'avg'
29.0950 	EXP 	window1: blendMode = 'avg'
29.1115 	EXP 	window1: blendMode = 'avg'
29.1286 	EXP 	window1: blendMode = 'avg'
29.1452 	EXP 	window1: blendMode = 'avg'
29.1619 	EXP 	window1: blendMode = 'avg'
29.1783 	EXP 	window1: blendMode = 'avg'
29.1949 	EXP 	window1: blendMode = 'avg'
29.2116 	EXP 	window1: blendMode = 'avg'
29.2284 	EXP 	window1: blendMode = 'avg'
29.2447 	EXP 	window1: blendMode = 'avg'
29.2612 	EXP 	window1: blendMode = 'avg'
29.2782 	EXP 	window1: blendMode = 'avg'
29.2949 	EXP 	window1: blendMode = 'avg'
29.3115 	EXP 	window1: blendMode = 'avg'
29.3282 	EXP 	window1: blendMode = 'avg'
29.3452 	EXP 	window1: blendMode = 'avg'
29.3616 	EXP 	window1: blendMode = 'avg'
29.3779 	EXP 	window1: blendMode = 'avg'
29.4095 	EXP 	Fixation_cross1: autoDraw = False
29.4261 	EXP 	polygon_2: autoDraw = True
29.9092 	EXP 	polygon_2: autoDraw = False
29.9259 	EXP 	Noise_patch1: autoDraw = True
30.9090 	EXP 	Noise_patch1: autoDraw = False
30.9117 	EXP 	window1: blendMode = 'avg'
30.9257 	EXP 	Fixation_cross2: autoDraw = True
30.9281 	EXP 	window1: blendMode = 'avg'
30.9447 	EXP 	window1: blendMode = 'avg'
30.9621 	EXP 	window1: blendMode = 'avg'
30.9766 	EXP 	window1: blendMode = 'avg'
30.9939 	EXP 	window1: blendMode = 'avg'
31.0113 	EXP 	window1: blendMode = 'avg'
31.0282 	EXP 	window1: blendMode = 'avg'
31.0448 	EXP 	window1: blendMode = 'avg'
31.0614 	EXP 	window1: blendMode = 'avg'
31.0780 	EXP 	window1: blendMode = 'avg'
31.0947 	EXP 	window1: blendMode = 'avg'
31.1115 	EXP 	window1: blendMode = 'avg'
31.1280 	EXP 	window1: blendMode = 'avg'
31.1592 	EXP 	Fixation_cross2: autoDraw = False
31.1756 	EXP 	polygon: autoDraw = True
31.4966 	DATA 	Keypress: space
31.4979 	EXP 	New trial (rep=0, index=4): {'stimulus_color': [1, 1, 0]}
31.5075 	EXP 	window1: recordFrameIntervals = False
31.5085 	EXP 	window1: blendMode = 'avg'
31.5138 	EXP 	polygon_2: autoDraw = False
31.5138 	EXP 	Noise_patch1: autoDraw = False
31.5138 	EXP 	polygon: autoDraw = False
31.5138 	EXP 	Fixation_cross1: autoDraw = False
31.5138 	EXP 	Fixation_cross2: autoDraw = False
31.5138 	EXP 	polygon_2: fillColor = '[ 1.  1.  0.] (rgb)'
31.5138 	EXP 	polygon_2: lineColor = '[ 1.  1.  0.] (rgb)'
31.5138 	EXP 	Noise_patch1: image = array([[-0.22123169,  0.85641784,  0.69675042, ..., -0.37461438,
        -0.15123677, -0.14626676],
       [-0.13991491, -0.28356151, -0.41318861, ..., -0.66962549,
         0.2925882 ,  0.18271834],
       [ 0.00997817,  0.93081187, -0.40269706, ..., -0.77832987,
         0.38835607,  0.22491107],
       ..., 
       [ 0.26917473,  0.42456031, -0.93403319, ...,  0.1409409 ,
        -0.65780669,  0.96088141],
       [-0.87369491, -0.6045966 , -0.7219118 , ...,  0.17837432,
         0.48563598,  0.03655108],
       [-0.39012438,  0.64021586, -0.76773179, ...,  0.83060145,
        -0.86684893, -0.86014803]])
31.5138 	EXP 	Fixation_cross1: autoDraw = True
31.5156 	EXP 	window1: recordFrameIntervals = False
31.9884 	EXP 	window1: blendMode = 'avg'
31.9946 	EXP 	window1: blendMode = 'avg'
32.0094 	EXP 	window1: blendMode = 'avg'
32.0260 	EXP 	window1: blendMode = 'avg'
32.0432 	EXP 	window1: blendMode = 'avg'
32.0608 	EXP 	window1: blendMode = 'avg'
32.0773 	EXP 	window1: blendMode = 'avg'
32.0941 	EXP 	window1: blendMode = 'avg'
32.1109 	EXP 	window1: blendMode = 'avg'
32.1276 	EXP 	window1: blendMode = 'avg'
32.1440 	EXP 	window1: blendMode = 'avg'
32.1611 	EXP 	window1: blendMode = 'avg'
32.1778 	EXP 	window1: blendMode = 'avg'
32.1943 	EXP 	window1: blendMode = 'avg'
32.2107 	EXP 	window1: blendMode = 'avg'
32.2273 	EXP 	window1: blendMode = 'avg'
32.2442 	EXP 	window1: blendMode = 'avg'
32.2608 	EXP 	window1: blendMode = 'avg'
32.2772 	EXP 	window1: blendMode = 'avg'
32.2940 	EXP 	window1: blendMode = 'avg'
32.3108 	EXP 	window1: blendMode = 'avg'
32.3272 	EXP 	window1: blendMode = 'avg'
32.3439 	EXP 	window1: blendMode = 'avg'
32.3607 	EXP 	window1: blendMode = 'avg'
32.3772 	EXP 	window1: blendMode = 'avg'
32.3939 	EXP 	window1: blendMode = 'avg'
32.4106 	EXP 	window1: blendMode = 'avg'
32.4273 	EXP 	window1: blendMode = 'avg'
32.4440 	EXP 	window1: blendMode = 'avg'
32.4608 	EXP 	window1: blendMode = 'avg'
32.4773 	EXP 	window1: blendMode = 'avg'
32.4943 	EXP 	window1: blendMode = 'avg'
32.5106 	EXP 	window1: blendMode = 'avg'
32.5275 	EXP 	window1: blendMode = 'avg'
32.5440 	EXP 	window1: blendMode = 'avg'
32.5609 	EXP 	window1: blendMode = 'avg'
32.5774 	EXP 	window1: blendMode = 'avg'
32.5941 	EXP 	window1: blendMode = 'avg'
32.6108 	EXP 	window1: blendMode = 'avg'
32.6272 	EXP 	window1: blendMode = 'avg'
32.6442 	EXP 	window1: blendMode = 'avg'
32.6607 	EXP 	window1: blendMode = 'avg'
32.6772 	EXP 	window1: blendMode = 'avg'
32.6938 	EXP 	window1: blendMode = 'avg'
32.7107 	EXP 	window1: blendMode = 'avg'
32.7272 	EXP 	window1: blendMode = 'avg'
32.7443 	EXP 	window1: blendMode = 'avg'
32.7605 	EXP 	window1: blendMode = 'avg'
32.7777 	EXP 	window1: blendMode = 'avg'
32.7941 	EXP 	window1: blendMode = 'avg'
32.8109 	EXP 	window1: blendMode = 'avg'
32.8274 	EXP 	window1: blendMode = 'avg'
32.8442 	EXP 	window1: blendMode = 'avg'
32.8610 	EXP 	window1: blendMode = 'avg'
32.8774 	EXP 	window1: blendMode = 'avg'
32.8940 	EXP 	window1: blendMode = 'avg'
32.9109 	EXP 	window1: blendMode = 'avg'
32.9273 	EXP 	window1: blendMode = 'avg'
32.9438 	EXP 	window1: blendMode = 'avg'
32.9609 	EXP 	window1: blendMode = 'avg'
32.9774 	EXP 	window1: blendMode = 'avg'
32.9942 	EXP 	window1: blendMode = 'avg'
33.0109 	EXP 	window1: blendMode = 'avg'
33.0271 	EXP 	window1: blendMode = 'avg'
33.0438 	EXP 	window1: blendMode = 'avg'
33.0606 	EXP 	window1: blendMode = 'avg'
33.0774 	EXP 	window1: blendMode = 'avg'
33.0940 	EXP 	window1: blendMode = 'avg'
33.1110 	EXP 	window1: blendMode = 'avg'
33.1274 	EXP 	window1: blendMode = 'avg'
33.1440 	EXP 	window1: blendMode = 'avg'
33.1607 	EXP 	window1: blendMode = 'avg'
33.1775 	EXP 	window1: blendMode = 'avg'
33.1943 	EXP 	window1: blendMode = 'avg'
33.2109 	EXP 	window1: blendMode = 'avg'
33.2275 	EXP 	window1: blendMode = 'avg'
33.2436 	EXP 	window1: blendMode = 'avg'
33.2603 	EXP 	window1: blendMode = 'avg'
33.2770 	EXP 	window1: blendMode = 'avg'
33.2943 	EXP 	window1: blendMode = 'avg'
33.3104 	EXP 	window1: blendMode = 'avg'
33.3267 	EXP 	window1: blendMode = 'avg'
33.3437 	EXP 	window1: blendMode = 'avg'
33.3607 	EXP 	window1: blendMode = 'avg'
33.3769 	EXP 	window1: blendMode = 'avg'
33.3937 	EXP 	window1: blendMode = 'avg'
33.4104 	EXP 	window1: blendMode = 'avg'
33.4270 	EXP 	window1: blendMode = 'avg'
33.4436 	EXP 	window1: blendMode = 'avg'
33.4604 	EXP 	window1: blendMode = 'avg'
33.4769 	EXP 	window1: blendMode = 'avg'
33.5080 	EXP 	Fixation_cross1: autoDraw = False
33.5250 	EXP 	polygon_2: autoDraw = True
34.0080 	EXP 	polygon_2: autoDraw = False
34.0247 	EXP 	Noise_patch1: autoDraw = True
35.0077 	EXP 	Noise_patch1: autoDraw = False
35.0103 	EXP 	window1: blendMode = 'avg'
35.0242 	EXP 	Fixation_cross2: autoDraw = True
35.0266 	EXP 	window1: blendMode = 'avg'
35.0435 	EXP 	window1: blendMode = 'avg'
35.0601 	EXP 	window1: blendMode = 'avg'
35.0767 	EXP 	window1: blendMode = 'avg'
35.0931 	EXP 	window1: blendMode = 'avg'
35.1098 	EXP 	window1: blendMode = 'avg'
35.1264 	EXP 	window1: blendMode = 'avg'
35.1431 	EXP 	window1: blendMode = 'avg'
35.1597 	EXP 	window1: blendMode = 'avg'
35.1765 	EXP 	window1: blendMode = 'avg'
35.1935 	EXP 	window1: blendMode = 'avg'
35.2096 	EXP 	window1: blendMode = 'avg'
35.2263 	EXP 	window1: blendMode = 'avg'
35.2576 	EXP 	Fixation_cross2: autoDraw = False
35.2744 	EXP 	polygon: autoDraw = True
35.5451 	DATA 	Keypress: space
35.5463 	EXP 	New trial (rep=0, index=5): {'stimulus_color': [1, 0.4, 0]}
35.5543 	EXP 	window1: recordFrameIntervals = False
35.5552 	EXP 	window1: blendMode = 'avg'
35.5604 	EXP 	polygon_2: autoDraw = False
35.5604 	EXP 	Noise_patch1: autoDraw = False
35.5604 	EXP 	polygon: autoDraw = False
35.5604 	EXP 	Fixation_cross1: autoDraw = False
35.5604 	EXP 	Fixation_cross2: autoDraw = False
35.5604 	EXP 	polygon_2: fillColor = '[ 1.   0.4  0. ] (rgb)'
35.5604 	EXP 	polygon_2: lineColor = '[ 1.   0.4  0. ] (rgb)'
35.5604 	EXP 	Noise_patch1: image = array([[-0.22123169,  0.85641784,  0.69675042, ..., -0.37461438,
        -0.15123677, -0.14626676],
       [-0.13991491, -0.28356151, -0.41318861, ..., -0.66962549,
         0.2925882 ,  0.18271834],
       [ 0.00997817,  0.93081187, -0.40269706, ..., -0.77832987,
         0.38835607,  0.22491107],
       ..., 
       [ 0.26917473,  0.42456031, -0.93403319, ...,  0.1409409 ,
        -0.65780669,  0.96088141],
       [-0.87369491, -0.6045966 , -0.7219118 , ...,  0.17837432,
         0.48563598,  0.03655108],
       [-0.39012438,  0.64021586, -0.76773179, ...,  0.83060145,
        -0.86684893, -0.86014803]])
35.5604 	EXP 	Fixation_cross1: autoDraw = True
35.5619 	EXP 	window1: recordFrameIntervals = False
36.0360 	EXP 	window1: blendMode = 'avg'
36.0422 	EXP 	window1: blendMode = 'avg'
36.0581 	EXP 	window1: blendMode = 'avg'
36.0746 	EXP 	window1: blendMode = 'avg'
36.0914 	EXP 	window1: blendMode = 'avg'
36.1091 	EXP 	window1: blendMode = 'avg'
36.1261 	EXP 	window1: blendMode = 'avg'
36.1426 	EXP 	window1: blendMode = 'avg'
36.1593 	EXP 	window1: blendMode = 'avg'
36.1760 	EXP 	window1: blendMode = 'avg'
36.1928 	EXP 	window1: blendMode = 'avg'
36.2094 	EXP 	window1: blendMode = 'avg'
36.2260 	EXP 	window1: blendMode = 'avg'
36.2425 	EXP 	window1: blendMode = 'avg'
36.2594 	EXP 	window1: blendMode = 'avg'
36.2760 	EXP 	window1: blendMode = 'avg'
36.2927 	EXP 	window1: blendMode = 'avg'
36.3095 	EXP 	window1: blendMode = 'avg'
36.3260 	EXP 	window1: blendMode = 'avg'
36.3427 	EXP 	window1: blendMode = 'avg'
36.3591 	EXP 	window1: blendMode = 'avg'
36.3760 	EXP 	window1: blendMode = 'avg'
36.3926 	EXP 	window1: blendMode = 'avg'
36.4093 	EXP 	window1: blendMode = 'avg'
36.4259 	EXP 	window1: blendMode = 'avg'
36.4428 	EXP 	window1: blendMode = 'avg'
36.4590 	EXP 	window1: blendMode = 'avg'
36.4759 	EXP 	window1: blendMode = 'avg'
36.4927 	EXP 	window1: blendMode = 'avg'
36.5092 	EXP 	window1: blendMode = 'avg'
36.5259 	EXP 	window1: blendMode = 'avg'
36.5426 	EXP 	window1: blendMode = 'avg'
36.5594 	EXP 	window1: blendMode = 'avg'
36.5759 	EXP 	window1: blendMode = 'avg'
36.5925 	EXP 	window1: blendMode = 'avg'
36.6093 	EXP 	window1: blendMode = 'avg'
36.6260 	EXP 	window1: blendMode = 'avg'
36.6427 	EXP 	window1: blendMode = 'avg'
36.6590 	EXP 	window1: blendMode = 'avg'
36.6758 	EXP 	window1: blendMode = 'avg'
36.6925 	EXP 	window1: blendMode = 'avg'
36.7093 	EXP 	window1: blendMode = 'avg'
36.7259 	EXP 	window1: blendMode = 'avg'
36.7428 	EXP 	window1: blendMode = 'avg'
36.7591 	EXP 	window1: blendMode = 'avg'
36.7759 	EXP 	window1: blendMode = 'avg'
36.7925 	EXP 	window1: blendMode = 'avg'
36.8094 	EXP 	window1: blendMode = 'avg'
36.8263 	EXP 	window1: blendMode = 'avg'
36.8425 	EXP 	window1: blendMode = 'avg'
36.8591 	EXP 	window1: blendMode = 'avg'
36.8756 	EXP 	window1: blendMode = 'avg'
36.8925 	EXP 	window1: blendMode = 'avg'
36.9092 	EXP 	window1: blendMode = 'avg'
36.9258 	EXP 	window1: blendMode = 'avg'
36.9426 	EXP 	window1: blendMode = 'avg'
36.9597 	EXP 	window1: blendMode = 'avg'
36.9761 	EXP 	window1: blendMode = 'avg'
36.9929 	EXP 	window1: blendMode = 'avg'
37.0096 	EXP 	window1: blendMode = 'avg'
37.0262 	EXP 	window1: blendMode = 'avg'
37.0428 	EXP 	window1: blendMode = 'avg'
37.0593 	EXP 	window1: blendMode = 'avg'
37.0762 	EXP 	window1: blendMode = 'avg'
37.0929 	EXP 	window1: blendMode = 'avg'
37.1091 	EXP 	window1: blendMode = 'avg'
37.1258 	EXP 	window1: blendMode = 'avg'
37.1426 	EXP 	window1: blendMode = 'avg'
37.1591 	EXP 	window1: blendMode = 'avg'
37.1754 	EXP 	window1: blendMode = 'avg'
37.1924 	EXP 	window1: blendMode = 'avg'
37.2092 	EXP 	window1: blendMode = 'avg'
37.2257 	EXP 	window1: blendMode = 'avg'
37.2424 	EXP 	window1: blendMode = 'avg'
37.2592 	EXP 	window1: blendMode = 'avg'
37.2754 	EXP 	window1: blendMode = 'avg'
37.2923 	EXP 	window1: blendMode = 'avg'
37.3092 	EXP 	window1: blendMode = 'avg'
37.3257 	EXP 	window1: blendMode = 'avg'
37.3423 	EXP 	window1: blendMode = 'avg'
37.3590 	EXP 	window1: blendMode = 'avg'
37.3755 	EXP 	window1: blendMode = 'avg'
37.3925 	EXP 	window1: blendMode = 'avg'
37.4091 	EXP 	window1: blendMode = 'avg'
37.4256 	EXP 	window1: blendMode = 'avg'
37.4424 	EXP 	window1: blendMode = 'avg'
37.4590 	EXP 	window1: blendMode = 'avg'
37.4753 	EXP 	window1: blendMode = 'avg'
37.4921 	EXP 	window1: blendMode = 'avg'
37.5090 	EXP 	window1: blendMode = 'avg'
37.5256 	EXP 	window1: blendMode = 'avg'
37.5570 	EXP 	Fixation_cross1: autoDraw = False
37.5737 	EXP 	polygon_2: autoDraw = True
38.0568 	EXP 	polygon_2: autoDraw = False
38.0737 	EXP 	Noise_patch1: autoDraw = True
38.2093 	DATA 	Keypress: space
39.0566 	EXP 	Noise_patch1: autoDraw = False
39.0590 	EXP 	window1: blendMode = 'avg'
39.0732 	EXP 	Fixation_cross2: autoDraw = True
39.0755 	EXP 	window1: blendMode = 'avg'
39.0924 	EXP 	window1: blendMode = 'avg'
39.1089 	EXP 	window1: blendMode = 'avg'
39.1258 	EXP 	window1: blendMode = 'avg'
39.1421 	EXP 	window1: blendMode = 'avg'
39.1588 	EXP 	window1: blendMode = 'avg'
39.1755 	EXP 	window1: blendMode = 'avg'
39.1921 	EXP 	window1: blendMode = 'avg'
39.2088 	EXP 	window1: blendMode = 'avg'
39.2254 	EXP 	window1: blendMode = 'avg'
39.2422 	EXP 	window1: blendMode = 'avg'
39.2588 	EXP 	window1: blendMode = 'avg'
39.2755 	EXP 	window1: blendMode = 'avg'
39.3064 	EXP 	Fixation_cross2: autoDraw = False
39.3231 	EXP 	polygon: autoDraw = True
39.5941 	DATA 	Keypress: space
39.5954 	EXP 	New trial (rep=0, index=6): {'stimulus_color': [1, 0.1, 0]}
39.6043 	EXP 	window1: recordFrameIntervals = False
39.6053 	EXP 	window1: blendMode = 'avg'
39.6106 	EXP 	polygon_2: autoDraw = False
39.6106 	EXP 	Noise_patch1: autoDraw = False
39.6106 	EXP 	polygon: autoDraw = False
39.6106 	EXP 	Fixation_cross1: autoDraw = False
39.6106 	EXP 	Fixation_cross2: autoDraw = False
39.6106 	EXP 	polygon_2: fillColor = '[ 1.   0.1  0. ] (rgb)'
39.6106 	EXP 	polygon_2: lineColor = '[ 1.   0.1  0. ] (rgb)'
39.6106 	EXP 	Noise_patch1: image = array([[-0.22123169,  0.85641784,  0.69675042, ..., -0.37461438,
        -0.15123677, -0.14626676],
       [-0.13991491, -0.28356151, -0.41318861, ..., -0.66962549,
         0.2925882 ,  0.18271834],
       [ 0.00997817,  0.93081187, -0.40269706, ..., -0.77832987,
         0.38835607,  0.22491107],
       ..., 
       [ 0.26917473,  0.42456031, -0.93403319, ...,  0.1409409 ,
        -0.65780669,  0.96088141],
       [-0.87369491, -0.6045966 , -0.7219118 , ...,  0.17837432,
         0.48563598,  0.03655108],
       [-0.39012438,  0.64021586, -0.76773179, ...,  0.83060145,
        -0.86684893, -0.86014803]])
39.6106 	EXP 	Fixation_cross1: autoDraw = True
39.6124 	EXP 	window1: recordFrameIntervals = False
40.0875 	EXP 	window1: blendMode = 'avg'
40.0936 	EXP 	window1: blendMode = 'avg'
40.1070 	EXP 	window1: blendMode = 'avg'
40.1233 	EXP 	window1: blendMode = 'avg'
40.1401 	EXP 	window1: blendMode = 'avg'
40.1569 	EXP 	window1: blendMode = 'avg'
40.1737 	EXP 	window1: blendMode = 'avg'
40.1919 	EXP 	window1: blendMode = 'avg'
40.2087 	EXP 	window1: blendMode = 'avg'
40.2255 	EXP 	window1: blendMode = 'avg'
40.2418 	EXP 	window1: blendMode = 'avg'
40.2587 	EXP 	window1: blendMode = 'avg'
40.2751 	EXP 	window1: blendMode = 'avg'
40.2920 	EXP 	window1: blendMode = 'avg'
40.3087 	EXP 	window1: blendMode = 'avg'
40.3252 	EXP 	window1: blendMode = 'avg'
40.3418 	EXP 	window1: blendMode = 'avg'
40.3586 	EXP 	window1: blendMode = 'avg'
40.3751 	EXP 	window1: blendMode = 'avg'
40.3918 	EXP 	window1: blendMode = 'avg'
40.4086 	EXP 	window1: blendMode = 'avg'
40.4254 	EXP 	window1: blendMode = 'avg'
40.4418 	EXP 	window1: blendMode = 'avg'
40.4560 	EXP 	window1: blendMode = 'avg'
40.4731 	EXP 	window1: blendMode = 'avg'
40.4903 	EXP 	window1: blendMode = 'avg'
40.5080 	EXP 	window1: blendMode = 'avg'
40.5253 	EXP 	window1: blendMode = 'avg'
40.5419 	EXP 	window1: blendMode = 'avg'
40.5583 	EXP 	window1: blendMode = 'avg'
40.5750 	EXP 	window1: blendMode = 'avg'
40.5917 	EXP 	window1: blendMode = 'avg'
40.6088 	EXP 	window1: blendMode = 'avg'
40.6253 	EXP 	window1: blendMode = 'avg'
40.6420 	EXP 	window1: blendMode = 'avg'
40.6585 	EXP 	window1: blendMode = 'avg'
40.6750 	EXP 	window1: blendMode = 'avg'
40.6917 	EXP 	window1: blendMode = 'avg'
40.7085 	EXP 	window1: blendMode = 'avg'
40.7253 	EXP 	window1: blendMode = 'avg'
40.7417 	EXP 	window1: blendMode = 'avg'
40.7584 	EXP 	window1: blendMode = 'avg'
40.7749 	EXP 	window1: blendMode = 'avg'
40.7918 	EXP 	window1: blendMode = 'avg'
40.8085 	EXP 	window1: blendMode = 'avg'
40.8252 	EXP 	window1: blendMode = 'avg'
40.8416 	EXP 	window1: blendMode = 'avg'
40.8585 	EXP 	window1: blendMode = 'avg'
40.8749 	EXP 	window1: blendMode = 'avg'
40.8916 	EXP 	window1: blendMode = 'avg'
40.9084 	EXP 	window1: blendMode = 'avg'
40.9253 	EXP 	window1: blendMode = 'avg'
40.9416 	EXP 	window1: blendMode = 'avg'
40.9590 	EXP 	window1: blendMode = 'avg'
40.9750 	EXP 	window1: blendMode = 'avg'
40.9916 	EXP 	window1: blendMode = 'avg'
41.0085 	EXP 	window1: blendMode = 'avg'
41.0251 	EXP 	window1: blendMode = 'avg'
41.0417 	EXP 	window1: blendMode = 'avg'
41.0583 	EXP 	window1: blendMode = 'avg'
41.0748 	EXP 	window1: blendMode = 'avg'
41.0916 	EXP 	window1: blendMode = 'avg'
41.1087 	EXP 	window1: blendMode = 'avg'
41.1250 	EXP 	window1: blendMode = 'avg'
41.1415 	EXP 	window1: blendMode = 'avg'
41.1585 	EXP 	window1: blendMode = 'avg'
41.1748 	EXP 	window1: blendMode = 'avg'
41.1915 	EXP 	window1: blendMode = 'avg'
41.2083 	EXP 	window1: blendMode = 'avg'
41.2252 	EXP 	window1: blendMode = 'avg'
41.2415 	EXP 	window1: blendMode = 'avg'
41.2582 	EXP 	window1: blendMode = 'avg'
41.2748 	EXP 	window1: blendMode = 'avg'
41.2917 	EXP 	window1: blendMode = 'avg'
41.3083 	EXP 	window1: blendMode = 'avg'
41.3250 	EXP 	window1: blendMode = 'avg'
41.3415 	EXP 	window1: blendMode = 'avg'
41.3585 	EXP 	window1: blendMode = 'avg'
41.3750 	EXP 	window1: blendMode = 'avg'
41.3914 	EXP 	window1: blendMode = 'avg'
41.4083 	EXP 	window1: blendMode = 'avg'
41.4251 	EXP 	window1: blendMode = 'avg'
41.4414 	EXP 	window1: blendMode = 'avg'
41.4581 	EXP 	window1: blendMode = 'avg'
41.4748 	EXP 	window1: blendMode = 'avg'
41.4914 	EXP 	window1: blendMode = 'avg'
41.5082 	EXP 	window1: blendMode = 'avg'
41.5248 	EXP 	window1: blendMode = 'avg'
41.5414 	EXP 	window1: blendMode = 'avg'
41.5581 	EXP 	window1: blendMode = 'avg'
41.5745 	EXP 	window1: blendMode = 'avg'
41.6057 	EXP 	Fixation_cross1: autoDraw = False
41.6224 	EXP 	polygon_2: autoDraw = True
42.1058 	EXP 	polygon_2: autoDraw = False
42.1222 	EXP 	Noise_patch1: autoDraw = True
43.1053 	EXP 	Noise_patch1: autoDraw = False
43.1078 	EXP 	window1: blendMode = 'avg'
43.1219 	EXP 	Fixation_cross2: autoDraw = True
43.1244 	EXP 	window1: blendMode = 'avg'
43.1409 	EXP 	window1: blendMode = 'avg'
43.1577 	EXP 	window1: blendMode = 'avg'
43.1742 	EXP 	window1: blendMode = 'avg'
43.1909 	EXP 	window1: blendMode = 'avg'
43.2078 	EXP 	window1: blendMode = 'avg'
43.2245 	EXP 	window1: blendMode = 'avg'
43.2409 	EXP 	window1: blendMode = 'avg'
43.2576 	EXP 	window1: blendMode = 'avg'
43.2742 	EXP 	window1: blendMode = 'avg'
43.2910 	EXP 	window1: blendMode = 'avg'
43.3077 	EXP 	window1: blendMode = 'avg'
43.3244 	EXP 	window1: blendMode = 'avg'
43.3554 	EXP 	Fixation_cross2: autoDraw = False
43.3718 	EXP 	polygon: autoDraw = True
43.6600 	DATA 	Keypress: space
43.6613 	EXP 	New trial (rep=0, index=7): {'stimulus_color': [1, 0.8, 0]}
43.6703 	EXP 	window1: recordFrameIntervals = False
43.6713 	EXP 	window1: blendMode = 'avg'
43.6766 	EXP 	polygon_2: autoDraw = False
43.6766 	EXP 	Noise_patch1: autoDraw = False
43.6766 	EXP 	polygon: autoDraw = False
43.6766 	EXP 	Fixation_cross1: autoDraw = False
43.6766 	EXP 	Fixation_cross2: autoDraw = False
43.6766 	EXP 	polygon_2: fillColor = '[ 1.   0.8  0. ] (rgb)'
43.6766 	EXP 	polygon_2: lineColor = '[ 1.   0.8  0. ] (rgb)'
43.6766 	EXP 	Noise_patch1: image = array([[-0.22123169,  0.85641784,  0.69675042, ..., -0.37461438,
        -0.15123677, -0.14626676],
       [-0.13991491, -0.28356151, -0.41318861, ..., -0.66962549,
         0.2925882 ,  0.18271834],
       [ 0.00997817,  0.93081187, -0.40269706, ..., -0.77832987,
         0.38835607,  0.22491107],
       ..., 
       [ 0.26917473,  0.42456031, -0.93403319, ...,  0.1409409 ,
        -0.65780669,  0.96088141],
       [-0.87369491, -0.6045966 , -0.7219118 , ...,  0.17837432,
         0.48563598,  0.03655108],
       [-0.39012438,  0.64021586, -0.76773179, ...,  0.83060145,
        -0.86684893, -0.86014803]])
43.6766 	EXP 	Fixation_cross1: autoDraw = True
43.6782 	EXP 	window1: recordFrameIntervals = False
44.1567 	EXP 	window1: blendMode = 'avg'
44.1626 	EXP 	window1: blendMode = 'avg'
44.1722 	EXP 	window1: blendMode = 'avg'
44.1887 	EXP 	window1: blendMode = 'avg'
44.2056 	EXP 	window1: blendMode = 'avg'
44.2225 	EXP 	window1: blendMode = 'avg'
44.2399 	EXP 	window1: blendMode = 'avg'
44.2573 	EXP 	window1: blendMode = 'avg'
44.2740 	EXP 	window1: blendMode = 'avg'
44.2905 	EXP 	window1: blendMode = 'avg'
44.3074 	EXP 	window1: blendMode = 'avg'
44.3241 	EXP 	window1: blendMode = 'avg'
44.3408 	EXP 	window1: blendMode = 'avg'
44.3572 	EXP 	window1: blendMode = 'avg'
44.3739 	EXP 	window1: blendMode = 'avg'
44.3905 	EXP 	window1: blendMode = 'avg'
44.4076 	EXP 	window1: blendMode = 'avg'
44.4240 	EXP 	window1: blendMode = 'avg'
44.4405 	EXP 	window1: blendMode = 'avg'
44.4575 	EXP 	window1: blendMode = 'avg'
44.4737 	EXP 	window1: blendMode = 'avg'
44.4905 	EXP 	window1: blendMode = 'avg'
44.5074 	EXP 	window1: blendMode = 'avg'
44.5241 	EXP 	window1: blendMode = 'avg'
44.5405 	EXP 	window1: blendMode = 'avg'
44.5572 	EXP 	window1: blendMode = 'avg'
44.5737 	EXP 	window1: blendMode = 'avg'
44.5906 	EXP 	window1: blendMode = 'avg'
44.6074 	EXP 	window1: blendMode = 'avg'
44.6240 	EXP 	window1: blendMode = 'avg'
44.6406 	EXP 	window1: blendMode = 'avg'
44.6575 	EXP 	window1: blendMode = 'avg'
44.6736 	EXP 	window1: blendMode = 'avg'
44.6904 	EXP 	window1: blendMode = 'avg'
44.7074 	EXP 	window1: blendMode = 'avg'
44.7239 	EXP 	window1: blendMode = 'avg'
44.7404 	EXP 	window1: blendMode = 'avg'
44.7571 	EXP 	window1: blendMode = 'avg'
44.7739 	EXP 	window1: blendMode = 'avg'
44.7904 	EXP 	window1: blendMode = 'avg'
44.8073 	EXP 	window1: blendMode = 'avg'
44.8239 	EXP 	window1: blendMode = 'avg'
44.8405 	EXP 	window1: blendMode = 'avg'
44.8571 	EXP 	window1: blendMode = 'avg'
44.8737 	EXP 	window1: blendMode = 'avg'
44.8904 	EXP 	window1: blendMode = 'avg'
44.9074 	EXP 	window1: blendMode = 'avg'
44.9239 	EXP 	window1: blendMode = 'avg'
44.9404 	EXP 	window1: blendMode = 'avg'
44.9578 	EXP 	window1: blendMode = 'avg'
44.9736 	EXP 	window1: blendMode = 'avg'
44.9903 	EXP 	window1: blendMode = 'avg'
45.0072 	EXP 	window1: blendMode = 'avg'
45.0240 	EXP 	window1: blendMode = 'avg'
45.0403 	EXP 	window1: blendMode = 'avg'
45.0570 	EXP 	window1: blendMode = 'avg'
45.0736 	EXP 	window1: blendMode = 'avg'
45.0905 	EXP 	window1: blendMode = 'avg'
45.1072 	EXP 	window1: blendMode = 'avg'
45.1238 	EXP 	window1: blendMode = 'avg'
45.1404 	EXP 	window1: blendMode = 'avg'
45.1571 	EXP 	window1: blendMode = 'avg'
45.1735 	EXP 	window1: blendMode = 'avg'
45.1902 	EXP 	window1: blendMode = 'avg'
45.2073 	EXP 	window1: blendMode = 'avg'
45.2237 	EXP 	window1: blendMode = 'avg'
45.2403 	EXP 	window1: blendMode = 'avg'
45.2569 	EXP 	window1: blendMode = 'avg'
45.2737 	EXP 	window1: blendMode = 'avg'
45.2902 	EXP 	window1: blendMode = 'avg'
45.3071 	EXP 	window1: blendMode = 'avg'
45.3237 	EXP 	window1: blendMode = 'avg'
45.3404 	EXP 	window1: blendMode = 'avg'
45.3569 	EXP 	window1: blendMode = 'avg'
45.3735 	EXP 	window1: blendMode = 'avg'
45.3902 	EXP 	window1: blendMode = 'avg'
45.4072 	EXP 	window1: blendMode = 'avg'
45.4237 	EXP 	window1: blendMode = 'avg'
45.4403 	EXP 	window1: blendMode = 'avg'
45.4570 	EXP 	window1: blendMode = 'avg'
45.4735 	EXP 	window1: blendMode = 'avg'
45.4904 	EXP 	window1: blendMode = 'avg'
45.5067 	EXP 	window1: blendMode = 'avg'
45.5238 	EXP 	window1: blendMode = 'avg'
45.5401 	EXP 	window1: blendMode = 'avg'
45.5569 	EXP 	window1: blendMode = 'avg'
45.5735 	EXP 	window1: blendMode = 'avg'
45.5903 	EXP 	window1: blendMode = 'avg'
45.6070 	EXP 	window1: blendMode = 'avg'
45.6236 	EXP 	window1: blendMode = 'avg'
45.6403 	EXP 	window1: blendMode = 'avg'
45.6711 	EXP 	Fixation_cross1: autoDraw = False
45.6878 	EXP 	polygon_2: autoDraw = True
46.1711 	EXP 	polygon_2: autoDraw = False
46.1876 	EXP 	Noise_patch1: autoDraw = True
47.1707 	EXP 	Noise_patch1: autoDraw = False
47.1731 	EXP 	window1: blendMode = 'avg'
47.1873 	EXP 	Fixation_cross2: autoDraw = True
47.1899 	EXP 	window1: blendMode = 'avg'
47.2067 	EXP 	window1: blendMode = 'avg'
47.2231 	EXP 	window1: blendMode = 'avg'
47.2396 	EXP 	window1: blendMode = 'avg'
47.2563 	EXP 	window1: blendMode = 'avg'
47.2731 	EXP 	window1: blendMode = 'avg'
47.2895 	EXP 	window1: blendMode = 'avg'
47.3065 	EXP 	window1: blendMode = 'avg'
47.3231 	EXP 	window1: blendMode = 'avg'
47.3397 	EXP 	window1: blendMode = 'avg'
47.3563 	EXP 	window1: blendMode = 'avg'
47.3730 	EXP 	window1: blendMode = 'avg'
47.3898 	EXP 	window1: blendMode = 'avg'
47.4206 	EXP 	Fixation_cross2: autoDraw = False
47.4372 	EXP 	polygon: autoDraw = True
47.4747 	DATA 	Keypress: space
48.3589 	DATA 	Keypress: space
48.3602 	EXP 	New trial (rep=0, index=8): {'stimulus_color': [1, 0.2, 0]}
48.3697 	EXP 	window1: recordFrameIntervals = False
48.3706 	EXP 	window1: blendMode = 'avg'
48.3761 	EXP 	polygon_2: autoDraw = False
48.3761 	EXP 	Noise_patch1: autoDraw = False
48.3761 	EXP 	polygon: autoDraw = False
48.3761 	EXP 	Fixation_cross1: autoDraw = False
48.3761 	EXP 	Fixation_cross2: autoDraw = False
48.3761 	EXP 	polygon_2: fillColor = '[ 1.   0.2  0. ] (rgb)'
48.3761 	EXP 	polygon_2: lineColor = '[ 1.   0.2  0. ] (rgb)'
48.3761 	EXP 	Noise_patch1: image = array([[-0.22123169,  0.85641784,  0.69675042, ..., -0.37461438,
        -0.15123677, -0.14626676],
       [-0.13991491, -0.28356151, -0.41318861, ..., -0.66962549,
         0.2925882 ,  0.18271834],
       [ 0.00997817,  0.93081187, -0.40269706, ..., -0.77832987,
         0.38835607,  0.22491107],
       ..., 
       [ 0.26917473,  0.42456031, -0.93403319, ...,  0.1409409 ,
        -0.65780669,  0.96088141],
       [-0.87369491, -0.6045966 , -0.7219118 , ...,  0.17837432,
         0.48563598,  0.03655108],
       [-0.39012438,  0.64021586, -0.76773179, ...,  0.83060145,
        -0.86684893, -0.86014803]])
48.3761 	EXP 	Fixation_cross1: autoDraw = True
48.3777 	EXP 	window1: recordFrameIntervals = False
48.6510 	DATA 	Keypress: space
48.8493 	EXP 	window1: blendMode = 'avg'
48.8556 	EXP 	window1: blendMode = 'avg'
48.8710 	EXP 	window1: blendMode = 'avg'
48.8873 	EXP 	window1: blendMode = 'avg'
48.9041 	EXP 	window1: blendMode = 'avg'
48.9210 	EXP 	window1: blendMode = 'avg'
48.9385 	EXP 	window1: blendMode = 'avg'
48.9558 	EXP 	window1: blendMode = 'avg'
48.9726 	EXP 	window1: blendMode = 'avg'
48.9891 	EXP 	window1: blendMode = 'avg'
49.0058 	EXP 	window1: blendMode = 'avg'
49.0227 	EXP 	window1: blendMode = 'avg'
49.0391 	EXP 	window1: blendMode = 'avg'
49.0557 	EXP 	window1: blendMode = 'avg'
49.0724 	EXP 	window1: blendMode = 'avg'
49.0893 	EXP 	window1: blendMode = 'avg'
49.1057 	EXP 	window1: blendMode = 'avg'
49.1226 	EXP 	window1: blendMode = 'avg'
49.1391 	EXP 	window1: blendMode = 'avg'
49.1557 	EXP 	window1: blendMode = 'avg'
49.1724 	EXP 	window1: blendMode = 'avg'
49.1891 	EXP 	window1: blendMode = 'avg'
49.2058 	EXP 	window1: blendMode = 'avg'
49.2225 	EXP 	window1: blendMode = 'avg'
49.2390 	EXP 	window1: blendMode = 'avg'
49.2557 	EXP 	window1: blendMode = 'avg'
49.2726 	EXP 	window1: blendMode = 'avg'
49.2890 	EXP 	window1: blendMode = 'avg'
49.3059 	EXP 	window1: blendMode = 'avg'
49.3224 	EXP 	window1: blendMode = 'avg'
49.3393 	EXP 	window1: blendMode = 'avg'
49.3556 	EXP 	window1: blendMode = 'avg'
49.3723 	EXP 	window1: blendMode = 'avg'
49.3891 	EXP 	window1: blendMode = 'avg'
49.4058 	EXP 	window1: blendMode = 'avg'
49.4222 	EXP 	window1: blendMode = 'avg'
49.4390 	EXP 	window1: blendMode = 'avg'
49.4557 	EXP 	window1: blendMode = 'avg'
49.4722 	EXP 	window1: blendMode = 'avg'
49.4890 	EXP 	window1: blendMode = 'avg'
49.5057 	EXP 	window1: blendMode = 'avg'
49.5227 	EXP 	window1: blendMode = 'avg'
49.5389 	EXP 	window1: blendMode = 'avg'
49.5552 	EXP 	window1: blendMode = 'avg'
49.5720 	EXP 	window1: blendMode = 'avg'
49.5887 	EXP 	window1: blendMode = 'avg'
49.6054 	EXP 	window1: blendMode = 'avg'
49.6222 	EXP 	window1: blendMode = 'avg'
49.6387 	EXP 	window1: blendMode = 'avg'
49.6529 	EXP 	window1: blendMode = 'avg'
49.6695 	EXP 	window1: blendMode = 'avg'
49.6861 	EXP 	window1: blendMode = 'avg'
49.7037 	EXP 	window1: blendMode = 'avg'
49.7204 	EXP 	window1: blendMode = 'avg'
49.7373 	EXP 	window1: blendMode = 'avg'
49.7550 	EXP 	window1: blendMode = 'avg'
49.7719 	EXP 	window1: blendMode = 'avg'
49.7885 	EXP 	window1: blendMode = 'avg'
49.8052 	EXP 	window1: blendMode = 'avg'
49.8220 	EXP 	window1: blendMode = 'avg'
49.8388 	EXP 	window1: blendMode = 'avg'
49.8552 	EXP 	window1: blendMode = 'avg'
49.8718 	EXP 	window1: blendMode = 'avg'
49.8884 	EXP 	window1: blendMode = 'avg'
49.9053 	EXP 	window1: blendMode = 'avg'
49.9220 	EXP 	window1: blendMode = 'avg'
49.9384 	EXP 	window1: blendMode = 'avg'
49.9552 	EXP 	window1: blendMode = 'avg'
49.9723 	EXP 	window1: blendMode = 'avg'
49.9888 	EXP 	window1: blendMode = 'avg'
50.0037 	EXP 	window1: blendMode = 'avg'
50.0209 	EXP 	window1: blendMode = 'avg'
50.0385 	EXP 	window1: blendMode = 'avg'
50.0551 	EXP 	window1: blendMode = 'avg'
50.0717 	EXP 	window1: blendMode = 'avg'
50.0884 	EXP 	window1: blendMode = 'avg'
50.1052 	EXP 	window1: blendMode = 'avg'
50.1220 	EXP 	window1: blendMode = 'avg'
50.1383 	EXP 	window1: blendMode = 'avg'
50.1552 	EXP 	window1: blendMode = 'avg'
50.1717 	EXP 	window1: blendMode = 'avg'
50.1883 	EXP 	window1: blendMode = 'avg'
50.2051 	EXP 	window1: blendMode = 'avg'
50.2220 	EXP 	window1: blendMode = 'avg'
50.2382 	EXP 	window1: blendMode = 'avg'
50.2554 	EXP 	window1: blendMode = 'avg'
50.2716 	EXP 	window1: blendMode = 'avg'
50.2887 	EXP 	window1: blendMode = 'avg'
50.3056 	EXP 	window1: blendMode = 'avg'
50.3217 	EXP 	window1: blendMode = 'avg'
50.3385 	EXP 	window1: blendMode = 'avg'
50.3696 	EXP 	Fixation_cross1: autoDraw = False
50.3862 	EXP 	polygon_2: autoDraw = True
50.8695 	EXP 	polygon_2: autoDraw = False
50.8862 	EXP 	Noise_patch1: autoDraw = True
51.8690 	EXP 	Noise_patch1: autoDraw = False
51.8712 	EXP 	window1: blendMode = 'avg'
51.8857 	EXP 	Fixation_cross2: autoDraw = True
51.8879 	EXP 	window1: blendMode = 'avg'
51.9046 	EXP 	window1: blendMode = 'avg'
51.9213 	EXP 	window1: blendMode = 'avg'
51.9378 	EXP 	window1: blendMode = 'avg'
51.9530 	EXP 	window1: blendMode = 'avg'
51.9689 	EXP 	window1: blendMode = 'avg'
51.9865 	EXP 	window1: blendMode = 'avg'
52.0038 	EXP 	window1: blendMode = 'avg'
52.0215 	EXP 	window1: blendMode = 'avg'
52.0384 	EXP 	window1: blendMode = 'avg'
52.0548 	EXP 	window1: blendMode = 'avg'
52.0714 	EXP 	window1: blendMode = 'avg'
52.0882 	EXP 	window1: blendMode = 'avg'
52.1189 	EXP 	Fixation_cross2: autoDraw = False
52.1357 	EXP 	polygon: autoDraw = True
52.4894 	DATA 	Keypress: space
52.4905 	EXP 	New trial (rep=0, index=9): {'stimulus_color': [1, 0.5, 0]}
52.4987 	EXP 	window1: recordFrameIntervals = False
52.4995 	EXP 	window1: blendMode = 'avg'
52.5046 	EXP 	polygon_2: autoDraw = False
52.5046 	EXP 	Noise_patch1: autoDraw = False
52.5046 	EXP 	polygon: autoDraw = False
52.5046 	EXP 	Fixation_cross1: autoDraw = False
52.5046 	EXP 	Fixation_cross2: autoDraw = False
52.5046 	EXP 	polygon_2: fillColor = '[ 1.   0.5  0. ] (rgb)'
52.5046 	EXP 	polygon_2: lineColor = '[ 1.   0.5  0. ] (rgb)'
52.5046 	EXP 	Noise_patch1: image = array([[-0.22123169,  0.85641784,  0.69675042, ..., -0.37461438,
        -0.15123677, -0.14626676],
       [-0.13991491, -0.28356151, -0.41318861, ..., -0.66962549,
         0.2925882 ,  0.18271834],
       [ 0.00997817,  0.93081187, -0.40269706, ..., -0.77832987,
         0.38835607,  0.22491107],
       ..., 
       [ 0.26917473,  0.42456031, -0.93403319, ...,  0.1409409 ,
        -0.65780669,  0.96088141],
       [-0.87369491, -0.6045966 , -0.7219118 , ...,  0.17837432,
         0.48563598,  0.03655108],
       [-0.39012438,  0.64021586, -0.76773179, ...,  0.83060145,
        -0.86684893, -0.86014803]])
52.5046 	EXP 	Fixation_cross1: autoDraw = True
52.5061 	EXP 	window1: recordFrameIntervals = False
52.7779 	DATA 	Keypress: space
52.9776 	EXP 	window1: blendMode = 'avg'
52.9839 	EXP 	window1: blendMode = 'avg'
53.0030 	EXP 	window1: blendMode = 'avg'
53.0196 	EXP 	window1: blendMode = 'avg'
53.0372 	EXP 	window1: blendMode = 'avg'
53.0541 	EXP 	window1: blendMode = 'avg'
53.0708 	EXP 	window1: blendMode = 'avg'
53.0877 	EXP 	window1: blendMode = 'avg'
53.1045 	EXP 	window1: blendMode = 'avg'
53.1212 	EXP 	window1: blendMode = 'avg'
53.1377 	EXP 	window1: blendMode = 'avg'
53.1545 	EXP 	window1: blendMode = 'avg'
53.1713 	EXP 	window1: blendMode = 'avg'
53.1878 	EXP 	window1: blendMode = 'avg'
53.2045 	EXP 	window1: blendMode = 'avg'
53.2212 	EXP 	window1: blendMode = 'avg'
53.2376 	EXP 	window1: blendMode = 'avg'
53.2546 	EXP 	window1: blendMode = 'avg'
53.2711 	EXP 	window1: blendMode = 'avg'
53.2877 	EXP 	window1: blendMode = 'avg'
53.3046 	EXP 	window1: blendMode = 'avg'
53.3212 	EXP 	window1: blendMode = 'avg'
53.3377 	EXP 	window1: blendMode = 'avg'
53.3544 	EXP 	window1: blendMode = 'avg'
53.3710 	EXP 	window1: blendMode = 'avg'
53.3877 	EXP 	window1: blendMode = 'avg'
53.4044 	EXP 	window1: blendMode = 'avg'
53.4213 	EXP 	window1: blendMode = 'avg'
53.4377 	EXP 	window1: blendMode = 'avg'
53.4543 	EXP 	window1: blendMode = 'avg'
53.4710 	EXP 	window1: blendMode = 'avg'
53.4879 	EXP 	window1: blendMode = 'avg'
53.5044 	EXP 	window1: blendMode = 'avg'
53.5210 	EXP 	window1: blendMode = 'avg'
53.5376 	EXP 	window1: blendMode = 'avg'
53.5543 	EXP 	window1: blendMode = 'avg'
53.5710 	EXP 	window1: blendMode = 'avg'
53.5877 	EXP 	window1: blendMode = 'avg'
53.6046 	EXP 	window1: blendMode = 'avg'
53.6211 	EXP 	window1: blendMode = 'avg'
53.6375 	EXP 	window1: blendMode = 'avg'
53.6541 	EXP 	window1: blendMode = 'avg'
53.6710 	EXP 	window1: blendMode = 'avg'
53.6877 	EXP 	window1: blendMode = 'avg'
53.7044 	EXP 	window1: blendMode = 'avg'
53.7209 	EXP 	window1: blendMode = 'avg'
53.7375 	EXP 	window1: blendMode = 'avg'
53.7542 	EXP 	window1: blendMode = 'avg'
53.7708 	EXP 	window1: blendMode = 'avg'
53.7876 	EXP 	window1: blendMode = 'avg'
53.8044 	EXP 	window1: blendMode = 'avg'
53.8210 	EXP 	window1: blendMode = 'avg'
53.8376 	EXP 	window1: blendMode = 'avg'
53.8544 	EXP 	window1: blendMode = 'avg'
53.8706 	EXP 	window1: blendMode = 'avg'
53.8875 	EXP 	window1: blendMode = 'avg'
53.9037 	EXP 	window1: blendMode = 'avg'
53.9207 	EXP 	window1: blendMode = 'avg'
53.9372 	EXP 	window1: blendMode = 'avg'
53.9534 	EXP 	window1: blendMode = 'avg'
53.9692 	EXP 	window1: blendMode = 'avg'
53.9867 	EXP 	window1: blendMode = 'avg'
54.0042 	EXP 	window1: blendMode = 'avg'
54.0209 	EXP 	window1: blendMode = 'avg'
54.0376 	EXP 	window1: blendMode = 'avg'
54.0541 	EXP 	window1: blendMode = 'avg'
54.0707 	EXP 	window1: blendMode = 'avg'
54.0873 	EXP 	window1: blendMode = 'avg'
54.1041 	EXP 	window1: blendMode = 'avg'
54.1205 	EXP 	window1: blendMode = 'avg'
54.1371 	EXP 	window1: blendMode = 'avg'
54.1539 	EXP 	window1: blendMode = 'avg'
54.1707 	EXP 	window1: blendMode = 'avg'
54.1869 	EXP 	window1: blendMode = 'avg'
54.2038 	EXP 	window1: blendMode = 'avg'
54.2204 	EXP 	window1: blendMode = 'avg'
54.2374 	EXP 	window1: blendMode = 'avg'
54.2542 	EXP 	window1: blendMode = 'avg'
54.2703 	EXP 	window1: blendMode = 'avg'
54.2871 	EXP 	window1: blendMode = 'avg'
54.3025 	EXP 	window1: blendMode = 'avg'
54.3190 	EXP 	window1: blendMode = 'avg'
54.3359 	EXP 	window1: blendMode = 'avg'
54.3535 	EXP 	window1: blendMode = 'avg'
54.3704 	EXP 	window1: blendMode = 'avg'
54.3869 	EXP 	window1: blendMode = 'avg'
54.4036 	EXP 	window1: blendMode = 'avg'
54.4206 	EXP 	window1: blendMode = 'avg'
54.4371 	EXP 	window1: blendMode = 'avg'
54.4537 	EXP 	window1: blendMode = 'avg'
54.4705 	EXP 	window1: blendMode = 'avg'
54.5015 	EXP 	Fixation_cross1: autoDraw = False
54.5181 	EXP 	polygon_2: autoDraw = True
55.0016 	EXP 	polygon_2: autoDraw = False
55.0182 	EXP 	Noise_patch1: autoDraw = True
56.0013 	EXP 	Noise_patch1: autoDraw = False
56.0037 	EXP 	window1: blendMode = 'avg'
56.0178 	EXP 	Fixation_cross2: autoDraw = True
56.0204 	EXP 	window1: blendMode = 'avg'
56.0372 	EXP 	window1: blendMode = 'avg'
56.0538 	EXP 	window1: blendMode = 'avg'
56.0703 	EXP 	window1: blendMode = 'avg'
56.0868 	EXP 	window1: blendMode = 'avg'
56.1036 	EXP 	window1: blendMode = 'avg'
56.1204 	EXP 	window1: blendMode = 'avg'
56.1368 	EXP 	window1: blendMode = 'avg'
56.1535 	EXP 	window1: blendMode = 'avg'
56.1702 	EXP 	window1: blendMode = 'avg'
56.1871 	EXP 	window1: blendMode = 'avg'
56.2035 	EXP 	window1: blendMode = 'avg'
56.2204 	EXP 	window1: blendMode = 'avg'
56.2512 	EXP 	Fixation_cross2: autoDraw = False
56.2678 	EXP 	polygon: autoDraw = True
56.5057 	DATA 	Keypress: space
57.3719 	DATA 	Keypress: space
57.3732 	EXP 	New trial (rep=0, index=10): {'stimulus_color': [1, 0.6, 0]}
57.3823 	EXP 	window1: recordFrameIntervals = False
57.3833 	EXP 	window1: blendMode = 'avg'
57.3886 	EXP 	polygon_2: autoDraw = False
57.3886 	EXP 	Noise_patch1: autoDraw = False
57.3886 	EXP 	polygon: autoDraw = False
57.3886 	EXP 	Fixation_cross1: autoDraw = False
57.3886 	EXP 	Fixation_cross2: autoDraw = False
57.3886 	EXP 	polygon_2: fillColor = '[ 1.   0.6  0. ] (rgb)'
57.3886 	EXP 	polygon_2: lineColor = '[ 1.   0.6  0. ] (rgb)'
57.3886 	EXP 	Noise_patch1: image = array([[-0.22123169,  0.85641784,  0.69675042, ..., -0.37461438,
        -0.15123677, -0.14626676],
       [-0.13991491, -0.28356151, -0.41318861, ..., -0.66962549,
         0.2925882 ,  0.18271834],
       [ 0.00997817,  0.93081187, -0.40269706, ..., -0.77832987,
         0.38835607,  0.22491107],
       ..., 
       [ 0.26917473,  0.42456031, -0.93403319, ...,  0.1409409 ,
        -0.65780669,  0.96088141],
       [-0.87369491, -0.6045966 , -0.7219118 , ...,  0.17837432,
         0.48563598,  0.03655108],
       [-0.39012438,  0.64021586, -0.76773179, ...,  0.83060145,
        -0.86684893, -0.86014803]])
57.3886 	EXP 	Fixation_cross1: autoDraw = True
57.3905 	EXP 	window1: recordFrameIntervals = False
57.8670 	EXP 	window1: blendMode = 'avg'
57.8733 	EXP 	window1: blendMode = 'avg'
57.8844 	EXP 	window1: blendMode = 'avg'
57.9010 	EXP 	window1: blendMode = 'avg'
57.9178 	EXP 	window1: blendMode = 'avg'
57.9349 	EXP 	window1: blendMode = 'avg'
57.9525 	EXP 	window1: blendMode = 'avg'
57.9695 	EXP 	window1: blendMode = 'avg'
57.9863 	EXP 	window1: blendMode = 'avg'
58.0030 	EXP 	window1: blendMode = 'avg'
58.0196 	EXP 	window1: blendMode = 'avg'
58.0361 	EXP 	window1: blendMode = 'avg'
58.0529 	EXP 	window1: blendMode = 'avg'
58.0698 	EXP 	window1: blendMode = 'avg'
58.0863 	EXP 	window1: blendMode = 'avg'
58.1029 	EXP 	window1: blendMode = 'avg'
58.1197 	EXP 	window1: blendMode = 'avg'
58.1362 	EXP 	window1: blendMode = 'avg'
58.1529 	EXP 	window1: blendMode = 'avg'
58.1695 	EXP 	window1: blendMode = 'avg'
58.1866 	EXP 	window1: blendMode = 'avg'
58.2029 	EXP 	window1: blendMode = 'avg'
58.2193 	EXP 	window1: blendMode = 'avg'
58.2363 	EXP 	window1: blendMode = 'avg'
58.2533 	EXP 	window1: blendMode = 'avg'
58.2695 	EXP 	window1: blendMode = 'avg'
58.2863 	EXP 	window1: blendMode = 'avg'
58.3029 	EXP 	window1: blendMode = 'avg'
58.3195 	EXP 	window1: blendMode = 'avg'
58.3361 	EXP 	window1: blendMode = 'avg'
58.3529 	EXP 	window1: blendMode = 'avg'
58.3697 	EXP 	window1: blendMode = 'avg'
58.3862 	EXP 	window1: blendMode = 'avg'
58.4028 	EXP 	window1: blendMode = 'avg'
58.4193 	EXP 	window1: blendMode = 'avg'
58.4361 	EXP 	window1: blendMode = 'avg'
58.4528 	EXP 	window1: blendMode = 'avg'
58.4695 	EXP 	window1: blendMode = 'avg'
58.4861 	EXP 	window1: blendMode = 'avg'
58.5028 	EXP 	window1: blendMode = 'avg'
58.5195 	EXP 	window1: blendMode = 'avg'
58.5359 	EXP 	window1: blendMode = 'avg'
58.5528 	EXP 	window1: blendMode = 'avg'
58.5696 	EXP 	window1: blendMode = 'avg'
58.5863 	EXP 	window1: blendMode = 'avg'
58.6027 	EXP 	window1: blendMode = 'avg'
58.6195 	EXP 	window1: blendMode = 'avg'
58.6361 	EXP 	window1: blendMode = 'avg'
58.6527 	EXP 	window1: blendMode = 'avg'
58.6694 	EXP 	window1: blendMode = 'avg'
58.6863 	EXP 	window1: blendMode = 'avg'
58.7028 	EXP 	window1: blendMode = 'avg'
58.7194 	EXP 	window1: blendMode = 'avg'
58.7360 	EXP 	window1: blendMode = 'avg'
58.7526 	EXP 	window1: blendMode = 'avg'
58.7695 	EXP 	window1: blendMode = 'avg'
58.7860 	EXP 	window1: blendMode = 'avg'
58.8026 	EXP 	window1: blendMode = 'avg'
58.8195 	EXP 	window1: blendMode = 'avg'
58.8343 	EXP 	window1: blendMode = 'avg'
58.8513 	EXP 	window1: blendMode = 'avg'
58.8692 	EXP 	window1: blendMode = 'avg'
58.8860 	EXP 	window1: blendMode = 'avg'
58.9027 	EXP 	window1: blendMode = 'avg'
58.9194 	EXP 	window1: blendMode = 'avg'
58.9362 	EXP 	window1: blendMode = 'avg'
58.9532 	EXP 	window1: blendMode = 'avg'
58.9692 	EXP 	window1: blendMode = 'avg'
58.9859 	EXP 	window1: blendMode = 'avg'
59.0023 	EXP 	window1: blendMode = 'avg'
59.0190 	EXP 	window1: blendMode = 'avg'
59.0360 	EXP 	window1: blendMode = 'avg'
59.0523 	EXP 	window1: blendMode = 'avg'
59.0693 	EXP 	window1: blendMode = 'avg'
59.0861 	EXP 	window1: blendMode = 'avg'
59.1026 	EXP 	window1: blendMode = 'avg'
59.1193 	EXP 	window1: blendMode = 'avg'
59.1361 	EXP 	window1: blendMode = 'avg'
59.1524 	EXP 	window1: blendMode = 'avg'
59.1692 	EXP 	window1: blendMode = 'avg'
59.1861 	EXP 	window1: blendMode = 'avg'
59.2025 	EXP 	window1: blendMode = 'avg'
59.2189 	EXP 	window1: blendMode = 'avg'
59.2358 	EXP 	window1: blendMode = 'avg'
59.2519 	EXP 	window1: blendMode = 'avg'
59.2688 	EXP 	window1: blendMode = 'avg'
59.2857 	EXP 	window1: blendMode = 'avg'
59.3022 	EXP 	window1: blendMode = 'avg'
59.3190 	EXP 	window1: blendMode = 'avg'
59.3356 	EXP 	window1: blendMode = 'avg'
59.3525 	EXP 	window1: blendMode = 'avg'
59.3833 	EXP 	Fixation_cross1: autoDraw = False
59.4001 	EXP 	polygon_2: autoDraw = True
59.8835 	EXP 	polygon_2: autoDraw = False
59.9000 	EXP 	Noise_patch1: autoDraw = True
60.8522 	DATA 	Keypress: space
60.8834 	EXP 	Noise_patch1: autoDraw = False
60.8860 	EXP 	window1: blendMode = 'avg'
60.8997 	EXP 	Fixation_cross2: autoDraw = True
60.9021 	EXP 	window1: blendMode = 'avg'
60.9186 	EXP 	window1: blendMode = 'avg'
60.9354 	EXP 	window1: blendMode = 'avg'
60.9512 	EXP 	window1: blendMode = 'avg'
60.9677 	EXP 	window1: blendMode = 'avg'
60.9856 	EXP 	window1: blendMode = 'avg'
61.0023 	EXP 	window1: blendMode = 'avg'
61.0202 	EXP 	window1: blendMode = 'avg'
61.0353 	EXP 	window1: blendMode = 'avg'
61.0520 	EXP 	window1: blendMode = 'avg'
61.0688 	EXP 	window1: blendMode = 'avg'
61.0853 	EXP 	window1: blendMode = 'avg'
61.1023 	EXP 	window1: blendMode = 'avg'
61.1332 	EXP 	Fixation_cross2: autoDraw = False
61.1496 	EXP 	polygon: autoDraw = True
61.3372 	DATA 	Keypress: space
61.9203 	DATA 	Keypress: space
61.9800 	EXP 	Imported Stimuli-blue.xlsx as conditions, 11 conditions, 1 params
61.9808 	EXP 	Created sequence: random, trialTypes=11, nReps=1, seed=None
61.9816 	EXP 	New trial (rep=0, index=0): {'stimulus_color': [0.1, 0, 1]}
61.9900 	EXP 	polygon_2: autoDraw = False
61.9900 	EXP 	Noise_patch1: autoDraw = False
61.9900 	EXP 	polygon: autoDraw = False
61.9900 	EXP 	Fixation_cross1: autoDraw = False
61.9900 	EXP 	Fixation_cross2: autoDraw = False
61.9900 	EXP 	polygon_3: fillColor = '[ 0.1  0.   1. ] (rgb)'
61.9900 	EXP 	polygon_3: lineColor = '[ 0.1  0.   1. ] (rgb)'
62.9991 	EXP 	polygon_3: autoDraw = True
63.4991 	EXP 	polygon_3: autoDraw = False
64.4986 	EXP 	Noise_patch2: autoDraw = True
64.9984 	EXP 	polygon_4: autoDraw = True
65.4983 	EXP 	Noise_patch2: autoDraw = False
68.1185 	DATA 	Keypress: space
68.1361 	EXP 	New trial (rep=0, index=1): {'stimulus_color': [0.2, 0, 1]}
68.1474 	EXP 	polygon_3: autoDraw = False
68.1474 	EXP 	Noise_patch2: autoDraw = False
68.1474 	EXP 	polygon_4: autoDraw = False
68.1474 	EXP 	polygon_3: fillColor = '[ 0.2  0.   1. ] (rgb)'
68.1474 	EXP 	polygon_3: lineColor = '[ 0.2  0.   1. ] (rgb)'
69.1638 	EXP 	polygon_3: autoDraw = True
69.6470 	EXP 	polygon_3: autoDraw = False
70.6633 	EXP 	Noise_patch2: autoDraw = True
71.1632 	EXP 	polygon_4: autoDraw = True
71.6464 	EXP 	Noise_patch2: autoDraw = False
75.5487 	DATA 	Keypress: space
75.5519 	EXP 	New trial (rep=0, index=2): {'stimulus_color': [1, 0, 1]}
75.5616 	EXP 	polygon_3: autoDraw = False
75.5616 	EXP 	Noise_patch2: autoDraw = False
75.5616 	EXP 	polygon_4: autoDraw = False
75.5616 	EXP 	polygon_3: fillColor = '[ 1.  0.  1.] (rgb)'
75.5616 	EXP 	polygon_3: lineColor = '[ 1.  0.  1.] (rgb)'
76.5782 	EXP 	polygon_3: autoDraw = True
77.0615 	EXP 	polygon_3: autoDraw = False
78.0777 	EXP 	Noise_patch2: autoDraw = True
78.5775 	EXP 	polygon_4: autoDraw = True
79.0609 	EXP 	Noise_patch2: autoDraw = False
81.9945 	DATA 	Keypress: space
82.0115 	EXP 	New trial (rep=0, index=3): {'stimulus_color': [0.3, 0, 1]}
82.0263 	EXP 	polygon_3: autoDraw = False
82.0263 	EXP 	Noise_patch2: autoDraw = False
82.0263 	EXP 	polygon_4: autoDraw = False
82.0263 	EXP 	polygon_3: fillColor = '[ 0.3  0.   1. ] (rgb)'
82.0263 	EXP 	polygon_3: lineColor = '[ 0.3  0.   1. ] (rgb)'
82.9453 	DATA 	Keypress: escape
